[ 2016-04-28T04:04:15+08:00 ] 10.18.97.10 /MyFramework/Home?mobile=18919106386&imsi=&imei=A00000493CF9D0&area_code=931&client_type=android&longitude=103.890159&latitude=36.060194&digest=0A5AD4A2B7D92E854E3CE1B0F6183DF4&version=4.0.4&lng=103.890159&lat=36.060194&phone=18919106386&userId=ff8080814c25b273014c3671d8bb244a&userNick=%E5%9F%BA%E7%9D%A3%E6%95%99&from=icity
INFO: [ app_init ] --START--
INFO: Run Behavior\BuildLiteBehavior [ RunTime:0.000086s ]
INFO: [ app_init ] --END-- [ RunTime:0.017653s ]
INFO: [ app_begin ] --START--
INFO: Run Behavior\ReadHtmlCacheBehavior [ RunTime:0.004531s ]
INFO: [ app_begin ] --END-- [ RunTime:0.004660s ]
INFO: [ view_parse ] --START--
INFO: [ template_filter ] --START--
INFO: Run Behavior\ContentReplaceBehavior [ RunTime:0.000386s ]
INFO: [ template_filter ] --END-- [ RunTime:0.000544s ]
INFO: Run Behavior\ParseTemplateBehavior [ RunTime:0.023947s ]
INFO: [ view_parse ] --END-- [ RunTime:0.024087s ]
INFO: [ view_filter ] --START--
INFO: Run Behavior\WriteHtmlCacheBehavior [ RunTime:0.001555s ]
INFO: [ view_filter ] --END-- [ RunTime:0.001628s ]
INFO: [ app_end ] --START--
INFO: Run Behavior\ShowPageTraceBehavior [ RunTime:0.001540s ]
INFO: [ app_end ] --END-- [ RunTime:0.001643s ]

[ 2016-04-28T17:49:28+08:00 ] 10.18.97.107 /MyFramework/Home?mobile=&imsi=460036931893453&imei=A00000457DF962&area_code=931&client_type=android&longitude=0.0&latitude=0.0&digest=CFB1265B55210C429025D846E920B9B9&version=4.1.0&lng=0.0&lat=0.0&phone=&userId=&userNick=&from=icity
INFO: [ app_init ] --START--
INFO: Run Behavior\BuildLiteBehavior [ RunTime:0.000044s ]
INFO: [ app_init ] --END-- [ RunTime:0.017627s ]
INFO: [ app_begin ] --START--
INFO: Run Behavior\ReadHtmlCacheBehavior [ RunTime:0.003885s ]
INFO: [ app_begin ] --END-- [ RunTime:0.003979s ]
INFO: [ view_parse ] --START--
INFO: [ template_filter ] --START--
INFO: Run Behavior\ContentReplaceBehavior [ RunTime:0.000626s ]
INFO: [ template_filter ] --END-- [ RunTime:0.000720s ]
INFO: Run Behavior\ParseTemplateBehavior [ RunTime:0.026846s ]
INFO: [ view_parse ] --END-- [ RunTime:0.026938s ]
INFO: [ view_filter ] --START--
INFO: Run Behavior\WriteHtmlCacheBehavior [ RunTime:0.003279s ]
INFO: [ view_filter ] --END-- [ RunTime:0.003349s ]
INFO: [ app_end ] --START--
INFO: Run Behavior\ShowPageTraceBehavior [ RunTime:0.004023s ]
INFO: [ app_end ] --END-- [ RunTime:0.004107s ]

[ 2016-04-28T18:02:20+08:00 ] 10.18.97.107 /MyFramework/Home?mobile=&imsi=460036931893453&imei=A00000457DF962&area_code=931&client_type=android&longitude=103.890212&latitude=36.060305&digest=CFB1265B55210C429025D846E920B9B9&version=4.1.0&lng=103.890212&lat=36.060305&phone=&userId=&userNick=&from=icity
INFO: [ app_init ] --START--
INFO: Run Behavior\BuildLiteBehavior [ RunTime:0.000028s ]
INFO: [ app_init ] --END-- [ RunTime:0.003794s ]
INFO: [ app_begin ] --START--
INFO: Run Behavior\ReadHtmlCacheBehavior [ RunTime:0.004018s ]
INFO: [ app_begin ] --END-- [ RunTime:0.004117s ]
INFO: [ view_parse ] --START--
INFO: [ template_filter ] --START--
INFO: Run Behavior\ContentReplaceBehavior [ RunTime:0.000182s ]
INFO: [ template_filter ] --END-- [ RunTime:0.000273s ]
INFO: Run Behavior\ParseTemplateBehavior [ RunTime:0.017823s ]
INFO: [ view_parse ] --END-- [ RunTime:0.017917s ]
INFO: [ view_filter ] --START--
INFO: Run Behavior\WriteHtmlCacheBehavior [ RunTime:0.003469s ]
INFO: [ view_filter ] --END-- [ RunTime:0.003554s ]
INFO: [ app_end ] --START--
INFO: Run Behavior\ShowPageTraceBehavior [ RunTime:0.003904s ]
INFO: [ app_end ] --END-- [ RunTime:0.003990s ]

[ 2016-04-28T18:08:18+08:00 ] 10.18.97.107 /MyFramework/Home?mobile=&imsi=460036931893453&imei=A00000457DF962&area_code=931&client_type=android&longitude=103.890246&latitude=36.060266&digest=CFB1265B55210C429025D846E920B9B9&version=4.1.0&lng=103.890246&lat=36.060266&phone=&userId=&userNick=&from=icity
INFO: [ app_init ] --START--
INFO: Run Behavior\BuildLiteBehavior [ RunTime:0.000022s ]
INFO: [ app_init ] --END-- [ RunTime:0.003893s ]
INFO: [ app_begin ] --START--
INFO: Run Behavior\ReadHtmlCacheBehavior [ RunTime:0.004150s ]
INFO: [ app_begin ] --END-- [ RunTime:0.004264s ]
INFO: [ view_parse ] --START--
INFO: [ template_filter ] --START--
INFO: Run Behavior\ContentReplaceBehavior [ RunTime:0.000165s ]
INFO: [ template_filter ] --END-- [ RunTime:0.000347s ]
INFO: Run Behavior\ParseTemplateBehavior [ RunTime:0.022048s ]
INFO: [ view_parse ] --END-- [ RunTime:0.022149s ]
INFO: [ view_filter ] --START--
INFO: Run Behavior\WriteHtmlCacheBehavior [ RunTime:0.003445s ]
INFO: [ view_filter ] --END-- [ RunTime:0.003541s ]
INFO: [ app_end ] --START--
INFO: Run Behavior\ShowPageTraceBehavior [ RunTime:0.004071s ]
INFO: [ app_end ] --END-- [ RunTime:0.004156s ]

[ 2016-04-28T18:12:31+08:00 ] 10.18.99.33 /MyFramework/Home?mobile=&imsi=460030768445260&imei=99000537261528&area_code=931&client_type=android&longitude=103.890139&latitude=36.060139&digest=CFB1265B55210C429025D846E920B9B9&version=4.1.0&lng=103.890139&lat=36.060139&phone=&userId=&userNick=&from=icity
INFO: [ app_init ] --START--
INFO: Run Behavior\BuildLiteBehavior [ RunTime:0.000021s ]
INFO: [ app_init ] --END-- [ RunTime:0.003842s ]
INFO: [ app_begin ] --START--
INFO: Run Behavior\ReadHtmlCacheBehavior [ RunTime:0.004011s ]
INFO: [ app_begin ] --END-- [ RunTime:0.004119s ]
INFO: [ view_parse ] --START--
INFO: [ template_filter ] --START--
INFO: Run Behavior\ContentReplaceBehavior [ RunTime:0.000107s ]
INFO: [ template_filter ] --END-- [ RunTime:0.000202s ]
INFO: Run Behavior\ParseTemplateBehavior [ RunTime:0.018575s ]
INFO: [ view_parse ] --END-- [ RunTime:0.018693s ]
INFO: [ view_filter ] --START--
INFO: Run Behavior\WriteHtmlCacheBehavior [ RunTime:0.003491s ]
INFO: [ view_filter ] --END-- [ RunTime:0.003561s ]
INFO: [ app_end ] --START--
INFO: Run Behavior\ShowPageTraceBehavior [ RunTime:0.004102s ]
INFO: [ app_end ] --END-- [ RunTime:0.004187s ]

[ 2016-04-28T18:12:36+08:00 ] 10.18.99.33 /MyFramework/Home?mobile=&imsi=460030768445260&imei=99000537261528&area_code=931&client_type=android&longitude=103.890139&latitude=36.060139&digest=CFB1265B55210C429025D846E920B9B9&version=4.1.0&lng=103.890139&lat=36.060139&phone=&userId=&userNick=&from=icity
INFO: [ app_init ] --START--
INFO: Run Behavior\BuildLiteBehavior [ RunTime:0.000009s ]
INFO: [ app_init ] --END-- [ RunTime:0.000236s ]
INFO: [ app_begin ] --START--
INFO: Run Behavior\ReadHtmlCacheBehavior [ RunTime:0.000252s ]
INFO: [ app_begin ] --END-- [ RunTime:0.000282s ]
INFO: [ view_parse ] --START--
INFO: [ template_filter ] --START--
INFO: Run Behavior\ContentReplaceBehavior [ RunTime:0.000033s ]
INFO: [ template_filter ] --END-- [ RunTime:0.000065s ]
INFO: Run Behavior\ParseTemplateBehavior [ RunTime:0.002877s ]
INFO: [ view_parse ] --END-- [ RunTime:0.002906s ]
INFO: [ view_filter ] --START--
INFO: Run Behavior\WriteHtmlCacheBehavior [ RunTime:0.000096s ]
INFO: [ view_filter ] --END-- [ RunTime:0.000118s ]
INFO: [ app_end ] --START--
INFO: Run Behavior\ShowPageTraceBehavior [ RunTime:0.000262s ]
INFO: [ app_end ] --END-- [ RunTime:0.000286s ]

[ 2016-04-28T18:13:18+08:00 ] 10.18.99.33 /MyFramework/Home?mobile=13399461630&imsi=460030768445260&imei=99000537261528&area_code=931&client_type=android&longitude=103.890139&latitude=36.060139&digest=FED34ED2AC927FD8806A35E7F4AB25AD&version=4.1.0&lng=103.890139&lat=36.060139&phone=13399461630&userId=ff808081473a1a4401474358942e6936&userNick=%E6%88%91%E7%9A%84%E9%82%A3%E4%B8%AA%E4%BB%80%E4%B9%8828&from=icity
INFO: [ app_init ] --START--
INFO: Run Behavior\BuildLiteBehavior [ RunTime:0.000012s ]
INFO: [ app_init ] --END-- [ RunTime:0.000265s ]
INFO: [ app_begin ] --START--
INFO: Run Behavior\ReadHtmlCacheBehavior [ RunTime:0.000324s ]
INFO: [ app_begin ] --END-- [ RunTime:0.000365s ]
INFO: [ view_parse ] --START--
INFO: [ template_filter ] --START--
INFO: Run Behavior\ContentReplaceBehavior [ RunTime:0.000035s ]
INFO: [ template_filter ] --END-- [ RunTime:0.000070s ]
INFO: Run Behavior\ParseTemplateBehavior [ RunTime:0.003443s ]
INFO: [ view_parse ] --END-- [ RunTime:0.003479s ]
INFO: [ view_filter ] --START--
INFO: Run Behavior\WriteHtmlCacheBehavior [ RunTime:0.000092s ]
INFO: [ view_filter ] --END-- [ RunTime:0.000115s ]
INFO: [ app_end ] --START--
INFO: Run Behavior\ShowPageTraceBehavior [ RunTime:0.000258s ]
INFO: [ app_end ] --END-- [ RunTime:0.000284s ]

[ 2016-04-28T18:14:28+08:00 ] 10.18.99.33 /MyFramework/Home?mobile=13399461630&imsi=460030768445260&imei=99000537261528&area_code=931&client_type=android&longitude=103.890139&latitude=36.060139&digest=FED34ED2AC927FD8806A35E7F4AB25AD&version=4.1.0&lng=103.890139&lat=36.060139&phone=13399461630&userId=ff808081473a1a4401474358942e6936&userNick=%E6%88%91%E7%9A%84%E9%82%A3%E4%B8%AA%E4%BB%80%E4%B9%8828&from=icity
INFO: [ app_init ] --START--
INFO: Run Behavior\BuildLiteBehavior [ RunTime:0.000021s ]
INFO: [ app_init ] --END-- [ RunTime:0.003824s ]
INFO: [ app_begin ] --START--
INFO: Run Behavior\ReadHtmlCacheBehavior [ RunTime:0.003945s ]
INFO: [ app_begin ] --END-- [ RunTime:0.004037s ]
INFO: [ view_parse ] --START--
INFO: [ template_filter ] --START--
INFO: Run Behavior\ContentReplaceBehavior [ RunTime:0.000088s ]
INFO: [ template_filter ] --END-- [ RunTime:0.000173s ]
INFO: Run Behavior\ParseTemplateBehavior [ RunTime:0.019133s ]
INFO: [ view_parse ] --END-- [ RunTime:0.019209s ]
INFO: [ view_filter ] --START--
INFO: Run Behavior\WriteHtmlCacheBehavior [ RunTime:0.003364s ]
INFO: [ view_filter ] --END-- [ RunTime:0.003437s ]
INFO: [ app_end ] --START--
INFO: Run Behavior\ShowPageTraceBehavior [ RunTime:0.003830s ]
INFO: [ app_end ] --END-- [ RunTime:0.003908s ]

[ 2016-04-28T18:16:13+08:00 ] 10.18.99.33 /MyFramework/Home?mobile=13399461630&imsi=460030768445260&imei=99000537261528&area_code=931&client_type=android&longitude=103.890139&latitude=36.060139&digest=FED34ED2AC927FD8806A35E7F4AB25AD&version=4.1.0&lng=103.890139&lat=36.060139&phone=13399461630&userId=ff808081473a1a4401474358942e6936&userNick=%E6%88%91%E7%9A%84%E9%82%A3%E4%B8%AA%E4%BB%80%E4%B9%8828&from=icity
INFO: [ app_init ] --START--
INFO: Run Behavior\BuildLiteBehavior [ RunTime:0.000021s ]
INFO: [ app_init ] --END-- [ RunTime:0.003837s ]
INFO: [ app_begin ] --START--
INFO: Run Behavior\ReadHtmlCacheBehavior [ RunTime:0.004048s ]
INFO: [ app_begin ] --END-- [ RunTime:0.004186s ]
INFO: [ view_parse ] --START--
INFO: [ template_filter ] --START--
INFO: Run Behavior\ContentReplaceBehavior [ RunTime:0.000097s ]
INFO: [ template_filter ] --END-- [ RunTime:0.000197s ]
INFO: Run Behavior\ParseTemplateBehavior [ RunTime:0.020997s ]
INFO: [ view_parse ] --END-- [ RunTime:0.021109s ]
INFO: [ view_filter ] --START--
INFO: Run Behavior\WriteHtmlCacheBehavior [ RunTime:0.003516s ]
INFO: [ view_filter ] --END-- [ RunTime:0.003610s ]
INFO: [ app_end ] --START--
INFO: Run Behavior\ShowPageTraceBehavior [ RunTime:0.004123s ]
INFO: [ app_end ] --END-- [ RunTime:0.004209s ]

[ 2016-04-28T18:16:35+08:00 ] 10.18.99.33 /MyFramework/Home?mobile=13399461630&imsi=460030768445260&imei=99000537261528&area_code=931&client_type=android&longitude=103.890139&latitude=36.060139&digest=FED34ED2AC927FD8806A35E7F4AB25AD&version=4.1.0&lng=103.890139&lat=36.060139&phone=13399461630&userId=ff808081473a1a4401474358942e6936&userNick=%E6%88%91%E7%9A%84%E9%82%A3%E4%B8%AA%E4%BB%80%E4%B9%8828&from=icity
INFO: [ app_init ] --START--
INFO: Run Behavior\BuildLiteBehavior [ RunTime:0.000011s ]
INFO: [ app_init ] --END-- [ RunTime:0.000268s ]
INFO: [ app_begin ] --START--
INFO: Run Behavior\ReadHtmlCacheBehavior [ RunTime:0.000344s ]
INFO: [ app_begin ] --END-- [ RunTime:0.000384s ]
INFO: [ view_parse ] --START--
INFO: [ template_filter ] --START--
INFO: Run Behavior\ContentReplaceBehavior [ RunTime:0.000036s ]
INFO: [ template_filter ] --END-- [ RunTime:0.000067s ]
INFO: Run Behavior\ParseTemplateBehavior [ RunTime:0.003029s ]
INFO: [ view_parse ] --END-- [ RunTime:0.003062s ]
INFO: [ view_filter ] --START--
INFO: Run Behavior\WriteHtmlCacheBehavior [ RunTime:0.000092s ]
INFO: [ view_filter ] --END-- [ RunTime:0.000114s ]
INFO: [ app_end ] --START--
INFO: Run Behavior\ShowPageTraceBehavior [ RunTime:0.000282s ]
INFO: [ app_end ] --END-- [ RunTime:0.000310s ]

[ 2016-04-28T18:17:41+08:00 ] 10.18.99.33 /MyFramework/Home?mobile=13399461630&imsi=460030768445260&imei=99000537261528&area_code=931&client_type=android&longitude=103.890139&latitude=36.060139&digest=FED34ED2AC927FD8806A35E7F4AB25AD&version=4.1.0&lng=103.890139&lat=36.060139&phone=13399461630&userId=ff808081473a1a4401474358942e6936&userNick=%E6%88%91%E7%9A%84%E9%82%A3%E4%B8%AA%E4%BB%80%E4%B9%8828&from=icity
INFO: [ app_init ] --START--
INFO: Run Behavior\BuildLiteBehavior [ RunTime:0.000022s ]
INFO: [ app_init ] --END-- [ RunTime:0.003836s ]
INFO: [ app_begin ] --START--
INFO: Run Behavior\ReadHtmlCacheBehavior [ RunTime:0.003796s ]
INFO: [ app_begin ] --END-- [ RunTime:0.003885s ]
INFO: [ view_parse ] --START--
INFO: [ template_filter ] --START--
INFO: Run Behavior\ContentReplaceBehavior [ RunTime:0.000074s ]
INFO: [ template_filter ] --END-- [ RunTime:0.000150s ]
INFO: Run Behavior\ParseTemplateBehavior [ RunTime:0.016068s ]
INFO: [ view_parse ] --END-- [ RunTime:0.016155s ]
INFO: [ view_filter ] --START--
INFO: Run Behavior\WriteHtmlCacheBehavior [ RunTime:0.003427s ]
INFO: [ view_filter ] --END-- [ RunTime:0.003500s ]
INFO: [ app_end ] --START--
INFO: Run Behavior\ShowPageTraceBehavior [ RunTime:0.003840s ]
INFO: [ app_end ] --END-- [ RunTime:0.003918s ]

[ 2016-04-28T18:17:53+08:00 ] 10.18.99.33 /MyFramework/Home?mobile=13399461630&imsi=460030768445260&imei=99000537261528&area_code=931&client_type=android&longitude=103.890139&latitude=36.060139&digest=FED34ED2AC927FD8806A35E7F4AB25AD&version=4.1.0&lng=103.890139&lat=36.060139&phone=13399461630&userId=ff808081473a1a4401474358942e6936&userNick=%E6%88%91%E7%9A%84%E9%82%A3%E4%B8%AA%E4%BB%80%E4%B9%8828&from=icity
INFO: [ app_init ] --START--
INFO: Run Behavior\BuildLiteBehavior [ RunTime:0.000021s ]
INFO: [ app_init ] --END-- [ RunTime:0.000731s ]
INFO: [ app_begin ] --START--
INFO: Run Behavior\ReadHtmlCacheBehavior [ RunTime:0.003883s ]
INFO: [ app_begin ] --END-- [ RunTime:0.003976s ]
INFO: [ view_parse ] --START--
INFO: [ template_filter ] --START--
INFO: Run Behavior\ContentReplaceBehavior [ RunTime:0.000073s ]
INFO: [ template_filter ] --END-- [ RunTime:0.000149s ]
INFO: Run Behavior\ParseTemplateBehavior [ RunTime:0.020129s ]
INFO: [ view_parse ] --END-- [ RunTime:0.020196s ]
INFO: [ view_filter ] --START--
INFO: Run Behavior\WriteHtmlCacheBehavior [ RunTime:0.001602s ]
INFO: [ view_filter ] --END-- [ RunTime:0.001672s ]
INFO: [ app_end ] --START--
INFO: Run Behavior\ShowPageTraceBehavior [ RunTime:0.003970s ]
INFO: [ app_end ] --END-- [ RunTime:0.004045s ]

[ 2016-04-28T18:54:22+08:00 ] 10.18.99.125 /MyFramework/Home?mobile=&imsi=460036191021857&imei=99000711478351&area_code=931&client_type=android&longitude=103.890235&latitude=36.060294&digest=CFB1265B55210C429025D846E920B9B9&version=4.1.0&lng=103.890235&lat=36.060294&phone=&userId=&userNick=&from=icity
INFO: [ app_init ] --START--
INFO: Run Behavior\BuildLiteBehavior [ RunTime:0.000022s ]
INFO: [ app_init ] --END-- [ RunTime:0.003846s ]
INFO: [ app_begin ] --START--
INFO: Run Behavior\ReadHtmlCacheBehavior [ RunTime:0.004178s ]
INFO: [ app_begin ] --END-- [ RunTime:0.004291s ]
INFO: [ view_parse ] --START--
INFO: [ template_filter ] --START--
INFO: Run Behavior\ContentReplaceBehavior [ RunTime:0.000149s ]
INFO: [ template_filter ] --END-- [ RunTime:0.000247s ]
INFO: Run Behavior\ParseTemplateBehavior [ RunTime:0.021747s ]
INFO: [ view_parse ] --END-- [ RunTime:0.021869s ]
INFO: [ view_filter ] --START--
INFO: Run Behavior\WriteHtmlCacheBehavior [ RunTime:0.003473s ]
INFO: [ view_filter ] --END-- [ RunTime:0.003555s ]
INFO: [ app_end ] --START--
INFO: Run Behavior\ShowPageTraceBehavior [ RunTime:0.004035s ]
INFO: [ app_end ] --END-- [ RunTime:0.004120s ]

[ 2016-04-28T18:57:15+08:00 ] 10.18.99.125 /MyFramework/Home?mobile=13399461630&imsi=460036191021857&imei=99000711478351&area_code=931&client_type=android&longitude=103.890235&latitude=36.060294&digest=FED34ED2AC927FD8806A35E7F4AB25AD&version=4.1.0&lng=103.890235&lat=36.060294&phone=13399461630&userId=ff808081473a1a4401474358942e6936&userNick=%E6%88%91%E7%9A%84%E9%82%A3%E4%B8%AA%E4%BB%80%E4%B9%8828&from=icity
INFO: [ app_init ] --START--
INFO: Run Behavior\BuildLiteBehavior [ RunTime:0.000022s ]
INFO: [ app_init ] --END-- [ RunTime:0.003891s ]
INFO: [ app_begin ] --START--
INFO: Run Behavior\ReadHtmlCacheBehavior [ RunTime:0.004451s ]
INFO: [ app_begin ] --END-- [ RunTime:0.004584s ]
INFO: [ view_parse ] --START--
INFO: [ template_filter ] --START--
INFO: Run Behavior\ContentReplaceBehavior [ RunTime:0.000114s ]
INFO: [ template_filter ] --END-- [ RunTime:0.000214s ]
INFO: Run Behavior\ParseTemplateBehavior [ RunTime:0.024961s ]
INFO: [ view_parse ] --END-- [ RunTime:0.025069s ]
INFO: [ view_filter ] --START--
INFO: Run Behavior\WriteHtmlCacheBehavior [ RunTime:0.003375s ]
INFO: [ view_filter ] --END-- [ RunTime:0.003475s ]
INFO: [ app_end ] --START--
INFO: Run Behavior\ShowPageTraceBehavior [ RunTime:0.003999s ]
INFO: [ app_end ] --END-- [ RunTime:0.004083s ]

