[ 2016-04-26T15:31:57+08:00 ] 10.18.17.179 /MyFramework/
INFO: [ app_init ] --START--
INFO: Run Behavior\BuildLiteBehavior [ RunTime:0.000021s ]
INFO: [ app_init ] --END-- [ RunTime:0.003744s ]
INFO: [ app_begin ] --START--
INFO: Run Behavior\ReadHtmlCacheBehavior [ RunTime:0.000817s ]
INFO: [ app_begin ] --END-- [ RunTime:0.000901s ]
ERR: 参数错误或者未定义:param

[ 2016-04-26T15:32:01+08:00 ] 10.18.17.179 /MyFramework/Home
INFO: [ app_init ] --START--
INFO: Run Behavior\BuildLiteBehavior [ RunTime:0.000018s ]
INFO: [ app_init ] --END-- [ RunTime:0.000424s ]
INFO: [ app_begin ] --START--
INFO: Run Behavior\ReadHtmlCacheBehavior [ RunTime:0.000480s ]
INFO: [ app_begin ] --END-- [ RunTime:0.000566s ]
ERR: 无法加载控制器:Home

[ 2016-04-26T15:32:06+08:00 ] 10.18.17.179 /MyFramework/index/Home
INFO: [ app_init ] --START--
INFO: Run Behavior\BuildLiteBehavior [ RunTime:0.000009s ]
INFO: [ app_init ] --END-- [ RunTime:0.000196s ]
INFO: [ app_begin ] --START--
INFO: Run Behavior\ReadHtmlCacheBehavior [ RunTime:0.000245s ]
INFO: [ app_begin ] --END-- [ RunTime:0.000274s ]
ERR: 非法操作:Home

[ 2016-04-26T15:32:12+08:00 ] 10.18.17.179 /MyFramework/index/Home/index
INFO: [ app_init ] --START--
INFO: Run Behavior\BuildLiteBehavior [ RunTime:0.000018s ]
INFO: [ app_init ] --END-- [ RunTime:0.000516s ]
INFO: [ app_begin ] --START--
INFO: Run Behavior\ReadHtmlCacheBehavior [ RunTime:0.000366s ]
INFO: [ app_begin ] --END-- [ RunTime:0.000413s ]
ERR: 非法操作:Home

[ 2016-04-26T15:32:15+08:00 ] 10.18.17.179 /MyFramework/index/Home/index.php
INFO: [ app_init ] --START--
INFO: Run Behavior\BuildLiteBehavior [ RunTime:0.000009s ]
INFO: [ app_init ] --END-- [ RunTime:0.000193s ]
INFO: [ app_begin ] --START--
INFO: Run Behavior\ReadHtmlCacheBehavior [ RunTime:0.000241s ]
INFO: [ app_begin ] --END-- [ RunTime:0.000272s ]
ERR: 非法操作:Home

[ 2016-04-26T15:32:28+08:00 ] 10.18.17.179 /MyFramework/
INFO: [ app_init ] --START--
INFO: Run Behavior\BuildLiteBehavior [ RunTime:0.000008s ]
INFO: [ app_init ] --END-- [ RunTime:0.000191s ]
INFO: [ app_begin ] --START--
INFO: Run Behavior\ReadHtmlCacheBehavior [ RunTime:0.002427s ]
INFO: [ app_begin ] --END-- [ RunTime:0.002492s ]
ERR: 参数错误或者未定义:param

[ 2016-04-26T15:32:32+08:00 ] 10.18.17.179 /MyFramework/Home
INFO: [ app_init ] --START--
INFO: Run Behavior\BuildLiteBehavior [ RunTime:0.000008s ]
INFO: [ app_init ] --END-- [ RunTime:0.000189s ]
INFO: [ app_begin ] --START--
INFO: Run Behavior\ReadHtmlCacheBehavior [ RunTime:0.000236s ]
INFO: [ app_begin ] --END-- [ RunTime:0.000265s ]
ERR: 参数错误或者未定义:param

[ 2016-04-26T15:34:11+08:00 ] 10.18.17.179 /MyFramework/
INFO: [ app_init ] --START--
INFO: Run Behavior\BuildLiteBehavior [ RunTime:0.000021s ]
INFO: [ app_init ] --END-- [ RunTime:0.003807s ]
INFO: [ app_begin ] --START--
INFO: Run Behavior\ReadHtmlCacheBehavior [ RunTime:0.003199s ]
INFO: [ app_begin ] --END-- [ RunTime:0.003277s ]
INFO: [ view_parse ] --START--
INFO: [ template_filter ] --START--
INFO: Run Behavior\ContentReplaceBehavior [ RunTime:0.000091s ]
INFO: [ template_filter ] --END-- [ RunTime:0.000186s ]
NOTIC: [8] Undefined variable: param /Web/MyFramework/Application/Runtime/Cache/Home/74c9bdbded7009a43a281be8a565b911.php 第 6 行.
INFO: Run Behavior\ParseTemplateBehavior [ RunTime:0.021196s ]
INFO: [ view_parse ] --END-- [ RunTime:0.021261s ]
INFO: [ view_filter ] --START--
INFO: Run Behavior\WriteHtmlCacheBehavior [ RunTime:0.002453s ]
INFO: [ view_filter ] --END-- [ RunTime:0.002524s ]
INFO: [ app_end ] --START--
INFO: Run Behavior\ShowPageTraceBehavior [ RunTime:0.003974s ]
INFO: [ app_end ] --END-- [ RunTime:0.004148s ]

[ 2016-04-26T15:35:18+08:00 ] 10.18.17.179 /MyFramework/
INFO: [ app_init ] --START--
INFO: Run Behavior\BuildLiteBehavior [ RunTime:0.000025s ]
INFO: [ app_init ] --END-- [ RunTime:0.003669s ]
INFO: [ app_begin ] --START--
INFO: Run Behavior\ReadHtmlCacheBehavior [ RunTime:0.003540s ]
INFO: [ app_begin ] --END-- [ RunTime:0.003643s ]
INFO: [ view_parse ] --START--
INFO: [ template_filter ] --START--
INFO: Run Behavior\ContentReplaceBehavior [ RunTime:0.000059s ]
INFO: [ template_filter ] --END-- [ RunTime:0.000133s ]
INFO: Run Behavior\ParseTemplateBehavior [ RunTime:0.013881s ]
INFO: [ view_parse ] --END-- [ RunTime:0.014031s ]
INFO: [ view_filter ] --START--
INFO: Run Behavior\WriteHtmlCacheBehavior [ RunTime:0.001972s ]
INFO: [ view_filter ] --END-- [ RunTime:0.002153s ]
INFO: [ app_end ] --START--
INFO: Run Behavior\ShowPageTraceBehavior [ RunTime:0.003972s ]
INFO: [ app_end ] --END-- [ RunTime:0.004047s ]

[ 2016-04-26T15:40:30+08:00 ] 10.18.97.186 /MyFramework/?mobile=&imei=iPhoneed8acd0204bcd77018&area_code=931&client_type=ios&longitude=103.883654&latitude=36.054592&version=4.0.0&lng=103.890154&lat=36.060592&phone=&userId=&from=icity&digest=990BB1C53D3448A7BF70C1F0BBB906AA&userNick=
INFO: [ app_init ] --START--
INFO: Run Behavior\BuildLiteBehavior [ RunTime:0.000024s ]
INFO: [ app_init ] --END-- [ RunTime:0.004006s ]
INFO: [ app_begin ] --START--
INFO: Run Behavior\ReadHtmlCacheBehavior [ RunTime:0.004023s ]
INFO: [ app_begin ] --END-- [ RunTime:0.004134s ]
INFO: [ view_parse ] --START--
INFO: [ template_filter ] --START--
INFO: Run Behavior\ContentReplaceBehavior [ RunTime:0.000093s ]
INFO: [ template_filter ] --END-- [ RunTime:0.000245s ]
INFO: Run Behavior\ParseTemplateBehavior [ RunTime:0.018741s ]
INFO: [ view_parse ] --END-- [ RunTime:0.018874s ]
INFO: [ view_filter ] --START--
INFO: Run Behavior\WriteHtmlCacheBehavior [ RunTime:0.004373s ]
INFO: [ view_filter ] --END-- [ RunTime:0.004443s ]
INFO: [ app_end ] --START--
INFO: Run Behavior\ShowPageTraceBehavior [ RunTime:0.004304s ]
INFO: [ app_end ] --END-- [ RunTime:0.004403s ]

[ 2016-04-26T15:41:10+08:00 ] 10.18.97.186 /MyFramework/?mobile=&imei=iPhoneed8acd0204bcd77018&area_code=931&client_type=ios&longitude=103.883654&latitude=36.054592&version=4.0.0&lng=103.890154&lat=36.060592&phone=&userId=&from=icity&digest=990BB1C53D3448A7BF70C1F0BBB906AA&userNick=
INFO: [ app_init ] --START--
INFO: Run Behavior\BuildLiteBehavior [ RunTime:0.000024s ]
INFO: [ app_init ] --END-- [ RunTime:0.003895s ]
INFO: [ app_begin ] --START--
INFO: Run Behavior\ReadHtmlCacheBehavior [ RunTime:0.004034s ]
INFO: [ app_begin ] --END-- [ RunTime:0.004146s ]
INFO: [ view_parse ] --START--
INFO: [ template_filter ] --START--
INFO: Run Behavior\ContentReplaceBehavior [ RunTime:0.000086s ]
INFO: [ template_filter ] --END-- [ RunTime:0.000207s ]
NOTIC: [2] Missing argument 1 for I(), called in /Web/MyFramework/Application/Runtime/Cache/Home/74c9bdbded7009a43a281be8a565b911.php on line 4 and defined /Web/MyFramework/ThinkPHP/Common/functions.php 第 271 行.
NOTIC: [8] Undefined variable: name /Web/MyFramework/ThinkPHP/Common/functions.php 第 273 行.
NOTIC: [8] Undefined variable: name /Web/MyFramework/ThinkPHP/Common/functions.php 第 278 行.
NOTIC: [8] Undefined variable: name /Web/MyFramework/ThinkPHP/Common/functions.php 第 339 行.
NOTIC: [8] Array to string conversion /Web/MyFramework/Application/Runtime/Cache/Home/74c9bdbded7009a43a281be8a565b911.php 第 4 行.
INFO: Run Behavior\ParseTemplateBehavior [ RunTime:0.014127s ]
INFO: [ view_parse ] --END-- [ RunTime:0.014198s ]
INFO: [ view_filter ] --START--
INFO: Run Behavior\WriteHtmlCacheBehavior [ RunTime:0.001662s ]
INFO: [ view_filter ] --END-- [ RunTime:0.001733s ]
INFO: [ app_end ] --START--
INFO: Run Behavior\ShowPageTraceBehavior [ RunTime:0.003983s ]
INFO: [ app_end ] --END-- [ RunTime:0.004080s ]

[ 2016-04-26T15:41:24+08:00 ] 10.18.97.186 /MyFramework/?mobile=&imei=iPhoneed8acd0204bcd77018&area_code=931&client_type=ios&longitude=103.883654&latitude=36.054592&version=4.0.0&lng=103.890154&lat=36.060592&phone=&userId=&from=icity&digest=990BB1C53D3448A7BF70C1F0BBB906AA&userNick=
INFO: [ app_init ] --START--
INFO: Run Behavior\BuildLiteBehavior [ RunTime:0.000010s ]
INFO: [ app_init ] --END-- [ RunTime:0.000283s ]
INFO: [ app_begin ] --START--
INFO: Run Behavior\ReadHtmlCacheBehavior [ RunTime:0.000372s ]
INFO: [ app_begin ] --END-- [ RunTime:0.000412s ]
INFO: [ view_parse ] --START--
INFO: [ template_filter ] --START--
INFO: Run Behavior\ContentReplaceBehavior [ RunTime:0.000029s ]
INFO: [ template_filter ] --END-- [ RunTime:0.000061s ]
NOTIC: [2] Missing argument 1 for I(), called in /Web/MyFramework/Application/Runtime/Cache/Home/74c9bdbded7009a43a281be8a565b911.php on line 4 and defined /Web/MyFramework/ThinkPHP/Common/functions.php 第 271 行.
NOTIC: [8] Undefined variable: name /Web/MyFramework/ThinkPHP/Common/functions.php 第 273 行.
NOTIC: [8] Undefined variable: name /Web/MyFramework/ThinkPHP/Common/functions.php 第 278 行.
NOTIC: [8] Undefined variable: name /Web/MyFramework/ThinkPHP/Common/functions.php 第 339 行.
INFO: Run Behavior\ParseTemplateBehavior [ RunTime:0.003315s ]
INFO: [ view_parse ] --END-- [ RunTime:0.003358s ]
INFO: [ view_filter ] --START--
INFO: Run Behavior\WriteHtmlCacheBehavior [ RunTime:0.000110s ]
INFO: [ view_filter ] --END-- [ RunTime:0.000132s ]
INFO: [ app_end ] --START--
INFO: Run Behavior\ShowPageTraceBehavior [ RunTime:0.000293s ]
INFO: [ app_end ] --END-- [ RunTime:0.000330s ]

[ 2016-04-26T15:41:47+08:00 ] 10.18.97.186 /MyFramework/?mobile=&imei=iPhoneed8acd0204bcd77018&area_code=931&client_type=ios&longitude=103.883654&latitude=36.054592&version=4.0.0&lng=103.890154&lat=36.060592&phone=&userId=&from=icity&digest=990BB1C53D3448A7BF70C1F0BBB906AA&userNick=
INFO: [ app_init ] --START--
INFO: Run Behavior\BuildLiteBehavior [ RunTime:0.000024s ]
INFO: [ app_init ] --END-- [ RunTime:0.004128s ]
INFO: [ app_begin ] --START--
INFO: Run Behavior\ReadHtmlCacheBehavior [ RunTime:0.003982s ]
INFO: [ app_begin ] --END-- [ RunTime:0.004102s ]
INFO: [ view_parse ] --START--
INFO: [ template_filter ] --START--
INFO: Run Behavior\ContentReplaceBehavior [ RunTime:0.000065s ]
INFO: [ template_filter ] --END-- [ RunTime:0.000163s ]
NOTIC: [2] Missing argument 1 for I(), called in /Web/MyFramework/Application/Runtime/Cache/Home/74c9bdbded7009a43a281be8a565b911.php on line 4 and defined /Web/MyFramework/ThinkPHP/Common/functions.php 第 271 行.
NOTIC: [8] Undefined variable: name /Web/MyFramework/ThinkPHP/Common/functions.php 第 273 行.
NOTIC: [8] Undefined variable: name /Web/MyFramework/ThinkPHP/Common/functions.php 第 278 行.
NOTIC: [8] Undefined variable: name /Web/MyFramework/ThinkPHP/Common/functions.php 第 339 行.
INFO: Run Behavior\ParseTemplateBehavior [ RunTime:0.015264s ]
INFO: [ view_parse ] --END-- [ RunTime:0.015350s ]
INFO: [ view_filter ] --START--
INFO: Run Behavior\WriteHtmlCacheBehavior [ RunTime:0.001640s ]
INFO: [ view_filter ] --END-- [ RunTime:0.001733s ]
INFO: [ app_end ] --START--
INFO: Run Behavior\ShowPageTraceBehavior [ RunTime:0.004024s ]
INFO: [ app_end ] --END-- [ RunTime:0.004115s ]

[ 2016-04-26T15:41:52+08:00 ] 10.18.99.33 /MyFramework/?mobile=&imsi=460030768445260&imei=99000537261528&area_code=931&client_type=android&longitude=103.890228&latitude=36.060301&digest=990BB1C53D3448A7BF70C1F0BBB906AA&version=4.0.5&lng=103.890228&lat=36.060301&phone=&userId=&userNick=&from=icity
INFO: [ app_init ] --START--
INFO: Run Behavior\BuildLiteBehavior [ RunTime:0.000011s ]
INFO: [ app_init ] --END-- [ RunTime:0.000340s ]
INFO: [ app_begin ] --START--
INFO: Run Behavior\ReadHtmlCacheBehavior [ RunTime:0.000377s ]
INFO: [ app_begin ] --END-- [ RunTime:0.000418s ]
INFO: [ view_parse ] --START--
INFO: [ template_filter ] --START--
INFO: Run Behavior\ContentReplaceBehavior [ RunTime:0.000072s ]
INFO: [ template_filter ] --END-- [ RunTime:0.000173s ]
NOTIC: [2] Missing argument 1 for I(), called in /Web/MyFramework/Application/Runtime/Cache/Home/74c9bdbded7009a43a281be8a565b911.php on line 4 and defined /Web/MyFramework/ThinkPHP/Common/functions.php 第 271 行.
NOTIC: [8] Undefined variable: name /Web/MyFramework/ThinkPHP/Common/functions.php 第 273 行.
NOTIC: [8] Undefined variable: name /Web/MyFramework/ThinkPHP/Common/functions.php 第 278 行.
NOTIC: [8] Undefined variable: name /Web/MyFramework/ThinkPHP/Common/functions.php 第 339 行.
INFO: Run Behavior\ParseTemplateBehavior [ RunTime:0.008115s ]
INFO: [ view_parse ] --END-- [ RunTime:0.008194s ]
INFO: [ view_filter ] --START--
INFO: Run Behavior\WriteHtmlCacheBehavior [ RunTime:0.000233s ]
INFO: [ view_filter ] --END-- [ RunTime:0.000271s ]
INFO: [ app_end ] --START--
INFO: Run Behavior\ShowPageTraceBehavior [ RunTime:0.000831s ]
INFO: [ app_end ] --END-- [ RunTime:0.000904s ]

[ 2016-04-26T15:42:07+08:00 ] 10.18.97.186 /MyFramework/?mobile=&imei=iPhoneed8acd0204bcd77018&area_code=931&client_type=ios&longitude=103.883654&latitude=36.054592&version=4.0.0&lng=103.890154&lat=36.060592&phone=&userId=&from=icity&digest=990BB1C53D3448A7BF70C1F0BBB906AA&userNick=
INFO: [ app_init ] --START--
INFO: Run Behavior\BuildLiteBehavior [ RunTime:0.000022s ]
INFO: [ app_init ] --END-- [ RunTime:0.003799s ]
INFO: [ app_begin ] --START--
INFO: Run Behavior\ReadHtmlCacheBehavior [ RunTime:0.003861s ]
INFO: [ app_begin ] --END-- [ RunTime:0.003950s ]
INFO: [ view_parse ] --START--
INFO: [ template_filter ] --START--
INFO: Run Behavior\ContentReplaceBehavior [ RunTime:0.000060s ]
INFO: [ template_filter ] --END-- [ RunTime:0.000156s ]
NOTIC: [2] Missing argument 1 for I(), called in /Web/MyFramework/Application/Runtime/Cache/Home/74c9bdbded7009a43a281be8a565b911.php on line 4 and defined /Web/MyFramework/ThinkPHP/Common/functions.php 第 271 行.
NOTIC: [8] Undefined variable: name /Web/MyFramework/ThinkPHP/Common/functions.php 第 273 行.
NOTIC: [8] Undefined variable: name /Web/MyFramework/ThinkPHP/Common/functions.php 第 278 行.
NOTIC: [8] Undefined variable: name /Web/MyFramework/ThinkPHP/Common/functions.php 第 339 行.
INFO: Run Behavior\ParseTemplateBehavior [ RunTime:0.015480s ]
INFO: [ view_parse ] --END-- [ RunTime:0.015569s ]
INFO: [ view_filter ] --START--
INFO: Run Behavior\WriteHtmlCacheBehavior [ RunTime:0.001474s ]
INFO: [ view_filter ] --END-- [ RunTime:0.001545s ]
INFO: [ app_end ] --START--
INFO: Run Behavior\ShowPageTraceBehavior [ RunTime:0.004067s ]
INFO: [ app_end ] --END-- [ RunTime:0.004163s ]

[ 2016-04-26T15:42:07+08:00 ] 10.18.99.33 /MyFramework/?mobile=&imsi=460030768445260&imei=99000537261528&area_code=931&client_type=android&longitude=103.890228&latitude=36.060301&digest=990BB1C53D3448A7BF70C1F0BBB906AA&version=4.0.5&lng=103.890228&lat=36.060301&phone=&userId=&userNick=&from=icity
INFO: [ app_init ] --START--
INFO: Run Behavior\BuildLiteBehavior [ RunTime:0.000011s ]
INFO: [ app_init ] --END-- [ RunTime:0.000338s ]
INFO: [ app_begin ] --START--
INFO: Run Behavior\ReadHtmlCacheBehavior [ RunTime:0.000371s ]
INFO: [ app_begin ] --END-- [ RunTime:0.000412s ]
INFO: [ view_parse ] --START--
INFO: [ template_filter ] --START--
INFO: Run Behavior\ContentReplaceBehavior [ RunTime:0.000042s ]
INFO: [ template_filter ] --END-- [ RunTime:0.000097s ]
NOTIC: [2] Missing argument 1 for I(), called in /Web/MyFramework/Application/Runtime/Cache/Home/74c9bdbded7009a43a281be8a565b911.php on line 4 and defined /Web/MyFramework/ThinkPHP/Common/functions.php 第 271 行.
NOTIC: [8] Undefined variable: name /Web/MyFramework/ThinkPHP/Common/functions.php 第 273 行.
NOTIC: [8] Undefined variable: name /Web/MyFramework/ThinkPHP/Common/functions.php 第 278 行.
NOTIC: [8] Undefined variable: name /Web/MyFramework/ThinkPHP/Common/functions.php 第 339 行.
INFO: Run Behavior\ParseTemplateBehavior [ RunTime:0.003929s ]
INFO: [ view_parse ] --END-- [ RunTime:0.003966s ]
INFO: [ view_filter ] --START--
INFO: Run Behavior\WriteHtmlCacheBehavior [ RunTime:0.000139s ]
INFO: [ view_filter ] --END-- [ RunTime:0.000161s ]
INFO: [ app_end ] --START--
INFO: Run Behavior\ShowPageTraceBehavior [ RunTime:0.000345s ]
INFO: [ app_end ] --END-- [ RunTime:0.000378s ]

[ 2016-04-26T15:43:16+08:00 ] 10.18.97.186 /MyFramework/?mobile=&imei=iPhoneed8acd0204bcd77018&area_code=931&client_type=ios&longitude=103.883654&latitude=36.054592&version=4.0.0&lng=103.890154&lat=36.060592&phone=&userId=&from=icity&digest=990BB1C53D3448A7BF70C1F0BBB906AA&userNick=
INFO: [ app_init ] --START--
INFO: Run Behavior\BuildLiteBehavior [ RunTime:0.000023s ]
INFO: [ app_init ] --END-- [ RunTime:0.003843s ]
INFO: [ app_begin ] --START--
INFO: Run Behavior\ReadHtmlCacheBehavior [ RunTime:0.004128s ]
INFO: [ app_begin ] --END-- [ RunTime:0.004239s ]
INFO: [ view_parse ] --START--
INFO: [ template_filter ] --START--
INFO: Run Behavior\ContentReplaceBehavior [ RunTime:0.000112s ]
INFO: [ template_filter ] --END-- [ RunTime:0.000236s ]
NOTIC: [2] Missing argument 1 for I(), called in /Web/MyFramework/Application/Runtime/Cache/Home/74c9bdbded7009a43a281be8a565b911.php on line 5 and defined /Web/MyFramework/ThinkPHP/Common/functions.php 第 271 行.
NOTIC: [8] Undefined variable: name /Web/MyFramework/ThinkPHP/Common/functions.php 第 273 行.
NOTIC: [8] Undefined variable: name /Web/MyFramework/ThinkPHP/Common/functions.php 第 278 行.
NOTIC: [8] Undefined variable: name /Web/MyFramework/ThinkPHP/Common/functions.php 第 339 行.
INFO: Run Behavior\ParseTemplateBehavior [ RunTime:0.019931s ]
INFO: [ view_parse ] --END-- [ RunTime:0.020027s ]
INFO: [ view_filter ] --START--
INFO: Run Behavior\WriteHtmlCacheBehavior [ RunTime:0.001324s ]
INFO: [ view_filter ] --END-- [ RunTime:0.001415s ]
INFO: [ app_end ] --START--
INFO: Run Behavior\ShowPageTraceBehavior [ RunTime:0.001806s ]
INFO: [ app_end ] --END-- [ RunTime:0.001903s ]

[ 2016-04-26T15:43:19+08:00 ] 10.18.99.33 /MyFramework/?mobile=&imsi=460030768445260&imei=99000537261528&area_code=931&client_type=android&longitude=103.890228&latitude=36.060301&digest=990BB1C53D3448A7BF70C1F0BBB906AA&version=4.0.5&lng=103.890228&lat=36.060301&phone=&userId=&userNick=&from=icity
INFO: [ app_init ] --START--
INFO: Run Behavior\BuildLiteBehavior [ RunTime:0.000014s ]
INFO: [ app_init ] --END-- [ RunTime:0.000315s ]
INFO: [ app_begin ] --START--
INFO: Run Behavior\ReadHtmlCacheBehavior [ RunTime:0.000405s ]
INFO: [ app_begin ] --END-- [ RunTime:0.000455s ]
INFO: [ view_parse ] --START--
INFO: [ template_filter ] --START--
INFO: Run Behavior\ContentReplaceBehavior [ RunTime:0.000030s ]
INFO: [ template_filter ] --END-- [ RunTime:0.000064s ]
NOTIC: [2] Missing argument 1 for I(), called in /Web/MyFramework/Application/Runtime/Cache/Home/74c9bdbded7009a43a281be8a565b911.php on line 5 and defined /Web/MyFramework/ThinkPHP/Common/functions.php 第 271 行.
NOTIC: [8] Undefined variable: name /Web/MyFramework/ThinkPHP/Common/functions.php 第 273 行.
NOTIC: [8] Undefined variable: name /Web/MyFramework/ThinkPHP/Common/functions.php 第 278 行.
NOTIC: [8] Undefined variable: name /Web/MyFramework/ThinkPHP/Common/functions.php 第 339 行.
INFO: Run Behavior\ParseTemplateBehavior [ RunTime:0.003362s ]
INFO: [ view_parse ] --END-- [ RunTime:0.003396s ]
INFO: [ view_filter ] --START--
INFO: Run Behavior\WriteHtmlCacheBehavior [ RunTime:0.000094s ]
INFO: [ view_filter ] --END-- [ RunTime:0.000116s ]
INFO: [ app_end ] --START--
INFO: Run Behavior\ShowPageTraceBehavior [ RunTime:0.000295s ]
INFO: [ app_end ] --END-- [ RunTime:0.000331s ]

[ 2016-04-26T15:43:27+08:00 ] 10.18.97.186 /MyFramework/?mobile=&imei=iPhoneed8acd0204bcd77018&area_code=931&client_type=ios&longitude=103.883654&latitude=36.054592&version=4.0.0&lng=103.890154&lat=36.060592&phone=&userId=&from=icity&digest=990BB1C53D3448A7BF70C1F0BBB906AA&userNick=
INFO: [ app_init ] --START--
INFO: Run Behavior\BuildLiteBehavior [ RunTime:0.000011s ]
INFO: [ app_init ] --END-- [ RunTime:0.000253s ]
INFO: [ app_begin ] --START--
INFO: Run Behavior\ReadHtmlCacheBehavior [ RunTime:0.000321s ]
INFO: [ app_begin ] --END-- [ RunTime:0.000360s ]
INFO: [ view_parse ] --START--
INFO: [ template_filter ] --START--
INFO: Run Behavior\ContentReplaceBehavior [ RunTime:0.000027s ]
INFO: [ template_filter ] --END-- [ RunTime:0.000058s ]
NOTIC: [2] Missing argument 1 for I(), called in /Web/MyFramework/Application/Runtime/Cache/Home/74c9bdbded7009a43a281be8a565b911.php on line 5 and defined /Web/MyFramework/ThinkPHP/Common/functions.php 第 271 行.
NOTIC: [8] Undefined variable: name /Web/MyFramework/ThinkPHP/Common/functions.php 第 273 行.
NOTIC: [8] Undefined variable: name /Web/MyFramework/ThinkPHP/Common/functions.php 第 278 行.
NOTIC: [8] Undefined variable: name /Web/MyFramework/ThinkPHP/Common/functions.php 第 339 行.
INFO: Run Behavior\ParseTemplateBehavior [ RunTime:0.002864s ]
INFO: [ view_parse ] --END-- [ RunTime:0.002895s ]
INFO: [ view_filter ] --START--
INFO: Run Behavior\WriteHtmlCacheBehavior [ RunTime:0.000093s ]
INFO: [ view_filter ] --END-- [ RunTime:0.000115s ]
INFO: [ app_end ] --START--
INFO: Run Behavior\ShowPageTraceBehavior [ RunTime:0.000255s ]
INFO: [ app_end ] --END-- [ RunTime:0.000280s ]

[ 2016-04-26T15:43:29+08:00 ] 10.18.99.33 /MyFramework/?mobile=&imsi=460030768445260&imei=99000537261528&area_code=931&client_type=android&longitude=103.890228&latitude=36.060301&digest=990BB1C53D3448A7BF70C1F0BBB906AA&version=4.0.5&lng=103.890228&lat=36.060301&phone=&userId=&userNick=&from=icity
INFO: [ app_init ] --START--
INFO: Run Behavior\BuildLiteBehavior [ RunTime:0.000012s ]
INFO: [ app_init ] --END-- [ RunTime:0.000254s ]
INFO: [ app_begin ] --START--
INFO: Run Behavior\ReadHtmlCacheBehavior [ RunTime:0.000330s ]
INFO: [ app_begin ] --END-- [ RunTime:0.000362s ]
INFO: [ view_parse ] --START--
INFO: [ template_filter ] --START--
INFO: Run Behavior\ContentReplaceBehavior [ RunTime:0.000077s ]
INFO: [ template_filter ] --END-- [ RunTime:0.000185s ]
NOTIC: [2] Missing argument 1 for I(), called in /Web/MyFramework/Application/Runtime/Cache/Home/74c9bdbded7009a43a281be8a565b911.php on line 5 and defined /Web/MyFramework/ThinkPHP/Common/functions.php 第 271 行.
NOTIC: [8] Undefined variable: name /Web/MyFramework/ThinkPHP/Common/functions.php 第 273 行.
NOTIC: [8] Undefined variable: name /Web/MyFramework/ThinkPHP/Common/functions.php 第 278 行.
NOTIC: [8] Undefined variable: name /Web/MyFramework/ThinkPHP/Common/functions.php 第 339 行.
INFO: Run Behavior\ParseTemplateBehavior [ RunTime:0.006325s ]
INFO: [ view_parse ] --END-- [ RunTime:0.006368s ]
INFO: [ view_filter ] --START--
INFO: Run Behavior\WriteHtmlCacheBehavior [ RunTime:0.000254s ]
INFO: [ view_filter ] --END-- [ RunTime:0.000299s ]
INFO: [ app_end ] --START--
INFO: Run Behavior\ShowPageTraceBehavior [ RunTime:0.000714s ]
INFO: [ app_end ] --END-- [ RunTime:0.000790s ]

[ 2016-04-26T15:43:51+08:00 ] 10.18.97.186 /MyFramework/?mobile=&imei=iPhoneed8acd0204bcd77018&area_code=931&client_type=ios&longitude=103.883654&latitude=36.054592&version=4.0.0&lng=103.890154&lat=36.060592&phone=&userId=&from=icity&digest=990BB1C53D3448A7BF70C1F0BBB906AA&userNick=
INFO: [ app_init ] --START--
INFO: Run Behavior\BuildLiteBehavior [ RunTime:0.000022s ]
INFO: [ app_init ] --END-- [ RunTime:0.003734s ]
INFO: [ app_begin ] --START--
INFO: Run Behavior\ReadHtmlCacheBehavior [ RunTime:0.003827s ]
INFO: [ app_begin ] --END-- [ RunTime:0.003917s ]
INFO: [ view_parse ] --START--
INFO: [ template_filter ] --START--
INFO: Run Behavior\ContentReplaceBehavior [ RunTime:0.000067s ]
INFO: [ template_filter ] --END-- [ RunTime:0.000144s ]
NOTIC: [2] Missing argument 1 for I(), called in /Web/MyFramework/Application/Runtime/Cache/Home/74c9bdbded7009a43a281be8a565b911.php on line 5 and defined /Web/MyFramework/ThinkPHP/Common/functions.php 第 271 行.
NOTIC: [8] Undefined variable: name /Web/MyFramework/ThinkPHP/Common/functions.php 第 273 行.
NOTIC: [8] Undefined variable: name /Web/MyFramework/ThinkPHP/Common/functions.php 第 278 行.
NOTIC: [8] Undefined variable: name /Web/MyFramework/ThinkPHP/Common/functions.php 第 339 行.
INFO: Run Behavior\ParseTemplateBehavior [ RunTime:0.016820s ]
INFO: [ view_parse ] --END-- [ RunTime:0.016885s ]
INFO: [ view_filter ] --START--
INFO: Run Behavior\WriteHtmlCacheBehavior [ RunTime:0.001509s ]
INFO: [ view_filter ] --END-- [ RunTime:0.001580s ]
INFO: [ app_end ] --START--
INFO: Run Behavior\ShowPageTraceBehavior [ RunTime:0.003954s ]
INFO: [ app_end ] --END-- [ RunTime:0.004042s ]

[ 2016-04-26T15:43:53+08:00 ] 10.18.99.33 /MyFramework/?mobile=&imsi=460030768445260&imei=99000537261528&area_code=931&client_type=android&longitude=103.890228&latitude=36.060301&digest=990BB1C53D3448A7BF70C1F0BBB906AA&version=4.0.5&lng=103.890228&lat=36.060301&phone=&userId=&userNick=&from=icity
INFO: [ app_init ] --START--
INFO: Run Behavior\BuildLiteBehavior [ RunTime:0.000011s ]
INFO: [ app_init ] --END-- [ RunTime:0.000253s ]
INFO: [ app_begin ] --START--
INFO: Run Behavior\ReadHtmlCacheBehavior [ RunTime:0.000318s ]
INFO: [ app_begin ] --END-- [ RunTime:0.000356s ]
INFO: [ view_parse ] --START--
INFO: [ template_filter ] --START--
INFO: Run Behavior\ContentReplaceBehavior [ RunTime:0.000029s ]
INFO: [ template_filter ] --END-- [ RunTime:0.000059s ]
NOTIC: [2] Missing argument 1 for I(), called in /Web/MyFramework/Application/Runtime/Cache/Home/74c9bdbded7009a43a281be8a565b911.php on line 5 and defined /Web/MyFramework/ThinkPHP/Common/functions.php 第 271 行.
NOTIC: [8] Undefined variable: name /Web/MyFramework/ThinkPHP/Common/functions.php 第 273 行.
NOTIC: [8] Undefined variable: name /Web/MyFramework/ThinkPHP/Common/functions.php 第 278 行.
NOTIC: [8] Undefined variable: name /Web/MyFramework/ThinkPHP/Common/functions.php 第 339 行.
INFO: Run Behavior\ParseTemplateBehavior [ RunTime:0.002924s ]
INFO: [ view_parse ] --END-- [ RunTime:0.002955s ]
INFO: [ view_filter ] --START--
INFO: Run Behavior\WriteHtmlCacheBehavior [ RunTime:0.000092s ]
INFO: [ view_filter ] --END-- [ RunTime:0.000114s ]
INFO: [ app_end ] --START--
INFO: Run Behavior\ShowPageTraceBehavior [ RunTime:0.000259s ]
INFO: [ app_end ] --END-- [ RunTime:0.000284s ]

[ 2016-04-26T15:44:28+08:00 ] 10.18.97.186 /MyFramework/?mobile=&imei=iPhoneed8acd0204bcd77018&area_code=931&client_type=ios&longitude=103.883654&latitude=36.054592&version=4.0.0&lng=103.890154&lat=36.060592&phone=&userId=&from=icity&digest=990BB1C53D3448A7BF70C1F0BBB906AA&userNick=
INFO: [ app_init ] --START--
INFO: Run Behavior\BuildLiteBehavior [ RunTime:0.000024s ]
INFO: [ app_init ] --END-- [ RunTime:0.003743s ]
INFO: [ app_begin ] --START--
INFO: Run Behavior\ReadHtmlCacheBehavior [ RunTime:0.003903s ]
INFO: [ app_begin ] --END-- [ RunTime:0.003998s ]
INFO: [ view_parse ] --START--
INFO: [ template_filter ] --START--
INFO: Run Behavior\ContentReplaceBehavior [ RunTime:0.000063s ]
INFO: [ template_filter ] --END-- [ RunTime:0.000137s ]
NOTIC: [2] Missing argument 1 for I(), called in /Web/MyFramework/Application/Runtime/Cache/Home/74c9bdbded7009a43a281be8a565b911.php on line 5 and defined /Web/MyFramework/ThinkPHP/Common/functions.php 第 271 行.
NOTIC: [8] Undefined variable: name /Web/MyFramework/ThinkPHP/Common/functions.php 第 273 行.
NOTIC: [8] Undefined variable: name /Web/MyFramework/ThinkPHP/Common/functions.php 第 278 行.
NOTIC: [8] Undefined variable: name /Web/MyFramework/ThinkPHP/Common/functions.php 第 339 行.
INFO: Run Behavior\ParseTemplateBehavior [ RunTime:0.013199s ]
INFO: [ view_parse ] --END-- [ RunTime:0.013262s ]
INFO: [ view_filter ] --START--
INFO: Run Behavior\WriteHtmlCacheBehavior [ RunTime:0.001595s ]
INFO: [ view_filter ] --END-- [ RunTime:0.001664s ]
INFO: [ app_end ] --START--
INFO: Run Behavior\ShowPageTraceBehavior [ RunTime:0.003896s ]
INFO: [ app_end ] --END-- [ RunTime:0.003970s ]

[ 2016-04-26T15:44:34+08:00 ] 10.18.99.33 /MyFramework/?mobile=&imsi=460030768445260&imei=99000537261528&area_code=931&client_type=android&longitude=103.890228&latitude=36.060301&digest=990BB1C53D3448A7BF70C1F0BBB906AA&version=4.0.5&lng=103.890228&lat=36.060301&phone=&userId=&userNick=&from=icity
INFO: [ app_init ] --START--
INFO: Run Behavior\BuildLiteBehavior [ RunTime:0.000009s ]
INFO: [ app_init ] --END-- [ RunTime:0.000290s ]
INFO: [ app_begin ] --START--
INFO: Run Behavior\ReadHtmlCacheBehavior [ RunTime:0.000377s ]
INFO: [ app_begin ] --END-- [ RunTime:0.000418s ]
INFO: [ view_parse ] --START--
INFO: [ template_filter ] --START--
INFO: Run Behavior\ContentReplaceBehavior [ RunTime:0.000029s ]
INFO: [ template_filter ] --END-- [ RunTime:0.000061s ]
NOTIC: [2] Missing argument 1 for I(), called in /Web/MyFramework/Application/Runtime/Cache/Home/74c9bdbded7009a43a281be8a565b911.php on line 5 and defined /Web/MyFramework/ThinkPHP/Common/functions.php 第 271 行.
NOTIC: [8] Undefined variable: name /Web/MyFramework/ThinkPHP/Common/functions.php 第 273 行.
NOTIC: [8] Undefined variable: name /Web/MyFramework/ThinkPHP/Common/functions.php 第 278 行.
NOTIC: [8] Undefined variable: name /Web/MyFramework/ThinkPHP/Common/functions.php 第 339 行.
INFO: Run Behavior\ParseTemplateBehavior [ RunTime:0.002865s ]
INFO: [ view_parse ] --END-- [ RunTime:0.002893s ]
INFO: [ view_filter ] --START--
INFO: Run Behavior\WriteHtmlCacheBehavior [ RunTime:0.000106s ]
INFO: [ view_filter ] --END-- [ RunTime:0.000129s ]
INFO: [ app_end ] --START--
INFO: Run Behavior\ShowPageTraceBehavior [ RunTime:0.000261s ]
INFO: [ app_end ] --END-- [ RunTime:0.000285s ]

[ 2016-04-26T15:44:51+08:00 ] 10.18.97.186 /MyFramework/?mobile=&imei=iPhoneed8acd0204bcd77018&area_code=931&client_type=ios&longitude=103.883654&latitude=36.054592&version=4.0.0&lng=103.890154&lat=36.060592&phone=&userId=&from=icity&digest=990BB1C53D3448A7BF70C1F0BBB906AA&userNick=
INFO: [ app_init ] --START--
INFO: Run Behavior\BuildLiteBehavior [ RunTime:0.000020s ]
INFO: [ app_init ] --END-- [ RunTime:0.003735s ]
INFO: [ app_begin ] --START--
INFO: Run Behavior\ReadHtmlCacheBehavior [ RunTime:0.003859s ]
INFO: [ app_begin ] --END-- [ RunTime:0.003950s ]
INFO: [ view_parse ] --START--
INFO: [ template_filter ] --START--
INFO: Run Behavior\ContentReplaceBehavior [ RunTime:0.000060s ]
INFO: [ template_filter ] --END-- [ RunTime:0.000134s ]
NOTIC: [2] Missing argument 1 for I(), called in /Web/MyFramework/Application/Runtime/Cache/Home/74c9bdbded7009a43a281be8a565b911.php on line 5 and defined /Web/MyFramework/ThinkPHP/Common/functions.php 第 271 行.
NOTIC: [8] Undefined variable: name /Web/MyFramework/ThinkPHP/Common/functions.php 第 273 行.
NOTIC: [8] Undefined variable: name /Web/MyFramework/ThinkPHP/Common/functions.php 第 278 行.
NOTIC: [8] Undefined variable: name /Web/MyFramework/ThinkPHP/Common/functions.php 第 339 行.
INFO: Run Behavior\ParseTemplateBehavior [ RunTime:0.013387s ]
INFO: [ view_parse ] --END-- [ RunTime:0.013451s ]
INFO: [ view_filter ] --START--
INFO: Run Behavior\WriteHtmlCacheBehavior [ RunTime:0.001541s ]
INFO: [ view_filter ] --END-- [ RunTime:0.001611s ]
INFO: [ app_end ] --START--
INFO: Run Behavior\ShowPageTraceBehavior [ RunTime:0.003921s ]
INFO: [ app_end ] --END-- [ RunTime:0.004018s ]

[ 2016-04-26T15:48:03+08:00 ] 10.18.97.186 /MyFramework/?mobile=&imei=iPhoneed8acd0204bcd77018&area_code=931&client_type=ios&longitude=103.883654&latitude=36.054592&version=4.0.0&lng=103.890154&lat=36.060592&phone=&userId=&from=icity&digest=990BB1C53D3448A7BF70C1F0BBB906AA&userNick=
INFO: [ app_init ] --START--
INFO: Run Behavior\BuildLiteBehavior [ RunTime:0.000021s ]
INFO: [ app_init ] --END-- [ RunTime:0.003844s ]
INFO: [ app_begin ] --START--
INFO: Run Behavior\ReadHtmlCacheBehavior [ RunTime:0.003831s ]
INFO: [ app_begin ] --END-- [ RunTime:0.003919s ]
INFO: [ view_parse ] --START--
INFO: [ template_filter ] --START--
INFO: Run Behavior\ContentReplaceBehavior [ RunTime:0.000063s ]
INFO: [ template_filter ] --END-- [ RunTime:0.000136s ]
INFO: Run Behavior\ParseTemplateBehavior [ RunTime:0.025094s ]
INFO: [ view_parse ] --END-- [ RunTime:0.025197s ]
INFO: [ view_filter ] --START--
INFO: Run Behavior\WriteHtmlCacheBehavior [ RunTime:0.000707s ]
INFO: [ view_filter ] --END-- [ RunTime:0.000779s ]
INFO: [ app_end ] --START--
INFO: Run Behavior\ShowPageTraceBehavior [ RunTime:0.003923s ]
INFO: [ app_end ] --END-- [ RunTime:0.003997s ]

[ 2016-04-26T15:48:08+08:00 ] 10.18.99.33 /MyFramework/?mobile=&imsi=460030768445260&imei=99000537261528&area_code=931&client_type=android&longitude=103.890215&latitude=36.060294&digest=990BB1C53D3448A7BF70C1F0BBB906AA&version=4.0.5&lng=103.890215&lat=36.060294&phone=&userId=&userNick=&from=icity
INFO: [ app_init ] --START--
INFO: Run Behavior\BuildLiteBehavior [ RunTime:0.000014s ]
INFO: [ app_init ] --END-- [ RunTime:0.000321s ]
INFO: [ app_begin ] --START--
INFO: Run Behavior\ReadHtmlCacheBehavior [ RunTime:0.000400s ]
INFO: [ app_begin ] --END-- [ RunTime:0.000447s ]
INFO: [ view_parse ] --START--
INFO: [ template_filter ] --START--
INFO: Run Behavior\ContentReplaceBehavior [ RunTime:0.000038s ]
INFO: [ template_filter ] --END-- [ RunTime:0.000094s ]
INFO: Run Behavior\ParseTemplateBehavior [ RunTime:0.003952s ]
INFO: [ view_parse ] --END-- [ RunTime:0.004010s ]
INFO: [ view_filter ] --START--
INFO: Run Behavior\WriteHtmlCacheBehavior [ RunTime:0.000118s ]
INFO: [ view_filter ] --END-- [ RunTime:0.000146s ]
INFO: [ app_end ] --START--
INFO: Run Behavior\ShowPageTraceBehavior [ RunTime:0.000337s ]
INFO: [ app_end ] --END-- [ RunTime:0.000378s ]

[ 2016-04-26T15:48:52+08:00 ] 10.18.97.186 /MyFramework/?mobile=&imei=iPhoneed8acd0204bcd77018&area_code=931&client_type=ios&longitude=103.883654&latitude=36.054592&version=4.0.0&lng=103.890154&lat=36.060592&phone=&userId=&from=icity&digest=990BB1C53D3448A7BF70C1F0BBB906AA&userNick=
INFO: [ app_init ] --START--
INFO: Run Behavior\BuildLiteBehavior [ RunTime:0.000023s ]
INFO: [ app_init ] --END-- [ RunTime:0.003841s ]
INFO: [ app_begin ] --START--
INFO: Run Behavior\ReadHtmlCacheBehavior [ RunTime:0.003982s ]
INFO: [ app_begin ] --END-- [ RunTime:0.004113s ]
INFO: [ view_parse ] --START--
INFO: [ template_filter ] --START--
INFO: Run Behavior\ContentReplaceBehavior [ RunTime:0.000067s ]
INFO: [ template_filter ] --END-- [ RunTime:0.000163s ]
INFO: Run Behavior\ParseTemplateBehavior [ RunTime:0.020314s ]
INFO: [ view_parse ] --END-- [ RunTime:0.020445s ]
INFO: [ view_filter ] --START--
INFO: Run Behavior\WriteHtmlCacheBehavior [ RunTime:0.003594s ]
INFO: [ view_filter ] --END-- [ RunTime:0.003669s ]
INFO: [ app_end ] --START--
INFO: Run Behavior\ShowPageTraceBehavior [ RunTime:0.003947s ]
INFO: [ app_end ] --END-- [ RunTime:0.004046s ]

[ 2016-04-26T15:51:34+08:00 ] 10.18.99.33 /MyFramework/?mobile=&imsi=460030768445260&imei=99000537261528&area_code=931&client_type=android&longitude=103.890215&latitude=36.060294&digest=990BB1C53D3448A7BF70C1F0BBB906AA&version=4.0.5&lng=103.890215&lat=36.060294&phone=&userId=&userNick=&from=icity
INFO: [ app_init ] --START--
INFO: Run Behavior\BuildLiteBehavior [ RunTime:0.000012s ]
INFO: [ app_init ] --END-- [ RunTime:0.000512s ]
INFO: [ app_begin ] --START--
INFO: Run Behavior\ReadHtmlCacheBehavior [ RunTime:0.000818s ]
INFO: [ app_begin ] --END-- [ RunTime:0.000895s ]
INFO: [ view_parse ] --START--
INFO: [ template_filter ] --START--
INFO: Run Behavior\ContentReplaceBehavior [ RunTime:0.000039s ]
INFO: [ template_filter ] --END-- [ RunTime:0.000094s ]
INFO: Run Behavior\ParseTemplateBehavior [ RunTime:0.016208s ]
INFO: [ view_parse ] --END-- [ RunTime:0.016273s ]
INFO: [ view_filter ] --START--
INFO: Run Behavior\WriteHtmlCacheBehavior [ RunTime:0.002364s ]
INFO: [ view_filter ] --END-- [ RunTime:0.002413s ]
INFO: [ app_end ] --START--
INFO: Run Behavior\ShowPageTraceBehavior [ RunTime:0.000636s ]
INFO: [ app_end ] --END-- [ RunTime:0.000689s ]

[ 2016-04-26T15:51:38+08:00 ] 10.18.99.33 /MyFramework/?mobile=&imsi=460030768445260&imei=99000537261528&area_code=931&client_type=android&longitude=103.890215&latitude=36.060294&digest=990BB1C53D3448A7BF70C1F0BBB906AA&version=4.0.5&lng=103.890215&lat=36.060294&phone=&userId=&userNick=&from=icity
INFO: [ app_init ] --START--
INFO: Run Behavior\BuildLiteBehavior [ RunTime:0.000009s ]
INFO: [ app_init ] --END-- [ RunTime:0.000300s ]
INFO: [ app_begin ] --START--
INFO: Run Behavior\ReadHtmlCacheBehavior [ RunTime:0.000362s ]
INFO: [ app_begin ] --END-- [ RunTime:0.000402s ]
INFO: [ view_parse ] --START--
INFO: [ template_filter ] --START--
INFO: Run Behavior\ContentReplaceBehavior [ RunTime:0.000032s ]
INFO: [ template_filter ] --END-- [ RunTime:0.000074s ]
INFO: Run Behavior\ParseTemplateBehavior [ RunTime:0.003808s ]
INFO: [ view_parse ] --END-- [ RunTime:0.003884s ]
INFO: [ view_filter ] --START--
INFO: Run Behavior\WriteHtmlCacheBehavior [ RunTime:0.000114s ]
INFO: [ view_filter ] --END-- [ RunTime:0.000135s ]
INFO: [ app_end ] --START--
INFO: Run Behavior\ShowPageTraceBehavior [ RunTime:0.000361s ]
INFO: [ app_end ] --END-- [ RunTime:0.000396s ]

[ 2016-04-26T15:51:49+08:00 ] 10.18.99.33 /MyFramework/?mobile=&imsi=460030768445260&imei=99000537261528&area_code=931&client_type=android&longitude=103.890215&latitude=36.060294&digest=990BB1C53D3448A7BF70C1F0BBB906AA&version=4.0.5&lng=103.890215&lat=36.060294&phone=&userId=&userNick=&from=icity
INFO: [ app_init ] --START--
INFO: Run Behavior\BuildLiteBehavior [ RunTime:0.000010s ]
INFO: [ app_init ] --END-- [ RunTime:0.000295s ]
INFO: [ app_begin ] --START--
INFO: Run Behavior\ReadHtmlCacheBehavior [ RunTime:0.000380s ]
INFO: [ app_begin ] --END-- [ RunTime:0.000423s ]
INFO: [ view_parse ] --START--
INFO: [ template_filter ] --START--
INFO: Run Behavior\ContentReplaceBehavior [ RunTime:0.000033s ]
INFO: [ template_filter ] --END-- [ RunTime:0.000086s ]
INFO: Run Behavior\ParseTemplateBehavior [ RunTime:0.003960s ]
INFO: [ view_parse ] --END-- [ RunTime:0.004011s ]
INFO: [ view_filter ] --START--
INFO: Run Behavior\WriteHtmlCacheBehavior [ RunTime:0.000114s ]
INFO: [ view_filter ] --END-- [ RunTime:0.000137s ]
INFO: [ app_end ] --START--
INFO: Run Behavior\ShowPageTraceBehavior [ RunTime:0.000351s ]
INFO: [ app_end ] --END-- [ RunTime:0.000408s ]

[ 2016-04-26T15:52:52+08:00 ] 10.18.97.186 /MyFramework/?mobile=&imei=iPhoneed8acd0204bcd77018&area_code=931&client_type=ios&longitude=103.883654&latitude=36.054592&version=4.0.0&lng=103.890154&lat=36.060592&phone=&userId=&from=icity&digest=990BB1C53D3448A7BF70C1F0BBB906AA&userNick=
INFO: [ app_init ] --START--
INFO: Run Behavior\BuildLiteBehavior [ RunTime:0.000023s ]
INFO: [ app_init ] --END-- [ RunTime:0.003843s ]
INFO: [ app_begin ] --START--
INFO: Run Behavior\ReadHtmlCacheBehavior [ RunTime:0.004075s ]
INFO: [ app_begin ] --END-- [ RunTime:0.004199s ]
INFO: [ view_parse ] --START--
INFO: [ template_filter ] --START--
INFO: Run Behavior\ContentReplaceBehavior [ RunTime:0.000068s ]
INFO: [ template_filter ] --END-- [ RunTime:0.000164s ]
INFO: Run Behavior\ParseTemplateBehavior [ RunTime:0.018697s ]
INFO: [ view_parse ] --END-- [ RunTime:0.018811s ]
INFO: [ view_filter ] --START--
INFO: Run Behavior\WriteHtmlCacheBehavior [ RunTime:0.001750s ]
INFO: [ view_filter ] --END-- [ RunTime:0.001821s ]
INFO: [ app_end ] --START--
INFO: Run Behavior\ShowPageTraceBehavior [ RunTime:0.004156s ]
INFO: [ app_end ] --END-- [ RunTime:0.004248s ]

[ 2016-04-26T15:52:52+08:00 ] 10.18.99.33 /MyFramework/?mobile=&imsi=460030768445260&imei=99000537261528&area_code=931&client_type=android&longitude=103.890119&latitude=36.0602&digest=990BB1C53D3448A7BF70C1F0BBB906AA&version=4.0.5&lng=103.890119&lat=36.0602&phone=&userId=&userNick=&from=icity
INFO: [ app_init ] --START--
INFO: Run Behavior\BuildLiteBehavior [ RunTime:0.000010s ]
INFO: [ app_init ] --END-- [ RunTime:0.000454s ]
INFO: [ app_begin ] --START--
INFO: Run Behavior\ReadHtmlCacheBehavior [ RunTime:0.000437s ]
INFO: [ app_begin ] --END-- [ RunTime:0.000477s ]
INFO: [ view_parse ] --START--
INFO: [ template_filter ] --START--
INFO: Run Behavior\ContentReplaceBehavior [ RunTime:0.000034s ]
INFO: [ template_filter ] --END-- [ RunTime:0.000092s ]
INFO: Run Behavior\ParseTemplateBehavior [ RunTime:0.004340s ]
INFO: [ view_parse ] --END-- [ RunTime:0.004391s ]
INFO: [ view_filter ] --START--
INFO: Run Behavior\WriteHtmlCacheBehavior [ RunTime:0.000162s ]
INFO: [ view_filter ] --END-- [ RunTime:0.000184s ]
INFO: [ app_end ] --START--
INFO: Run Behavior\ShowPageTraceBehavior [ RunTime:0.000335s ]
INFO: [ app_end ] --END-- [ RunTime:0.000374s ]

[ 2016-04-26T15:54:39+08:00 ] 10.18.99.33 /MyFramework/?mobile=&imsi=460030768445260&imei=99000537261528&area_code=931&client_type=android&longitude=103.890119&latitude=36.0602&digest=990BB1C53D3448A7BF70C1F0BBB906AA&version=4.0.5&lng=103.890119&lat=36.0602&phone=&userId=&userNick=&from=icity
INFO: [ app_init ] --START--
INFO: Run Behavior\BuildLiteBehavior [ RunTime:0.000033s ]
INFO: [ app_init ] --END-- [ RunTime:0.004209s ]
INFO: [ app_begin ] --START--
INFO: Run Behavior\ReadHtmlCacheBehavior [ RunTime:0.004441s ]
INFO: [ app_begin ] --END-- [ RunTime:0.004553s ]
INFO: [ view_parse ] --START--
INFO: [ template_filter ] --START--
INFO: Run Behavior\ContentReplaceBehavior [ RunTime:0.000089s ]
INFO: [ template_filter ] --END-- [ RunTime:0.000207s ]
INFO: Run Behavior\ParseTemplateBehavior [ RunTime:0.015449s ]
INFO: [ view_parse ] --END-- [ RunTime:0.015562s ]
INFO: [ view_filter ] --START--
INFO: Run Behavior\WriteHtmlCacheBehavior [ RunTime:0.001790s ]
INFO: [ view_filter ] --END-- [ RunTime:0.001861s ]
INFO: [ app_end ] --START--
INFO: Run Behavior\ShowPageTraceBehavior [ RunTime:0.001712s ]
INFO: [ app_end ] --END-- [ RunTime:0.001811s ]

[ 2016-04-26T15:55:52+08:00 ] 10.18.99.33 /MyFramework/?mobile=&imsi=460030768445260&imei=99000537261528&area_code=931&client_type=android&longitude=103.890119&latitude=36.0602&digest=990BB1C53D3448A7BF70C1F0BBB906AA&version=4.0.5&lng=103.890119&lat=36.0602&phone=&userId=&userNick=&from=icity
INFO: [ app_init ] --START--
INFO: Run Behavior\BuildLiteBehavior [ RunTime:0.000044s ]
INFO: [ app_init ] --END-- [ RunTime:0.003860s ]
INFO: [ app_begin ] --START--
INFO: Run Behavior\ReadHtmlCacheBehavior [ RunTime:0.004153s ]
INFO: [ app_begin ] --END-- [ RunTime:0.004264s ]
INFO: [ view_parse ] --START--
INFO: [ template_filter ] --START--
INFO: Run Behavior\ContentReplaceBehavior [ RunTime:0.000090s ]
INFO: [ template_filter ] --END-- [ RunTime:0.000211s ]
INFO: Run Behavior\ParseTemplateBehavior [ RunTime:0.017763s ]
INFO: [ view_parse ] --END-- [ RunTime:0.017876s ]
INFO: [ view_filter ] --START--
INFO: Run Behavior\WriteHtmlCacheBehavior [ RunTime:0.003578s ]
INFO: [ view_filter ] --END-- [ RunTime:0.003650s ]
INFO: [ app_end ] --START--
INFO: Run Behavior\ShowPageTraceBehavior [ RunTime:0.004085s ]
INFO: [ app_end ] --END-- [ RunTime:0.004185s ]

[ 2016-04-26T15:56:04+08:00 ] 10.18.97.186 /MyFramework/?mobile=&imei=iPhoneed8acd0204bcd77018&area_code=931&client_type=ios&longitude=103.883654&latitude=36.054592&version=4.0.0&lng=103.890154&lat=36.060592&phone=&userId=&from=icity&digest=990BB1C53D3448A7BF70C1F0BBB906AA&userNick=
INFO: [ app_init ] --START--
INFO: Run Behavior\BuildLiteBehavior [ RunTime:0.000013s ]
INFO: [ app_init ] --END-- [ RunTime:0.000284s ]
INFO: [ app_begin ] --START--
INFO: Run Behavior\ReadHtmlCacheBehavior [ RunTime:0.000366s ]
INFO: [ app_begin ] --END-- [ RunTime:0.000407s ]
INFO: [ view_parse ] --START--
INFO: [ template_filter ] --START--
INFO: Run Behavior\ContentReplaceBehavior [ RunTime:0.000042s ]
INFO: [ template_filter ] --END-- [ RunTime:0.000094s ]
INFO: Run Behavior\ParseTemplateBehavior [ RunTime:0.003865s ]
INFO: [ view_parse ] --END-- [ RunTime:0.003914s ]
INFO: [ view_filter ] --START--
INFO: Run Behavior\WriteHtmlCacheBehavior [ RunTime:0.000104s ]
INFO: [ view_filter ] --END-- [ RunTime:0.000127s ]
INFO: [ app_end ] --START--
INFO: Run Behavior\ShowPageTraceBehavior [ RunTime:0.000361s ]
INFO: [ app_end ] --END-- [ RunTime:0.000399s ]

[ 2016-04-26T16:01:53+08:00 ] 10.18.99.33 /MyFramework/?mobile=&imsi=460030768445260&imei=99000537261528&area_code=931&client_type=android&longitude=103.890201&latitude=36.060266&digest=990BB1C53D3448A7BF70C1F0BBB906AA&version=4.0.5&lng=103.890201&lat=36.060266&phone=&userId=&userNick=&from=icity
INFO: [ app_init ] --START--
INFO: Run Behavior\BuildLiteBehavior [ RunTime:0.000060s ]
INFO: [ app_init ] --END-- [ RunTime:0.004055s ]
INFO: [ app_begin ] --START--
INFO: Run Behavior\ReadHtmlCacheBehavior [ RunTime:0.004068s ]
INFO: [ app_begin ] --END-- [ RunTime:0.004176s ]
INFO: [ view_parse ] --START--
INFO: [ template_filter ] --START--
INFO: Run Behavior\ContentReplaceBehavior [ RunTime:0.000142s ]
INFO: [ template_filter ] --END-- [ RunTime:0.000262s ]
INFO: Run Behavior\ParseTemplateBehavior [ RunTime:0.017619s ]
INFO: [ view_parse ] --END-- [ RunTime:0.017759s ]
INFO: [ view_filter ] --START--
INFO: Run Behavior\WriteHtmlCacheBehavior [ RunTime:0.003690s ]
INFO: [ view_filter ] --END-- [ RunTime:0.003762s ]
INFO: [ app_end ] --START--
INFO: Run Behavior\ShowPageTraceBehavior [ RunTime:0.003907s ]
INFO: [ app_end ] --END-- [ RunTime:0.004009s ]

[ 2016-04-26T16:01:53+08:00 ] 10.18.97.186 /MyFramework/?mobile=&imei=iPhoneed8acd0204bcd77018&area_code=931&client_type=ios&longitude=103.883654&latitude=36.054592&version=4.0.0&lng=103.890154&lat=36.060592&phone=&userId=&from=icity&digest=990BB1C53D3448A7BF70C1F0BBB906AA&userNick=
INFO: [ app_init ] --START--
INFO: Run Behavior\BuildLiteBehavior [ RunTime:0.000013s ]
INFO: [ app_init ] --END-- [ RunTime:0.000296s ]
INFO: [ app_begin ] --START--
INFO: Run Behavior\ReadHtmlCacheBehavior [ RunTime:0.000373s ]
INFO: [ app_begin ] --END-- [ RunTime:0.000413s ]
INFO: [ view_parse ] --START--
INFO: [ template_filter ] --START--
INFO: Run Behavior\ContentReplaceBehavior [ RunTime:0.000041s ]
INFO: [ template_filter ] --END-- [ RunTime:0.000095s ]
INFO: Run Behavior\ParseTemplateBehavior [ RunTime:0.003971s ]
INFO: [ view_parse ] --END-- [ RunTime:0.004021s ]
INFO: [ view_filter ] --START--
INFO: Run Behavior\WriteHtmlCacheBehavior [ RunTime:0.000106s ]
INFO: [ view_filter ] --END-- [ RunTime:0.000127s ]
INFO: [ app_end ] --START--
INFO: Run Behavior\ShowPageTraceBehavior [ RunTime:0.000386s ]
INFO: [ app_end ] --END-- [ RunTime:0.000422s ]

[ 2016-04-26T16:02:05+08:00 ] 10.18.99.33 /MyFramework/?mobile=&imsi=460030768445260&imei=99000537261528&area_code=931&client_type=android&longitude=103.890201&latitude=36.060266&digest=990BB1C53D3448A7BF70C1F0BBB906AA&version=4.0.5&lng=103.890201&lat=36.060266&phone=&userId=&userNick=&from=icity
INFO: [ app_init ] --START--
INFO: Run Behavior\BuildLiteBehavior [ RunTime:0.000013s ]
INFO: [ app_init ] --END-- [ RunTime:0.000302s ]
INFO: [ app_begin ] --START--
INFO: Run Behavior\ReadHtmlCacheBehavior [ RunTime:0.000363s ]
INFO: [ app_begin ] --END-- [ RunTime:0.000403s ]
INFO: [ view_parse ] --START--
INFO: [ template_filter ] --START--
INFO: Run Behavior\ContentReplaceBehavior [ RunTime:0.000060s ]
INFO: [ template_filter ] --END-- [ RunTime:0.000115s ]
INFO: Run Behavior\ParseTemplateBehavior [ RunTime:0.004176s ]
INFO: [ view_parse ] --END-- [ RunTime:0.004228s ]
INFO: [ view_filter ] --START--
INFO: Run Behavior\WriteHtmlCacheBehavior [ RunTime:0.000117s ]
INFO: [ view_filter ] --END-- [ RunTime:0.000139s ]
INFO: [ app_end ] --START--
INFO: Run Behavior\ShowPageTraceBehavior [ RunTime:0.000336s ]
INFO: [ app_end ] --END-- [ RunTime:0.000372s ]

[ 2016-04-26T16:02:07+08:00 ] 10.18.97.186 /MyFramework/?mobile=&imei=iPhoneed8acd0204bcd77018&area_code=931&client_type=ios&longitude=103.883654&latitude=36.054592&version=4.0.0&lng=103.890154&lat=36.060592&phone=&userId=&from=icity&digest=990BB1C53D3448A7BF70C1F0BBB906AA&userNick=
INFO: [ app_init ] --START--
INFO: Run Behavior\BuildLiteBehavior [ RunTime:0.000014s ]
INFO: [ app_init ] --END-- [ RunTime:0.000296s ]
INFO: [ app_begin ] --START--
INFO: Run Behavior\ReadHtmlCacheBehavior [ RunTime:0.000363s ]
INFO: [ app_begin ] --END-- [ RunTime:0.000413s ]
INFO: [ view_parse ] --START--
INFO: [ template_filter ] --START--
INFO: Run Behavior\ContentReplaceBehavior [ RunTime:0.000048s ]
INFO: [ template_filter ] --END-- [ RunTime:0.000093s ]
INFO: Run Behavior\ParseTemplateBehavior [ RunTime:0.003823s ]
INFO: [ view_parse ] --END-- [ RunTime:0.003874s ]
INFO: [ view_filter ] --START--
INFO: Run Behavior\WriteHtmlCacheBehavior [ RunTime:0.000105s ]
INFO: [ view_filter ] --END-- [ RunTime:0.000127s ]
INFO: [ app_end ] --START--
INFO: Run Behavior\ShowPageTraceBehavior [ RunTime:0.000369s ]
INFO: [ app_end ] --END-- [ RunTime:0.000408s ]

[ 2016-04-26T16:02:55+08:00 ] 10.18.97.186 /MyFramework/?mobile=&imei=iPhoneed8acd0204bcd77018&area_code=931&client_type=ios&longitude=103.883654&latitude=36.054592&version=4.0.0&lng=103.890154&lat=36.060592&phone=&userId=&from=icity&digest=990BB1C53D3448A7BF70C1F0BBB906AA&userNick=
INFO: [ app_init ] --START--
INFO: Run Behavior\BuildLiteBehavior [ RunTime:0.000036s ]
INFO: [ app_init ] --END-- [ RunTime:0.003831s ]
INFO: [ app_begin ] --START--
INFO: Run Behavior\ReadHtmlCacheBehavior [ RunTime:0.004120s ]
INFO: [ app_begin ] --END-- [ RunTime:0.004230s ]
INFO: [ view_parse ] --START--
INFO: [ template_filter ] --START--
INFO: Run Behavior\ContentReplaceBehavior [ RunTime:0.000085s ]
INFO: [ template_filter ] --END-- [ RunTime:0.000201s ]
INFO: Run Behavior\ParseTemplateBehavior [ RunTime:0.031106s ]
INFO: [ view_parse ] --END-- [ RunTime:0.031263s ]
INFO: [ view_filter ] --START--
INFO: Run Behavior\WriteHtmlCacheBehavior [ RunTime:0.005796s ]
INFO: [ view_filter ] --END-- [ RunTime:0.005869s ]
INFO: [ app_end ] --START--
INFO: Run Behavior\ShowPageTraceBehavior [ RunTime:0.006392s ]
INFO: [ app_end ] --END-- [ RunTime:0.006483s ]

[ 2016-04-26T16:02:56+08:00 ] 10.18.99.33 /MyFramework/?mobile=&imsi=460030768445260&imei=99000537261528&area_code=931&client_type=android&longitude=103.890201&latitude=36.060266&digest=990BB1C53D3448A7BF70C1F0BBB906AA&version=4.0.5&lng=103.890201&lat=36.060266&phone=&userId=&userNick=&from=icity
INFO: [ app_init ] --START--
INFO: Run Behavior\BuildLiteBehavior [ RunTime:0.000013s ]
INFO: [ app_init ] --END-- [ RunTime:0.000294s ]
INFO: [ app_begin ] --START--
INFO: Run Behavior\ReadHtmlCacheBehavior [ RunTime:0.000368s ]
INFO: [ app_begin ] --END-- [ RunTime:0.000409s ]
INFO: [ view_parse ] --START--
INFO: [ template_filter ] --START--
INFO: Run Behavior\ContentReplaceBehavior [ RunTime:0.000048s ]
INFO: [ template_filter ] --END-- [ RunTime:0.000101s ]
INFO: Run Behavior\ParseTemplateBehavior [ RunTime:0.004040s ]
INFO: [ view_parse ] --END-- [ RunTime:0.004093s ]
INFO: [ view_filter ] --START--
INFO: Run Behavior\WriteHtmlCacheBehavior [ RunTime:0.000114s ]
INFO: [ view_filter ] --END-- [ RunTime:0.000136s ]
INFO: [ app_end ] --START--
INFO: Run Behavior\ShowPageTraceBehavior [ RunTime:0.000340s ]
INFO: [ app_end ] --END-- [ RunTime:0.000378s ]

[ 2016-04-26T16:05:27+08:00 ] 10.18.99.33 /MyFramework/?mobile=&imsi=460030768445260&imei=99000537261528&area_code=931&client_type=android&longitude=103.890201&latitude=36.060266&digest=990BB1C53D3448A7BF70C1F0BBB906AA&version=4.0.5&lng=103.890201&lat=36.060266&phone=&userId=&userNick=&from=icity
INFO: [ app_init ] --START--
INFO: Run Behavior\BuildLiteBehavior [ RunTime:0.000035s ]
INFO: [ app_init ] --END-- [ RunTime:0.003940s ]
INFO: [ app_begin ] --START--
INFO: Run Behavior\ReadHtmlCacheBehavior [ RunTime:0.004082s ]
INFO: [ app_begin ] --END-- [ RunTime:0.004199s ]
INFO: [ view_parse ] --START--
INFO: [ template_filter ] --START--
INFO: Run Behavior\ContentReplaceBehavior [ RunTime:0.000104s ]
INFO: [ template_filter ] --END-- [ RunTime:0.000224s ]
INFO: Run Behavior\ParseTemplateBehavior [ RunTime:0.019097s ]
INFO: [ view_parse ] --END-- [ RunTime:0.019217s ]
INFO: [ view_filter ] --START--
INFO: Run Behavior\WriteHtmlCacheBehavior [ RunTime:0.001846s ]
INFO: [ view_filter ] --END-- [ RunTime:0.001916s ]
INFO: [ app_end ] --START--
INFO: Run Behavior\ShowPageTraceBehavior [ RunTime:0.004029s ]
INFO: [ app_end ] --END-- [ RunTime:0.004129s ]

[ 2016-04-26T16:06:42+08:00 ] 10.18.99.33 /MyFramework/?mobile=&imsi=460030768445260&imei=99000537261528&area_code=931&client_type=android&longitude=103.890201&latitude=36.060266&digest=990BB1C53D3448A7BF70C1F0BBB906AA&version=4.0.5&lng=103.890201&lat=36.060266&phone=&userId=&userNick=&from=icity
INFO: [ app_init ] --START--
INFO: Run Behavior\BuildLiteBehavior [ RunTime:0.000035s ]
INFO: [ app_init ] --END-- [ RunTime:0.003895s ]
INFO: [ app_begin ] --START--
INFO: Run Behavior\ReadHtmlCacheBehavior [ RunTime:0.004075s ]
INFO: [ app_begin ] --END-- [ RunTime:0.004189s ]
INFO: [ view_parse ] --START--
INFO: [ template_filter ] --START--
INFO: Run Behavior\ContentReplaceBehavior [ RunTime:0.000084s ]
INFO: [ template_filter ] --END-- [ RunTime:0.000181s ]
INFO: Run Behavior\ParseTemplateBehavior [ RunTime:0.018429s ]
INFO: [ view_parse ] --END-- [ RunTime:0.018548s ]
INFO: [ view_filter ] --START--
INFO: Run Behavior\WriteHtmlCacheBehavior [ RunTime:0.003708s ]
INFO: [ view_filter ] --END-- [ RunTime:0.003780s ]
INFO: [ app_end ] --START--
INFO: Run Behavior\ShowPageTraceBehavior [ RunTime:0.003976s ]
INFO: [ app_end ] --END-- [ RunTime:0.004076s ]

[ 2016-04-26T16:06:42+08:00 ] 10.18.97.186 /MyFramework/?mobile=&imei=iPhoneed8acd0204bcd77018&area_code=931&client_type=ios&longitude=103.883744&latitude=36.054598&version=4.0.0&lng=103.890244&lat=36.060598&phone=&userId=&from=icity&digest=990BB1C53D3448A7BF70C1F0BBB906AA&userNick=
INFO: [ app_init ] --START--
INFO: Run Behavior\BuildLiteBehavior [ RunTime:0.000009s ]
INFO: [ app_init ] --END-- [ RunTime:0.000289s ]
INFO: [ app_begin ] --START--
INFO: Run Behavior\ReadHtmlCacheBehavior [ RunTime:0.000369s ]
INFO: [ app_begin ] --END-- [ RunTime:0.000411s ]
INFO: [ view_parse ] --START--
INFO: [ template_filter ] --START--
INFO: Run Behavior\ContentReplaceBehavior [ RunTime:0.000034s ]
INFO: [ template_filter ] --END-- [ RunTime:0.000075s ]
INFO: Run Behavior\ParseTemplateBehavior [ RunTime:0.003756s ]
INFO: [ view_parse ] --END-- [ RunTime:0.003806s ]
INFO: [ view_filter ] --START--
INFO: Run Behavior\WriteHtmlCacheBehavior [ RunTime:0.000113s ]
INFO: [ view_filter ] --END-- [ RunTime:0.000135s ]
INFO: [ app_end ] --START--
INFO: Run Behavior\ShowPageTraceBehavior [ RunTime:0.000352s ]
INFO: [ app_end ] --END-- [ RunTime:0.000389s ]

[ 2016-04-26T16:06:47+08:00 ] 10.18.97.186 /MyFramework/?mobile=&imei=iPhoneed8acd0204bcd77018&area_code=931&client_type=ios&longitude=103.883744&latitude=36.054598&version=4.0.0&lng=103.890244&lat=36.060598&phone=&userId=&from=icity&digest=990BB1C53D3448A7BF70C1F0BBB906AA&userNick=
INFO: [ app_init ] --START--
INFO: Run Behavior\BuildLiteBehavior [ RunTime:0.000012s ]
INFO: [ app_init ] --END-- [ RunTime:0.000256s ]
INFO: [ app_begin ] --START--
INFO: Run Behavior\ReadHtmlCacheBehavior [ RunTime:0.000315s ]
INFO: [ app_begin ] --END-- [ RunTime:0.000354s ]
INFO: [ view_parse ] --START--
INFO: [ template_filter ] --START--
INFO: Run Behavior\ContentReplaceBehavior [ RunTime:0.000041s ]
INFO: [ template_filter ] --END-- [ RunTime:0.000083s ]
INFO: Run Behavior\ParseTemplateBehavior [ RunTime:0.003578s ]
INFO: [ view_parse ] --END-- [ RunTime:0.003610s ]
INFO: [ view_filter ] --START--
INFO: Run Behavior\WriteHtmlCacheBehavior [ RunTime:0.000085s ]
INFO: [ view_filter ] --END-- [ RunTime:0.000107s ]
INFO: [ app_end ] --START--
INFO: Run Behavior\ShowPageTraceBehavior [ RunTime:0.000257s ]
INFO: [ app_end ] --END-- [ RunTime:0.000282s ]

[ 2016-04-26T16:07:24+08:00 ] 10.18.99.33 /MyFramework/?mobile=&imsi=460030768445260&imei=99000537261528&area_code=931&client_type=android&longitude=103.890201&latitude=36.060266&digest=990BB1C53D3448A7BF70C1F0BBB906AA&version=4.0.5&lng=103.890201&lat=36.060266&phone=&userId=&userNick=&from=icity
INFO: [ app_init ] --START--
INFO: Run Behavior\BuildLiteBehavior [ RunTime:0.000022s ]
INFO: [ app_init ] --END-- [ RunTime:0.003883s ]
INFO: [ app_begin ] --START--
INFO: Run Behavior\ReadHtmlCacheBehavior [ RunTime:0.004141s ]
INFO: [ app_begin ] --END-- [ RunTime:0.004252s ]
INFO: [ view_parse ] --START--
INFO: [ template_filter ] --START--
INFO: Run Behavior\ContentReplaceBehavior [ RunTime:0.000072s ]
INFO: [ template_filter ] --END-- [ RunTime:0.000168s ]
INFO: Run Behavior\ParseTemplateBehavior [ RunTime:0.015037s ]
INFO: [ view_parse ] --END-- [ RunTime:0.015131s ]
INFO: [ view_filter ] --START--
INFO: Run Behavior\WriteHtmlCacheBehavior [ RunTime:0.001870s ]
INFO: [ view_filter ] --END-- [ RunTime:0.001943s ]
INFO: [ app_end ] --START--
INFO: Run Behavior\ShowPageTraceBehavior [ RunTime:0.003982s ]
INFO: [ app_end ] --END-- [ RunTime:0.004081s ]

[ 2016-04-26T16:07:25+08:00 ] 10.18.97.186 /MyFramework/?mobile=&imei=iPhoneed8acd0204bcd77018&area_code=931&client_type=ios&longitude=103.883744&latitude=36.054598&version=4.0.0&lng=103.890244&lat=36.060598&phone=&userId=&from=icity&digest=990BB1C53D3448A7BF70C1F0BBB906AA&userNick=
INFO: [ app_init ] --START--
INFO: Run Behavior\BuildLiteBehavior [ RunTime:0.000009s ]
INFO: [ app_init ] --END-- [ RunTime:0.000292s ]
INFO: [ app_begin ] --START--
INFO: Run Behavior\ReadHtmlCacheBehavior [ RunTime:0.000372s ]
INFO: [ app_begin ] --END-- [ RunTime:0.000412s ]
INFO: [ view_parse ] --START--
INFO: [ template_filter ] --START--
INFO: Run Behavior\ContentReplaceBehavior [ RunTime:0.000065s ]
INFO: [ template_filter ] --END-- [ RunTime:0.000170s ]
INFO: Run Behavior\ParseTemplateBehavior [ RunTime:0.006768s ]
INFO: [ view_parse ] --END-- [ RunTime:0.006848s ]
INFO: [ view_filter ] --START--
INFO: Run Behavior\WriteHtmlCacheBehavior [ RunTime:0.000255s ]
INFO: [ view_filter ] --END-- [ RunTime:0.000299s ]
INFO: [ app_end ] --START--
INFO: Run Behavior\ShowPageTraceBehavior [ RunTime:0.000705s ]
INFO: [ app_end ] --END-- [ RunTime:0.000775s ]

[ 2016-04-26T16:07:53+08:00 ] 10.18.99.33 /MyFramework/?mobile=&imsi=460030768445260&imei=99000537261528&area_code=931&client_type=android&longitude=103.89024&latitude=36.060278&digest=990BB1C53D3448A7BF70C1F0BBB906AA&version=4.0.5&lng=103.89024&lat=36.060278&phone=&userId=&userNick=&from=icity
INFO: [ app_init ] --START--
INFO: Run Behavior\BuildLiteBehavior [ RunTime:0.000015s ]
INFO: [ app_init ] --END-- [ RunTime:0.000458s ]
INFO: [ app_begin ] --START--
INFO: Run Behavior\ReadHtmlCacheBehavior [ RunTime:0.000492s ]
INFO: [ app_begin ] --END-- [ RunTime:0.000564s ]
INFO: [ view_parse ] --START--
INFO: [ template_filter ] --START--
INFO: Run Behavior\ContentReplaceBehavior [ RunTime:0.000037s ]
INFO: [ template_filter ] --END-- [ RunTime:0.000087s ]
INFO: Run Behavior\ParseTemplateBehavior [ RunTime:0.005097s ]
INFO: [ view_parse ] --END-- [ RunTime:0.005146s ]
INFO: [ view_filter ] --START--
INFO: Run Behavior\WriteHtmlCacheBehavior [ RunTime:0.000117s ]
INFO: [ view_filter ] --END-- [ RunTime:0.000140s ]
INFO: [ app_end ] --START--
INFO: Run Behavior\ShowPageTraceBehavior [ RunTime:0.000366s ]
INFO: [ app_end ] --END-- [ RunTime:0.000405s ]

[ 2016-04-26T16:07:53+08:00 ] 10.18.97.186 /MyFramework/?mobile=&imei=iPhoneed8acd0204bcd77018&area_code=931&client_type=ios&longitude=103.883744&latitude=36.054598&version=4.0.0&lng=103.890244&lat=36.060598&phone=&userId=&from=icity&digest=990BB1C53D3448A7BF70C1F0BBB906AA&userNick=
INFO: [ app_init ] --START--
INFO: Run Behavior\BuildLiteBehavior [ RunTime:0.000009s ]
INFO: [ app_init ] --END-- [ RunTime:0.000291s ]
INFO: [ app_begin ] --START--
INFO: Run Behavior\ReadHtmlCacheBehavior [ RunTime:0.000389s ]
INFO: [ app_begin ] --END-- [ RunTime:0.000430s ]
INFO: [ view_parse ] --START--
INFO: [ template_filter ] --START--
INFO: Run Behavior\ContentReplaceBehavior [ RunTime:0.000043s ]
INFO: [ template_filter ] --END-- [ RunTime:0.000086s ]
INFO: Run Behavior\ParseTemplateBehavior [ RunTime:0.003973s ]
INFO: [ view_parse ] --END-- [ RunTime:0.004024s ]
INFO: [ view_filter ] --START--
INFO: Run Behavior\WriteHtmlCacheBehavior [ RunTime:0.000119s ]
INFO: [ view_filter ] --END-- [ RunTime:0.000141s ]
INFO: [ app_end ] --START--
INFO: Run Behavior\ShowPageTraceBehavior [ RunTime:0.000587s ]
INFO: [ app_end ] --END-- [ RunTime:0.000664s ]

[ 2016-04-26T16:07:55+08:00 ] 10.18.97.186 /MyFramework/?mobile=&imei=iPhoneed8acd0204bcd77018&area_code=931&client_type=ios&longitude=103.883744&latitude=36.054598&version=4.0.0&lng=103.890244&lat=36.060598&phone=&userId=&from=icity&digest=990BB1C53D3448A7BF70C1F0BBB906AA&userNick=
INFO: [ app_init ] --START--
INFO: Run Behavior\BuildLiteBehavior [ RunTime:0.000011s ]
INFO: [ app_init ] --END-- [ RunTime:0.000251s ]
INFO: [ app_begin ] --START--
INFO: Run Behavior\ReadHtmlCacheBehavior [ RunTime:0.000313s ]
INFO: [ app_begin ] --END-- [ RunTime:0.000352s ]
INFO: [ view_parse ] --START--
INFO: [ template_filter ] --START--
INFO: Run Behavior\ContentReplaceBehavior [ RunTime:0.000030s ]
INFO: [ template_filter ] --END-- [ RunTime:0.000061s ]
INFO: Run Behavior\ParseTemplateBehavior [ RunTime:0.002920s ]
INFO: [ view_parse ] --END-- [ RunTime:0.002953s ]
INFO: [ view_filter ] --START--
INFO: Run Behavior\WriteHtmlCacheBehavior [ RunTime:0.000087s ]
INFO: [ view_filter ] --END-- [ RunTime:0.000108s ]
INFO: [ app_end ] --START--
INFO: Run Behavior\ShowPageTraceBehavior [ RunTime:0.000253s ]
INFO: [ app_end ] --END-- [ RunTime:0.000278s ]

[ 2016-04-26T16:13:09+08:00 ] 10.18.97.186 /MyFramework/?mobile=&imei=iPhoneed8acd0204bcd77018&area_code=931&client_type=ios&longitude=103.883744&latitude=36.054598&version=4.0.0&lng=103.890244&lat=36.060598&phone=&userId=&from=icity&digest=990BB1C53D3448A7BF70C1F0BBB906AA&userNick=
INFO: [ app_init ] --START--
INFO: Run Behavior\BuildLiteBehavior [ RunTime:0.000058s ]
INFO: [ app_init ] --END-- [ RunTime:0.003886s ]
INFO: [ app_begin ] --START--
INFO: Run Behavior\ReadHtmlCacheBehavior [ RunTime:0.004043s ]
INFO: [ app_begin ] --END-- [ RunTime:0.004178s ]
INFO: [ view_parse ] --START--
INFO: [ template_filter ] --START--
INFO: Run Behavior\ContentReplaceBehavior [ RunTime:0.000123s ]
INFO: [ template_filter ] --END-- [ RunTime:0.000243s ]
INFO: Run Behavior\ParseTemplateBehavior [ RunTime:0.021459s ]
INFO: [ view_parse ] --END-- [ RunTime:0.021559s ]
INFO: [ view_filter ] --START--
INFO: Run Behavior\WriteHtmlCacheBehavior [ RunTime:0.001776s ]
INFO: [ view_filter ] --END-- [ RunTime:0.001871s ]
INFO: [ app_end ] --START--
INFO: Run Behavior\ShowPageTraceBehavior [ RunTime:0.002330s ]
INFO: [ app_end ] --END-- [ RunTime:0.002427s ]

[ 2016-04-26T16:13:17+08:00 ] 10.18.99.33 /MyFramework/?mobile=&imsi=460030768445260&imei=99000537261528&area_code=931&client_type=android&longitude=103.89024&latitude=36.060278&digest=990BB1C53D3448A7BF70C1F0BBB906AA&version=4.0.5&lng=103.89024&lat=36.060278&phone=&userId=&userNick=&from=icity
INFO: [ app_init ] --START--
INFO: Run Behavior\BuildLiteBehavior [ RunTime:0.000026s ]
INFO: [ app_init ] --END-- [ RunTime:0.000556s ]
INFO: [ app_begin ] --START--
INFO: Run Behavior\ReadHtmlCacheBehavior [ RunTime:0.000594s ]
INFO: [ app_begin ] --END-- [ RunTime:0.000676s ]
INFO: [ view_parse ] --START--
INFO: [ template_filter ] --START--
INFO: Run Behavior\ContentReplaceBehavior [ RunTime:0.000099s ]
INFO: [ template_filter ] --END-- [ RunTime:0.000241s ]
INFO: Run Behavior\ParseTemplateBehavior [ RunTime:0.008605s ]
INFO: [ view_parse ] --END-- [ RunTime:0.008660s ]
INFO: [ view_filter ] --START--
INFO: Run Behavior\WriteHtmlCacheBehavior [ RunTime:0.000289s ]
INFO: [ view_filter ] --END-- [ RunTime:0.000353s ]
INFO: [ app_end ] --START--
INFO: Run Behavior\ShowPageTraceBehavior [ RunTime:0.000712s ]
INFO: [ app_end ] --END-- [ RunTime:0.000805s ]

[ 2016-04-26T16:13:46+08:00 ] 10.18.97.186 /MyFramework/?mobile=&imei=iPhoneed8acd0204bcd77018&area_code=931&client_type=ios&longitude=103.883744&latitude=36.054598&version=4.0.0&lng=103.890244&lat=36.060598&phone=&userId=&from=icity&digest=990BB1C53D3448A7BF70C1F0BBB906AA&userNick=
INFO: [ app_init ] --START--
INFO: Run Behavior\BuildLiteBehavior [ RunTime:0.000036s ]
INFO: [ app_init ] --END-- [ RunTime:0.003858s ]
INFO: [ app_begin ] --START--
INFO: Run Behavior\ReadHtmlCacheBehavior [ RunTime:0.004049s ]
INFO: [ app_begin ] --END-- [ RunTime:0.004186s ]
INFO: [ view_parse ] --START--
INFO: [ template_filter ] --START--
INFO: Run Behavior\ContentReplaceBehavior [ RunTime:0.000105s ]
INFO: [ template_filter ] --END-- [ RunTime:0.000226s ]
INFO: Run Behavior\ParseTemplateBehavior [ RunTime:0.015260s ]
INFO: [ view_parse ] --END-- [ RunTime:0.015351s ]
INFO: [ view_filter ] --START--
INFO: Run Behavior\WriteHtmlCacheBehavior [ RunTime:0.001869s ]
INFO: [ view_filter ] --END-- [ RunTime:0.001939s ]
INFO: [ app_end ] --START--
INFO: Run Behavior\ShowPageTraceBehavior [ RunTime:0.001617s ]
INFO: [ app_end ] --END-- [ RunTime:0.001707s ]

[ 2016-04-26T16:13:46+08:00 ] 10.18.99.33 /MyFramework/?mobile=&imsi=460030768445260&imei=99000537261528&area_code=931&client_type=android&longitude=103.89024&latitude=36.060278&digest=990BB1C53D3448A7BF70C1F0BBB906AA&version=4.0.5&lng=103.89024&lat=36.060278&phone=&userId=&userNick=&from=icity
INFO: [ app_init ] --START--
INFO: Run Behavior\BuildLiteBehavior [ RunTime:0.000012s ]
INFO: [ app_init ] --END-- [ RunTime:0.000294s ]
INFO: [ app_begin ] --START--
INFO: Run Behavior\ReadHtmlCacheBehavior [ RunTime:0.000370s ]
INFO: [ app_begin ] --END-- [ RunTime:0.000411s ]
INFO: [ view_parse ] --START--
INFO: [ template_filter ] --START--
INFO: Run Behavior\ContentReplaceBehavior [ RunTime:0.000048s ]
INFO: [ template_filter ] --END-- [ RunTime:0.000102s ]
INFO: Run Behavior\ParseTemplateBehavior [ RunTime:0.003992s ]
INFO: [ view_parse ] --END-- [ RunTime:0.004033s ]
INFO: [ view_filter ] --START--
INFO: Run Behavior\WriteHtmlCacheBehavior [ RunTime:0.000114s ]
INFO: [ view_filter ] --END-- [ RunTime:0.000135s ]
INFO: [ app_end ] --START--
INFO: Run Behavior\ShowPageTraceBehavior [ RunTime:0.000368s ]
INFO: [ app_end ] --END-- [ RunTime:0.000404s ]

