[ 2016-05-07T11:08:29+08:00 ] 127.0.0.1 /myframework/index/login
INFO: [ app_init ] --START--
INFO: Run Behavior\BuildLiteBehavior [ RunTime:0.000010s ]
INFO: [ app_init ] --END-- [ RunTime:0.000206s ]
ERR: 无法加载模块:Index

[ 2016-05-07T11:11:23+08:00 ] 127.0.0.1 /myframework/index/index
INFO: [ app_init ] --START--
INFO: Run Behavior\BuildLiteBehavior [ RunTime:0.000009s ]
INFO: [ app_init ] --END-- [ RunTime:0.000198s ]
ERR: 无法加载模块:Index

[ 2016-05-07T11:13:39+08:00 ] 127.0.0.1 /myframework/interfaceManagment/viewList/m_id/f990ca32-fc51-b11c-c4e7-4e99a200997b/p_id/fc64ed23-423e-c1da-931d-9a8f5caf8861
INFO: [ app_init ] --START--
INFO: Run Behavior\BuildLiteBehavior [ RunTime:0.000022s ]
INFO: [ app_init ] --END-- [ RunTime:0.003902s ]
ERR: 无法加载模块:InterfaceManagment

[ 2016-05-07T11:13:41+08:00 ] 127.0.0.1 /myframework/InterfaceManagment/viewList/?NAME=&CATEGORY_NAME=&INT_METHOD=00B&AUTHOR=&m_id=f990ca32-fc51-b11c-c4e7-4e99a200997b&p_id=fc64ed23-423e-c1da-931d-9a8f5caf8861
INFO: [ app_init ] --START--
INFO: Run Behavior\BuildLiteBehavior [ RunTime:0.000009s ]
INFO: [ app_init ] --END-- [ RunTime:0.000198s ]
ERR: 无法加载模块:InterfaceManagment

[ 2016-05-07T11:13:45+08:00 ] 127.0.0.1 /myframework/InterfaceManagment/viewList/?NAME=&CATEGORY_NAME=&INT_METHOD=00A&AUTHOR=&m_id=f990ca32-fc51-b11c-c4e7-4e99a200997b&p_id=fc64ed23-423e-c1da-931d-9a8f5caf8861
INFO: [ app_init ] --START--
INFO: Run Behavior\BuildLiteBehavior [ RunTime:0.000017s ]
INFO: [ app_init ] --END-- [ RunTime:0.002501s ]
ERR: 无法加载模块:InterfaceManagment

[ 2016-05-07T11:13:47+08:00 ] 127.0.0.1 /myframework/InterfaceManagment/viewList/?NAME=%E6%8E%A5%E5%8F%A3&CATEGORY_NAME=&AUTHOR=&m_id=f990ca32-fc51-b11c-c4e7-4e99a200997b&p_id=fc64ed23-423e-c1da-931d-9a8f5caf8861
INFO: [ app_init ] --START--
INFO: Run Behavior\BuildLiteBehavior [ RunTime:0.000024s ]
INFO: [ app_init ] --END-- [ RunTime:0.000549s ]
ERR: 无法加载模块:InterfaceManagment

