[ 2016-04-21T09:23:35+08:00 ] 127.0.0.1 /git/my-pro/
INFO: [ app_init ] --START--
INFO: Run Behavior\BuildLiteBehavior [ RunTime:0.000021s ]
INFO: [ app_init ] --END-- [ RunTime:0.003898s ]
INFO: [ app_begin ] --START--
INFO: Run Behavior\ReadHtmlCacheBehavior [ RunTime:0.003938s ]
INFO: [ app_begin ] --END-- [ RunTime:0.004121s ]
INFO: [ view_parse ] --START--
INFO: [ template_filter ] --START--
INFO: Run Behavior\ContentReplaceBehavior [ RunTime:0.000082s ]
INFO: [ template_filter ] --END-- [ RunTime:0.000226s ]
INFO: Run Behavior\ParseTemplateBehavior [ RunTime:0.025397s ]
INFO: [ view_parse ] --END-- [ RunTime:0.025519s ]
INFO: [ view_filter ] --START--
INFO: Run Behavior\WriteHtmlCacheBehavior [ RunTime:0.001692s ]
INFO: [ view_filter ] --END-- [ RunTime:0.001785s ]

[ 2016-04-21T09:23:36+08:00 ] 127.0.0.1 /git/my-pro/index/login
INFO: [ app_init ] --START--
INFO: Run Behavior\BuildLiteBehavior [ RunTime:0.000010s ]
INFO: [ app_init ] --END-- [ RunTime:0.000259s ]
INFO: [ app_begin ] --START--
INFO: Run Behavior\ReadHtmlCacheBehavior [ RunTime:0.000270s ]
INFO: [ app_begin ] --END-- [ RunTime:0.000301s ]
SQL: SHOW COLUMNS FROM `yybg_admin_group` [ RunTime:0.0038s ]
SQL: SELECT `role_id` FROM `yybg_admin_group` WHERE ( admin_id='' )  [ RunTime:0.0003s ]
SQL: SHOW COLUMNS FROM `yybg_admin_menu` [ RunTime:0.0049s ]
NOTIC: [8] Undefined offset: 0 /Web/git/my-pro/Application/Admin/Common/CommonMenu.class.php 第 42 行.
SQL: select * from yybg_admin_menu menu where menu.pid is null and menu.id in (select res_id from yybg_auth auth where auth.role_id = '' and auth_res_type = '00A')  order by PID ASC , menu.sort desc [ RunTime:0.0006s ]
SQL: SELECT * FROM `yybg_admin_menu` WHERE ( id='' ) LIMIT 1   [ RunTime:0.0004s ]
INFO: [ view_parse ] --START--
INFO: [ template_filter ] --START--
INFO: Run Behavior\ContentReplaceBehavior [ RunTime:0.000039s ]
INFO: [ template_filter ] --END-- [ RunTime:0.000088s ]
INFO: Run Behavior\ParseTemplateBehavior [ RunTime:0.006271s ]
INFO: [ view_parse ] --END-- [ RunTime:0.006326s ]
INFO: [ view_filter ] --START--
INFO: Run Behavior\WriteHtmlCacheBehavior [ RunTime:0.000106s ]
INFO: [ view_filter ] --END-- [ RunTime:0.000137s ]
INFO: [ app_end ] --START--
INFO: Run Behavior\ShowPageTraceBehavior [ RunTime:0.002053s ]
INFO: [ app_end ] --END-- [ RunTime:0.002107s ]

[ 2016-04-21T09:23:38+08:00 ] 127.0.0.1 /git/my-pro/index/login
INFO: [ app_init ] --START--
INFO: Run Behavior\BuildLiteBehavior [ RunTime:0.000016s ]
INFO: [ app_init ] --END-- [ RunTime:0.000414s ]
INFO: [ app_begin ] --START--
INFO: Run Behavior\ReadHtmlCacheBehavior [ RunTime:0.000552s ]
INFO: [ app_begin ] --END-- [ RunTime:0.000614s ]
SQL: SHOW COLUMNS FROM `yybg_admin_group` [ RunTime:0.0041s ]
SQL: SELECT `role_id` FROM `yybg_admin_group` WHERE ( admin_id='' )  [ RunTime:0.0004s ]
SQL: SHOW COLUMNS FROM `yybg_admin_menu` [ RunTime:0.0050s ]
NOTIC: [8] Undefined offset: 0 /Web/git/my-pro/Application/Admin/Common/CommonMenu.class.php 第 42 行.
SQL: select * from yybg_admin_menu menu where menu.pid is null and menu.id in (select res_id from yybg_auth auth where auth.role_id = '' and auth_res_type = '00A')  order by PID ASC , menu.sort desc [ RunTime:0.0008s ]
SQL: SELECT * FROM `yybg_admin_menu` WHERE ( id='' ) LIMIT 1   [ RunTime:0.0006s ]
INFO: [ view_parse ] --START--
INFO: [ template_filter ] --START--
INFO: Run Behavior\ContentReplaceBehavior [ RunTime:0.000057s ]
INFO: [ template_filter ] --END-- [ RunTime:0.000171s ]
INFO: Run Behavior\ParseTemplateBehavior [ RunTime:0.007585s ]
INFO: [ view_parse ] --END-- [ RunTime:0.007669s ]
INFO: [ view_filter ] --START--
INFO: Run Behavior\WriteHtmlCacheBehavior [ RunTime:0.000157s ]
INFO: [ view_filter ] --END-- [ RunTime:0.000194s ]
INFO: [ app_end ] --START--
INFO: Run Behavior\ShowPageTraceBehavior [ RunTime:0.000522s ]
INFO: [ app_end ] --END-- [ RunTime:0.000582s ]

[ 2016-04-21T09:23:43+08:00 ] 127.0.0.1 /git/my-pro/index/login
INFO: [ app_init ] --START--
INFO: Run Behavior\BuildLiteBehavior [ RunTime:0.000011s ]
INFO: [ app_init ] --END-- [ RunTime:0.000240s ]
INFO: [ app_begin ] --START--
INFO: Run Behavior\ReadHtmlCacheBehavior [ RunTime:0.000310s ]
INFO: [ app_begin ] --END-- [ RunTime:0.000348s ]
SQL: SHOW COLUMNS FROM `yybg_admin_group` [ RunTime:0.0031s ]
SQL: SELECT `role_id` FROM `yybg_admin_group` WHERE ( admin_id='' )  [ RunTime:0.0003s ]
SQL: SHOW COLUMNS FROM `yybg_admin_menu` [ RunTime:0.0066s ]
NOTIC: [8] Undefined offset: 0 /Web/git/my-pro/Application/Admin/Common/CommonMenu.class.php 第 42 行.
SQL: select * from yybg_admin_menu menu where menu.pid is null and menu.id in (select res_id from yybg_auth auth where auth.role_id = '' and auth_res_type = '00A')  order by PID ASC , menu.sort desc [ RunTime:0.0004s ]
SQL: SELECT * FROM `yybg_admin_menu` WHERE ( id='' ) LIMIT 1   [ RunTime:0.0002s ]
INFO: [ view_parse ] --START--
INFO: [ template_filter ] --START--
INFO: Run Behavior\ContentReplaceBehavior [ RunTime:0.000038s ]
INFO: [ template_filter ] --END-- [ RunTime:0.000082s ]
INFO: Run Behavior\ParseTemplateBehavior [ RunTime:0.010107s ]
INFO: [ view_parse ] --END-- [ RunTime:0.010165s ]
INFO: [ view_filter ] --START--
INFO: Run Behavior\WriteHtmlCacheBehavior [ RunTime:0.000135s ]
INFO: [ view_filter ] --END-- [ RunTime:0.000165s ]
INFO: [ app_end ] --START--
INFO: Run Behavior\ShowPageTraceBehavior [ RunTime:0.000395s ]
INFO: [ app_end ] --END-- [ RunTime:0.000439s ]

[ 2016-04-21T22:31:07+08:00 ] 127.0.0.1 /MyFramework/
INFO: [ app_init ] --START--
INFO: Run Behavior\BuildLiteBehavior [ RunTime:0.000038s ]
INFO: [ app_init ] --END-- [ RunTime:0.003799s ]
INFO: [ app_begin ] --START--
INFO: Run Behavior\ReadHtmlCacheBehavior [ RunTime:0.003716s ]
INFO: [ app_begin ] --END-- [ RunTime:0.003823s ]
INFO: [ view_parse ] --START--
INFO: [ template_filter ] --START--
INFO: Run Behavior\ContentReplaceBehavior [ RunTime:0.000099s ]
INFO: [ template_filter ] --END-- [ RunTime:0.000181s ]
INFO: Run Behavior\ParseTemplateBehavior [ RunTime:0.018506s ]
INFO: [ view_parse ] --END-- [ RunTime:0.018589s ]
INFO: [ view_filter ] --START--
INFO: Run Behavior\WriteHtmlCacheBehavior [ RunTime:0.004431s ]
INFO: [ view_filter ] --END-- [ RunTime:0.004507s ]

[ 2016-04-21T22:32:54+08:00 ] 127.0.0.1 /MyFramework/
INFO: [ app_init ] --START--
INFO: Run Behavior\BuildLiteBehavior [ RunTime:0.000034s ]
INFO: [ app_init ] --END-- [ RunTime:0.003813s ]
INFO: [ app_begin ] --START--
INFO: Run Behavior\ReadHtmlCacheBehavior [ RunTime:0.003724s ]
INFO: [ app_begin ] --END-- [ RunTime:0.003827s ]
INFO: [ view_parse ] --START--
INFO: [ template_filter ] --START--
INFO: Run Behavior\ContentReplaceBehavior [ RunTime:0.000097s ]
INFO: [ template_filter ] --END-- [ RunTime:0.000179s ]
INFO: Run Behavior\ParseTemplateBehavior [ RunTime:0.018408s ]
INFO: [ view_parse ] --END-- [ RunTime:0.018493s ]
INFO: [ view_filter ] --START--
INFO: Run Behavior\WriteHtmlCacheBehavior [ RunTime:0.001777s ]
INFO: [ view_filter ] --END-- [ RunTime:0.002032s ]

[ 2016-04-21T22:32:56+08:00 ] 127.0.0.1 /MyFramework/
INFO: [ app_init ] --START--
INFO: Run Behavior\BuildLiteBehavior [ RunTime:0.000009s ]
INFO: [ app_init ] --END-- [ RunTime:0.000198s ]
INFO: [ app_begin ] --START--
INFO: Run Behavior\ReadHtmlCacheBehavior [ RunTime:0.000244s ]
INFO: [ app_begin ] --END-- [ RunTime:0.000273s ]
INFO: [ view_parse ] --START--
INFO: [ template_filter ] --START--
INFO: Run Behavior\ContentReplaceBehavior [ RunTime:0.000026s ]
INFO: [ template_filter ] --END-- [ RunTime:0.000055s ]
INFO: Run Behavior\ParseTemplateBehavior [ RunTime:0.002924s ]
INFO: [ view_parse ] --END-- [ RunTime:0.002955s ]
INFO: [ view_filter ] --START--
INFO: Run Behavior\WriteHtmlCacheBehavior [ RunTime:0.000086s ]
INFO: [ view_filter ] --END-- [ RunTime:0.000107s ]

[ 2016-04-21T22:33:36+08:00 ] 127.0.0.1 /MyFramework/
INFO: [ app_init ] --START--
INFO: Run Behavior\BuildLiteBehavior [ RunTime:0.000037s ]
INFO: [ app_init ] --END-- [ RunTime:0.003859s ]
INFO: [ app_begin ] --START--
INFO: Run Behavior\ReadHtmlCacheBehavior [ RunTime:0.003758s ]
INFO: [ app_begin ] --END-- [ RunTime:0.003862s ]
INFO: [ view_parse ] --START--
INFO: [ template_filter ] --START--
INFO: Run Behavior\ContentReplaceBehavior [ RunTime:0.000101s ]
INFO: [ template_filter ] --END-- [ RunTime:0.000186s ]
INFO: Run Behavior\ParseTemplateBehavior [ RunTime:0.017985s ]
INFO: [ view_parse ] --END-- [ RunTime:0.018065s ]
INFO: [ view_filter ] --START--
INFO: Run Behavior\WriteHtmlCacheBehavior [ RunTime:0.001715s ]
INFO: [ view_filter ] --END-- [ RunTime:0.001784s ]

[ 2016-04-21T22:34:07+08:00 ] 127.0.0.1 /MyFramework/
INFO: [ app_init ] --START--
INFO: Run Behavior\BuildLiteBehavior [ RunTime:0.000023s ]
INFO: [ app_init ] --END-- [ RunTime:0.003740s ]
INFO: [ app_begin ] --START--
INFO: Run Behavior\ReadHtmlCacheBehavior [ RunTime:0.003770s ]
INFO: [ app_begin ] --END-- [ RunTime:0.003864s ]
INFO: [ view_parse ] --START--
INFO: [ template_filter ] --START--
INFO: Run Behavior\ContentReplaceBehavior [ RunTime:0.000058s ]
INFO: [ template_filter ] --END-- [ RunTime:0.000129s ]
INFO: Run Behavior\ParseTemplateBehavior [ RunTime:0.017833s ]
INFO: [ view_parse ] --END-- [ RunTime:0.017904s ]
INFO: [ view_filter ] --START--
INFO: Run Behavior\WriteHtmlCacheBehavior [ RunTime:0.001730s ]
INFO: [ view_filter ] --END-- [ RunTime:0.001800s ]

[ 2016-04-21T22:36:04+08:00 ] 127.0.0.1 /MyFramework/index.php/Admin
INFO: [ app_init ] --START--
INFO: Run Behavior\BuildLiteBehavior [ RunTime:0.000010s ]
INFO: [ app_init ] --END-- [ RunTime:0.000384s ]
INFO: [ app_begin ] --START--
INFO: Run Behavior\ReadHtmlCacheBehavior [ RunTime:0.000315s ]
INFO: [ app_begin ] --END-- [ RunTime:0.000354s ]
INFO: [ view_parse ] --START--
INFO: [ template_filter ] --START--
INFO: Run Behavior\ContentReplaceBehavior [ RunTime:0.000131s ]
INFO: [ template_filter ] --END-- [ RunTime:0.000214s ]
INFO: Run Behavior\ParseTemplateBehavior [ RunTime:0.018632s ]
INFO: [ view_parse ] --END-- [ RunTime:0.018710s ]
INFO: [ view_filter ] --START--
INFO: Run Behavior\WriteHtmlCacheBehavior [ RunTime:0.001649s ]
INFO: [ view_filter ] --END-- [ RunTime:0.001719s ]

[ 2016-04-21T22:36:13+08:00 ] 127.0.0.1 /MyFramework/index.php/Admin/login
INFO: [ app_init ] --START--
INFO: Run Behavior\BuildLiteBehavior [ RunTime:0.000010s ]
INFO: [ app_init ] --END-- [ RunTime:0.000368s ]
INFO: [ app_begin ] --START--
INFO: Run Behavior\ReadHtmlCacheBehavior [ RunTime:0.000432s ]
INFO: [ app_begin ] --END-- [ RunTime:0.000488s ]
ERR: 无法加载控制器:Login

[ 2016-04-21T22:36:17+08:00 ] 127.0.0.1 /MyFramework/index.php/Admin/
INFO: [ app_init ] --START--
INFO: Run Behavior\BuildLiteBehavior [ RunTime:0.000010s ]
INFO: [ app_init ] --END-- [ RunTime:0.000195s ]
INFO: [ app_begin ] --START--
INFO: Run Behavior\ReadHtmlCacheBehavior [ RunTime:0.000423s ]
INFO: [ app_begin ] --END-- [ RunTime:0.000468s ]
INFO: [ view_parse ] --START--
INFO: [ template_filter ] --START--
INFO: Run Behavior\ContentReplaceBehavior [ RunTime:0.000043s ]
INFO: [ template_filter ] --END-- [ RunTime:0.000085s ]
INFO: Run Behavior\ParseTemplateBehavior [ RunTime:0.004257s ]
INFO: [ view_parse ] --END-- [ RunTime:0.004304s ]
INFO: [ view_filter ] --START--
INFO: Run Behavior\WriteHtmlCacheBehavior [ RunTime:0.000110s ]
INFO: [ view_filter ] --END-- [ RunTime:0.000132s ]

[ 2016-04-21T22:36:28+08:00 ] 127.0.0.1 /MyFramework/index.php/Admin/index
INFO: [ app_init ] --START--
INFO: Run Behavior\BuildLiteBehavior [ RunTime:0.000010s ]
INFO: [ app_init ] --END-- [ RunTime:0.000201s ]
INFO: [ app_begin ] --START--
INFO: Run Behavior\ReadHtmlCacheBehavior [ RunTime:0.000263s ]
INFO: [ app_begin ] --END-- [ RunTime:0.000294s ]
INFO: [ view_parse ] --START--
INFO: [ template_filter ] --START--
INFO: Run Behavior\ContentReplaceBehavior [ RunTime:0.000050s ]
INFO: [ template_filter ] --END-- [ RunTime:0.000133s ]
INFO: Run Behavior\ParseTemplateBehavior [ RunTime:0.003482s ]
INFO: [ view_parse ] --END-- [ RunTime:0.003518s ]
INFO: [ view_filter ] --START--
INFO: Run Behavior\WriteHtmlCacheBehavior [ RunTime:0.000100s ]
INFO: [ view_filter ] --END-- [ RunTime:0.000122s ]

[ 2016-04-21T22:37:05+08:00 ] 127.0.0.1 /MyFramework/index.php/Admin/index/login
INFO: [ app_init ] --START--
INFO: Run Behavior\BuildLiteBehavior [ RunTime:0.000039s ]
INFO: [ app_init ] --END-- [ RunTime:0.002635s ]
INFO: [ app_begin ] --START--
INFO: Run Behavior\ReadHtmlCacheBehavior [ RunTime:0.003782s ]
INFO: [ app_begin ] --END-- [ RunTime:0.003892s ]
SQL: SHOW COLUMNS FROM `yybg_admin_group` [ RunTime:0.0228s ]
SQL: SELECT `role_id` FROM `yybg_admin_group` WHERE ( admin_id='' )  [ RunTime:0.0059s ]
SQL: SHOW COLUMNS FROM `yybg_admin_menu` [ RunTime:0.0093s ]
NOTIC: [8] Undefined offset: 0 /Web/MyFramework/Application/Admin/Common/CommonMenu.class.php 第 42 行.
SQL: select * from yybg_admin_menu menu where menu.pid is null and menu.id in (select res_id from yybg_auth auth where auth.role_id = '' and auth_res_type = '00A')  order by PID ASC , menu.sort desc [ RunTime:0.0062s ]
SQL: SELECT * FROM `yybg_admin_menu` WHERE ( id='' ) LIMIT 1   [ RunTime:0.0006s ]
INFO: [ view_parse ] --START--
INFO: [ template_filter ] --START--
INFO: Run Behavior\ContentReplaceBehavior [ RunTime:0.000087s ]
INFO: [ template_filter ] --END-- [ RunTime:0.000173s ]
INFO: Run Behavior\ParseTemplateBehavior [ RunTime:0.027329s ]
INFO: [ view_parse ] --END-- [ RunTime:0.027401s ]
INFO: [ view_filter ] --START--
INFO: Run Behavior\WriteHtmlCacheBehavior [ RunTime:0.002458s ]
INFO: [ view_filter ] --END-- [ RunTime:0.002529s ]
INFO: [ app_end ] --START--
INFO: Run Behavior\ShowPageTraceBehavior [ RunTime:0.001579s ]
INFO: [ app_end ] --END-- [ RunTime:0.001666s ]

[ 2016-04-21T22:43:30+08:00 ] 127.0.0.1 /MyFramework/Admin/index/login
INFO: [ app_init ] --START--
INFO: Run Behavior\BuildLiteBehavior [ RunTime:0.000023s ]
INFO: [ app_init ] --END-- [ RunTime:0.003803s ]
INFO: [ app_begin ] --START--
INFO: Run Behavior\ReadHtmlCacheBehavior [ RunTime:0.003649s ]
INFO: [ app_begin ] --END-- [ RunTime:0.003782s ]
SQL: SHOW COLUMNS FROM `yybg_admin_group` [ RunTime:0.0034s ]
SQL: SELECT `role_id` FROM `yybg_admin_group` WHERE ( admin_id='' )  [ RunTime:0.0009s ]
SQL: SHOW COLUMNS FROM `yybg_admin_menu` [ RunTime:0.0105s ]
NOTIC: [8] Undefined offset: 0 /Web/MyFramework/Application/Admin/Common/CommonMenu.class.php 第 42 行.
SQL: select * from yybg_admin_menu menu where menu.pid is null and menu.id in (select res_id from yybg_auth auth where auth.role_id = '' and auth_res_type = '00A')  order by PID ASC , menu.sort desc [ RunTime:0.0006s ]
SQL: SELECT * FROM `yybg_admin_menu` WHERE ( id='' ) LIMIT 1   [ RunTime:0.0002s ]
INFO: [ view_parse ] --START--
INFO: [ template_filter ] --START--
INFO: Run Behavior\ContentReplaceBehavior [ RunTime:0.000085s ]
INFO: [ template_filter ] --END-- [ RunTime:0.000153s ]
INFO: Run Behavior\ParseTemplateBehavior [ RunTime:0.015696s ]
INFO: [ view_parse ] --END-- [ RunTime:0.015745s ]
INFO: [ view_filter ] --START--
INFO: Run Behavior\WriteHtmlCacheBehavior [ RunTime:0.001891s ]
INFO: [ view_filter ] --END-- [ RunTime:0.001958s ]
INFO: [ app_end ] --START--
INFO: Run Behavior\ShowPageTraceBehavior [ RunTime:0.004107s ]
INFO: [ app_end ] --END-- [ RunTime:0.004187s ]

[ 2016-04-21T22:43:35+08:00 ] 127.0.0.1 /MyFramework/Admin/Index/adminValidate
INFO: [ app_init ] --START--
INFO: Run Behavior\BuildLiteBehavior [ RunTime:0.000087s ]
INFO: [ app_init ] --END-- [ RunTime:0.000426s ]
INFO: [ app_begin ] --START--
INFO: Run Behavior\ReadHtmlCacheBehavior [ RunTime:0.000461s ]
INFO: [ app_begin ] --END-- [ RunTime:0.000597s ]
SQL: SHOW COLUMNS FROM `yybg_admin_group` [ RunTime:0.0081s ]
SQL: SELECT `role_id` FROM `yybg_admin_group` WHERE ( admin_id='' )  [ RunTime:0.0006s ]
SQL: SHOW COLUMNS FROM `yybg_admin_menu` [ RunTime:0.0049s ]
NOTIC: [8] Undefined offset: 0 /Web/MyFramework/Application/Admin/Common/CommonMenu.class.php 第 42 行.
SQL: select * from yybg_admin_menu menu where menu.pid is null and menu.id in (select res_id from yybg_auth auth where auth.role_id = '' and auth_res_type = '00A')  order by PID ASC , menu.sort desc [ RunTime:0.0009s ]
SQL: SELECT * FROM `yybg_admin_menu` WHERE ( id='' ) LIMIT 1   [ RunTime:0.0029s ]
SQL: SHOW COLUMNS FROM `yybg_admin` [ RunTime:0.0172s ]
SQL: SELECT * FROM `yybg_admin` WHERE `ACCOUNT` = 'yy86710' AND `PSW` = '6c121d54dff9eea7ce75866fdd0d0d49' AND `STATE` = '00A'  [ RunTime:0.0006s ]
INFO: [ view_parse ] --START--
INFO: [ template_filter ] --START--
INFO: Run Behavior\ContentReplaceBehavior [ RunTime:0.000060s ]
INFO: [ template_filter ] --END-- [ RunTime:0.000131s ]
INFO: Run Behavior\ParseTemplateBehavior [ RunTime:0.011748s ]
INFO: [ view_parse ] --END-- [ RunTime:0.011844s ]
INFO: [ view_filter ] --START--
INFO: Run Behavior\WriteHtmlCacheBehavior [ RunTime:0.000194s ]
INFO: [ view_filter ] --END-- [ RunTime:0.000242s ]

[ 2016-04-21T22:43:44+08:00 ] 127.0.0.1 /MyFramework/Admin/Index/adminValidate
INFO: [ app_init ] --START--
INFO: Run Behavior\BuildLiteBehavior [ RunTime:0.000012s ]
INFO: [ app_init ] --END-- [ RunTime:0.000271s ]
INFO: [ app_begin ] --START--
INFO: Run Behavior\ReadHtmlCacheBehavior [ RunTime:0.000318s ]
INFO: [ app_begin ] --END-- [ RunTime:0.000355s ]
SQL: SHOW COLUMNS FROM `yybg_admin_group` [ RunTime:0.0032s ]
SQL: SELECT `role_id` FROM `yybg_admin_group` WHERE ( admin_id='' )  [ RunTime:0.0003s ]
SQL: SHOW COLUMNS FROM `yybg_admin_menu` [ RunTime:0.0049s ]
NOTIC: [8] Undefined offset: 0 /Web/MyFramework/Application/Admin/Common/CommonMenu.class.php 第 42 行.
SQL: select * from yybg_admin_menu menu where menu.pid is null and menu.id in (select res_id from yybg_auth auth where auth.role_id = '' and auth_res_type = '00A')  order by PID ASC , menu.sort desc [ RunTime:0.0008s ]
SQL: SELECT * FROM `yybg_admin_menu` WHERE ( id='' ) LIMIT 1   [ RunTime:0.0006s ]
SQL: SHOW COLUMNS FROM `yybg_admin` [ RunTime:0.0069s ]
SQL: SELECT * FROM `yybg_admin` WHERE `ACCOUNT` = 'yy86710' AND `PSW` = '96e79218965eb72c92a549dd5a330112' AND `STATE` = '00A'  [ RunTime:0.0006s ]
INFO: [ view_parse ] --START--
INFO: [ template_filter ] --START--
INFO: Run Behavior\ContentReplaceBehavior [ RunTime:0.000132s ]
INFO: [ template_filter ] --END-- [ RunTime:0.000264s ]
INFO: Run Behavior\ParseTemplateBehavior [ RunTime:0.012048s ]
INFO: [ view_parse ] --END-- [ RunTime:0.012135s ]
INFO: [ view_filter ] --START--
INFO: Run Behavior\WriteHtmlCacheBehavior [ RunTime:0.000206s ]
INFO: [ view_filter ] --END-- [ RunTime:0.000255s ]
SQL: UPDATE `yybg_admin` SET `LAST_LOGIN`='2016-04-21 10:43:44' WHERE `ID` = '1d1be9e8-6123-e7ad-b0d7-78d52415bce8' [ RunTime:0.0100s ]
INFO: [ app_end ] --START--
INFO: Run Behavior\ShowPageTraceBehavior [ RunTime:0.004040s ]
INFO: [ app_end ] --END-- [ RunTime:0.004119s ]

[ 2016-04-21T22:43:46+08:00 ] 127.0.0.1 /MyFramework/Admin/Index/index
INFO: [ app_init ] --START--
INFO: Run Behavior\BuildLiteBehavior [ RunTime:0.000009s ]
INFO: [ app_init ] --END-- [ RunTime:0.000208s ]
INFO: [ app_begin ] --START--
INFO: Run Behavior\ReadHtmlCacheBehavior [ RunTime:0.000253s ]
INFO: [ app_begin ] --END-- [ RunTime:0.000282s ]
SQL: SHOW COLUMNS FROM `yybg_admin_group` [ RunTime:0.0061s ]
SQL: SELECT `role_id` FROM `yybg_admin_group` WHERE ( admin_id='1d1be9e8-6123-e7ad-b0d7-78d52415bce8' )  [ RunTime:0.0005s ]
SQL: SHOW COLUMNS FROM `yybg_admin_menu` [ RunTime:0.0047s ]
SQL: select * from yybg_admin_menu menu where menu.pid is null and menu.id in (select res_id from yybg_auth auth where auth.role_id = '55eb8807-41ad-6290-2e29-fa2982301f3b' and auth_res_type = '00A')  order by PID ASC , menu.sort desc [ RunTime:0.0038s ]
NOTIC: [8] Undefined index: URI /Web/MyFramework/Application/Admin/Common/CommonMenu.class.php 第 45 行.
SQL: select * from yybg_admin_menu menu where menu.pid = '64c21aae-045b-72fb-cfd0-e0f28ffffcc2' and menu.id in (select res_id from yybg_auth auth where auth.role_id = '55eb8807-41ad-6290-2e29-fa2982301f3b' and auth_res_type = '00A') order by PID ASC , menu.sort desc [ RunTime:0.0011s ]
NOTIC: [8] Undefined index: URI /Web/MyFramework/Application/Admin/Common/CommonMenu.class.php 第 45 行.
SQL: select * from yybg_admin_menu menu where menu.pid = '2d0ba68f-c9bc-a1ce-a960-13fb24fe71de' and menu.id in (select res_id from yybg_auth auth where auth.role_id = '55eb8807-41ad-6290-2e29-fa2982301f3b' and auth_res_type = '00A') order by PID ASC , menu.sort desc [ RunTime:0.0007s ]
NOTIC: [8] Undefined index: URI /Web/MyFramework/Application/Admin/Common/CommonMenu.class.php 第 45 行.
SQL: select * from yybg_admin_menu menu where menu.pid = '4330a065-60b1-9ebc-8ed5-722f75f56241' and menu.id in (select res_id from yybg_auth auth where auth.role_id = '55eb8807-41ad-6290-2e29-fa2982301f3b' and auth_res_type = '00A') order by PID ASC , menu.sort desc [ RunTime:0.0007s ]
NOTIC: [8] Undefined index: URI /Web/MyFramework/Application/Admin/Common/CommonMenu.class.php 第 45 行.
SQL: select * from yybg_admin_menu menu where menu.pid = 'afc1acab-8a87-c6b2-a3be-23e3ba844a65' and menu.id in (select res_id from yybg_auth auth where auth.role_id = '55eb8807-41ad-6290-2e29-fa2982301f3b' and auth_res_type = '00A') order by PID ASC , menu.sort desc [ RunTime:0.0006s ]
SQL: SELECT * FROM `yybg_admin_menu` WHERE ( id='' ) LIMIT 1   [ RunTime:0.0003s ]
INFO: [ view_parse ] --START--
INFO: [ template_filter ] --START--
INFO: Run Behavior\ContentReplaceBehavior [ RunTime:0.000147s ]
INFO: [ template_filter ] --END-- [ RunTime:0.000186s ]
NOTIC: [8] Undefined offset: 1 /Web/MyFramework/Application/Runtime/Cache/Admin/5e7c63a67ddc7b54827f64fe7b4d977c.php 第 95 行.
NOTIC: [8] Undefined variable: UUID /Web/MyFramework/Application/Runtime/Cache/Admin/5e7c63a67ddc7b54827f64fe7b4d977c.php 第 425 行.
NOTIC: [8] Use of undefined constant Index - assumed 'Index' /Web/MyFramework/Application/Runtime/Cache/Admin/5e7c63a67ddc7b54827f64fe7b4d977c.php 第 460 行.
INFO: Run Behavior\ParseTemplateBehavior [ RunTime:0.029172s ]
INFO: [ view_parse ] --END-- [ RunTime:0.029223s ]
INFO: [ view_filter ] --START--
INFO: Run Behavior\WriteHtmlCacheBehavior [ RunTime:0.000174s ]
INFO: [ view_filter ] --END-- [ RunTime:0.000205s ]
INFO: [ app_end ] --START--
INFO: Run Behavior\ShowPageTraceBehavior [ RunTime:0.000490s ]
INFO: [ app_end ] --END-- [ RunTime:0.000571s ]

[ 2016-04-21T22:51:38+08:00 ] 127.0.0.1 /MyFramework/Admin/Index/index
INFO: [ app_init ] --START--
INFO: Run Behavior\BuildLiteBehavior [ RunTime:0.000022s ]
INFO: [ app_init ] --END-- [ RunTime:0.003926s ]
INFO: [ app_begin ] --START--
INFO: Run Behavior\ReadHtmlCacheBehavior [ RunTime:0.004161s ]
INFO: [ app_begin ] --END-- [ RunTime:0.004320s ]
SQL: SHOW COLUMNS FROM `yybg_admin_group` [ RunTime:0.0141s ]
SQL: SELECT `role_id` FROM `yybg_admin_group` WHERE ( admin_id='1d1be9e8-6123-e7ad-b0d7-78d52415bce8' )  [ RunTime:0.0005s ]
SQL: SHOW COLUMNS FROM `yybg_admin_menu` [ RunTime:0.0065s ]
SQL: select * from yybg_admin_menu menu where menu.pid is null and menu.id in (select res_id from yybg_auth auth where auth.role_id = '55eb8807-41ad-6290-2e29-fa2982301f3b' and auth_res_type = '00A')  order by PID ASC , menu.sort desc [ RunTime:0.0008s ]
NOTIC: [8] Undefined index: URI /Web/MyFramework/Application/Admin/Common/CommonMenu.class.php 第 45 行.
SQL: select * from yybg_admin_menu menu where menu.pid = '64c21aae-045b-72fb-cfd0-e0f28ffffcc2' and menu.id in (select res_id from yybg_auth auth where auth.role_id = '55eb8807-41ad-6290-2e29-fa2982301f3b' and auth_res_type = '00A') order by PID ASC , menu.sort desc [ RunTime:0.0006s ]
NOTIC: [8] Undefined index: URI /Web/MyFramework/Application/Admin/Common/CommonMenu.class.php 第 45 行.
SQL: select * from yybg_admin_menu menu where menu.pid = '2d0ba68f-c9bc-a1ce-a960-13fb24fe71de' and menu.id in (select res_id from yybg_auth auth where auth.role_id = '55eb8807-41ad-6290-2e29-fa2982301f3b' and auth_res_type = '00A') order by PID ASC , menu.sort desc [ RunTime:0.0007s ]
NOTIC: [8] Undefined index: URI /Web/MyFramework/Application/Admin/Common/CommonMenu.class.php 第 45 行.
SQL: select * from yybg_admin_menu menu where menu.pid = '4330a065-60b1-9ebc-8ed5-722f75f56241' and menu.id in (select res_id from yybg_auth auth where auth.role_id = '55eb8807-41ad-6290-2e29-fa2982301f3b' and auth_res_type = '00A') order by PID ASC , menu.sort desc [ RunTime:0.0009s ]
NOTIC: [8] Undefined index: URI /Web/MyFramework/Application/Admin/Common/CommonMenu.class.php 第 45 行.
SQL: select * from yybg_admin_menu menu where menu.pid = 'afc1acab-8a87-c6b2-a3be-23e3ba844a65' and menu.id in (select res_id from yybg_auth auth where auth.role_id = '55eb8807-41ad-6290-2e29-fa2982301f3b' and auth_res_type = '00A') order by PID ASC , menu.sort desc [ RunTime:0.0006s ]
SQL: SELECT * FROM `yybg_admin_menu` WHERE ( id='' ) LIMIT 1   [ RunTime:0.0003s ]
INFO: [ view_parse ] --START--
INFO: [ template_filter ] --START--
INFO: Run Behavior\ContentReplaceBehavior [ RunTime:0.000479s ]
INFO: [ template_filter ] --END-- [ RunTime:0.000549s ]
NOTIC: [8] Undefined offset: 1 /Web/MyFramework/Application/Runtime/Cache/Admin/5e7c63a67ddc7b54827f64fe7b4d977c.php 第 95 行.
NOTIC: [8] Undefined variable: UUID /Web/MyFramework/Application/Runtime/Cache/Admin/5e7c63a67ddc7b54827f64fe7b4d977c.php 第 425 行.
NOTIC: [8] Use of undefined constant Index - assumed 'Index' /Web/MyFramework/Application/Runtime/Cache/Admin/5e7c63a67ddc7b54827f64fe7b4d977c.php 第 460 行.
INFO: Run Behavior\ParseTemplateBehavior [ RunTime:0.052111s ]
INFO: [ view_parse ] --END-- [ RunTime:0.052167s ]
INFO: [ view_filter ] --START--
INFO: Run Behavior\WriteHtmlCacheBehavior [ RunTime:0.003178s ]
INFO: [ view_filter ] --END-- [ RunTime:0.003238s ]
INFO: [ app_end ] --START--
INFO: Run Behavior\ShowPageTraceBehavior [ RunTime:0.003524s ]
INFO: [ app_end ] --END-- [ RunTime:0.003604s ]

[ 2016-04-21T22:51:40+08:00 ] 127.0.0.1 /MyFramework/Admin/index/logout
INFO: [ app_init ] --START--
INFO: Run Behavior\BuildLiteBehavior [ RunTime:0.000008s ]
INFO: [ app_init ] --END-- [ RunTime:0.000192s ]
INFO: [ app_begin ] --START--
INFO: Run Behavior\ReadHtmlCacheBehavior [ RunTime:0.000242s ]
INFO: [ app_begin ] --END-- [ RunTime:0.000271s ]
SQL: SHOW COLUMNS FROM `yybg_admin_group` [ RunTime:0.0030s ]
SQL: SELECT `role_id` FROM `yybg_admin_group` WHERE ( admin_id='1d1be9e8-6123-e7ad-b0d7-78d52415bce8' )  [ RunTime:0.0003s ]
SQL: SHOW COLUMNS FROM `yybg_admin_menu` [ RunTime:0.0070s ]
SQL: select * from yybg_admin_menu menu where menu.pid is null and menu.id in (select res_id from yybg_auth auth where auth.role_id = '55eb8807-41ad-6290-2e29-fa2982301f3b' and auth_res_type = '00A')  order by PID ASC , menu.sort desc [ RunTime:0.0011s ]
NOTIC: [8] Undefined index: URI /Web/MyFramework/Application/Admin/Common/CommonMenu.class.php 第 45 行.
SQL: select * from yybg_admin_menu menu where menu.pid = '64c21aae-045b-72fb-cfd0-e0f28ffffcc2' and menu.id in (select res_id from yybg_auth auth where auth.role_id = '55eb8807-41ad-6290-2e29-fa2982301f3b' and auth_res_type = '00A') order by PID ASC , menu.sort desc [ RunTime:0.0011s ]
NOTIC: [8] Undefined index: URI /Web/MyFramework/Application/Admin/Common/CommonMenu.class.php 第 45 行.
SQL: select * from yybg_admin_menu menu where menu.pid = '2d0ba68f-c9bc-a1ce-a960-13fb24fe71de' and menu.id in (select res_id from yybg_auth auth where auth.role_id = '55eb8807-41ad-6290-2e29-fa2982301f3b' and auth_res_type = '00A') order by PID ASC , menu.sort desc [ RunTime:0.0010s ]
NOTIC: [8] Undefined index: URI /Web/MyFramework/Application/Admin/Common/CommonMenu.class.php 第 45 行.
SQL: select * from yybg_admin_menu menu where menu.pid = '4330a065-60b1-9ebc-8ed5-722f75f56241' and menu.id in (select res_id from yybg_auth auth where auth.role_id = '55eb8807-41ad-6290-2e29-fa2982301f3b' and auth_res_type = '00A') order by PID ASC , menu.sort desc [ RunTime:0.0010s ]
NOTIC: [8] Undefined index: URI /Web/MyFramework/Application/Admin/Common/CommonMenu.class.php 第 45 行.
SQL: select * from yybg_admin_menu menu where menu.pid = 'afc1acab-8a87-c6b2-a3be-23e3ba844a65' and menu.id in (select res_id from yybg_auth auth where auth.role_id = '55eb8807-41ad-6290-2e29-fa2982301f3b' and auth_res_type = '00A') order by PID ASC , menu.sort desc [ RunTime:0.0011s ]
SQL: SELECT * FROM `yybg_admin_menu` WHERE ( id='' ) LIMIT 1   [ RunTime:0.0005s ]
INFO: [ view_parse ] --START--
INFO: [ template_filter ] --START--
INFO: Run Behavior\ContentReplaceBehavior [ RunTime:0.000060s ]
INFO: [ template_filter ] --END-- [ RunTime:0.000129s ]
INFO: Run Behavior\ParseTemplateBehavior [ RunTime:0.008163s ]
INFO: [ view_parse ] --END-- [ RunTime:0.008242s ]
INFO: [ view_filter ] --START--
INFO: Run Behavior\WriteHtmlCacheBehavior [ RunTime:0.000144s ]
INFO: [ view_filter ] --END-- [ RunTime:0.000186s ]
INFO: [ app_end ] --START--
INFO: Run Behavior\ShowPageTraceBehavior [ RunTime:0.000426s ]
INFO: [ app_end ] --END-- [ RunTime:0.000469s ]

[ 2016-04-21T22:51:41+08:00 ] 127.0.0.1 /MyFramework/Admin/index/login
INFO: [ app_init ] --START--
INFO: Run Behavior\BuildLiteBehavior [ RunTime:0.000011s ]
INFO: [ app_init ] --END-- [ RunTime:0.000234s ]
INFO: [ app_begin ] --START--
INFO: Run Behavior\ReadHtmlCacheBehavior [ RunTime:0.000427s ]
INFO: [ app_begin ] --END-- [ RunTime:0.000472s ]
SQL: SHOW COLUMNS FROM `yybg_admin_group` [ RunTime:0.0062s ]
SQL: SELECT `role_id` FROM `yybg_admin_group` WHERE ( admin_id='' )  [ RunTime:0.0005s ]
SQL: SHOW COLUMNS FROM `yybg_admin_menu` [ RunTime:0.0063s ]
NOTIC: [8] Undefined offset: 0 /Web/MyFramework/Application/Admin/Common/CommonMenu.class.php 第 42 行.
SQL: select * from yybg_admin_menu menu where menu.pid is null and menu.id in (select res_id from yybg_auth auth where auth.role_id = '' and auth_res_type = '00A')  order by PID ASC , menu.sort desc [ RunTime:0.0006s ]
SQL: SELECT * FROM `yybg_admin_menu` WHERE ( id='' ) LIMIT 1   [ RunTime:0.0004s ]
INFO: [ view_parse ] --START--
INFO: [ template_filter ] --START--
INFO: Run Behavior\ContentReplaceBehavior [ RunTime:0.000060s ]
INFO: [ template_filter ] --END-- [ RunTime:0.000119s ]
INFO: Run Behavior\ParseTemplateBehavior [ RunTime:0.006074s ]
INFO: [ view_parse ] --END-- [ RunTime:0.006119s ]
INFO: [ view_filter ] --START--
INFO: Run Behavior\WriteHtmlCacheBehavior [ RunTime:0.000124s ]
INFO: [ view_filter ] --END-- [ RunTime:0.000153s ]
INFO: [ app_end ] --START--
INFO: Run Behavior\ShowPageTraceBehavior [ RunTime:0.000352s ]
INFO: [ app_end ] --END-- [ RunTime:0.000385s ]

[ 2016-04-21T22:51:44+08:00 ] 127.0.0.1 /MyFramework/Admin/index/login
INFO: [ app_init ] --START--
INFO: Run Behavior\BuildLiteBehavior [ RunTime:0.000016s ]
INFO: [ app_init ] --END-- [ RunTime:0.000382s ]
INFO: [ app_begin ] --START--
INFO: Run Behavior\ReadHtmlCacheBehavior [ RunTime:0.000490s ]
INFO: [ app_begin ] --END-- [ RunTime:0.000551s ]
SQL: SHOW COLUMNS FROM `yybg_admin_group` [ RunTime:0.0029s ]
SQL: SELECT `role_id` FROM `yybg_admin_group` WHERE ( admin_id='' )  [ RunTime:0.0003s ]
SQL: SHOW COLUMNS FROM `yybg_admin_menu` [ RunTime:0.0077s ]
NOTIC: [8] Undefined offset: 0 /Web/MyFramework/Application/Admin/Common/CommonMenu.class.php 第 42 行.
SQL: select * from yybg_admin_menu menu where menu.pid is null and menu.id in (select res_id from yybg_auth auth where auth.role_id = '' and auth_res_type = '00A')  order by PID ASC , menu.sort desc [ RunTime:0.0009s ]
SQL: SELECT * FROM `yybg_admin_menu` WHERE ( id='' ) LIMIT 1   [ RunTime:0.0006s ]
INFO: [ view_parse ] --START--
INFO: [ template_filter ] --START--
INFO: Run Behavior\ContentReplaceBehavior [ RunTime:0.000052s ]
INFO: [ template_filter ] --END-- [ RunTime:0.000108s ]
INFO: Run Behavior\ParseTemplateBehavior [ RunTime:0.007304s ]
INFO: [ view_parse ] --END-- [ RunTime:0.007372s ]
INFO: [ view_filter ] --START--
INFO: Run Behavior\WriteHtmlCacheBehavior [ RunTime:0.000145s ]
INFO: [ view_filter ] --END-- [ RunTime:0.000180s ]
INFO: [ app_end ] --START--
INFO: Run Behavior\ShowPageTraceBehavior [ RunTime:0.000488s ]
INFO: [ app_end ] --END-- [ RunTime:0.000541s ]

[ 2016-04-21T22:51:55+08:00 ] 127.0.0.1 /MyFramework/Admin/index/login
INFO: [ app_init ] --START--
INFO: Run Behavior\BuildLiteBehavior [ RunTime:0.000009s ]
INFO: [ app_init ] --END-- [ RunTime:0.000291s ]
INFO: [ app_begin ] --START--
INFO: Run Behavior\ReadHtmlCacheBehavior [ RunTime:0.000403s ]
INFO: [ app_begin ] --END-- [ RunTime:0.000455s ]
SQL: SHOW COLUMNS FROM `yybg_admin_group` [ RunTime:0.0029s ]
SQL: SELECT `role_id` FROM `yybg_admin_group` WHERE ( admin_id='' )  [ RunTime:0.0003s ]
SQL: SHOW COLUMNS FROM `yybg_admin_menu` [ RunTime:0.0079s ]
NOTIC: [8] Undefined offset: 0 /Web/MyFramework/Application/Admin/Common/CommonMenu.class.php 第 42 行.
SQL: select * from yybg_admin_menu menu where menu.pid is null and menu.id in (select res_id from yybg_auth auth where auth.role_id = '' and auth_res_type = '00A')  order by PID ASC , menu.sort desc [ RunTime:0.0009s ]
SQL: SELECT * FROM `yybg_admin_menu` WHERE ( id='' ) LIMIT 1   [ RunTime:0.0005s ]
INFO: [ view_parse ] --START--
INFO: [ template_filter ] --START--
INFO: Run Behavior\ContentReplaceBehavior [ RunTime:0.000069s ]
INFO: [ template_filter ] --END-- [ RunTime:0.000163s ]
INFO: Run Behavior\ParseTemplateBehavior [ RunTime:0.006691s ]
INFO: [ view_parse ] --END-- [ RunTime:0.006746s ]
INFO: [ view_filter ] --START--
INFO: Run Behavior\WriteHtmlCacheBehavior [ RunTime:0.000150s ]
INFO: [ view_filter ] --END-- [ RunTime:0.000187s ]
INFO: [ app_end ] --START--
INFO: Run Behavior\ShowPageTraceBehavior [ RunTime:0.000541s ]
INFO: [ app_end ] --END-- [ RunTime:0.000590s ]

[ 2016-04-21T22:52:49+08:00 ] 127.0.0.1 /MyFramework/Admin/index/login
INFO: [ app_init ] --START--
INFO: Run Behavior\BuildLiteBehavior [ RunTime:0.000022s ]
INFO: [ app_init ] --END-- [ RunTime:0.003906s ]
INFO: [ app_begin ] --START--
INFO: Run Behavior\ReadHtmlCacheBehavior [ RunTime:0.003667s ]
INFO: [ app_begin ] --END-- [ RunTime:0.003995s ]
SQL: SHOW COLUMNS FROM `yybg_admin_group` [ RunTime:0.0053s ]
SQL: SELECT `role_id` FROM `yybg_admin_group` WHERE ( admin_id='' )  [ RunTime:0.0004s ]
SQL: SHOW COLUMNS FROM `yybg_admin_menu` [ RunTime:0.0095s ]
NOTIC: [8] Undefined offset: 0 /Web/MyFramework/Application/Admin/Common/CommonMenu.class.php 第 42 行.
SQL: select * from yybg_admin_menu menu where menu.pid is null and menu.id in (select res_id from yybg_auth auth where auth.role_id = '' and auth_res_type = '00A')  order by PID ASC , menu.sort desc [ RunTime:0.0008s ]
SQL: SELECT * FROM `yybg_admin_menu` WHERE ( id='' ) LIMIT 1   [ RunTime:0.0005s ]
INFO: [ view_parse ] --START--
INFO: [ template_filter ] --START--
INFO: Run Behavior\ContentReplaceBehavior [ RunTime:0.000085s ]
INFO: [ template_filter ] --END-- [ RunTime:0.000172s ]
NOTIC: [8] Undefined variable: test /Web/MyFramework/Application/Runtime/Cache/Admin/9ba754a88e14f69d81c5bc66810f7e8f.php 第 23 行.
INFO: Run Behavior\ParseTemplateBehavior [ RunTime:0.015327s ]
INFO: [ view_parse ] --END-- [ RunTime:0.015384s ]
INFO: [ view_filter ] --START--
INFO: Run Behavior\WriteHtmlCacheBehavior [ RunTime:0.001734s ]
INFO: [ view_filter ] --END-- [ RunTime:0.001826s ]
INFO: [ app_end ] --START--
INFO: Run Behavior\ShowPageTraceBehavior [ RunTime:0.002281s ]
INFO: [ app_end ] --END-- [ RunTime:0.002362s ]

[ 2016-04-21T22:52:50+08:00 ] 127.0.0.1 /MyFramework/Admin/index/login
INFO: [ app_init ] --START--
INFO: Run Behavior\BuildLiteBehavior [ RunTime:0.000012s ]
INFO: [ app_init ] --END-- [ RunTime:0.000275s ]
INFO: [ app_begin ] --START--
INFO: Run Behavior\ReadHtmlCacheBehavior [ RunTime:0.000330s ]
INFO: [ app_begin ] --END-- [ RunTime:0.000370s ]
SQL: SHOW COLUMNS FROM `yybg_admin_group` [ RunTime:0.0030s ]
SQL: SELECT `role_id` FROM `yybg_admin_group` WHERE ( admin_id='' )  [ RunTime:0.0003s ]
SQL: SHOW COLUMNS FROM `yybg_admin_menu` [ RunTime:0.0069s ]
NOTIC: [8] Undefined offset: 0 /Web/MyFramework/Application/Admin/Common/CommonMenu.class.php 第 42 行.
SQL: select * from yybg_admin_menu menu where menu.pid is null and menu.id in (select res_id from yybg_auth auth where auth.role_id = '' and auth_res_type = '00A')  order by PID ASC , menu.sort desc [ RunTime:0.0009s ]
SQL: SELECT * FROM `yybg_admin_menu` WHERE ( id='' ) LIMIT 1   [ RunTime:0.0004s ]
INFO: [ view_parse ] --START--
INFO: [ template_filter ] --START--
INFO: Run Behavior\ContentReplaceBehavior [ RunTime:0.000035s ]
INFO: [ template_filter ] --END-- [ RunTime:0.000065s ]
NOTIC: [8] Undefined variable: test /Web/MyFramework/Application/Runtime/Cache/Admin/9ba754a88e14f69d81c5bc66810f7e8f.php 第 23 行.
INFO: Run Behavior\ParseTemplateBehavior [ RunTime:0.004063s ]
INFO: [ view_parse ] --END-- [ RunTime:0.004098s ]
INFO: [ view_filter ] --START--
INFO: Run Behavior\WriteHtmlCacheBehavior [ RunTime:0.000087s ]
INFO: [ view_filter ] --END-- [ RunTime:0.000109s ]
INFO: [ app_end ] --START--
INFO: Run Behavior\ShowPageTraceBehavior [ RunTime:0.000262s ]
INFO: [ app_end ] --END-- [ RunTime:0.000287s ]

[ 2016-04-21T22:52:51+08:00 ] 127.0.0.1 /MyFramework/Admin/index/login
INFO: [ app_init ] --START--
INFO: Run Behavior\BuildLiteBehavior [ RunTime:0.000016s ]
INFO: [ app_init ] --END-- [ RunTime:0.000394s ]
INFO: [ app_begin ] --START--
INFO: Run Behavior\ReadHtmlCacheBehavior [ RunTime:0.000635s ]
INFO: [ app_begin ] --END-- [ RunTime:0.000713s ]
SQL: SHOW COLUMNS FROM `yybg_admin_group` [ RunTime:0.0029s ]
SQL: SELECT `role_id` FROM `yybg_admin_group` WHERE ( admin_id='' )  [ RunTime:0.0003s ]
SQL: SHOW COLUMNS FROM `yybg_admin_menu` [ RunTime:0.0069s ]
NOTIC: [8] Undefined offset: 0 /Web/MyFramework/Application/Admin/Common/CommonMenu.class.php 第 42 行.
SQL: select * from yybg_admin_menu menu where menu.pid is null and menu.id in (select res_id from yybg_auth auth where auth.role_id = '' and auth_res_type = '00A')  order by PID ASC , menu.sort desc [ RunTime:0.0010s ]
SQL: SELECT * FROM `yybg_admin_menu` WHERE ( id='' ) LIMIT 1   [ RunTime:0.0005s ]
INFO: [ view_parse ] --START--
INFO: [ template_filter ] --START--
INFO: Run Behavior\ContentReplaceBehavior [ RunTime:0.000066s ]
INFO: [ template_filter ] --END-- [ RunTime:0.000116s ]
NOTIC: [8] Undefined variable: test /Web/MyFramework/Application/Runtime/Cache/Admin/9ba754a88e14f69d81c5bc66810f7e8f.php 第 23 行.
INFO: Run Behavior\ParseTemplateBehavior [ RunTime:0.006293s ]
INFO: [ view_parse ] --END-- [ RunTime:0.006340s ]
INFO: [ view_filter ] --START--
INFO: Run Behavior\WriteHtmlCacheBehavior [ RunTime:0.000120s ]
INFO: [ view_filter ] --END-- [ RunTime:0.000153s ]
INFO: [ app_end ] --START--
INFO: Run Behavior\ShowPageTraceBehavior [ RunTime:0.000379s ]
INFO: [ app_end ] --END-- [ RunTime:0.000417s ]

[ 2016-04-21T22:52:51+08:00 ] 127.0.0.1 /MyFramework/Admin/index/login
INFO: [ app_init ] --START--
INFO: Run Behavior\BuildLiteBehavior [ RunTime:0.000014s ]
INFO: [ app_init ] --END-- [ RunTime:0.000351s ]
INFO: [ app_begin ] --START--
INFO: Run Behavior\ReadHtmlCacheBehavior [ RunTime:0.000516s ]
INFO: [ app_begin ] --END-- [ RunTime:0.000578s ]
SQL: SHOW COLUMNS FROM `yybg_admin_group` [ RunTime:0.0186s ]
SQL: SELECT `role_id` FROM `yybg_admin_group` WHERE ( admin_id='' )  [ RunTime:0.0005s ]
SQL: SHOW COLUMNS FROM `yybg_admin_menu` [ RunTime:0.0065s ]
NOTIC: [8] Undefined offset: 0 /Web/MyFramework/Application/Admin/Common/CommonMenu.class.php 第 42 行.
SQL: select * from yybg_admin_menu menu where menu.pid is null and menu.id in (select res_id from yybg_auth auth where auth.role_id = '' and auth_res_type = '00A')  order by PID ASC , menu.sort desc [ RunTime:0.0008s ]
SQL: SELECT * FROM `yybg_admin_menu` WHERE ( id='' ) LIMIT 1   [ RunTime:0.0005s ]
INFO: [ view_parse ] --START--
INFO: [ template_filter ] --START--
INFO: Run Behavior\ContentReplaceBehavior [ RunTime:0.000063s ]
INFO: [ template_filter ] --END-- [ RunTime:0.000129s ]
NOTIC: [8] Undefined variable: test /Web/MyFramework/Application/Runtime/Cache/Admin/9ba754a88e14f69d81c5bc66810f7e8f.php 第 23 行.
INFO: Run Behavior\ParseTemplateBehavior [ RunTime:0.006464s ]
INFO: [ view_parse ] --END-- [ RunTime:0.006518s ]
INFO: [ view_filter ] --START--
INFO: Run Behavior\WriteHtmlCacheBehavior [ RunTime:0.000194s ]
INFO: [ view_filter ] --END-- [ RunTime:0.000233s ]
INFO: [ app_end ] --START--
INFO: Run Behavior\ShowPageTraceBehavior [ RunTime:0.000425s ]
INFO: [ app_end ] --END-- [ RunTime:0.000465s ]

[ 2016-04-21T22:52:51+08:00 ] 127.0.0.1 /MyFramework/Admin/index/login
INFO: [ app_init ] --START--
INFO: Run Behavior\BuildLiteBehavior [ RunTime:0.000009s ]
INFO: [ app_init ] --END-- [ RunTime:0.000192s ]
INFO: [ app_begin ] --START--
INFO: Run Behavior\ReadHtmlCacheBehavior [ RunTime:0.000246s ]
INFO: [ app_begin ] --END-- [ RunTime:0.000276s ]
SQL: SHOW COLUMNS FROM `yybg_admin_group` [ RunTime:0.0092s ]
SQL: SELECT `role_id` FROM `yybg_admin_group` WHERE ( admin_id='' )  [ RunTime:0.0005s ]
SQL: SHOW COLUMNS FROM `yybg_admin_menu` [ RunTime:0.0075s ]
NOTIC: [8] Undefined offset: 0 /Web/MyFramework/Application/Admin/Common/CommonMenu.class.php 第 42 行.
SQL: select * from yybg_admin_menu menu where menu.pid is null and menu.id in (select res_id from yybg_auth auth where auth.role_id = '' and auth_res_type = '00A')  order by PID ASC , menu.sort desc [ RunTime:0.0008s ]
SQL: SELECT * FROM `yybg_admin_menu` WHERE ( id='' ) LIMIT 1   [ RunTime:0.0005s ]
INFO: [ view_parse ] --START--
INFO: [ template_filter ] --START--
INFO: Run Behavior\ContentReplaceBehavior [ RunTime:0.000064s ]
INFO: [ template_filter ] --END-- [ RunTime:0.000134s ]
NOTIC: [8] Undefined variable: test /Web/MyFramework/Application/Runtime/Cache/Admin/9ba754a88e14f69d81c5bc66810f7e8f.php 第 23 行.
INFO: Run Behavior\ParseTemplateBehavior [ RunTime:0.007297s ]
INFO: [ view_parse ] --END-- [ RunTime:0.007352s ]
INFO: [ view_filter ] --START--
INFO: Run Behavior\WriteHtmlCacheBehavior [ RunTime:0.000182s ]
INFO: [ view_filter ] --END-- [ RunTime:0.000227s ]
INFO: [ app_end ] --START--
INFO: Run Behavior\ShowPageTraceBehavior [ RunTime:0.000535s ]
INFO: [ app_end ] --END-- [ RunTime:0.000584s ]

[ 2016-04-21T22:52:58+08:00 ] 127.0.0.1 /MyFramework/Admin/index/login
INFO: [ app_init ] --START--
INFO: Run Behavior\BuildLiteBehavior [ RunTime:0.000011s ]
INFO: [ app_init ] --END-- [ RunTime:0.000253s ]
INFO: [ app_begin ] --START--
INFO: Run Behavior\ReadHtmlCacheBehavior [ RunTime:0.000321s ]
INFO: [ app_begin ] --END-- [ RunTime:0.000360s ]
SQL: SHOW COLUMNS FROM `yybg_admin_group` [ RunTime:0.0029s ]
SQL: SELECT `role_id` FROM `yybg_admin_group` WHERE ( admin_id='' )  [ RunTime:0.0003s ]
SQL: SHOW COLUMNS FROM `yybg_admin_menu` [ RunTime:0.0069s ]
NOTIC: [8] Undefined offset: 0 /Web/MyFramework/Application/Admin/Common/CommonMenu.class.php 第 42 行.
SQL: select * from yybg_admin_menu menu where menu.pid is null and menu.id in (select res_id from yybg_auth auth where auth.role_id = '' and auth_res_type = '00A')  order by PID ASC , menu.sort desc [ RunTime:0.0008s ]
SQL: SELECT * FROM `yybg_admin_menu` WHERE ( id='' ) LIMIT 1   [ RunTime:0.0005s ]
INFO: [ view_parse ] --START--
INFO: [ template_filter ] --START--
INFO: Run Behavior\ContentReplaceBehavior [ RunTime:0.000064s ]
INFO: [ template_filter ] --END-- [ RunTime:0.000133s ]
NOTIC: [8] Undefined variable: test /Web/MyFramework/Application/Runtime/Cache/Admin/9ba754a88e14f69d81c5bc66810f7e8f.php 第 23 行.
INFO: Run Behavior\ParseTemplateBehavior [ RunTime:0.006883s ]
INFO: [ view_parse ] --END-- [ RunTime:0.006939s ]
INFO: [ view_filter ] --START--
INFO: Run Behavior\WriteHtmlCacheBehavior [ RunTime:0.000180s ]
INFO: [ view_filter ] --END-- [ RunTime:0.000224s ]
INFO: [ app_end ] --START--
INFO: Run Behavior\ShowPageTraceBehavior [ RunTime:0.000540s ]
INFO: [ app_end ] --END-- [ RunTime:0.000591s ]

[ 2016-04-21T22:53:00+08:00 ] 127.0.0.1 /MyFramework/Admin/index/login
INFO: [ app_init ] --START--
INFO: Run Behavior\BuildLiteBehavior [ RunTime:0.000009s ]
INFO: [ app_init ] --END-- [ RunTime:0.000197s ]
INFO: [ app_begin ] --START--
INFO: Run Behavior\ReadHtmlCacheBehavior [ RunTime:0.000245s ]
INFO: [ app_begin ] --END-- [ RunTime:0.000274s ]
SQL: SHOW COLUMNS FROM `yybg_admin_group` [ RunTime:0.0031s ]
SQL: SELECT `role_id` FROM `yybg_admin_group` WHERE ( admin_id='' )  [ RunTime:0.0003s ]
SQL: SHOW COLUMNS FROM `yybg_admin_menu` [ RunTime:0.0055s ]
NOTIC: [8] Undefined offset: 0 /Web/MyFramework/Application/Admin/Common/CommonMenu.class.php 第 42 行.
SQL: select * from yybg_admin_menu menu where menu.pid is null and menu.id in (select res_id from yybg_auth auth where auth.role_id = '' and auth_res_type = '00A')  order by PID ASC , menu.sort desc [ RunTime:0.0006s ]
SQL: SELECT * FROM `yybg_admin_menu` WHERE ( id='' ) LIMIT 1   [ RunTime:0.0004s ]
INFO: [ view_parse ] --START--
INFO: [ template_filter ] --START--
INFO: Run Behavior\ContentReplaceBehavior [ RunTime:0.000045s ]
INFO: [ template_filter ] --END-- [ RunTime:0.000089s ]
NOTIC: [8] Undefined variable: test /Web/MyFramework/Application/Runtime/Cache/Admin/9ba754a88e14f69d81c5bc66810f7e8f.php 第 23 行.
INFO: Run Behavior\ParseTemplateBehavior [ RunTime:0.004317s ]
INFO: [ view_parse ] --END-- [ RunTime:0.004356s ]
INFO: [ view_filter ] --START--
INFO: Run Behavior\WriteHtmlCacheBehavior [ RunTime:0.000090s ]
INFO: [ view_filter ] --END-- [ RunTime:0.000111s ]
INFO: [ app_end ] --START--
INFO: Run Behavior\ShowPageTraceBehavior [ RunTime:0.000265s ]
INFO: [ app_end ] --END-- [ RunTime:0.000290s ]

[ 2016-04-21T22:53:20+08:00 ] 127.0.0.1 /MyFramework/Admin/index/login
INFO: [ app_init ] --START--
INFO: Run Behavior\BuildLiteBehavior [ RunTime:0.000011s ]
INFO: [ app_init ] --END-- [ RunTime:0.000402s ]
INFO: [ app_begin ] --START--
INFO: Run Behavior\ReadHtmlCacheBehavior [ RunTime:0.000418s ]
INFO: [ app_begin ] --END-- [ RunTime:0.000471s ]
SQL: SHOW COLUMNS FROM `yybg_admin_group` [ RunTime:0.0066s ]
SQL: SELECT `role_id` FROM `yybg_admin_group` WHERE ( admin_id='' )  [ RunTime:0.0005s ]
SQL: SHOW COLUMNS FROM `yybg_admin_menu` [ RunTime:0.0067s ]
NOTIC: [8] Undefined offset: 0 /Web/MyFramework/Application/Admin/Common/CommonMenu.class.php 第 42 行.
SQL: select * from yybg_admin_menu menu where menu.pid is null and menu.id in (select res_id from yybg_auth auth where auth.role_id = '' and auth_res_type = '00A')  order by PID ASC , menu.sort desc [ RunTime:0.0008s ]
SQL: SELECT * FROM `yybg_admin_menu` WHERE ( id='' ) LIMIT 1   [ RunTime:0.0005s ]
INFO: [ view_parse ] --START--
INFO: [ template_filter ] --START--
INFO: Run Behavior\ContentReplaceBehavior [ RunTime:0.000084s ]
INFO: [ template_filter ] --END-- [ RunTime:0.000155s ]
NOTIC: [8] Undefined variable: test /Web/MyFramework/Application/Runtime/Cache/Admin/9ba754a88e14f69d81c5bc66810f7e8f.php 第 23 行.
INFO: Run Behavior\ParseTemplateBehavior [ RunTime:0.007253s ]
INFO: [ view_parse ] --END-- [ RunTime:0.007310s ]
INFO: [ view_filter ] --START--
INFO: Run Behavior\WriteHtmlCacheBehavior [ RunTime:0.000376s ]
INFO: [ view_filter ] --END-- [ RunTime:0.000482s ]
INFO: [ app_end ] --START--
INFO: Run Behavior\ShowPageTraceBehavior [ RunTime:0.000639s ]
INFO: [ app_end ] --END-- [ RunTime:0.000710s ]

[ 2016-04-21T22:53:29+08:00 ] 127.0.0.1 /MyFramework/Admin/index/login
INFO: [ app_init ] --START--
INFO: Run Behavior\BuildLiteBehavior [ RunTime:0.000012s ]
INFO: [ app_init ] --END-- [ RunTime:0.000243s ]
INFO: [ app_begin ] --START--
INFO: Run Behavior\ReadHtmlCacheBehavior [ RunTime:0.000293s ]
INFO: [ app_begin ] --END-- [ RunTime:0.000329s ]
SQL: SHOW COLUMNS FROM `yybg_admin_group` [ RunTime:0.0028s ]
SQL: SELECT `role_id` FROM `yybg_admin_group` WHERE ( admin_id='' )  [ RunTime:0.0003s ]
SQL: SHOW COLUMNS FROM `yybg_admin_menu` [ RunTime:0.0065s ]
NOTIC: [8] Undefined offset: 0 /Web/MyFramework/Application/Admin/Common/CommonMenu.class.php 第 42 行.
SQL: select * from yybg_admin_menu menu where menu.pid is null and menu.id in (select res_id from yybg_auth auth where auth.role_id = '' and auth_res_type = '00A')  order by PID ASC , menu.sort desc [ RunTime:0.0005s ]
SQL: SELECT * FROM `yybg_admin_menu` WHERE ( id='' ) LIMIT 1   [ RunTime:0.0004s ]
INFO: [ view_parse ] --START--
INFO: [ template_filter ] --START--
INFO: Run Behavior\ContentReplaceBehavior [ RunTime:0.000039s ]
INFO: [ template_filter ] --END-- [ RunTime:0.000083s ]
NOTIC: [8] Undefined variable: test /Web/MyFramework/Application/Runtime/Cache/Admin/9ba754a88e14f69d81c5bc66810f7e8f.php 第 23 行.
INFO: Run Behavior\ParseTemplateBehavior [ RunTime:0.005110s ]
INFO: [ view_parse ] --END-- [ RunTime:0.005161s ]
INFO: [ view_filter ] --START--
INFO: Run Behavior\WriteHtmlCacheBehavior [ RunTime:0.000124s ]
INFO: [ view_filter ] --END-- [ RunTime:0.000161s ]
INFO: [ app_end ] --START--
INFO: Run Behavior\ShowPageTraceBehavior [ RunTime:0.000636s ]
INFO: [ app_end ] --END-- [ RunTime:0.000679s ]

[ 2016-04-21T22:53:51+08:00 ] 127.0.0.1 /MyFramework/Admin/index/login
INFO: [ app_init ] --START--
INFO: Run Behavior\BuildLiteBehavior [ RunTime:0.000018s ]
INFO: [ app_init ] --END-- [ RunTime:0.006322s ]
INFO: [ app_begin ] --START--
INFO: Run Behavior\ReadHtmlCacheBehavior [ RunTime:0.003830s ]
INFO: [ app_begin ] --END-- [ RunTime:0.003890s ]
SQL: SHOW COLUMNS FROM `yybg_admin_group` [ RunTime:0.0029s ]
SQL: SELECT `role_id` FROM `yybg_admin_group` WHERE ( admin_id='' )  [ RunTime:0.0003s ]
SQL: SHOW COLUMNS FROM `yybg_admin_menu` [ RunTime:0.0013s ]
NOTIC: [8] Undefined offset: 0 /Web/MyFramework/Application/Admin/Common/CommonMenu.class.php 第 42 行.
SQL: select * from yybg_admin_menu menu where menu.pid is null and menu.id in (select res_id from yybg_auth auth where auth.role_id = '' and auth_res_type = '00A')  order by PID ASC , menu.sort desc [ RunTime:0.0004s ]
SQL: SELECT * FROM `yybg_admin_menu` WHERE ( id='' ) LIMIT 1   [ RunTime:0.0003s ]
INFO: [ view_parse ] --START--
INFO: [ template_filter ] --START--
INFO: Run Behavior\ContentReplaceBehavior [ RunTime:0.000037s ]
INFO: [ template_filter ] --END-- [ RunTime:0.000077s ]
NOTIC: [8] Undefined variable: test /Web/MyFramework/Application/Runtime/Cache/Admin/9ba754a88e14f69d81c5bc66810f7e8f.php 第 23 行.
INFO: Run Behavior\ParseTemplateBehavior [ RunTime:0.011743s ]
INFO: [ view_parse ] --END-- [ RunTime:0.011777s ]
INFO: [ view_filter ] --START--
INFO: Run Behavior\WriteHtmlCacheBehavior [ RunTime:0.002187s ]
INFO: [ view_filter ] --END-- [ RunTime:0.002228s ]
INFO: [ app_end ] --START--
INFO: Run Behavior\ShowPageTraceBehavior [ RunTime:0.000551s ]
INFO: [ app_end ] --END-- [ RunTime:0.000588s ]

[ 2016-04-21T22:54:12+08:00 ] 127.0.0.1 /MyFramework/Admin/index/login
INFO: [ app_init ] --START--
INFO: Run Behavior\BuildLiteBehavior [ RunTime:0.000013s ]
INFO: [ app_init ] --END-- [ RunTime:0.000449s ]
INFO: [ app_begin ] --START--
INFO: Run Behavior\ReadHtmlCacheBehavior [ RunTime:0.003668s ]
INFO: [ app_begin ] --END-- [ RunTime:0.003723s ]
SQL: SHOW COLUMNS FROM `yybg_admin_group` [ RunTime:0.0029s ]
SQL: SELECT `role_id` FROM `yybg_admin_group` WHERE ( admin_id='' )  [ RunTime:0.0003s ]
SQL: SHOW COLUMNS FROM `yybg_admin_menu` [ RunTime:0.0037s ]
NOTIC: [8] Undefined offset: 0 /Web/MyFramework/Application/Admin/Common/CommonMenu.class.php 第 42 行.
SQL: select * from yybg_admin_menu menu where menu.pid is null and menu.id in (select res_id from yybg_auth auth where auth.role_id = '' and auth_res_type = '00A')  order by PID ASC , menu.sort desc [ RunTime:0.0004s ]
SQL: SELECT * FROM `yybg_admin_menu` WHERE ( id='' ) LIMIT 1   [ RunTime:0.0002s ]
INFO: [ view_parse ] --START--
INFO: [ template_filter ] --START--
INFO: Run Behavior\ContentReplaceBehavior [ RunTime:0.000119s ]
INFO: [ template_filter ] --END-- [ RunTime:0.000179s ]
NOTIC: [8] Undefined variable: test /Web/MyFramework/Application/Runtime/Cache/Admin/9ba754a88e14f69d81c5bc66810f7e8f.php 第 23 行.
INFO: Run Behavior\ParseTemplateBehavior [ RunTime:0.020892s ]
INFO: [ view_parse ] --END-- [ RunTime:0.020931s ]
INFO: [ view_filter ] --START--
INFO: Run Behavior\WriteHtmlCacheBehavior [ RunTime:0.005548s ]
INFO: [ view_filter ] --END-- [ RunTime:0.005590s ]
INFO: [ app_end ] --START--
INFO: Run Behavior\ShowPageTraceBehavior [ RunTime:0.005556s ]
INFO: [ app_end ] --END-- [ RunTime:0.005602s ]

[ 2016-04-21T22:55:18+08:00 ] 127.0.0.1 /MyFramework/Admin/index/login
INFO: [ app_init ] --START--
INFO: Run Behavior\BuildLiteBehavior [ RunTime:0.000010s ]
INFO: [ app_init ] --END-- [ RunTime:0.000215s ]
INFO: [ app_begin ] --START--
INFO: Run Behavior\ReadHtmlCacheBehavior [ RunTime:0.000274s ]
INFO: [ app_begin ] --END-- [ RunTime:0.000306s ]
NOTIC: [2] require_once(/MyFramework/PhpConsole/__autoload.php): failed to open stream: No such file or directory /Web/MyFramework/Application/Admin/Controller/IndexController.class.php 第 16 行.

[ 2016-04-21T22:59:36+08:00 ] 127.0.0.1 /MyFramework/Admin/index/login
INFO: [ app_init ] --START--
INFO: Run Behavior\BuildLiteBehavior [ RunTime:0.000023s ]
INFO: [ app_init ] --END-- [ RunTime:0.003511s ]
INFO: [ app_begin ] --START--
INFO: Run Behavior\ReadHtmlCacheBehavior [ RunTime:0.003801s ]
INFO: [ app_begin ] --END-- [ RunTime:0.003887s ]
NOTIC: [2] require_once(/MyFramework/PhpConsole/__autoload.php): failed to open stream: No such file or directory /Web/MyFramework/Application/Admin/Controller/IndexController.class.php 第 16 行.

[ 2016-04-21T22:59:38+08:00 ] 127.0.0.1 /MyFramework/Admin/index/login
INFO: [ app_init ] --START--
INFO: Run Behavior\BuildLiteBehavior [ RunTime:0.000017s ]
INFO: [ app_init ] --END-- [ RunTime:0.000398s ]
INFO: [ app_begin ] --START--
INFO: Run Behavior\ReadHtmlCacheBehavior [ RunTime:0.000499s ]
INFO: [ app_begin ] --END-- [ RunTime:0.000558s ]
NOTIC: [2] require_once(/MyFramework/PhpConsole/__autoload.php): failed to open stream: No such file or directory /Web/MyFramework/Application/Admin/Controller/IndexController.class.php 第 16 行.

[ 2016-04-21T22:59:38+08:00 ] 127.0.0.1 /MyFramework/Admin/index/login
INFO: [ app_init ] --START--
INFO: Run Behavior\BuildLiteBehavior [ RunTime:0.000012s ]
INFO: [ app_init ] --END-- [ RunTime:0.000254s ]
INFO: [ app_begin ] --START--
INFO: Run Behavior\ReadHtmlCacheBehavior [ RunTime:0.000253s ]
INFO: [ app_begin ] --END-- [ RunTime:0.000282s ]
NOTIC: [2] require_once(/MyFramework/PhpConsole/__autoload.php): failed to open stream: No such file or directory /Web/MyFramework/Application/Admin/Controller/IndexController.class.php 第 16 行.

[ 2016-04-21T22:59:38+08:00 ] 127.0.0.1 /MyFramework/Admin/index/login
INFO: [ app_init ] --START--
INFO: Run Behavior\BuildLiteBehavior [ RunTime:0.000011s ]
INFO: [ app_init ] --END-- [ RunTime:0.000215s ]
INFO: [ app_begin ] --START--
INFO: Run Behavior\ReadHtmlCacheBehavior [ RunTime:0.000293s ]
INFO: [ app_begin ] --END-- [ RunTime:0.000334s ]
NOTIC: [2] require_once(/MyFramework/PhpConsole/__autoload.php): failed to open stream: No such file or directory /Web/MyFramework/Application/Admin/Controller/IndexController.class.php 第 16 行.

[ 2016-04-21T22:59:39+08:00 ] 127.0.0.1 /MyFramework/Admin/index/login
INFO: [ app_init ] --START--
INFO: Run Behavior\BuildLiteBehavior [ RunTime:0.000014s ]
INFO: [ app_init ] --END-- [ RunTime:0.000331s ]
INFO: [ app_begin ] --START--
INFO: Run Behavior\ReadHtmlCacheBehavior [ RunTime:0.000290s ]
INFO: [ app_begin ] --END-- [ RunTime:0.000324s ]
NOTIC: [2] require_once(/MyFramework/PhpConsole/__autoload.php): failed to open stream: No such file or directory /Web/MyFramework/Application/Admin/Controller/IndexController.class.php 第 16 行.

[ 2016-04-21T22:59:39+08:00 ] 127.0.0.1 /MyFramework/Admin/index/login
INFO: [ app_init ] --START--
INFO: Run Behavior\BuildLiteBehavior [ RunTime:0.000011s ]
INFO: [ app_init ] --END-- [ RunTime:0.000300s ]
INFO: [ app_begin ] --START--
INFO: Run Behavior\ReadHtmlCacheBehavior [ RunTime:0.000443s ]
INFO: [ app_begin ] --END-- [ RunTime:0.000497s ]
NOTIC: [2] require_once(/MyFramework/PhpConsole/__autoload.php): failed to open stream: No such file or directory /Web/MyFramework/Application/Admin/Controller/IndexController.class.php 第 16 行.

[ 2016-04-21T22:59:39+08:00 ] 127.0.0.1 /MyFramework/Admin/index/login
INFO: [ app_init ] --START--
INFO: Run Behavior\BuildLiteBehavior [ RunTime:0.000008s ]
INFO: [ app_init ] --END-- [ RunTime:0.000189s ]
INFO: [ app_begin ] --START--
INFO: Run Behavior\ReadHtmlCacheBehavior [ RunTime:0.000491s ]
INFO: [ app_begin ] --END-- [ RunTime:0.000552s ]
NOTIC: [2] require_once(/MyFramework/PhpConsole/__autoload.php): failed to open stream: No such file or directory /Web/MyFramework/Application/Admin/Controller/IndexController.class.php 第 16 行.

[ 2016-04-21T22:59:39+08:00 ] 127.0.0.1 /MyFramework/Admin/index/login
INFO: [ app_init ] --START--
INFO: Run Behavior\BuildLiteBehavior [ RunTime:0.000010s ]
INFO: [ app_init ] --END-- [ RunTime:0.000201s ]
INFO: [ app_begin ] --START--
INFO: Run Behavior\ReadHtmlCacheBehavior [ RunTime:0.000248s ]
INFO: [ app_begin ] --END-- [ RunTime:0.000278s ]
NOTIC: [2] require_once(/MyFramework/PhpConsole/__autoload.php): failed to open stream: No such file or directory /Web/MyFramework/Application/Admin/Controller/IndexController.class.php 第 16 行.

[ 2016-04-21T23:00:07+08:00 ] 127.0.0.1 /MyFramework/Admin/index/login
INFO: [ app_init ] --START--
INFO: Run Behavior\BuildLiteBehavior [ RunTime:0.000014s ]
INFO: [ app_init ] --END-- [ RunTime:0.000483s ]
INFO: [ app_begin ] --START--
INFO: Run Behavior\ReadHtmlCacheBehavior [ RunTime:0.000567s ]
INFO: [ app_begin ] --END-- [ RunTime:0.000638s ]
NOTIC: [2] require_once(/MyFramework/PhpConsole/__autoload.php): failed to open stream: No such file or directory /Web/MyFramework/Application/Admin/Controller/IndexController.class.php 第 16 行.

[ 2016-04-21T23:00:08+08:00 ] 127.0.0.1 /MyFramework/Admin/index/login
INFO: [ app_init ] --START--
INFO: Run Behavior\BuildLiteBehavior [ RunTime:0.000012s ]
INFO: [ app_init ] --END-- [ RunTime:0.000253s ]
INFO: [ app_begin ] --START--
INFO: Run Behavior\ReadHtmlCacheBehavior [ RunTime:0.000246s ]
INFO: [ app_begin ] --END-- [ RunTime:0.000276s ]
NOTIC: [2] require_once(/MyFramework/PhpConsole/__autoload.php): failed to open stream: No such file or directory /Web/MyFramework/Application/Admin/Controller/IndexController.class.php 第 16 行.

[ 2016-04-21T23:00:09+08:00 ] 127.0.0.1 /MyFramework/Admin/index/login
INFO: [ app_init ] --START--
INFO: Run Behavior\BuildLiteBehavior [ RunTime:0.000009s ]
INFO: [ app_init ] --END-- [ RunTime:0.000194s ]
INFO: [ app_begin ] --START--
INFO: Run Behavior\ReadHtmlCacheBehavior [ RunTime:0.000243s ]
INFO: [ app_begin ] --END-- [ RunTime:0.000273s ]
NOTIC: [2] require_once(/MyFramework/PhpConsole/__autoload.php): failed to open stream: No such file or directory /Web/MyFramework/Application/Admin/Controller/IndexController.class.php 第 16 行.

[ 2016-04-21T23:00:09+08:00 ] 127.0.0.1 /MyFramework/Admin/index/login
INFO: [ app_init ] --START--
INFO: Run Behavior\BuildLiteBehavior [ RunTime:0.000009s ]
INFO: [ app_init ] --END-- [ RunTime:0.000193s ]
INFO: [ app_begin ] --START--
INFO: Run Behavior\ReadHtmlCacheBehavior [ RunTime:0.000247s ]
INFO: [ app_begin ] --END-- [ RunTime:0.000277s ]
NOTIC: [2] require_once(/MyFramework/PhpConsole/__autoload.php): failed to open stream: No such file or directory /Web/MyFramework/Application/Admin/Controller/IndexController.class.php 第 16 行.

[ 2016-04-21T23:00:09+08:00 ] 127.0.0.1 /MyFramework/Admin/index/login
INFO: [ app_init ] --START--
INFO: Run Behavior\BuildLiteBehavior [ RunTime:0.000009s ]
INFO: [ app_init ] --END-- [ RunTime:0.000301s ]
INFO: [ app_begin ] --START--
INFO: Run Behavior\ReadHtmlCacheBehavior [ RunTime:0.000524s ]
INFO: [ app_begin ] --END-- [ RunTime:0.000580s ]
NOTIC: [2] require_once(/MyFramework/PhpConsole/__autoload.php): failed to open stream: No such file or directory /Web/MyFramework/Application/Admin/Controller/IndexController.class.php 第 16 行.

[ 2016-04-21T23:00:09+08:00 ] 127.0.0.1 /MyFramework/Admin/index/login
INFO: [ app_init ] --START--
INFO: Run Behavior\BuildLiteBehavior [ RunTime:0.000012s ]
INFO: [ app_init ] --END-- [ RunTime:0.000234s ]
INFO: [ app_begin ] --START--
INFO: Run Behavior\ReadHtmlCacheBehavior [ RunTime:0.000285s ]
INFO: [ app_begin ] --END-- [ RunTime:0.000318s ]
NOTIC: [2] require_once(/MyFramework/PhpConsole/__autoload.php): failed to open stream: No such file or directory /Web/MyFramework/Application/Admin/Controller/IndexController.class.php 第 16 行.

[ 2016-04-21T23:00:09+08:00 ] 127.0.0.1 /MyFramework/Admin/index/login
INFO: [ app_init ] --START--
INFO: Run Behavior\BuildLiteBehavior [ RunTime:0.000008s ]
INFO: [ app_init ] --END-- [ RunTime:0.000191s ]
INFO: [ app_begin ] --START--
INFO: Run Behavior\ReadHtmlCacheBehavior [ RunTime:0.000247s ]
INFO: [ app_begin ] --END-- [ RunTime:0.000277s ]
NOTIC: [2] require_once(/MyFramework/PhpConsole/__autoload.php): failed to open stream: No such file or directory /Web/MyFramework/Application/Admin/Controller/IndexController.class.php 第 16 行.

[ 2016-04-21T23:00:10+08:00 ] 127.0.0.1 /MyFramework/Admin/index/login
INFO: [ app_init ] --START--
INFO: Run Behavior\BuildLiteBehavior [ RunTime:0.000009s ]
INFO: [ app_init ] --END-- [ RunTime:0.000190s ]
INFO: [ app_begin ] --START--
INFO: Run Behavior\ReadHtmlCacheBehavior [ RunTime:0.000242s ]
INFO: [ app_begin ] --END-- [ RunTime:0.000272s ]
NOTIC: [2] require_once(/MyFramework/PhpConsole/__autoload.php): failed to open stream: No such file or directory /Web/MyFramework/Application/Admin/Controller/IndexController.class.php 第 16 行.

[ 2016-04-21T23:00:36+08:00 ] 127.0.0.1 /MyFramework/Admin/index/login
INFO: [ app_init ] --START--
INFO: Run Behavior\BuildLiteBehavior [ RunTime:0.000023s ]
INFO: [ app_init ] --END-- [ RunTime:0.003827s ]
INFO: [ app_begin ] --START--
INFO: Run Behavior\ReadHtmlCacheBehavior [ RunTime:0.003863s ]
INFO: [ app_begin ] --END-- [ RunTime:0.004029s ]
NOTIC: [2] require_once(/MyFramework/PhpConsole/__autoload.php): failed to open stream: No such file or directory /Web/MyFramework/Application/Admin/Controller/IndexController.class.php 第 16 行.

[ 2016-04-21T23:00:41+08:00 ] 127.0.0.1 /MyFramework/Admin/index/login
INFO: [ app_init ] --START--
INFO: Run Behavior\BuildLiteBehavior [ RunTime:0.000012s ]
INFO: [ app_init ] --END-- [ RunTime:0.000251s ]
INFO: [ app_begin ] --START--
INFO: Run Behavior\ReadHtmlCacheBehavior [ RunTime:0.000488s ]
INFO: [ app_begin ] --END-- [ RunTime:0.000550s ]
NOTIC: [2] require_once(/MyFramework/PhpConsole/__autoload.php): failed to open stream: No such file or directory /Web/MyFramework/Application/Admin/Controller/IndexController.class.php 第 16 行.

[ 2016-04-21T23:01:01+08:00 ] 127.0.0.1 /MyFramework/Admin/index/login
INFO: [ app_init ] --START--
INFO: Run Behavior\BuildLiteBehavior [ RunTime:0.000013s ]
INFO: [ app_init ] --END-- [ RunTime:0.000474s ]
INFO: [ app_begin ] --START--
INFO: Run Behavior\ReadHtmlCacheBehavior [ RunTime:0.003628s ]
INFO: [ app_begin ] --END-- [ RunTime:0.003698s ]
SQL: SHOW COLUMNS FROM `yybg_admin_group` [ RunTime:0.0082s ]
SQL: SELECT `role_id` FROM `yybg_admin_group` WHERE ( admin_id='' )  [ RunTime:0.0005s ]
SQL: SHOW COLUMNS FROM `yybg_admin_menu` [ RunTime:0.0063s ]
NOTIC: [8] Undefined offset: 0 /Web/MyFramework/Application/Admin/Common/CommonMenu.class.php 第 42 行.
SQL: select * from yybg_admin_menu menu where menu.pid is null and menu.id in (select res_id from yybg_auth auth where auth.role_id = '' and auth_res_type = '00A')  order by PID ASC , menu.sort desc [ RunTime:0.0007s ]
SQL: SELECT * FROM `yybg_admin_menu` WHERE ( id='' ) LIMIT 1   [ RunTime:0.0003s ]
INFO: [ view_parse ] --START--
INFO: [ template_filter ] --START--
INFO: Run Behavior\ContentReplaceBehavior [ RunTime:0.000109s ]
INFO: [ template_filter ] --END-- [ RunTime:0.000197s ]
NOTIC: [8] Undefined variable: test /Web/MyFramework/Application/Runtime/Cache/Admin/9ba754a88e14f69d81c5bc66810f7e8f.php 第 23 行.
INFO: Run Behavior\ParseTemplateBehavior [ RunTime:0.019494s ]
INFO: [ view_parse ] --END-- [ RunTime:0.019584s ]
INFO: [ view_filter ] --START--
INFO: Run Behavior\WriteHtmlCacheBehavior [ RunTime:0.002824s ]
INFO: [ view_filter ] --END-- [ RunTime:0.002923s ]
INFO: [ app_end ] --START--
INFO: Run Behavior\ShowPageTraceBehavior [ RunTime:0.003940s ]
INFO: [ app_end ] --END-- [ RunTime:0.004022s ]

[ 2016-04-21T23:02:48+08:00 ] 127.0.0.1 /MyFramework/Admin/index/login
INFO: [ app_init ] --START--
INFO: Run Behavior\BuildLiteBehavior [ RunTime:0.000009s ]
INFO: [ app_init ] --END-- [ RunTime:0.000194s ]
INFO: [ app_begin ] --START--
INFO: Run Behavior\ReadHtmlCacheBehavior [ RunTime:0.000276s ]
INFO: [ app_begin ] --END-- [ RunTime:0.000310s ]
SQL: SHOW COLUMNS FROM `yybg_admin_group` [ RunTime:0.0021s ]
SQL: SELECT `role_id` FROM `yybg_admin_group` WHERE ( admin_id='' )  [ RunTime:0.0004s ]
SQL: SHOW COLUMNS FROM `yybg_admin_menu` [ RunTime:0.0055s ]
NOTIC: [8] Undefined offset: 0 /Web/MyFramework/Application/Admin/Common/CommonMenu.class.php 第 42 行.
SQL: select * from yybg_admin_menu menu where menu.pid is null and menu.id in (select res_id from yybg_auth auth where auth.role_id = '' and auth_res_type = '00A')  order by PID ASC , menu.sort desc [ RunTime:0.0010s ]
SQL: SELECT * FROM `yybg_admin_menu` WHERE ( id='' ) LIMIT 1   [ RunTime:0.0005s ]

[ 2016-04-21T23:03:25+08:00 ] 127.0.0.1 /MyFramework/Admin/index/login
INFO: [ app_init ] --START--
INFO: Run Behavior\BuildLiteBehavior [ RunTime:0.000021s ]
INFO: [ app_init ] --END-- [ RunTime:0.003861s ]
INFO: [ app_begin ] --START--
INFO: Run Behavior\ReadHtmlCacheBehavior [ RunTime:0.003984s ]
INFO: [ app_begin ] --END-- [ RunTime:0.004121s ]
NOTIC: [2] require_once(/MyFrameworkPhpConsole/__autoload.php): failed to open stream: No such file or directory /Web/MyFramework/Application/Admin/Controller/IndexController.class.php 第 18 行.

[ 2016-04-21T23:03:36+08:00 ] 127.0.0.1 /MyFramework/Admin/index/login
INFO: [ app_init ] --START--
INFO: Run Behavior\BuildLiteBehavior [ RunTime:0.000012s ]
INFO: [ app_init ] --END-- [ RunTime:0.000439s ]
INFO: [ app_begin ] --START--
INFO: Run Behavior\ReadHtmlCacheBehavior [ RunTime:0.003703s ]
INFO: [ app_begin ] --END-- [ RunTime:0.003805s ]
NOTIC: [2] require_once(/PhpConsole/__autoload.php): failed to open stream: No such file or directory /Web/MyFramework/Application/Admin/Controller/IndexController.class.php 第 18 行.

[ 2016-04-21T23:05:44+08:00 ] 127.0.0.1 /MyFramework/Admin/index/login
INFO: [ app_init ] --START--
INFO: Run Behavior\BuildLiteBehavior [ RunTime:0.000023s ]
INFO: [ app_init ] --END-- [ RunTime:0.003918s ]
INFO: [ app_begin ] --START--
INFO: Run Behavior\ReadHtmlCacheBehavior [ RunTime:0.003696s ]
INFO: [ app_begin ] --END-- [ RunTime:0.003845s ]
NOTIC: [2] require_once(../../../PhpConsole/__autoload.php): failed to open stream: No such file or directory /Web/MyFramework/Application/Admin/Controller/IndexController.class.php 第 18 行.

[ 2016-04-21T23:05:51+08:00 ] 127.0.0.1 /MyFramework/Admin/index/login
INFO: [ app_init ] --START--
INFO: Run Behavior\BuildLiteBehavior [ RunTime:0.000012s ]
INFO: [ app_init ] --END-- [ RunTime:0.000294s ]
INFO: [ app_begin ] --START--
INFO: Run Behavior\ReadHtmlCacheBehavior [ RunTime:0.000310s ]
INFO: [ app_begin ] --END-- [ RunTime:0.000347s ]
NOTIC: [2] require_once(../../../../PhpConsole/__autoload.php): failed to open stream: No such file or directory /Web/MyFramework/Application/Admin/Controller/IndexController.class.php 第 18 行.

[ 2016-04-21T23:05:58+08:00 ] 127.0.0.1 /MyFramework/Admin/index/login
INFO: [ app_init ] --START--
INFO: Run Behavior\BuildLiteBehavior [ RunTime:0.000012s ]
INFO: [ app_init ] --END-- [ RunTime:0.000267s ]
INFO: [ app_begin ] --START--
INFO: Run Behavior\ReadHtmlCacheBehavior [ RunTime:0.000314s ]
INFO: [ app_begin ] --END-- [ RunTime:0.000349s ]
NOTIC: [2] require_once(../PhpConsole/__autoload.php): failed to open stream: No such file or directory /Web/MyFramework/Application/Admin/Controller/IndexController.class.php 第 18 行.

[ 2016-04-21T23:06:02+08:00 ] 127.0.0.1 /MyFramework/Admin/index/login
INFO: [ app_init ] --START--
INFO: Run Behavior\BuildLiteBehavior [ RunTime:0.000011s ]
INFO: [ app_init ] --END-- [ RunTime:0.000232s ]
INFO: [ app_begin ] --START--
INFO: Run Behavior\ReadHtmlCacheBehavior [ RunTime:0.000311s ]
INFO: [ app_begin ] --END-- [ RunTime:0.000352s ]
SQL: SHOW COLUMNS FROM `yybg_admin_group` [ RunTime:0.0049s ]
SQL: SELECT `role_id` FROM `yybg_admin_group` WHERE ( admin_id='' )  [ RunTime:0.0004s ]
SQL: SHOW COLUMNS FROM `yybg_admin_menu` [ RunTime:0.0073s ]
NOTIC: [8] Undefined offset: 0 /Web/MyFramework/Application/Admin/Common/CommonMenu.class.php 第 42 行.
SQL: select * from yybg_admin_menu menu where menu.pid is null and menu.id in (select res_id from yybg_auth auth where auth.role_id = '' and auth_res_type = '00A')  order by PID ASC , menu.sort desc [ RunTime:0.0004s ]
SQL: SELECT * FROM `yybg_admin_menu` WHERE ( id='' ) LIMIT 1   [ RunTime:0.0002s ]
INFO: [ view_parse ] --START--
INFO: [ template_filter ] --START--
INFO: Run Behavior\ContentReplaceBehavior [ RunTime:0.000054s ]
INFO: [ template_filter ] --END-- [ RunTime:0.000111s ]
NOTIC: [8] Undefined variable: test /Web/MyFramework/Application/Runtime/Cache/Admin/9ba754a88e14f69d81c5bc66810f7e8f.php 第 23 行.
INFO: Run Behavior\ParseTemplateBehavior [ RunTime:0.019322s ]
INFO: [ view_parse ] --END-- [ RunTime:0.019407s ]
INFO: [ view_filter ] --START--
INFO: Run Behavior\WriteHtmlCacheBehavior [ RunTime:0.005805s ]
INFO: [ view_filter ] --END-- [ RunTime:0.005866s ]
INFO: [ app_end ] --START--
INFO: Run Behavior\ShowPageTraceBehavior [ RunTime:0.006695s ]
INFO: [ app_end ] --END-- [ RunTime:0.006771s ]

[ 2016-04-21T23:06:04+08:00 ] 127.0.0.1 /MyFramework/Admin/index/login
INFO: [ app_init ] --START--
INFO: Run Behavior\BuildLiteBehavior [ RunTime:0.000014s ]
INFO: [ app_init ] --END-- [ RunTime:0.000317s ]
INFO: [ app_begin ] --START--
INFO: Run Behavior\ReadHtmlCacheBehavior [ RunTime:0.000376s ]
INFO: [ app_begin ] --END-- [ RunTime:0.000419s ]
SQL: SHOW COLUMNS FROM `yybg_admin_group` [ RunTime:0.0041s ]
SQL: SELECT `role_id` FROM `yybg_admin_group` WHERE ( admin_id='' )  [ RunTime:0.0004s ]
SQL: SHOW COLUMNS FROM `yybg_admin_menu` [ RunTime:0.0066s ]
NOTIC: [8] Undefined offset: 0 /Web/MyFramework/Application/Admin/Common/CommonMenu.class.php 第 42 行.
SQL: select * from yybg_admin_menu menu where menu.pid is null and menu.id in (select res_id from yybg_auth auth where auth.role_id = '' and auth_res_type = '00A')  order by PID ASC , menu.sort desc [ RunTime:0.0013s ]
SQL: SELECT * FROM `yybg_admin_menu` WHERE ( id='' ) LIMIT 1   [ RunTime:0.0006s ]
INFO: [ view_parse ] --START--
INFO: [ template_filter ] --START--
INFO: Run Behavior\ContentReplaceBehavior [ RunTime:0.000067s ]
INFO: [ template_filter ] --END-- [ RunTime:0.000130s ]
NOTIC: [8] Undefined variable: test /Web/MyFramework/Application/Runtime/Cache/Admin/9ba754a88e14f69d81c5bc66810f7e8f.php 第 23 行.
INFO: Run Behavior\ParseTemplateBehavior [ RunTime:0.006267s ]
INFO: [ view_parse ] --END-- [ RunTime:0.006342s ]
INFO: [ view_filter ] --START--
INFO: Run Behavior\WriteHtmlCacheBehavior [ RunTime:0.000173s ]
INFO: [ view_filter ] --END-- [ RunTime:0.000202s ]
INFO: [ app_end ] --START--
INFO: Run Behavior\ShowPageTraceBehavior [ RunTime:0.000412s ]
INFO: [ app_end ] --END-- [ RunTime:0.000451s ]

[ 2016-04-21T23:06:21+08:00 ] 127.0.0.1 /MyFramework/Admin/index/login
INFO: [ app_init ] --START--
INFO: Run Behavior\BuildLiteBehavior [ RunTime:0.000022s ]
INFO: [ app_init ] --END-- [ RunTime:0.003653s ]
INFO: [ app_begin ] --START--
INFO: Run Behavior\ReadHtmlCacheBehavior [ RunTime:0.003671s ]
INFO: [ app_begin ] --END-- [ RunTime:0.003760s ]
SQL: SHOW COLUMNS FROM `yybg_admin_group` [ RunTime:0.0066s ]
SQL: SELECT `role_id` FROM `yybg_admin_group` WHERE ( admin_id='' )  [ RunTime:0.0005s ]
SQL: SHOW COLUMNS FROM `yybg_admin_menu` [ RunTime:0.0068s ]
NOTIC: [8] Undefined offset: 0 /Web/MyFramework/Application/Admin/Common/CommonMenu.class.php 第 42 行.
SQL: select * from yybg_admin_menu menu where menu.pid is null and menu.id in (select res_id from yybg_auth auth where auth.role_id = '' and auth_res_type = '00A')  order by PID ASC , menu.sort desc [ RunTime:0.0008s ]
SQL: SELECT * FROM `yybg_admin_menu` WHERE ( id='' ) LIMIT 1   [ RunTime:0.0005s ]
INFO: [ view_parse ] --START--
INFO: [ template_filter ] --START--
INFO: Run Behavior\ContentReplaceBehavior [ RunTime:0.000084s ]
INFO: [ template_filter ] --END-- [ RunTime:0.000168s ]
NOTIC: [8] Undefined variable: test /Web/MyFramework/Application/Runtime/Cache/Admin/9ba754a88e14f69d81c5bc66810f7e8f.php 第 23 行.
INFO: Run Behavior\ParseTemplateBehavior [ RunTime:0.020350s ]
INFO: [ view_parse ] --END-- [ RunTime:0.020443s ]
INFO: [ view_filter ] --START--
INFO: Run Behavior\WriteHtmlCacheBehavior [ RunTime:0.001875s ]
INFO: [ view_filter ] --END-- [ RunTime:0.001944s ]
INFO: [ app_end ] --START--
INFO: Run Behavior\ShowPageTraceBehavior [ RunTime:0.003866s ]
INFO: [ app_end ] --END-- [ RunTime:0.003948s ]

[ 2016-04-21T23:06:31+08:00 ] 127.0.0.1 /MyFramework/Admin/index/login
INFO: [ app_init ] --START--
INFO: Run Behavior\BuildLiteBehavior [ RunTime:0.000012s ]
INFO: [ app_init ] --END-- [ RunTime:0.000354s ]
INFO: [ app_begin ] --START--
INFO: Run Behavior\ReadHtmlCacheBehavior [ RunTime:0.000536s ]
INFO: [ app_begin ] --END-- [ RunTime:0.000602s ]
SQL: SHOW COLUMNS FROM `yybg_admin_group` [ RunTime:0.0034s ]
SQL: SELECT `role_id` FROM `yybg_admin_group` WHERE ( admin_id='' )  [ RunTime:0.0003s ]
SQL: SHOW COLUMNS FROM `yybg_admin_menu` [ RunTime:0.0039s ]
NOTIC: [8] Undefined offset: 0 /Web/MyFramework/Application/Admin/Common/CommonMenu.class.php 第 42 行.
SQL: select * from yybg_admin_menu menu where menu.pid is null and menu.id in (select res_id from yybg_auth auth where auth.role_id = '' and auth_res_type = '00A')  order by PID ASC , menu.sort desc [ RunTime:0.0004s ]
SQL: SELECT * FROM `yybg_admin_menu` WHERE ( id='' ) LIMIT 1   [ RunTime:0.0002s ]
NOTIC: [8] Undefined variable: handler /Web/MyFramework/Application/Admin/Controller/IndexController.class.php 第 44 行.

[ 2016-04-21T23:06:31+08:00 ] 127.0.0.1 /MyFramework/Admin/index/login
INFO: [ app_init ] --START--
INFO: Run Behavior\BuildLiteBehavior [ RunTime:0.000018s ]
INFO: [ app_init ] --END-- [ RunTime:0.000346s ]
INFO: [ app_begin ] --START--
INFO: Run Behavior\ReadHtmlCacheBehavior [ RunTime:0.000518s ]
INFO: [ app_begin ] --END-- [ RunTime:0.000599s ]
SQL: SHOW COLUMNS FROM `yybg_admin_group` [ RunTime:0.0222s ]
SQL: SELECT `role_id` FROM `yybg_admin_group` WHERE ( admin_id='' )  [ RunTime:0.0005s ]
SQL: SHOW COLUMNS FROM `yybg_admin_menu` [ RunTime:0.0065s ]
NOTIC: [8] Undefined offset: 0 /Web/MyFramework/Application/Admin/Common/CommonMenu.class.php 第 42 行.
SQL: select * from yybg_admin_menu menu where menu.pid is null and menu.id in (select res_id from yybg_auth auth where auth.role_id = '' and auth_res_type = '00A')  order by PID ASC , menu.sort desc [ RunTime:0.0008s ]
SQL: SELECT * FROM `yybg_admin_menu` WHERE ( id='' ) LIMIT 1   [ RunTime:0.0009s ]

[ 2016-04-21T23:06:45+08:00 ] 127.0.0.1 /MyFramework/Admin/index/login
INFO: [ app_init ] --START--
INFO: Run Behavior\BuildLiteBehavior [ RunTime:0.000012s ]
INFO: [ app_init ] --END-- [ RunTime:0.000362s ]
INFO: [ app_begin ] --START--
INFO: Run Behavior\ReadHtmlCacheBehavior [ RunTime:0.000492s ]
INFO: [ app_begin ] --END-- [ RunTime:0.000560s ]
SQL: SHOW COLUMNS FROM `yybg_admin_group` [ RunTime:0.0031s ]
SQL: SELECT `role_id` FROM `yybg_admin_group` WHERE ( admin_id='' )  [ RunTime:0.0004s ]
SQL: SHOW COLUMNS FROM `yybg_admin_menu` [ RunTime:0.0040s ]
NOTIC: [8] Undefined offset: 0 /Web/MyFramework/Application/Admin/Common/CommonMenu.class.php 第 42 行.
SQL: select * from yybg_admin_menu menu where menu.pid is null and menu.id in (select res_id from yybg_auth auth where auth.role_id = '' and auth_res_type = '00A')  order by PID ASC , menu.sort desc [ RunTime:0.0005s ]
SQL: SELECT * FROM `yybg_admin_menu` WHERE ( id='' ) LIMIT 1   [ RunTime:0.0003s ]
INFO: [ view_parse ] --START--
INFO: [ template_filter ] --START--
INFO: Run Behavior\ContentReplaceBehavior [ RunTime:0.000070s ]
INFO: [ template_filter ] --END-- [ RunTime:0.000134s ]
NOTIC: [8] Undefined variable: test /Web/MyFramework/Application/Runtime/Cache/Admin/9ba754a88e14f69d81c5bc66810f7e8f.php 第 23 行.
INFO: Run Behavior\ParseTemplateBehavior [ RunTime:0.017453s ]
INFO: [ view_parse ] --END-- [ RunTime:0.017530s ]
INFO: [ view_filter ] --START--
INFO: Run Behavior\WriteHtmlCacheBehavior [ RunTime:0.003431s ]
INFO: [ view_filter ] --END-- [ RunTime:0.003476s ]
INFO: [ app_end ] --START--
INFO: Run Behavior\ShowPageTraceBehavior [ RunTime:0.000716s ]
INFO: [ app_end ] --END-- [ RunTime:0.000770s ]

[ 2016-04-21T23:12:10+08:00 ] 127.0.0.1 /MyFramework/Admin/index/login
INFO: [ app_init ] --START--
INFO: Run Behavior\BuildLiteBehavior [ RunTime:0.000023s ]
INFO: [ app_init ] --END-- [ RunTime:0.003853s ]
INFO: [ app_begin ] --START--
INFO: Run Behavior\ReadHtmlCacheBehavior [ RunTime:0.004028s ]
INFO: [ app_begin ] --END-- [ RunTime:0.004163s ]
SQL: SHOW COLUMNS FROM `yybg_admin_group` [ RunTime:0.0117s ]
SQL: SELECT `role_id` FROM `yybg_admin_group` WHERE ( admin_id='' )  [ RunTime:0.0005s ]
SQL: SHOW COLUMNS FROM `yybg_admin_menu` [ RunTime:0.0073s ]
NOTIC: [8] Undefined offset: 0 /Web/MyFramework/Application/Admin/Common/CommonMenu.class.php 第 42 行.
SQL: select * from yybg_admin_menu menu where menu.pid is null and menu.id in (select res_id from yybg_auth auth where auth.role_id = '' and auth_res_type = '00A')  order by PID ASC , menu.sort desc [ RunTime:0.0008s ]
SQL: SELECT * FROM `yybg_admin_menu` WHERE ( id='' ) LIMIT 1   [ RunTime:0.0005s ]
INFO: [ view_parse ] --START--
INFO: [ template_filter ] --START--
INFO: Run Behavior\ContentReplaceBehavior [ RunTime:0.000067s ]
INFO: [ template_filter ] --END-- [ RunTime:0.000151s ]
NOTIC: [8] Undefined variable: test /Web/MyFramework/Application/Runtime/Cache/Admin/9ba754a88e14f69d81c5bc66810f7e8f.php 第 23 行.
INFO: Run Behavior\ParseTemplateBehavior [ RunTime:0.016038s ]
INFO: [ view_parse ] --END-- [ RunTime:0.016132s ]
INFO: [ view_filter ] --START--
INFO: Run Behavior\WriteHtmlCacheBehavior [ RunTime:0.000672s ]
INFO: [ view_filter ] --END-- [ RunTime:0.000741s ]
INFO: [ app_end ] --START--
INFO: Run Behavior\ShowPageTraceBehavior [ RunTime:0.001736s ]
INFO: [ app_end ] --END-- [ RunTime:0.001819s ]

[ 2016-04-21T23:16:40+08:00 ] 127.0.0.1 /MyFramework/Admin/index/login
INFO: [ app_init ] --START--
INFO: Run Behavior\BuildLiteBehavior [ RunTime:0.000012s ]
INFO: [ app_init ] --END-- [ RunTime:0.000456s ]
INFO: [ app_begin ] --START--
INFO: Run Behavior\ReadHtmlCacheBehavior [ RunTime:0.003656s ]
INFO: [ app_begin ] --END-- [ RunTime:0.003724s ]
SQL: SHOW COLUMNS FROM `yybg_admin_group` [ RunTime:0.0017s ]
SQL: SELECT `role_id` FROM `yybg_admin_group` WHERE ( admin_id='' )  [ RunTime:0.0003s ]
SQL: SHOW COLUMNS FROM `yybg_admin_menu` [ RunTime:0.0038s ]
NOTIC: [8] Undefined offset: 0 /Web/MyFramework/Application/Admin/Common/CommonMenu.class.php 第 42 行.
SQL: select * from yybg_admin_menu menu where menu.pid is null and menu.id in (select res_id from yybg_auth auth where auth.role_id = '' and auth_res_type = '00A')  order by PID ASC , menu.sort desc [ RunTime:0.0007s ]
SQL: SELECT * FROM `yybg_admin_menu` WHERE ( id='' ) LIMIT 1   [ RunTime:0.0003s ]

[ 2016-04-21T23:16:45+08:00 ] 127.0.0.1 /MyFramework/Admin/index/login
INFO: [ app_init ] --START--
INFO: Run Behavior\BuildLiteBehavior [ RunTime:0.000031s ]
INFO: [ app_init ] --END-- [ RunTime:0.000499s ]
INFO: [ app_begin ] --START--
INFO: Run Behavior\ReadHtmlCacheBehavior [ RunTime:0.000315s ]
INFO: [ app_begin ] --END-- [ RunTime:0.000357s ]
SQL: SHOW COLUMNS FROM `yybg_admin_group` [ RunTime:0.0030s ]
SQL: SELECT `role_id` FROM `yybg_admin_group` WHERE ( admin_id='' )  [ RunTime:0.0003s ]
SQL: SHOW COLUMNS FROM `yybg_admin_menu` [ RunTime:0.0047s ]
NOTIC: [8] Undefined offset: 0 /Web/MyFramework/Application/Admin/Common/CommonMenu.class.php 第 42 行.
SQL: select * from yybg_admin_menu menu where menu.pid is null and menu.id in (select res_id from yybg_auth auth where auth.role_id = '' and auth_res_type = '00A')  order by PID ASC , menu.sort desc [ RunTime:0.0005s ]
SQL: SELECT * FROM `yybg_admin_menu` WHERE ( id='' ) LIMIT 1   [ RunTime:0.0003s ]
INFO: [ view_parse ] --START--
INFO: [ template_filter ] --START--
INFO: Run Behavior\ContentReplaceBehavior [ RunTime:0.000043s ]
INFO: [ template_filter ] --END-- [ RunTime:0.000118s ]
NOTIC: [8] Undefined variable: test /Web/MyFramework/Application/Runtime/Cache/Admin/9ba754a88e14f69d81c5bc66810f7e8f.php 第 23 行.
INFO: Run Behavior\ParseTemplateBehavior [ RunTime:0.015435s ]
INFO: [ view_parse ] --END-- [ RunTime:0.015499s ]
INFO: [ view_filter ] --START--
INFO: Run Behavior\WriteHtmlCacheBehavior [ RunTime:0.000979s ]
INFO: [ view_filter ] --END-- [ RunTime:0.001022s ]
INFO: [ app_end ] --START--
INFO: Run Behavior\ShowPageTraceBehavior [ RunTime:0.000619s ]
INFO: [ app_end ] --END-- [ RunTime:0.000666s ]

[ 2016-04-21T23:16:49+08:00 ] 127.0.0.1 /MyFramework/Admin/index/login
INFO: [ app_init ] --START--
INFO: Run Behavior\BuildLiteBehavior [ RunTime:0.000009s ]
INFO: [ app_init ] --END-- [ RunTime:0.000203s ]
INFO: [ app_begin ] --START--
INFO: Run Behavior\ReadHtmlCacheBehavior [ RunTime:0.000261s ]
INFO: [ app_begin ] --END-- [ RunTime:0.000293s ]
SQL: SHOW COLUMNS FROM `yybg_admin_group` [ RunTime:0.0094s ]
SQL: SELECT `role_id` FROM `yybg_admin_group` WHERE ( admin_id='' )  [ RunTime:0.0004s ]
SQL: SHOW COLUMNS FROM `yybg_admin_menu` [ RunTime:0.0039s ]
NOTIC: [8] Undefined offset: 0 /Web/MyFramework/Application/Admin/Common/CommonMenu.class.php 第 42 行.
SQL: select * from yybg_admin_menu menu where menu.pid is null and menu.id in (select res_id from yybg_auth auth where auth.role_id = '' and auth_res_type = '00A')  order by PID ASC , menu.sort desc [ RunTime:0.0011s ]
SQL: SELECT * FROM `yybg_admin_menu` WHERE ( id='' ) LIMIT 1   [ RunTime:0.0004s ]
INFO: [ view_parse ] --START--
INFO: [ template_filter ] --START--
INFO: Run Behavior\ContentReplaceBehavior [ RunTime:0.000055s ]
INFO: [ template_filter ] --END-- [ RunTime:0.000111s ]
NOTIC: [8] Undefined variable: test /Web/MyFramework/Application/Runtime/Cache/Admin/9ba754a88e14f69d81c5bc66810f7e8f.php 第 23 行.
INFO: Run Behavior\ParseTemplateBehavior [ RunTime:0.006432s ]
INFO: [ view_parse ] --END-- [ RunTime:0.006486s ]
INFO: [ view_filter ] --START--
INFO: Run Behavior\WriteHtmlCacheBehavior [ RunTime:0.000143s ]
INFO: [ view_filter ] --END-- [ RunTime:0.000180s ]
INFO: [ app_end ] --START--
INFO: Run Behavior\ShowPageTraceBehavior [ RunTime:0.000959s ]
INFO: [ app_end ] --END-- [ RunTime:0.001009s ]

[ 2016-04-21T23:17:37+08:00 ] 127.0.0.1 /MyFramework/Admin/index/login
INFO: [ app_init ] --START--
INFO: Run Behavior\BuildLiteBehavior [ RunTime:0.000010s ]
INFO: [ app_init ] --END-- [ RunTime:0.000213s ]
INFO: [ app_begin ] --START--
INFO: Run Behavior\ReadHtmlCacheBehavior [ RunTime:0.000273s ]
INFO: [ app_begin ] --END-- [ RunTime:0.000305s ]
SQL: SHOW COLUMNS FROM `yybg_admin_group` [ RunTime:0.0029s ]
SQL: SELECT `role_id` FROM `yybg_admin_group` WHERE ( admin_id='' )  [ RunTime:0.0003s ]
SQL: SHOW COLUMNS FROM `yybg_admin_menu` [ RunTime:0.0067s ]
NOTIC: [8] Undefined offset: 0 /Web/MyFramework/Application/Admin/Common/CommonMenu.class.php 第 42 行.
SQL: select * from yybg_admin_menu menu where menu.pid is null and menu.id in (select res_id from yybg_auth auth where auth.role_id = '' and auth_res_type = '00A')  order by PID ASC , menu.sort desc [ RunTime:0.0009s ]
SQL: SELECT * FROM `yybg_admin_menu` WHERE ( id='' ) LIMIT 1   [ RunTime:0.0004s ]
INFO: [ view_parse ] --START--
INFO: [ template_filter ] --START--
INFO: Run Behavior\ContentReplaceBehavior [ RunTime:0.000042s ]
INFO: [ template_filter ] --END-- [ RunTime:0.000111s ]
NOTIC: [8] Undefined variable: test /Web/MyFramework/Application/Runtime/Cache/Admin/9ba754a88e14f69d81c5bc66810f7e8f.php 第 23 行.
INFO: Run Behavior\ParseTemplateBehavior [ RunTime:0.004684s ]
INFO: [ view_parse ] --END-- [ RunTime:0.004730s ]
INFO: [ view_filter ] --START--
INFO: Run Behavior\WriteHtmlCacheBehavior [ RunTime:0.000103s ]
INFO: [ view_filter ] --END-- [ RunTime:0.000125s ]
INFO: [ app_end ] --START--
INFO: Run Behavior\ShowPageTraceBehavior [ RunTime:0.000313s ]
INFO: [ app_end ] --END-- [ RunTime:0.000342s ]

