[ 2016-02-15T10:13:33+08:00 ] 127.0.0.1 /MyPro/
INFO: [ app_init ] --START--
INFO: Run Behavior\BuildLiteBehavior [ RunTime:0.000087s ]
INFO: [ app_init ] --END-- [ RunTime:0.010500s ]
INFO: [ app_begin ] --START--
INFO: Run Behavior\ReadHtmlCacheBehavior [ RunTime:0.004207s ]
INFO: [ app_begin ] --END-- [ RunTime:0.004332s ]
INFO: [ view_parse ] --START--
INFO: [ template_filter ] --START--
INFO: Run Behavior\ContentReplaceBehavior [ RunTime:0.000494s ]
INFO: [ template_filter ] --END-- [ RunTime:0.000579s ]
INFO: Run Behavior\ParseTemplateBehavior [ RunTime:0.027632s ]
INFO: [ view_parse ] --END-- [ RunTime:0.027770s ]
INFO: [ view_filter ] --START--
INFO: Run Behavior\WriteHtmlCacheBehavior [ RunTime:0.002362s ]
INFO: [ view_filter ] --END-- [ RunTime:0.002434s ]

[ 2016-02-15T10:13:35+08:00 ] 127.0.0.1 /MyPro/index/login
INFO: [ app_init ] --START--
INFO: Run Behavior\BuildLiteBehavior [ RunTime:0.000012s ]
INFO: [ app_init ] --END-- [ RunTime:0.000290s ]
INFO: [ app_begin ] --START--
INFO: Run Behavior\ReadHtmlCacheBehavior [ RunTime:0.000277s ]
INFO: [ app_begin ] --END-- [ RunTime:0.000309s ]
SQL: SHOW COLUMNS FROM `yybg_admin_group` [ RunTime:0.0204s ]
SQL: SELECT `role_id` FROM `yybg_admin_group` WHERE ( admin_id='' )  [ RunTime:0.0064s ]
SQL: SHOW COLUMNS FROM `yybg_admin_menu` [ RunTime:0.0098s ]
NOTIC: [8] Undefined offset: 0 /Web/MyPro/Application/Admin/Common/CommonMenu.class.php 第 42 行.
SQL: select * from yybg_admin_menu menu where menu.pid is null and menu.id in (select res_id from yybg_auth auth where auth.role_id = '' and auth_res_type = '00A')  order by PID ASC , menu.sort desc [ RunTime:0.0042s ]
SQL: SELECT * FROM `yybg_admin_menu` WHERE ( id='' ) LIMIT 1   [ RunTime:0.0004s ]
INFO: [ view_parse ] --START--
INFO: [ template_filter ] --START--
INFO: Run Behavior\ContentReplaceBehavior [ RunTime:0.000045s ]
INFO: [ template_filter ] --END-- [ RunTime:0.000098s ]
INFO: Run Behavior\ParseTemplateBehavior [ RunTime:0.008644s ]
INFO: [ view_parse ] --END-- [ RunTime:0.008749s ]
INFO: [ view_filter ] --START--
INFO: Run Behavior\WriteHtmlCacheBehavior [ RunTime:0.000143s ]
INFO: [ view_filter ] --END-- [ RunTime:0.000173s ]
INFO: [ app_end ] --START--
INFO: Run Behavior\ShowPageTraceBehavior [ RunTime:0.001153s ]
INFO: [ app_end ] --END-- [ RunTime:0.001210s ]

[ 2016-02-15T10:13:39+08:00 ] 127.0.0.1 /MyPro/Index/adminValidate
INFO: [ app_init ] --START--
INFO: Run Behavior\BuildLiteBehavior [ RunTime:0.000015s ]
INFO: [ app_init ] --END-- [ RunTime:0.000283s ]
INFO: [ app_begin ] --START--
INFO: Run Behavior\ReadHtmlCacheBehavior [ RunTime:0.000303s ]
INFO: [ app_begin ] --END-- [ RunTime:0.000341s ]
SQL: SHOW COLUMNS FROM `yybg_admin_group` [ RunTime:0.0033s ]
SQL: SELECT `role_id` FROM `yybg_admin_group` WHERE ( admin_id='' )  [ RunTime:0.0003s ]
SQL: SHOW COLUMNS FROM `yybg_admin_menu` [ RunTime:0.0069s ]
NOTIC: [8] Undefined offset: 0 /Web/MyPro/Application/Admin/Common/CommonMenu.class.php 第 42 行.
SQL: select * from yybg_admin_menu menu where menu.pid is null and menu.id in (select res_id from yybg_auth auth where auth.role_id = '' and auth_res_type = '00A')  order by PID ASC , menu.sort desc [ RunTime:0.0007s ]
SQL: SELECT * FROM `yybg_admin_menu` WHERE ( id='' ) LIMIT 1   [ RunTime:0.0004s ]
SQL: SHOW COLUMNS FROM `yybg_admin` [ RunTime:0.0134s ]
SQL: SELECT * FROM `yybg_admin` WHERE `ACCOUNT` = 'yy86710' AND `PSW` = 'cfcd208495d565ef66e7dff9f98764da' AND `STATE` = '00A'  [ RunTime:0.0005s ]
INFO: [ view_parse ] --START--
INFO: [ template_filter ] --START--
INFO: Run Behavior\ContentReplaceBehavior [ RunTime:0.000067s ]
INFO: [ template_filter ] --END-- [ RunTime:0.000126s ]
INFO: Run Behavior\ParseTemplateBehavior [ RunTime:0.008901s ]
INFO: [ view_parse ] --END-- [ RunTime:0.008987s ]
INFO: [ view_filter ] --START--
INFO: Run Behavior\WriteHtmlCacheBehavior [ RunTime:0.000140s ]
INFO: [ view_filter ] --END-- [ RunTime:0.000171s ]

[ 2016-02-15T10:13:43+08:00 ] 127.0.0.1 /MyPro/Index/adminValidate
INFO: [ app_init ] --START--
INFO: Run Behavior\BuildLiteBehavior [ RunTime:0.000013s ]
INFO: [ app_init ] --END-- [ RunTime:0.000315s ]
INFO: [ app_begin ] --START--
INFO: Run Behavior\ReadHtmlCacheBehavior [ RunTime:0.000398s ]
INFO: [ app_begin ] --END-- [ RunTime:0.000447s ]
SQL: SHOW COLUMNS FROM `yybg_admin_group` [ RunTime:0.0062s ]
SQL: SELECT `role_id` FROM `yybg_admin_group` WHERE ( admin_id='' )  [ RunTime:0.0004s ]
SQL: SHOW COLUMNS FROM `yybg_admin_menu` [ RunTime:0.0065s ]
NOTIC: [8] Undefined offset: 0 /Web/MyPro/Application/Admin/Common/CommonMenu.class.php 第 42 行.
SQL: select * from yybg_admin_menu menu where menu.pid is null and menu.id in (select res_id from yybg_auth auth where auth.role_id = '' and auth_res_type = '00A')  order by PID ASC , menu.sort desc [ RunTime:0.0007s ]
SQL: SELECT * FROM `yybg_admin_menu` WHERE ( id='' ) LIMIT 1   [ RunTime:0.0007s ]
SQL: SHOW COLUMNS FROM `yybg_admin` [ RunTime:0.0064s ]
SQL: SELECT * FROM `yybg_admin` WHERE `ACCOUNT` = 'yy86710' AND `PSW` = '6c121d54dff9eea7ce75866fdd0d0d49' AND `STATE` = '00A'  [ RunTime:0.0006s ]
INFO: [ view_parse ] --START--
INFO: [ template_filter ] --START--
INFO: Run Behavior\ContentReplaceBehavior [ RunTime:0.000047s ]
INFO: [ template_filter ] --END-- [ RunTime:0.000102s ]
INFO: Run Behavior\ParseTemplateBehavior [ RunTime:0.006387s ]
INFO: [ view_parse ] --END-- [ RunTime:0.006442s ]
INFO: [ view_filter ] --START--
INFO: Run Behavior\WriteHtmlCacheBehavior [ RunTime:0.000244s ]
INFO: [ view_filter ] --END-- [ RunTime:0.000294s ]

[ 2016-02-15T10:13:46+08:00 ] 127.0.0.1 /MyPro/Index/adminValidate
INFO: [ app_init ] --START--
INFO: Run Behavior\BuildLiteBehavior [ RunTime:0.000010s ]
INFO: [ app_init ] --END-- [ RunTime:0.000200s ]
INFO: [ app_begin ] --START--
INFO: Run Behavior\ReadHtmlCacheBehavior [ RunTime:0.000358s ]
INFO: [ app_begin ] --END-- [ RunTime:0.000418s ]
SQL: SHOW COLUMNS FROM `yybg_admin_group` [ RunTime:0.0077s ]
SQL: SELECT `role_id` FROM `yybg_admin_group` WHERE ( admin_id='' )  [ RunTime:0.0005s ]
SQL: SHOW COLUMNS FROM `yybg_admin_menu` [ RunTime:0.0066s ]
NOTIC: [8] Undefined offset: 0 /Web/MyPro/Application/Admin/Common/CommonMenu.class.php 第 42 行.
SQL: select * from yybg_admin_menu menu where menu.pid is null and menu.id in (select res_id from yybg_auth auth where auth.role_id = '' and auth_res_type = '00A')  order by PID ASC , menu.sort desc [ RunTime:0.0007s ]
SQL: SELECT * FROM `yybg_admin_menu` WHERE ( id='' ) LIMIT 1   [ RunTime:0.0005s ]
SQL: SHOW COLUMNS FROM `yybg_admin` [ RunTime:0.0067s ]
SQL: SELECT * FROM `yybg_admin` WHERE `ACCOUNT` = 'yy86710' AND `PSW` = '670b14728ad9902aecba32e22fa4f6bd' AND `STATE` = '00A'  [ RunTime:0.0008s ]
INFO: [ view_parse ] --START--
INFO: [ template_filter ] --START--
INFO: Run Behavior\ContentReplaceBehavior [ RunTime:0.000120s ]
INFO: [ template_filter ] --END-- [ RunTime:0.000200s ]
INFO: Run Behavior\ParseTemplateBehavior [ RunTime:0.007132s ]
INFO: [ view_parse ] --END-- [ RunTime:0.007298s ]
INFO: [ view_filter ] --START--
INFO: Run Behavior\WriteHtmlCacheBehavior [ RunTime:0.000152s ]
INFO: [ view_filter ] --END-- [ RunTime:0.000189s ]

[ 2016-02-15T10:13:49+08:00 ] 127.0.0.1 /MyPro/Index/adminValidate
INFO: [ app_init ] --START--
INFO: Run Behavior\BuildLiteBehavior [ RunTime:0.000010s ]
INFO: [ app_init ] --END-- [ RunTime:0.000210s ]
INFO: [ app_begin ] --START--
INFO: Run Behavior\ReadHtmlCacheBehavior [ RunTime:0.000303s ]
INFO: [ app_begin ] --END-- [ RunTime:0.000340s ]
SQL: SHOW COLUMNS FROM `yybg_admin_group` [ RunTime:0.0103s ]
SQL: SELECT `role_id` FROM `yybg_admin_group` WHERE ( admin_id='' )  [ RunTime:0.0003s ]
SQL: SHOW COLUMNS FROM `yybg_admin_menu` [ RunTime:0.0111s ]
NOTIC: [8] Undefined offset: 0 /Web/MyPro/Application/Admin/Common/CommonMenu.class.php 第 42 行.
SQL: select * from yybg_admin_menu menu where menu.pid is null and menu.id in (select res_id from yybg_auth auth where auth.role_id = '' and auth_res_type = '00A')  order by PID ASC , menu.sort desc [ RunTime:0.0004s ]
SQL: SELECT * FROM `yybg_admin_menu` WHERE ( id='' ) LIMIT 1   [ RunTime:0.0002s ]
SQL: SHOW COLUMNS FROM `yybg_admin` [ RunTime:0.0109s ]
SQL: SELECT * FROM `yybg_admin` WHERE `ACCOUNT` = 'yy86710' AND `PSW` = '96e79218965eb72c92a549dd5a330112' AND `STATE` = '00A'  [ RunTime:0.0003s ]
INFO: [ view_parse ] --START--
INFO: [ template_filter ] --START--
INFO: Run Behavior\ContentReplaceBehavior [ RunTime:0.000035s ]
INFO: [ template_filter ] --END-- [ RunTime:0.000078s ]
INFO: Run Behavior\ParseTemplateBehavior [ RunTime:0.013142s ]
INFO: [ view_parse ] --END-- [ RunTime:0.013204s ]
INFO: [ view_filter ] --START--
INFO: Run Behavior\WriteHtmlCacheBehavior [ RunTime:0.000112s ]
INFO: [ view_filter ] --END-- [ RunTime:0.000137s ]
SQL: UPDATE `yybg_admin` SET `LAST_LOGIN`='2016-02-15 10:13:49' WHERE `ID` = '1d1be9e8-6123-e7ad-b0d7-78d52415bce8' [ RunTime:0.0074s ]
INFO: [ app_end ] --START--
INFO: Run Behavior\ShowPageTraceBehavior [ RunTime:0.000403s ]
INFO: [ app_end ] --END-- [ RunTime:0.000439s ]

[ 2016-02-15T10:13:50+08:00 ] 127.0.0.1 /MyPro/Index/index
INFO: [ app_init ] --START--
INFO: Run Behavior\BuildLiteBehavior [ RunTime:0.000016s ]
INFO: [ app_init ] --END-- [ RunTime:0.000393s ]
INFO: [ app_begin ] --START--
INFO: Run Behavior\ReadHtmlCacheBehavior [ RunTime:0.000550s ]
INFO: [ app_begin ] --END-- [ RunTime:0.000621s ]
SQL: SHOW COLUMNS FROM `yybg_admin_group` [ RunTime:0.0069s ]
SQL: SELECT `role_id` FROM `yybg_admin_group` WHERE ( admin_id='1d1be9e8-6123-e7ad-b0d7-78d52415bce8' )  [ RunTime:0.0005s ]
SQL: SHOW COLUMNS FROM `yybg_admin_menu` [ RunTime:0.0212s ]
SQL: select * from yybg_admin_menu menu where menu.pid is null and menu.id in (select res_id from yybg_auth auth where auth.role_id = '55eb8807-41ad-6290-2e29-fa2982301f3b' and auth_res_type = '00A')  order by PID ASC , menu.sort desc [ RunTime:0.0033s ]
NOTIC: [8] Undefined index: URI /Web/MyPro/Application/Admin/Common/CommonMenu.class.php 第 45 行.
SQL: select * from yybg_admin_menu menu where menu.pid = '64c21aae-045b-72fb-cfd0-e0f28ffffcc2' and menu.id in (select res_id from yybg_auth auth where auth.role_id = '55eb8807-41ad-6290-2e29-fa2982301f3b' and auth_res_type = '00A') order by PID ASC , menu.sort desc [ RunTime:0.0007s ]
NOTIC: [8] Undefined index: URI /Web/MyPro/Application/Admin/Common/CommonMenu.class.php 第 45 行.
SQL: select * from yybg_admin_menu menu where menu.pid = '2d0ba68f-c9bc-a1ce-a960-13fb24fe71de' and menu.id in (select res_id from yybg_auth auth where auth.role_id = '55eb8807-41ad-6290-2e29-fa2982301f3b' and auth_res_type = '00A') order by PID ASC , menu.sort desc [ RunTime:0.0006s ]
NOTIC: [8] Undefined index: URI /Web/MyPro/Application/Admin/Common/CommonMenu.class.php 第 45 行.
SQL: select * from yybg_admin_menu menu where menu.pid = '4330a065-60b1-9ebc-8ed5-722f75f56241' and menu.id in (select res_id from yybg_auth auth where auth.role_id = '55eb8807-41ad-6290-2e29-fa2982301f3b' and auth_res_type = '00A') order by PID ASC , menu.sort desc [ RunTime:0.0006s ]
SQL: SELECT * FROM `yybg_admin_menu` WHERE ( id='' ) LIMIT 1   [ RunTime:0.0004s ]
INFO: [ view_parse ] --START--
INFO: [ template_filter ] --START--
INFO: Run Behavior\ContentReplaceBehavior [ RunTime:0.000141s ]
INFO: [ template_filter ] --END-- [ RunTime:0.000179s ]
NOTIC: [8] Undefined offset: 1 /Web/MyPro/Application/Runtime/Cache/Admin/5e7c63a67ddc7b54827f64fe7b4d977c.php 第 95 行.
NOTIC: [8] Use of undefined constant Index - assumed 'Index' /Web/MyPro/Application/Runtime/Cache/Admin/5e7c63a67ddc7b54827f64fe7b4d977c.php 第 460 行.
INFO: Run Behavior\ParseTemplateBehavior [ RunTime:0.037672s ]
INFO: [ view_parse ] --END-- [ RunTime:0.037720s ]
INFO: [ view_filter ] --START--
INFO: Run Behavior\WriteHtmlCacheBehavior [ RunTime:0.000191s ]
INFO: [ view_filter ] --END-- [ RunTime:0.000222s ]
INFO: [ app_end ] --START--
INFO: Run Behavior\ShowPageTraceBehavior [ RunTime:0.000594s ]
INFO: [ app_end ] --END-- [ RunTime:0.000654s ]

[ 2016-02-15T10:13:50+08:00 ] 127.0.0.1 /MyPro/Public/JsResources/Matrix/jquery.gritter.min.js
INFO: [ app_init ] --START--
INFO: Run Behavior\BuildLiteBehavior [ RunTime:0.000027s ]
INFO: [ app_init ] --END-- [ RunTime:0.000546s ]
INFO: [ app_begin ] --START--
INFO: Run Behavior\ReadHtmlCacheBehavior [ RunTime:0.000496s ]
INFO: [ app_begin ] --END-- [ RunTime:0.000563s ]
ERR: 无法加载控制器:Public

