[ 2016-04-28T01:58:18+08:00 ] 127.0.0.1 /MyFramework/
INFO: [ app_init ] --START--
INFO: Run Behavior\BuildLiteBehavior [ RunTime:0.000088s ]
INFO: [ app_init ] --END-- [ RunTime:0.017707s ]
INFO: [ app_begin ] --START--
INFO: Run Behavior\ReadHtmlCacheBehavior [ RunTime:0.004113s ]
INFO: [ app_begin ] --END-- [ RunTime:0.004250s ]
SQL: SHOW COLUMNS FROM `yybg_admin_group` [ RunTime:0.0158s ]
SQL: SELECT `role_id` FROM `yybg_admin_group` WHERE ( admin_id='1d1be9e8-6123-e7ad-b0d7-78d52415bce8' )  [ RunTime:0.0057s ]
SQL: SHOW COLUMNS FROM `yybg_admin_menu` [ RunTime:0.0074s ]
SQL: select * from yybg_admin_menu menu where menu.pid is null and menu.id in (select res_id from yybg_auth auth where auth.role_id = '55eb8807-41ad-6290-2e29-fa2982301f3b' and auth_res_type = '00A')  order by PID ASC , menu.sort desc [ RunTime:0.0123s ]
NOTIC: [8] Undefined index: URI /Web/MyFramework/Application/Admin/Common/CommonMenu.class.php 第 45 行.
SQL: select * from yybg_admin_menu menu where menu.pid = 'fc64ed23-423e-c1da-931d-9a8f5caf8861' and menu.id in (select res_id from yybg_auth auth where auth.role_id = '55eb8807-41ad-6290-2e29-fa2982301f3b' and auth_res_type = '00A') order by PID ASC , menu.sort desc [ RunTime:0.0037s ]
NOTIC: [8] Undefined index: URI /Web/MyFramework/Application/Admin/Common/CommonMenu.class.php 第 45 行.
SQL: select * from yybg_admin_menu menu where menu.pid = '64c21aae-045b-72fb-cfd0-e0f28ffffcc2' and menu.id in (select res_id from yybg_auth auth where auth.role_id = '55eb8807-41ad-6290-2e29-fa2982301f3b' and auth_res_type = '00A') order by PID ASC , menu.sort desc [ RunTime:0.0007s ]
NOTIC: [8] Undefined index: URI /Web/MyFramework/Application/Admin/Common/CommonMenu.class.php 第 45 行.
SQL: select * from yybg_admin_menu menu where menu.pid = '2d0ba68f-c9bc-a1ce-a960-13fb24fe71de' and menu.id in (select res_id from yybg_auth auth where auth.role_id = '55eb8807-41ad-6290-2e29-fa2982301f3b' and auth_res_type = '00A') order by PID ASC , menu.sort desc [ RunTime:0.0005s ]
NOTIC: [8] Undefined index: URI /Web/MyFramework/Application/Admin/Common/CommonMenu.class.php 第 45 行.
SQL: select * from yybg_admin_menu menu where menu.pid = '4330a065-60b1-9ebc-8ed5-722f75f56241' and menu.id in (select res_id from yybg_auth auth where auth.role_id = '55eb8807-41ad-6290-2e29-fa2982301f3b' and auth_res_type = '00A') order by PID ASC , menu.sort desc [ RunTime:0.0006s ]
NOTIC: [8] Undefined index: URI /Web/MyFramework/Application/Admin/Common/CommonMenu.class.php 第 45 行.
SQL: select * from yybg_admin_menu menu where menu.pid = 'afc1acab-8a87-c6b2-a3be-23e3ba844a65' and menu.id in (select res_id from yybg_auth auth where auth.role_id = '55eb8807-41ad-6290-2e29-fa2982301f3b' and auth_res_type = '00A') order by PID ASC , menu.sort desc [ RunTime:0.0004s ]
SQL: SELECT * FROM `yybg_admin_menu` WHERE ( id='' ) LIMIT 1   [ RunTime:0.0004s ]
INFO: [ view_parse ] --START--
INFO: [ template_filter ] --START--
INFO: Run Behavior\ContentReplaceBehavior [ RunTime:0.000652s ]
INFO: [ template_filter ] --END-- [ RunTime:0.000744s ]
NOTIC: [8] Undefined variable: EDIT /Web/MyFramework/Application/Runtime/Cache/Admin/5e7c63a67ddc7b54827f64fe7b4d977c.php 第 21 行.
NOTIC: [8] Undefined offset: 1 /Web/MyFramework/Application/Runtime/Cache/Admin/5e7c63a67ddc7b54827f64fe7b4d977c.php 第 100 行.
NOTIC: [8] Use of undefined constant Index - assumed 'Index' /Web/MyFramework/Application/Runtime/Cache/Admin/5e7c63a67ddc7b54827f64fe7b4d977c.php 第 464 行.
INFO: Run Behavior\ParseTemplateBehavior [ RunTime:0.052491s ]
INFO: [ view_parse ] --END-- [ RunTime:0.052561s ]
INFO: [ view_filter ] --START--
INFO: Run Behavior\WriteHtmlCacheBehavior [ RunTime:0.003444s ]
INFO: [ view_filter ] --END-- [ RunTime:0.003526s ]
INFO: [ app_end ] --START--
INFO: Run Behavior\ShowPageTraceBehavior [ RunTime:0.003717s ]
INFO: [ app_end ] --END-- [ RunTime:0.003828s ]

[ 2016-04-28T01:58:18+08:00 ] 127.0.0.1 /MyFramework/
INFO: [ app_init ] --START--
INFO: Run Behavior\BuildLiteBehavior [ RunTime:0.000012s ]
INFO: [ app_init ] --END-- [ RunTime:0.000248s ]
INFO: [ app_begin ] --START--
INFO: Run Behavior\ReadHtmlCacheBehavior [ RunTime:0.000361s ]
INFO: [ app_begin ] --END-- [ RunTime:0.000412s ]
SQL: SHOW COLUMNS FROM `yybg_admin_group` [ RunTime:0.0034s ]
SQL: SELECT `role_id` FROM `yybg_admin_group` WHERE ( admin_id='1d1be9e8-6123-e7ad-b0d7-78d52415bce8' )  [ RunTime:0.0004s ]
SQL: SHOW COLUMNS FROM `yybg_admin_menu` [ RunTime:0.0063s ]
SQL: select * from yybg_admin_menu menu where menu.pid is null and menu.id in (select res_id from yybg_auth auth where auth.role_id = '55eb8807-41ad-6290-2e29-fa2982301f3b' and auth_res_type = '00A')  order by PID ASC , menu.sort desc [ RunTime:0.0015s ]
NOTIC: [8] Undefined index: URI /Web/MyFramework/Application/Admin/Common/CommonMenu.class.php 第 45 行.
SQL: select * from yybg_admin_menu menu where menu.pid = 'fc64ed23-423e-c1da-931d-9a8f5caf8861' and menu.id in (select res_id from yybg_auth auth where auth.role_id = '55eb8807-41ad-6290-2e29-fa2982301f3b' and auth_res_type = '00A') order by PID ASC , menu.sort desc [ RunTime:0.0032s ]
NOTIC: [8] Undefined index: URI /Web/MyFramework/Application/Admin/Common/CommonMenu.class.php 第 45 行.
SQL: select * from yybg_admin_menu menu where menu.pid = '64c21aae-045b-72fb-cfd0-e0f28ffffcc2' and menu.id in (select res_id from yybg_auth auth where auth.role_id = '55eb8807-41ad-6290-2e29-fa2982301f3b' and auth_res_type = '00A') order by PID ASC , menu.sort desc [ RunTime:0.0034s ]
NOTIC: [8] Undefined index: URI /Web/MyFramework/Application/Admin/Common/CommonMenu.class.php 第 45 行.
SQL: select * from yybg_admin_menu menu where menu.pid = '2d0ba68f-c9bc-a1ce-a960-13fb24fe71de' and menu.id in (select res_id from yybg_auth auth where auth.role_id = '55eb8807-41ad-6290-2e29-fa2982301f3b' and auth_res_type = '00A') order by PID ASC , menu.sort desc [ RunTime:0.0040s ]
NOTIC: [8] Undefined index: URI /Web/MyFramework/Application/Admin/Common/CommonMenu.class.php 第 45 行.
SQL: select * from yybg_admin_menu menu where menu.pid = '4330a065-60b1-9ebc-8ed5-722f75f56241' and menu.id in (select res_id from yybg_auth auth where auth.role_id = '55eb8807-41ad-6290-2e29-fa2982301f3b' and auth_res_type = '00A') order by PID ASC , menu.sort desc [ RunTime:0.0007s ]
NOTIC: [8] Undefined index: URI /Web/MyFramework/Application/Admin/Common/CommonMenu.class.php 第 45 行.
SQL: select * from yybg_admin_menu menu where menu.pid = 'afc1acab-8a87-c6b2-a3be-23e3ba844a65' and menu.id in (select res_id from yybg_auth auth where auth.role_id = '55eb8807-41ad-6290-2e29-fa2982301f3b' and auth_res_type = '00A') order by PID ASC , menu.sort desc [ RunTime:0.0007s ]
SQL: SELECT * FROM `yybg_admin_menu` WHERE ( id='' ) LIMIT 1   [ RunTime:0.0004s ]

[ 2016-04-28T01:58:19+08:00 ] 127.0.0.1 /MyFramework/Public/JsResources/Matrix/jquery.gritter.min.js
INFO: [ app_init ] --START--
INFO: Run Behavior\BuildLiteBehavior [ RunTime:0.000015s ]
INFO: [ app_init ] --END-- [ RunTime:0.000598s ]
INFO: [ app_begin ] --START--
INFO: Run Behavior\ReadHtmlCacheBehavior [ RunTime:0.000483s ]
INFO: [ app_begin ] --END-- [ RunTime:0.000547s ]
ERR: 无法加载控制器:Public

[ 2016-04-28T01:58:23+08:00 ] 127.0.0.1 /MyFramework/interfaceManagment/viewList/m_id/f990ca32-fc51-b11c-c4e7-4e99a200997b/p_id/fc64ed23-423e-c1da-931d-9a8f5caf8861
INFO: [ app_init ] --START--
INFO: Run Behavior\BuildLiteBehavior [ RunTime:0.000022s ]
INFO: [ app_init ] --END-- [ RunTime:0.000639s ]
INFO: [ app_begin ] --START--
INFO: Run Behavior\ReadHtmlCacheBehavior [ RunTime:0.000584s ]
INFO: [ app_begin ] --END-- [ RunTime:0.000663s ]
SQL: SHOW COLUMNS FROM `yybg_admin_group` [ RunTime:0.0061s ]
SQL: SELECT `role_id` FROM `yybg_admin_group` WHERE ( admin_id='1d1be9e8-6123-e7ad-b0d7-78d52415bce8' )  [ RunTime:0.0003s ]
SQL: SHOW COLUMNS FROM `yybg_admin_menu` [ RunTime:0.0066s ]
SQL: select * from yybg_admin_menu menu where menu.pid is null and menu.id in (select res_id from yybg_auth auth where auth.role_id = '55eb8807-41ad-6290-2e29-fa2982301f3b' and auth_res_type = '00A')  order by PID ASC , menu.sort desc [ RunTime:0.0007s ]
NOTIC: [8] Undefined index: URI /Web/MyFramework/Application/Admin/Common/CommonMenu.class.php 第 45 行.
SQL: select * from yybg_admin_menu menu where menu.pid = 'fc64ed23-423e-c1da-931d-9a8f5caf8861' and menu.id in (select res_id from yybg_auth auth where auth.role_id = '55eb8807-41ad-6290-2e29-fa2982301f3b' and auth_res_type = '00A') order by PID ASC , menu.sort desc [ RunTime:0.0006s ]
NOTIC: [8] Undefined index: URI /Web/MyFramework/Application/Admin/Common/CommonMenu.class.php 第 45 行.
SQL: select * from yybg_admin_menu menu where menu.pid = '64c21aae-045b-72fb-cfd0-e0f28ffffcc2' and menu.id in (select res_id from yybg_auth auth where auth.role_id = '55eb8807-41ad-6290-2e29-fa2982301f3b' and auth_res_type = '00A') order by PID ASC , menu.sort desc [ RunTime:0.0008s ]
NOTIC: [8] Undefined index: URI /Web/MyFramework/Application/Admin/Common/CommonMenu.class.php 第 45 行.
SQL: select * from yybg_admin_menu menu where menu.pid = '2d0ba68f-c9bc-a1ce-a960-13fb24fe71de' and menu.id in (select res_id from yybg_auth auth where auth.role_id = '55eb8807-41ad-6290-2e29-fa2982301f3b' and auth_res_type = '00A') order by PID ASC , menu.sort desc [ RunTime:0.0004s ]
NOTIC: [8] Undefined index: URI /Web/MyFramework/Application/Admin/Common/CommonMenu.class.php 第 45 行.
SQL: select * from yybg_admin_menu menu where menu.pid = '4330a065-60b1-9ebc-8ed5-722f75f56241' and menu.id in (select res_id from yybg_auth auth where auth.role_id = '55eb8807-41ad-6290-2e29-fa2982301f3b' and auth_res_type = '00A') order by PID ASC , menu.sort desc [ RunTime:0.0004s ]
NOTIC: [8] Undefined index: URI /Web/MyFramework/Application/Admin/Common/CommonMenu.class.php 第 45 行.
SQL: select * from yybg_admin_menu menu where menu.pid = 'afc1acab-8a87-c6b2-a3be-23e3ba844a65' and menu.id in (select res_id from yybg_auth auth where auth.role_id = '55eb8807-41ad-6290-2e29-fa2982301f3b' and auth_res_type = '00A') order by PID ASC , menu.sort desc [ RunTime:0.0004s ]
SQL: SELECT * FROM `yybg_admin_menu` WHERE ( id='f990ca32-fc51-b11c-c4e7-4e99a200997b' ) LIMIT 1   [ RunTime:0.0003s ]
SQL: SELECT * FROM `yybg_admin_menu` WHERE ( id='fc64ed23-423e-c1da-931d-9a8f5caf8861' ) LIMIT 1   [ RunTime:0.0003s ]
SQL: SHOW COLUMNS FROM `yybg_int_category` [ RunTime:0.0069s ]
SQL: SHOW COLUMNS FROM `yybg_int_info` [ RunTime:0.0073s ]
INFO: [ view_parse ] --START--
INFO: [ template_filter ] --START--
INFO: Run Behavior\ContentReplaceBehavior [ RunTime:0.000151s ]
INFO: [ template_filter ] --END-- [ RunTime:0.000191s ]
NOTIC: [8] Undefined variable: PAGE_FROM /Web/MyFramework/Application/Runtime/Cache/Admin/e7cc4599a0e496afa476f524e9bd4f6d.php 第 15 行.
NOTIC: [8] Undefined variable: PAGE_FROM /Web/MyFramework/Application/Runtime/Cache/Admin/e7cc4599a0e496afa476f524e9bd4f6d.php 第 17 行.
NOTIC: [8] Undefined variable: PAGE_FROM /Web/MyFramework/Application/Runtime/Cache/Admin/e7cc4599a0e496afa476f524e9bd4f6d.php 第 17 行.
NOTIC: [8] Undefined variable: EDIT /Web/MyFramework/Application/Runtime/Cache/Admin/e7cc4599a0e496afa476f524e9bd4f6d.php 第 21 行.
NOTIC: [8] Undefined variable: list /Web/MyFramework/Application/Runtime/Cache/Admin/e7cc4599a0e496afa476f524e9bd4f6d.php 第 165 行.
NOTIC: [8] Undefined variable: pageData /Web/MyFramework/Application/Runtime/Cache/Admin/e7cc4599a0e496afa476f524e9bd4f6d.php 第 244 行.
NOTIC: [8] Undefined variable: PAGE_FROM /Web/MyFramework/Application/Runtime/Cache/Admin/e7cc4599a0e496afa476f524e9bd4f6d.php 第 273 行.
NOTIC: [8] Undefined variable: PAGE_FROM /Web/MyFramework/Application/Runtime/Cache/Admin/e7cc4599a0e496afa476f524e9bd4f6d.php 第 287 行.
NOTIC: [8] Undefined variable: PAGE_FROM /Web/MyFramework/Application/Runtime/Cache/Admin/e7cc4599a0e496afa476f524e9bd4f6d.php 第 290 行.
NOTIC: [8] Use of undefined constant Index - assumed 'Index' /Web/MyFramework/Application/Runtime/Cache/Admin/e7cc4599a0e496afa476f524e9bd4f6d.php 第 295 行.
NOTIC: [8] Undefined variable: PAGE_FROM /Web/MyFramework/Application/Runtime/Cache/Admin/e7cc4599a0e496afa476f524e9bd4f6d.php 第 295 行.
INFO: Run Behavior\ParseTemplateBehavior [ RunTime:0.022074s ]
INFO: [ view_parse ] --END-- [ RunTime:0.022134s ]
INFO: [ view_filter ] --START--
INFO: Run Behavior\WriteHtmlCacheBehavior [ RunTime:0.000120s ]
INFO: [ view_filter ] --END-- [ RunTime:0.000143s ]
INFO: [ app_end ] --START--
INFO: Run Behavior\ShowPageTraceBehavior [ RunTime:0.000325s ]
INFO: [ app_end ] --END-- [ RunTime:0.000350s ]

[ 2016-04-28T01:58:23+08:00 ] 127.0.0.1 /MyFramework/interfaceManagment/viewList/m_id/f990ca32-fc51-b11c-c4e7-4e99a200997b/p_id/fc64ed23-423e-c1da-931d-9a8f5caf8861
INFO: [ app_init ] --START--
INFO: Run Behavior\BuildLiteBehavior [ RunTime:0.000012s ]
INFO: [ app_init ] --END-- [ RunTime:0.000235s ]
INFO: [ app_begin ] --START--
INFO: Run Behavior\ReadHtmlCacheBehavior [ RunTime:0.000341s ]
INFO: [ app_begin ] --END-- [ RunTime:0.000415s ]
SQL: SHOW COLUMNS FROM `yybg_admin_group` [ RunTime:0.0180s ]
SQL: SELECT `role_id` FROM `yybg_admin_group` WHERE ( admin_id='1d1be9e8-6123-e7ad-b0d7-78d52415bce8' )  [ RunTime:0.0004s ]
SQL: SHOW COLUMNS FROM `yybg_admin_menu` [ RunTime:0.0069s ]
SQL: select * from yybg_admin_menu menu where menu.pid is null and menu.id in (select res_id from yybg_auth auth where auth.role_id = '55eb8807-41ad-6290-2e29-fa2982301f3b' and auth_res_type = '00A')  order by PID ASC , menu.sort desc [ RunTime:0.0011s ]
NOTIC: [8] Undefined index: URI /Web/MyFramework/Application/Admin/Common/CommonMenu.class.php 第 45 行.
SQL: select * from yybg_admin_menu menu where menu.pid = 'fc64ed23-423e-c1da-931d-9a8f5caf8861' and menu.id in (select res_id from yybg_auth auth where auth.role_id = '55eb8807-41ad-6290-2e29-fa2982301f3b' and auth_res_type = '00A') order by PID ASC , menu.sort desc [ RunTime:0.0009s ]
NOTIC: [8] Undefined index: URI /Web/MyFramework/Application/Admin/Common/CommonMenu.class.php 第 45 行.
SQL: select * from yybg_admin_menu menu where menu.pid = '64c21aae-045b-72fb-cfd0-e0f28ffffcc2' and menu.id in (select res_id from yybg_auth auth where auth.role_id = '55eb8807-41ad-6290-2e29-fa2982301f3b' and auth_res_type = '00A') order by PID ASC , menu.sort desc [ RunTime:0.0008s ]
NOTIC: [8] Undefined index: URI /Web/MyFramework/Application/Admin/Common/CommonMenu.class.php 第 45 行.
SQL: select * from yybg_admin_menu menu where menu.pid = '2d0ba68f-c9bc-a1ce-a960-13fb24fe71de' and menu.id in (select res_id from yybg_auth auth where auth.role_id = '55eb8807-41ad-6290-2e29-fa2982301f3b' and auth_res_type = '00A') order by PID ASC , menu.sort desc [ RunTime:0.0007s ]
NOTIC: [8] Undefined index: URI /Web/MyFramework/Application/Admin/Common/CommonMenu.class.php 第 45 行.
SQL: select * from yybg_admin_menu menu where menu.pid = '4330a065-60b1-9ebc-8ed5-722f75f56241' and menu.id in (select res_id from yybg_auth auth where auth.role_id = '55eb8807-41ad-6290-2e29-fa2982301f3b' and auth_res_type = '00A') order by PID ASC , menu.sort desc [ RunTime:0.0010s ]
NOTIC: [8] Undefined index: URI /Web/MyFramework/Application/Admin/Common/CommonMenu.class.php 第 45 行.
SQL: select * from yybg_admin_menu menu where menu.pid = 'afc1acab-8a87-c6b2-a3be-23e3ba844a65' and menu.id in (select res_id from yybg_auth auth where auth.role_id = '55eb8807-41ad-6290-2e29-fa2982301f3b' and auth_res_type = '00A') order by PID ASC , menu.sort desc [ RunTime:0.0010s ]
SQL: SELECT * FROM `yybg_admin_menu` WHERE ( id='' ) LIMIT 1   [ RunTime:0.0004s ]

[ 2016-04-28T01:58:25+08:00 ] 127.0.0.1 /MyFramework/InterfaceManagment/viewAdd/m_id/f990ca32-fc51-b11c-c4e7-4e99a200997b/p_id/fc64ed23-423e-c1da-931d-9a8f5caf8861
INFO: [ app_init ] --START--
INFO: Run Behavior\BuildLiteBehavior [ RunTime:0.000017s ]
INFO: [ app_init ] --END-- [ RunTime:0.000434s ]
INFO: [ app_begin ] --START--
INFO: Run Behavior\ReadHtmlCacheBehavior [ RunTime:0.000592s ]
INFO: [ app_begin ] --END-- [ RunTime:0.000667s ]
SQL: SHOW COLUMNS FROM `yybg_admin_group` [ RunTime:0.0030s ]
SQL: SELECT `role_id` FROM `yybg_admin_group` WHERE ( admin_id='1d1be9e8-6123-e7ad-b0d7-78d52415bce8' )  [ RunTime:0.0004s ]
SQL: SHOW COLUMNS FROM `yybg_admin_menu` [ RunTime:0.0068s ]
SQL: select * from yybg_admin_menu menu where menu.pid is null and menu.id in (select res_id from yybg_auth auth where auth.role_id = '55eb8807-41ad-6290-2e29-fa2982301f3b' and auth_res_type = '00A')  order by PID ASC , menu.sort desc [ RunTime:0.0009s ]
NOTIC: [8] Undefined index: URI /Web/MyFramework/Application/Admin/Common/CommonMenu.class.php 第 45 行.
SQL: select * from yybg_admin_menu menu where menu.pid = 'fc64ed23-423e-c1da-931d-9a8f5caf8861' and menu.id in (select res_id from yybg_auth auth where auth.role_id = '55eb8807-41ad-6290-2e29-fa2982301f3b' and auth_res_type = '00A') order by PID ASC , menu.sort desc [ RunTime:0.0007s ]
NOTIC: [8] Undefined index: URI /Web/MyFramework/Application/Admin/Common/CommonMenu.class.php 第 45 行.
SQL: select * from yybg_admin_menu menu where menu.pid = '64c21aae-045b-72fb-cfd0-e0f28ffffcc2' and menu.id in (select res_id from yybg_auth auth where auth.role_id = '55eb8807-41ad-6290-2e29-fa2982301f3b' and auth_res_type = '00A') order by PID ASC , menu.sort desc [ RunTime:0.0006s ]
NOTIC: [8] Undefined index: URI /Web/MyFramework/Application/Admin/Common/CommonMenu.class.php 第 45 行.
SQL: select * from yybg_admin_menu menu where menu.pid = '2d0ba68f-c9bc-a1ce-a960-13fb24fe71de' and menu.id in (select res_id from yybg_auth auth where auth.role_id = '55eb8807-41ad-6290-2e29-fa2982301f3b' and auth_res_type = '00A') order by PID ASC , menu.sort desc [ RunTime:0.0005s ]
NOTIC: [8] Undefined index: URI /Web/MyFramework/Application/Admin/Common/CommonMenu.class.php 第 45 行.
SQL: select * from yybg_admin_menu menu where menu.pid = '4330a065-60b1-9ebc-8ed5-722f75f56241' and menu.id in (select res_id from yybg_auth auth where auth.role_id = '55eb8807-41ad-6290-2e29-fa2982301f3b' and auth_res_type = '00A') order by PID ASC , menu.sort desc [ RunTime:0.0007s ]
NOTIC: [8] Undefined index: URI /Web/MyFramework/Application/Admin/Common/CommonMenu.class.php 第 45 行.
SQL: select * from yybg_admin_menu menu where menu.pid = 'afc1acab-8a87-c6b2-a3be-23e3ba844a65' and menu.id in (select res_id from yybg_auth auth where auth.role_id = '55eb8807-41ad-6290-2e29-fa2982301f3b' and auth_res_type = '00A') order by PID ASC , menu.sort desc [ RunTime:0.0005s ]
SQL: SELECT * FROM `yybg_admin_menu` WHERE ( id='f990ca32-fc51-b11c-c4e7-4e99a200997b' ) LIMIT 1   [ RunTime:0.0003s ]
SQL: SELECT * FROM `yybg_admin_menu` WHERE ( id='fc64ed23-423e-c1da-931d-9a8f5caf8861' ) LIMIT 1   [ RunTime:0.0003s ]
SQL: SHOW COLUMNS FROM `yybg_int_category` [ RunTime:0.0037s ]
SQL: SHOW COLUMNS FROM `yybg_int_info` [ RunTime:0.0069s ]
SQL: SELECT `id`,`name` FROM `yybg_int_category` WHERE ( pid is null and state='00A' ) ORDER BY sort desc  [ RunTime:0.0005s ]
SQL: SELECT `id`,`name` FROM `yybg_int_category` WHERE ( pid = 'd387c421-f2d6-3231-c384-e44a4e4a22ad' and state='00A' ) ORDER BY sort desc  [ RunTime:0.0005s ]
SQL: SELECT `id`,`name` FROM `yybg_int_category` WHERE ( pid = '19e71540-28ca-66dc-2c9e-4d9b46e8f6f7' and state='00A' ) ORDER BY sort desc  [ RunTime:0.0003s ]
INFO: [ view_parse ] --START--
INFO: [ template_filter ] --START--
INFO: Run Behavior\ContentReplaceBehavior [ RunTime:0.000202s ]
INFO: [ template_filter ] --END-- [ RunTime:0.000243s ]
NOTIC: [8] Use of undefined constant Index - assumed 'Index' /Web/MyFramework/Application/Runtime/Cache/Admin/bb2abd67d1627c6237a98be1ecb319b4.php 第 439 行.
INFO: Run Behavior\ParseTemplateBehavior [ RunTime:0.024268s ]
INFO: [ view_parse ] --END-- [ RunTime:0.025934s ]
INFO: [ view_filter ] --START--
INFO: Run Behavior\WriteHtmlCacheBehavior [ RunTime:0.000128s ]
INFO: [ view_filter ] --END-- [ RunTime:0.000151s ]
INFO: [ app_end ] --START--
INFO: Run Behavior\ShowPageTraceBehavior [ RunTime:0.000327s ]
INFO: [ app_end ] --END-- [ RunTime:0.000354s ]

[ 2016-04-28T20:05:47+08:00 ] 127.0.0.1 /MyFramework/
INFO: [ app_init ] --START--
INFO: Run Behavior\BuildLiteBehavior [ RunTime:0.000047s ]
INFO: [ app_init ] --END-- [ RunTime:0.014593s ]
INFO: [ app_begin ] --START--
INFO: Run Behavior\ReadHtmlCacheBehavior [ RunTime:0.003774s ]
INFO: [ app_begin ] --END-- [ RunTime:0.003925s ]
INFO: [ view_parse ] --START--
INFO: [ template_filter ] --START--
INFO: Run Behavior\ContentReplaceBehavior [ RunTime:0.000581s ]
INFO: [ template_filter ] --END-- [ RunTime:0.000701s ]
INFO: Run Behavior\ParseTemplateBehavior [ RunTime:0.028103s ]
INFO: [ view_parse ] --END-- [ RunTime:0.028196s ]
INFO: [ view_filter ] --START--
INFO: Run Behavior\WriteHtmlCacheBehavior [ RunTime:0.001449s ]
INFO: [ view_filter ] --END-- [ RunTime:0.001519s ]

[ 2016-04-28T20:05:51+08:00 ] 127.0.0.1 /MyFramework/index/login
INFO: [ app_init ] --START--
INFO: Run Behavior\BuildLiteBehavior [ RunTime:0.000018s ]
INFO: [ app_init ] --END-- [ RunTime:0.000556s ]
INFO: [ app_begin ] --START--
INFO: Run Behavior\ReadHtmlCacheBehavior [ RunTime:0.000811s ]
INFO: [ app_begin ] --END-- [ RunTime:0.000917s ]
SQL: SHOW COLUMNS FROM `yybg_admin_group` [ RunTime:0.1138s ]
SQL: SELECT `role_id` FROM `yybg_admin_group` WHERE ( admin_id='' )  [ RunTime:0.0125s ]
SQL: SHOW COLUMNS FROM `yybg_admin_menu` [ RunTime:0.0094s ]
NOTIC: [8] Undefined offset: 0 /Web/MyFramework/Application/Admin/Common/CommonMenu.class.php 第 42 行.
SQL: select * from yybg_admin_menu menu where menu.pid is null and menu.id in (select res_id from yybg_auth auth where auth.role_id = '' and auth_res_type = '00A')  order by PID ASC , menu.sort desc [ RunTime:0.0087s ]
SQL: SELECT * FROM `yybg_admin_menu` WHERE ( id='' ) LIMIT 1   [ RunTime:0.0005s ]
INFO: [ view_parse ] --START--
INFO: [ template_filter ] --START--
INFO: Run Behavior\ContentReplaceBehavior [ RunTime:0.000088s ]
INFO: [ template_filter ] --END-- [ RunTime:0.000187s ]
INFO: Run Behavior\ParseTemplateBehavior [ RunTime:0.013035s ]
INFO: [ view_parse ] --END-- [ RunTime:0.013106s ]
INFO: [ view_filter ] --START--
INFO: Run Behavior\WriteHtmlCacheBehavior [ RunTime:0.000236s ]
INFO: [ view_filter ] --END-- [ RunTime:0.000355s ]
INFO: [ app_end ] --START--
INFO: Run Behavior\ShowPageTraceBehavior [ RunTime:0.002302s ]
INFO: [ app_end ] --END-- [ RunTime:0.002363s ]

[ 2016-04-28T20:05:51+08:00 ] 127.0.0.1 /MyFramework/index/login
INFO: [ app_init ] --START--
INFO: Run Behavior\BuildLiteBehavior [ RunTime:0.000010s ]
INFO: [ app_init ] --END-- [ RunTime:0.000204s ]
INFO: [ app_begin ] --START--
INFO: Run Behavior\ReadHtmlCacheBehavior [ RunTime:0.000291s ]
INFO: [ app_begin ] --END-- [ RunTime:0.000353s ]
SQL: SHOW COLUMNS FROM `yybg_admin_group` [ RunTime:0.0031s ]
SQL: SELECT `role_id` FROM `yybg_admin_group` WHERE ( admin_id='' )  [ RunTime:0.0038s ]
SQL: SHOW COLUMNS FROM `yybg_admin_menu` [ RunTime:0.0071s ]
NOTIC: [8] Undefined offset: 0 /Web/MyFramework/Application/Admin/Common/CommonMenu.class.php 第 42 行.
SQL: select * from yybg_admin_menu menu where menu.pid is null and menu.id in (select res_id from yybg_auth auth where auth.role_id = '' and auth_res_type = '00A')  order by PID ASC , menu.sort desc [ RunTime:0.0006s ]
SQL: SELECT * FROM `yybg_admin_menu` WHERE ( id='' ) LIMIT 1   [ RunTime:0.0004s ]
INFO: [ view_parse ] --START--
INFO: [ template_filter ] --START--
INFO: Run Behavior\ContentReplaceBehavior [ RunTime:0.000041s ]
INFO: [ template_filter ] --END-- [ RunTime:0.000097s ]
INFO: Run Behavior\ParseTemplateBehavior [ RunTime:0.005040s ]
INFO: [ view_parse ] --END-- [ RunTime:0.005090s ]
INFO: [ view_filter ] --START--
INFO: Run Behavior\WriteHtmlCacheBehavior [ RunTime:0.000112s ]
INFO: [ view_filter ] --END-- [ RunTime:0.000136s ]
INFO: [ app_end ] --START--
INFO: Run Behavior\ShowPageTraceBehavior [ RunTime:0.000344s ]
INFO: [ app_end ] --END-- [ RunTime:0.000380s ]

[ 2016-04-28T20:06:22+08:00 ] 127.0.0.1 /MyFramework/Admin/Index/adminValidate
INFO: [ app_init ] --START--
INFO: Run Behavior\BuildLiteBehavior [ RunTime:0.000075s ]
INFO: [ app_init ] --END-- [ RunTime:0.003916s ]
INFO: [ app_begin ] --START--
INFO: Run Behavior\ReadHtmlCacheBehavior [ RunTime:0.003697s ]
INFO: [ app_begin ] --END-- [ RunTime:0.003796s ]
SQL: SHOW COLUMNS FROM `yybg_admin_group` [ RunTime:0.0067s ]
SQL: SELECT `role_id` FROM `yybg_admin_group` WHERE ( admin_id='' )  [ RunTime:0.0005s ]
SQL: SHOW COLUMNS FROM `yybg_admin_menu` [ RunTime:0.0066s ]
NOTIC: [8] Undefined offset: 0 /Web/MyFramework/Application/Admin/Common/CommonMenu.class.php 第 42 行.
SQL: select * from yybg_admin_menu menu where menu.pid is null and menu.id in (select res_id from yybg_auth auth where auth.role_id = '' and auth_res_type = '00A')  order by PID ASC , menu.sort desc [ RunTime:0.0009s ]
SQL: SELECT * FROM `yybg_admin_menu` WHERE ( id='' ) LIMIT 1   [ RunTime:0.0006s ]
SQL: SHOW COLUMNS FROM `yybg_admin` [ RunTime:0.0236s ]
SQL: SELECT * FROM `yybg_admin` WHERE `ACCOUNT` = 'yy86710' AND `PSW` = '96e79218965eb72c92a549dd5a330112' AND `STATE` = '00A'  [ RunTime:0.0007s ]
INFO: [ view_parse ] --START--
INFO: [ template_filter ] --START--
INFO: Run Behavior\ContentReplaceBehavior [ RunTime:0.000095s ]
INFO: [ template_filter ] --END-- [ RunTime:0.000191s ]
INFO: Run Behavior\ParseTemplateBehavior [ RunTime:0.018593s ]
INFO: [ view_parse ] --END-- [ RunTime:0.018752s ]
INFO: [ view_filter ] --START--
INFO: Run Behavior\WriteHtmlCacheBehavior [ RunTime:0.001550s ]
INFO: [ view_filter ] --END-- [ RunTime:0.001722s ]
SQL: UPDATE `yybg_admin` SET `LAST_LOGIN`='2016-04-28 08:06:22' WHERE `ID` = '1d1be9e8-6123-e7ad-b0d7-78d52415bce8' [ RunTime:0.0140s ]
INFO: [ app_end ] --START--
INFO: Run Behavior\ShowPageTraceBehavior [ RunTime:0.004041s ]
INFO: [ app_end ] --END-- [ RunTime:0.004119s ]

[ 2016-04-28T20:06:24+08:00 ] 127.0.0.1 /MyFramework/Admin/Index/index
INFO: [ app_init ] --START--
INFO: Run Behavior\BuildLiteBehavior [ RunTime:0.000012s ]
INFO: [ app_init ] --END-- [ RunTime:0.000371s ]
INFO: [ app_begin ] --START--
INFO: Run Behavior\ReadHtmlCacheBehavior [ RunTime:0.000321s ]
INFO: [ app_begin ] --END-- [ RunTime:0.000370s ]
SQL: SHOW COLUMNS FROM `yybg_admin_group` [ RunTime:0.0030s ]
SQL: SELECT `role_id` FROM `yybg_admin_group` WHERE ( admin_id='1d1be9e8-6123-e7ad-b0d7-78d52415bce8' )  [ RunTime:0.0004s ]
SQL: SHOW COLUMNS FROM `yybg_admin_menu` [ RunTime:0.0075s ]
SQL: select * from yybg_admin_menu menu where menu.pid is null and menu.id in (select res_id from yybg_auth auth where auth.role_id = '55eb8807-41ad-6290-2e29-fa2982301f3b' and auth_res_type = '00A')  order by PID ASC , menu.sort desc [ RunTime:0.0039s ]
NOTIC: [8] Undefined index: URI /Web/MyFramework/Application/Admin/Common/CommonMenu.class.php 第 45 行.
SQL: select * from yybg_admin_menu menu where menu.pid = 'fc64ed23-423e-c1da-931d-9a8f5caf8861' and menu.id in (select res_id from yybg_auth auth where auth.role_id = '55eb8807-41ad-6290-2e29-fa2982301f3b' and auth_res_type = '00A') order by PID ASC , menu.sort desc [ RunTime:0.0007s ]
NOTIC: [8] Undefined index: URI /Web/MyFramework/Application/Admin/Common/CommonMenu.class.php 第 45 行.
SQL: select * from yybg_admin_menu menu where menu.pid = '64c21aae-045b-72fb-cfd0-e0f28ffffcc2' and menu.id in (select res_id from yybg_auth auth where auth.role_id = '55eb8807-41ad-6290-2e29-fa2982301f3b' and auth_res_type = '00A') order by PID ASC , menu.sort desc [ RunTime:0.0009s ]
NOTIC: [8] Undefined index: URI /Web/MyFramework/Application/Admin/Common/CommonMenu.class.php 第 45 行.
SQL: select * from yybg_admin_menu menu where menu.pid = '2d0ba68f-c9bc-a1ce-a960-13fb24fe71de' and menu.id in (select res_id from yybg_auth auth where auth.role_id = '55eb8807-41ad-6290-2e29-fa2982301f3b' and auth_res_type = '00A') order by PID ASC , menu.sort desc [ RunTime:0.0005s ]
NOTIC: [8] Undefined index: URI /Web/MyFramework/Application/Admin/Common/CommonMenu.class.php 第 45 行.
SQL: select * from yybg_admin_menu menu where menu.pid = '4330a065-60b1-9ebc-8ed5-722f75f56241' and menu.id in (select res_id from yybg_auth auth where auth.role_id = '55eb8807-41ad-6290-2e29-fa2982301f3b' and auth_res_type = '00A') order by PID ASC , menu.sort desc [ RunTime:0.0005s ]
NOTIC: [8] Undefined index: URI /Web/MyFramework/Application/Admin/Common/CommonMenu.class.php 第 45 行.
SQL: select * from yybg_admin_menu menu where menu.pid = 'afc1acab-8a87-c6b2-a3be-23e3ba844a65' and menu.id in (select res_id from yybg_auth auth where auth.role_id = '55eb8807-41ad-6290-2e29-fa2982301f3b' and auth_res_type = '00A') order by PID ASC , menu.sort desc [ RunTime:0.0004s ]
SQL: SELECT * FROM `yybg_admin_menu` WHERE ( id='' ) LIMIT 1   [ RunTime:0.0002s ]
INFO: [ view_parse ] --START--
INFO: [ template_filter ] --START--
INFO: Run Behavior\ContentReplaceBehavior [ RunTime:0.000185s ]
INFO: [ template_filter ] --END-- [ RunTime:0.000227s ]
NOTIC: [8] Undefined variable: EDIT /Web/MyFramework/Application/Runtime/Cache/Admin/5e7c63a67ddc7b54827f64fe7b4d977c.php 第 21 行.
NOTIC: [8] Undefined offset: 1 /Web/MyFramework/Application/Runtime/Cache/Admin/5e7c63a67ddc7b54827f64fe7b4d977c.php 第 100 行.
NOTIC: [8] Use of undefined constant Index - assumed 'Index' /Web/MyFramework/Application/Runtime/Cache/Admin/5e7c63a67ddc7b54827f64fe7b4d977c.php 第 464 行.
INFO: Run Behavior\ParseTemplateBehavior [ RunTime:0.043667s ]
INFO: [ view_parse ] --END-- [ RunTime:0.043864s ]
INFO: [ view_filter ] --START--
INFO: Run Behavior\WriteHtmlCacheBehavior [ RunTime:0.000182s ]
INFO: [ view_filter ] --END-- [ RunTime:0.000212s ]
INFO: [ app_end ] --START--
INFO: Run Behavior\ShowPageTraceBehavior [ RunTime:0.000388s ]
INFO: [ app_end ] --END-- [ RunTime:0.000422s ]

[ 2016-04-28T20:06:24+08:00 ] 127.0.0.1 /MyFramework/Admin/Index/index
INFO: [ app_init ] --START--
INFO: Run Behavior\BuildLiteBehavior [ RunTime:0.000016s ]
INFO: [ app_init ] --END-- [ RunTime:0.000377s ]
INFO: [ app_begin ] --START--
INFO: Run Behavior\ReadHtmlCacheBehavior [ RunTime:0.000488s ]
INFO: [ app_begin ] --END-- [ RunTime:0.000561s ]
SQL: SHOW COLUMNS FROM `yybg_admin_group` [ RunTime:0.0317s ]
SQL: SELECT `role_id` FROM `yybg_admin_group` WHERE ( admin_id='1d1be9e8-6123-e7ad-b0d7-78d52415bce8' )  [ RunTime:0.0019s ]
SQL: SHOW COLUMNS FROM `yybg_admin_menu` [ RunTime:0.0080s ]
SQL: select * from yybg_admin_menu menu where menu.pid is null and menu.id in (select res_id from yybg_auth auth where auth.role_id = '55eb8807-41ad-6290-2e29-fa2982301f3b' and auth_res_type = '00A')  order by PID ASC , menu.sort desc [ RunTime:0.0008s ]
NOTIC: [8] Undefined index: URI /Web/MyFramework/Application/Admin/Common/CommonMenu.class.php 第 45 行.
SQL: select * from yybg_admin_menu menu where menu.pid = 'fc64ed23-423e-c1da-931d-9a8f5caf8861' and menu.id in (select res_id from yybg_auth auth where auth.role_id = '55eb8807-41ad-6290-2e29-fa2982301f3b' and auth_res_type = '00A') order by PID ASC , menu.sort desc [ RunTime:0.0005s ]
NOTIC: [8] Undefined index: URI /Web/MyFramework/Application/Admin/Common/CommonMenu.class.php 第 45 行.
SQL: select * from yybg_admin_menu menu where menu.pid = '64c21aae-045b-72fb-cfd0-e0f28ffffcc2' and menu.id in (select res_id from yybg_auth auth where auth.role_id = '55eb8807-41ad-6290-2e29-fa2982301f3b' and auth_res_type = '00A') order by PID ASC , menu.sort desc [ RunTime:0.0024s ]
NOTIC: [8] Undefined index: URI /Web/MyFramework/Application/Admin/Common/CommonMenu.class.php 第 45 行.
SQL: select * from yybg_admin_menu menu where menu.pid = '2d0ba68f-c9bc-a1ce-a960-13fb24fe71de' and menu.id in (select res_id from yybg_auth auth where auth.role_id = '55eb8807-41ad-6290-2e29-fa2982301f3b' and auth_res_type = '00A') order by PID ASC , menu.sort desc [ RunTime:0.0010s ]
NOTIC: [8] Undefined index: URI /Web/MyFramework/Application/Admin/Common/CommonMenu.class.php 第 45 行.
SQL: select * from yybg_admin_menu menu where menu.pid = '4330a065-60b1-9ebc-8ed5-722f75f56241' and menu.id in (select res_id from yybg_auth auth where auth.role_id = '55eb8807-41ad-6290-2e29-fa2982301f3b' and auth_res_type = '00A') order by PID ASC , menu.sort desc [ RunTime:0.0016s ]
NOTIC: [8] Undefined index: URI /Web/MyFramework/Application/Admin/Common/CommonMenu.class.php 第 45 行.
SQL: select * from yybg_admin_menu menu where menu.pid = 'afc1acab-8a87-c6b2-a3be-23e3ba844a65' and menu.id in (select res_id from yybg_auth auth where auth.role_id = '55eb8807-41ad-6290-2e29-fa2982301f3b' and auth_res_type = '00A') order by PID ASC , menu.sort desc [ RunTime:0.0016s ]
SQL: SELECT * FROM `yybg_admin_menu` WHERE ( id='' ) LIMIT 1   [ RunTime:0.0010s ]

[ 2016-04-28T20:06:24+08:00 ] 127.0.0.1 /MyFramework/Public/JsResources/Matrix/jquery.gritter.min.js
INFO: [ app_init ] --START--
INFO: Run Behavior\BuildLiteBehavior [ RunTime:0.000021s ]
INFO: [ app_init ] --END-- [ RunTime:0.000550s ]
INFO: [ app_begin ] --START--
INFO: Run Behavior\ReadHtmlCacheBehavior [ RunTime:0.000535s ]
INFO: [ app_begin ] --END-- [ RunTime:0.000605s ]
ERR: 无法加载控制器:Public

[ 2016-04-28T20:06:27+08:00 ] 127.0.0.1 /MyFramework/interfaceManagment/viewList/m_id/f990ca32-fc51-b11c-c4e7-4e99a200997b/p_id/fc64ed23-423e-c1da-931d-9a8f5caf8861
INFO: [ app_init ] --START--
INFO: Run Behavior\BuildLiteBehavior [ RunTime:0.000011s ]
INFO: [ app_init ] --END-- [ RunTime:0.000260s ]
INFO: [ app_begin ] --START--
INFO: Run Behavior\ReadHtmlCacheBehavior [ RunTime:0.000247s ]
INFO: [ app_begin ] --END-- [ RunTime:0.000277s ]
SQL: SHOW COLUMNS FROM `yybg_admin_group` [ RunTime:0.0063s ]
SQL: SELECT `role_id` FROM `yybg_admin_group` WHERE ( admin_id='1d1be9e8-6123-e7ad-b0d7-78d52415bce8' )  [ RunTime:0.0004s ]
SQL: SHOW COLUMNS FROM `yybg_admin_menu` [ RunTime:0.0034s ]
SQL: select * from yybg_admin_menu menu where menu.pid is null and menu.id in (select res_id from yybg_auth auth where auth.role_id = '55eb8807-41ad-6290-2e29-fa2982301f3b' and auth_res_type = '00A')  order by PID ASC , menu.sort desc [ RunTime:0.0009s ]
NOTIC: [8] Undefined index: URI /Web/MyFramework/Application/Admin/Common/CommonMenu.class.php 第 45 行.
SQL: select * from yybg_admin_menu menu where menu.pid = 'fc64ed23-423e-c1da-931d-9a8f5caf8861' and menu.id in (select res_id from yybg_auth auth where auth.role_id = '55eb8807-41ad-6290-2e29-fa2982301f3b' and auth_res_type = '00A') order by PID ASC , menu.sort desc [ RunTime:0.0005s ]
NOTIC: [8] Undefined index: URI /Web/MyFramework/Application/Admin/Common/CommonMenu.class.php 第 45 行.
SQL: select * from yybg_admin_menu menu where menu.pid = '64c21aae-045b-72fb-cfd0-e0f28ffffcc2' and menu.id in (select res_id from yybg_auth auth where auth.role_id = '55eb8807-41ad-6290-2e29-fa2982301f3b' and auth_res_type = '00A') order by PID ASC , menu.sort desc [ RunTime:0.0005s ]
NOTIC: [8] Undefined index: URI /Web/MyFramework/Application/Admin/Common/CommonMenu.class.php 第 45 行.
SQL: select * from yybg_admin_menu menu where menu.pid = '2d0ba68f-c9bc-a1ce-a960-13fb24fe71de' and menu.id in (select res_id from yybg_auth auth where auth.role_id = '55eb8807-41ad-6290-2e29-fa2982301f3b' and auth_res_type = '00A') order by PID ASC , menu.sort desc [ RunTime:0.0004s ]
NOTIC: [8] Undefined index: URI /Web/MyFramework/Application/Admin/Common/CommonMenu.class.php 第 45 行.
SQL: select * from yybg_admin_menu menu where menu.pid = '4330a065-60b1-9ebc-8ed5-722f75f56241' and menu.id in (select res_id from yybg_auth auth where auth.role_id = '55eb8807-41ad-6290-2e29-fa2982301f3b' and auth_res_type = '00A') order by PID ASC , menu.sort desc [ RunTime:0.0005s ]
NOTIC: [8] Undefined index: URI /Web/MyFramework/Application/Admin/Common/CommonMenu.class.php 第 45 行.
SQL: select * from yybg_admin_menu menu where menu.pid = 'afc1acab-8a87-c6b2-a3be-23e3ba844a65' and menu.id in (select res_id from yybg_auth auth where auth.role_id = '55eb8807-41ad-6290-2e29-fa2982301f3b' and auth_res_type = '00A') order by PID ASC , menu.sort desc [ RunTime:0.0004s ]
SQL: SELECT * FROM `yybg_admin_menu` WHERE ( id='f990ca32-fc51-b11c-c4e7-4e99a200997b' ) LIMIT 1   [ RunTime:0.0003s ]
SQL: SELECT * FROM `yybg_admin_menu` WHERE ( id='fc64ed23-423e-c1da-931d-9a8f5caf8861' ) LIMIT 1   [ RunTime:0.0003s ]
SQL: SHOW COLUMNS FROM `yybg_int_category` [ RunTime:0.0065s ]
SQL: SHOW COLUMNS FROM `yybg_int_info` [ RunTime:0.0212s ]
INFO: [ view_parse ] --START--
INFO: [ template_filter ] --START--
INFO: Run Behavior\ContentReplaceBehavior [ RunTime:0.000182s ]
INFO: [ template_filter ] --END-- [ RunTime:0.000268s ]
NOTIC: [8] Undefined variable: PAGE_FROM /Web/MyFramework/Application/Runtime/Cache/Admin/e7cc4599a0e496afa476f524e9bd4f6d.php 第 15 行.
NOTIC: [8] Undefined variable: PAGE_FROM /Web/MyFramework/Application/Runtime/Cache/Admin/e7cc4599a0e496afa476f524e9bd4f6d.php 第 17 行.
NOTIC: [8] Undefined variable: PAGE_FROM /Web/MyFramework/Application/Runtime/Cache/Admin/e7cc4599a0e496afa476f524e9bd4f6d.php 第 17 行.
NOTIC: [8] Undefined variable: EDIT /Web/MyFramework/Application/Runtime/Cache/Admin/e7cc4599a0e496afa476f524e9bd4f6d.php 第 21 行.
NOTIC: [8] Undefined variable: list /Web/MyFramework/Application/Runtime/Cache/Admin/e7cc4599a0e496afa476f524e9bd4f6d.php 第 165 行.
NOTIC: [8] Undefined variable: pageData /Web/MyFramework/Application/Runtime/Cache/Admin/e7cc4599a0e496afa476f524e9bd4f6d.php 第 244 行.
NOTIC: [8] Undefined variable: PAGE_FROM /Web/MyFramework/Application/Runtime/Cache/Admin/e7cc4599a0e496afa476f524e9bd4f6d.php 第 273 行.
NOTIC: [8] Undefined variable: PAGE_FROM /Web/MyFramework/Application/Runtime/Cache/Admin/e7cc4599a0e496afa476f524e9bd4f6d.php 第 287 行.
NOTIC: [8] Undefined variable: PAGE_FROM /Web/MyFramework/Application/Runtime/Cache/Admin/e7cc4599a0e496afa476f524e9bd4f6d.php 第 290 行.
NOTIC: [8] Use of undefined constant Index - assumed 'Index' /Web/MyFramework/Application/Runtime/Cache/Admin/e7cc4599a0e496afa476f524e9bd4f6d.php 第 295 行.
NOTIC: [8] Undefined variable: PAGE_FROM /Web/MyFramework/Application/Runtime/Cache/Admin/e7cc4599a0e496afa476f524e9bd4f6d.php 第 295 行.
INFO: Run Behavior\ParseTemplateBehavior [ RunTime:0.032430s ]
INFO: [ view_parse ] --END-- [ RunTime:0.032571s ]
INFO: [ view_filter ] --START--
INFO: Run Behavior\WriteHtmlCacheBehavior [ RunTime:0.000242s ]
INFO: [ view_filter ] --END-- [ RunTime:0.000282s ]
INFO: [ app_end ] --START--
INFO: Run Behavior\ShowPageTraceBehavior [ RunTime:0.000428s ]
INFO: [ app_end ] --END-- [ RunTime:0.000485s ]

[ 2016-04-28T20:06:27+08:00 ] 127.0.0.1 /MyFramework/interfaceManagment/viewList/m_id/f990ca32-fc51-b11c-c4e7-4e99a200997b/p_id/fc64ed23-423e-c1da-931d-9a8f5caf8861
INFO: [ app_init ] --START--
INFO: Run Behavior\BuildLiteBehavior [ RunTime:0.000121s ]
INFO: [ app_init ] --END-- [ RunTime:0.000549s ]
INFO: [ app_begin ] --START--
INFO: Run Behavior\ReadHtmlCacheBehavior [ RunTime:0.000553s ]
INFO: [ app_begin ] --END-- [ RunTime:0.000623s ]
SQL: SHOW COLUMNS FROM `yybg_admin_group` [ RunTime:0.0439s ]
SQL: SELECT `role_id` FROM `yybg_admin_group` WHERE ( admin_id='1d1be9e8-6123-e7ad-b0d7-78d52415bce8' )  [ RunTime:0.0004s ]
SQL: SHOW COLUMNS FROM `yybg_admin_menu` [ RunTime:0.0031s ]
SQL: select * from yybg_admin_menu menu where menu.pid is null and menu.id in (select res_id from yybg_auth auth where auth.role_id = '55eb8807-41ad-6290-2e29-fa2982301f3b' and auth_res_type = '00A')  order by PID ASC , menu.sort desc [ RunTime:0.0006s ]
NOTIC: [8] Undefined index: URI /Web/MyFramework/Application/Admin/Common/CommonMenu.class.php 第 45 行.
SQL: select * from yybg_admin_menu menu where menu.pid = 'fc64ed23-423e-c1da-931d-9a8f5caf8861' and menu.id in (select res_id from yybg_auth auth where auth.role_id = '55eb8807-41ad-6290-2e29-fa2982301f3b' and auth_res_type = '00A') order by PID ASC , menu.sort desc [ RunTime:0.0005s ]
NOTIC: [8] Undefined index: URI /Web/MyFramework/Application/Admin/Common/CommonMenu.class.php 第 45 行.
SQL: select * from yybg_admin_menu menu where menu.pid = '64c21aae-045b-72fb-cfd0-e0f28ffffcc2' and menu.id in (select res_id from yybg_auth auth where auth.role_id = '55eb8807-41ad-6290-2e29-fa2982301f3b' and auth_res_type = '00A') order by PID ASC , menu.sort desc [ RunTime:0.0005s ]
NOTIC: [8] Undefined index: URI /Web/MyFramework/Application/Admin/Common/CommonMenu.class.php 第 45 行.
SQL: select * from yybg_admin_menu menu where menu.pid = '2d0ba68f-c9bc-a1ce-a960-13fb24fe71de' and menu.id in (select res_id from yybg_auth auth where auth.role_id = '55eb8807-41ad-6290-2e29-fa2982301f3b' and auth_res_type = '00A') order by PID ASC , menu.sort desc [ RunTime:0.0005s ]
NOTIC: [8] Undefined index: URI /Web/MyFramework/Application/Admin/Common/CommonMenu.class.php 第 45 行.
SQL: select * from yybg_admin_menu menu where menu.pid = '4330a065-60b1-9ebc-8ed5-722f75f56241' and menu.id in (select res_id from yybg_auth auth where auth.role_id = '55eb8807-41ad-6290-2e29-fa2982301f3b' and auth_res_type = '00A') order by PID ASC , menu.sort desc [ RunTime:0.0005s ]
NOTIC: [8] Undefined index: URI /Web/MyFramework/Application/Admin/Common/CommonMenu.class.php 第 45 行.
SQL: select * from yybg_admin_menu menu where menu.pid = 'afc1acab-8a87-c6b2-a3be-23e3ba844a65' and menu.id in (select res_id from yybg_auth auth where auth.role_id = '55eb8807-41ad-6290-2e29-fa2982301f3b' and auth_res_type = '00A') order by PID ASC , menu.sort desc [ RunTime:0.0006s ]
SQL: SELECT * FROM `yybg_admin_menu` WHERE ( id='' ) LIMIT 1   [ RunTime:0.0003s ]

[ 2016-04-28T20:06:29+08:00 ] 127.0.0.1 /MyFramework/InterfaceManagment/viewAdd/m_id/f990ca32-fc51-b11c-c4e7-4e99a200997b/p_id/fc64ed23-423e-c1da-931d-9a8f5caf8861
INFO: [ app_init ] --START--
INFO: Run Behavior\BuildLiteBehavior [ RunTime:0.000023s ]
INFO: [ app_init ] --END-- [ RunTime:0.000541s ]
INFO: [ app_begin ] --START--
INFO: Run Behavior\ReadHtmlCacheBehavior [ RunTime:0.000339s ]
INFO: [ app_begin ] --END-- [ RunTime:0.000390s ]
SQL: SHOW COLUMNS FROM `yybg_admin_group` [ RunTime:0.0013s ]
SQL: SELECT `role_id` FROM `yybg_admin_group` WHERE ( admin_id='1d1be9e8-6123-e7ad-b0d7-78d52415bce8' )  [ RunTime:0.0003s ]
SQL: SHOW COLUMNS FROM `yybg_admin_menu` [ RunTime:0.0036s ]
SQL: select * from yybg_admin_menu menu where menu.pid is null and menu.id in (select res_id from yybg_auth auth where auth.role_id = '55eb8807-41ad-6290-2e29-fa2982301f3b' and auth_res_type = '00A')  order by PID ASC , menu.sort desc [ RunTime:0.0007s ]
NOTIC: [8] Undefined index: URI /Web/MyFramework/Application/Admin/Common/CommonMenu.class.php 第 45 行.
SQL: select * from yybg_admin_menu menu where menu.pid = 'fc64ed23-423e-c1da-931d-9a8f5caf8861' and menu.id in (select res_id from yybg_auth auth where auth.role_id = '55eb8807-41ad-6290-2e29-fa2982301f3b' and auth_res_type = '00A') order by PID ASC , menu.sort desc [ RunTime:0.0035s ]
NOTIC: [8] Undefined index: URI /Web/MyFramework/Application/Admin/Common/CommonMenu.class.php 第 45 行.
SQL: select * from yybg_admin_menu menu where menu.pid = '64c21aae-045b-72fb-cfd0-e0f28ffffcc2' and menu.id in (select res_id from yybg_auth auth where auth.role_id = '55eb8807-41ad-6290-2e29-fa2982301f3b' and auth_res_type = '00A') order by PID ASC , menu.sort desc [ RunTime:0.0007s ]
NOTIC: [8] Undefined index: URI /Web/MyFramework/Application/Admin/Common/CommonMenu.class.php 第 45 行.
SQL: select * from yybg_admin_menu menu where menu.pid = '2d0ba68f-c9bc-a1ce-a960-13fb24fe71de' and menu.id in (select res_id from yybg_auth auth where auth.role_id = '55eb8807-41ad-6290-2e29-fa2982301f3b' and auth_res_type = '00A') order by PID ASC , menu.sort desc [ RunTime:0.0007s ]
NOTIC: [8] Undefined index: URI /Web/MyFramework/Application/Admin/Common/CommonMenu.class.php 第 45 行.
SQL: select * from yybg_admin_menu menu where menu.pid = '4330a065-60b1-9ebc-8ed5-722f75f56241' and menu.id in (select res_id from yybg_auth auth where auth.role_id = '55eb8807-41ad-6290-2e29-fa2982301f3b' and auth_res_type = '00A') order by PID ASC , menu.sort desc [ RunTime:0.0005s ]
NOTIC: [8] Undefined index: URI /Web/MyFramework/Application/Admin/Common/CommonMenu.class.php 第 45 行.
SQL: select * from yybg_admin_menu menu where menu.pid = 'afc1acab-8a87-c6b2-a3be-23e3ba844a65' and menu.id in (select res_id from yybg_auth auth where auth.role_id = '55eb8807-41ad-6290-2e29-fa2982301f3b' and auth_res_type = '00A') order by PID ASC , menu.sort desc [ RunTime:0.0004s ]
SQL: SELECT * FROM `yybg_admin_menu` WHERE ( id='f990ca32-fc51-b11c-c4e7-4e99a200997b' ) LIMIT 1   [ RunTime:0.0002s ]
SQL: SELECT * FROM `yybg_admin_menu` WHERE ( id='fc64ed23-423e-c1da-931d-9a8f5caf8861' ) LIMIT 1   [ RunTime:0.0004s ]
SQL: SHOW COLUMNS FROM `yybg_int_category` [ RunTime:0.0037s ]
SQL: SHOW COLUMNS FROM `yybg_int_info` [ RunTime:0.0074s ]
SQL: SELECT `id`,`name` FROM `yybg_int_category` WHERE ( pid is null and state='00A' ) ORDER BY sort desc  [ RunTime:0.0004s ]
SQL: SELECT `id`,`name` FROM `yybg_int_category` WHERE ( pid = 'd387c421-f2d6-3231-c384-e44a4e4a22ad' and state='00A' ) ORDER BY sort desc  [ RunTime:0.0003s ]
SQL: SELECT `id`,`name` FROM `yybg_int_category` WHERE ( pid = '19e71540-28ca-66dc-2c9e-4d9b46e8f6f7' and state='00A' ) ORDER BY sort desc  [ RunTime:0.0004s ]
INFO: [ view_parse ] --START--
INFO: [ template_filter ] --START--
INFO: Run Behavior\ContentReplaceBehavior [ RunTime:0.000195s ]
INFO: [ template_filter ] --END-- [ RunTime:0.000262s ]
NOTIC: [8] Use of undefined constant Index - assumed 'Index' /Web/MyFramework/Application/Runtime/Cache/Admin/bb2abd67d1627c6237a98be1ecb319b4.php 第 453 行.
INFO: Run Behavior\ParseTemplateBehavior [ RunTime:0.032406s ]
INFO: [ view_parse ] --END-- [ RunTime:0.032453s ]
INFO: [ view_filter ] --START--
INFO: Run Behavior\WriteHtmlCacheBehavior [ RunTime:0.000151s ]
INFO: [ view_filter ] --END-- [ RunTime:0.000178s ]
INFO: [ app_end ] --START--
INFO: Run Behavior\ShowPageTraceBehavior [ RunTime:0.000429s ]
INFO: [ app_end ] --END-- [ RunTime:0.000482s ]

[ 2016-04-28T20:13:31+08:00 ] 127.0.0.1 /MyFramework/InterfaceManagment/viewAdd/m_id/f990ca32-fc51-b11c-c4e7-4e99a200997b/p_id/fc64ed23-423e-c1da-931d-9a8f5caf8861
INFO: [ app_init ] --START--
INFO: Run Behavior\BuildLiteBehavior [ RunTime:0.000018s ]
INFO: [ app_init ] --END-- [ RunTime:0.000895s ]
INFO: [ app_begin ] --START--
INFO: Run Behavior\ReadHtmlCacheBehavior [ RunTime:0.003761s ]
INFO: [ app_begin ] --END-- [ RunTime:0.003961s ]
SQL: SHOW COLUMNS FROM `yybg_admin_group` [ RunTime:0.0087s ]
SQL: SELECT `role_id` FROM `yybg_admin_group` WHERE ( admin_id='1d1be9e8-6123-e7ad-b0d7-78d52415bce8' )  [ RunTime:0.0015s ]
SQL: SHOW COLUMNS FROM `yybg_admin_menu` [ RunTime:0.0042s ]
SQL: select * from yybg_admin_menu menu where menu.pid is null and menu.id in (select res_id from yybg_auth auth where auth.role_id = '55eb8807-41ad-6290-2e29-fa2982301f3b' and auth_res_type = '00A')  order by PID ASC , menu.sort desc [ RunTime:0.0018s ]
NOTIC: [8] Undefined index: URI /Web/MyFramework/Application/Admin/Common/CommonMenu.class.php 第 45 行.
SQL: select * from yybg_admin_menu menu where menu.pid = 'fc64ed23-423e-c1da-931d-9a8f5caf8861' and menu.id in (select res_id from yybg_auth auth where auth.role_id = '55eb8807-41ad-6290-2e29-fa2982301f3b' and auth_res_type = '00A') order by PID ASC , menu.sort desc [ RunTime:0.0006s ]
NOTIC: [8] Undefined index: URI /Web/MyFramework/Application/Admin/Common/CommonMenu.class.php 第 45 行.
SQL: select * from yybg_admin_menu menu where menu.pid = '64c21aae-045b-72fb-cfd0-e0f28ffffcc2' and menu.id in (select res_id from yybg_auth auth where auth.role_id = '55eb8807-41ad-6290-2e29-fa2982301f3b' and auth_res_type = '00A') order by PID ASC , menu.sort desc [ RunTime:0.0006s ]
NOTIC: [8] Undefined index: URI /Web/MyFramework/Application/Admin/Common/CommonMenu.class.php 第 45 行.
SQL: select * from yybg_admin_menu menu where menu.pid = '2d0ba68f-c9bc-a1ce-a960-13fb24fe71de' and menu.id in (select res_id from yybg_auth auth where auth.role_id = '55eb8807-41ad-6290-2e29-fa2982301f3b' and auth_res_type = '00A') order by PID ASC , menu.sort desc [ RunTime:0.0006s ]
NOTIC: [8] Undefined index: URI /Web/MyFramework/Application/Admin/Common/CommonMenu.class.php 第 45 行.
SQL: select * from yybg_admin_menu menu where menu.pid = '4330a065-60b1-9ebc-8ed5-722f75f56241' and menu.id in (select res_id from yybg_auth auth where auth.role_id = '55eb8807-41ad-6290-2e29-fa2982301f3b' and auth_res_type = '00A') order by PID ASC , menu.sort desc [ RunTime:0.0006s ]
NOTIC: [8] Undefined index: URI /Web/MyFramework/Application/Admin/Common/CommonMenu.class.php 第 45 行.
SQL: select * from yybg_admin_menu menu where menu.pid = 'afc1acab-8a87-c6b2-a3be-23e3ba844a65' and menu.id in (select res_id from yybg_auth auth where auth.role_id = '55eb8807-41ad-6290-2e29-fa2982301f3b' and auth_res_type = '00A') order by PID ASC , menu.sort desc [ RunTime:0.0006s ]
SQL: SELECT * FROM `yybg_admin_menu` WHERE ( id='f990ca32-fc51-b11c-c4e7-4e99a200997b' ) LIMIT 1   [ RunTime:0.0005s ]
SQL: SELECT * FROM `yybg_admin_menu` WHERE ( id='fc64ed23-423e-c1da-931d-9a8f5caf8861' ) LIMIT 1   [ RunTime:0.0004s ]
SQL: SHOW COLUMNS FROM `yybg_int_category` [ RunTime:0.0065s ]
SQL: SHOW COLUMNS FROM `yybg_int_info` [ RunTime:0.0094s ]
SQL: SELECT `id`,`name` FROM `yybg_int_category` WHERE ( pid is null and state='00A' ) ORDER BY sort desc  [ RunTime:0.0005s ]
SQL: SELECT `id`,`name` FROM `yybg_int_category` WHERE ( pid = 'd387c421-f2d6-3231-c384-e44a4e4a22ad' and state='00A' ) ORDER BY sort desc  [ RunTime:0.0004s ]
SQL: SELECT `id`,`name` FROM `yybg_int_category` WHERE ( pid = '19e71540-28ca-66dc-2c9e-4d9b46e8f6f7' and state='00A' ) ORDER BY sort desc  [ RunTime:0.0003s ]
INFO: [ view_parse ] --START--
INFO: [ template_filter ] --START--
INFO: Run Behavior\ContentReplaceBehavior [ RunTime:0.000243s ]
INFO: [ template_filter ] --END-- [ RunTime:0.000306s ]
NOTIC: [8] Use of undefined constant Index - assumed 'Index' /Web/MyFramework/Application/Runtime/Cache/Admin/bb2abd67d1627c6237a98be1ecb319b4.php 第 453 行.
INFO: Run Behavior\ParseTemplateBehavior [ RunTime:0.056812s ]
INFO: [ view_parse ] --END-- [ RunTime:0.056888s ]
INFO: [ view_filter ] --START--
INFO: Run Behavior\WriteHtmlCacheBehavior [ RunTime:0.002841s ]
INFO: [ view_filter ] --END-- [ RunTime:0.002898s ]
INFO: [ app_end ] --START--
INFO: Run Behavior\ShowPageTraceBehavior [ RunTime:0.004183s ]
INFO: [ app_end ] --END-- [ RunTime:0.004265s ]

[ 2016-04-28T20:14:07+08:00 ] 127.0.0.1 /MyFramework/InterfaceManagment/viewAdd/m_id/f990ca32-fc51-b11c-c4e7-4e99a200997b/p_id/fc64ed23-423e-c1da-931d-9a8f5caf8861
INFO: [ app_init ] --START--
INFO: Run Behavior\BuildLiteBehavior [ RunTime:0.000011s ]
INFO: [ app_init ] --END-- [ RunTime:0.000279s ]
INFO: [ app_begin ] --START--
INFO: Run Behavior\ReadHtmlCacheBehavior [ RunTime:0.000331s ]
INFO: [ app_begin ] --END-- [ RunTime:0.000371s ]
SQL: SHOW COLUMNS FROM `yybg_admin_group` [ RunTime:0.0071s ]
SQL: SELECT `role_id` FROM `yybg_admin_group` WHERE ( admin_id='1d1be9e8-6123-e7ad-b0d7-78d52415bce8' )  [ RunTime:0.0006s ]
SQL: SHOW COLUMNS FROM `yybg_admin_menu` [ RunTime:0.0068s ]
SQL: select * from yybg_admin_menu menu where menu.pid is null and menu.id in (select res_id from yybg_auth auth where auth.role_id = '55eb8807-41ad-6290-2e29-fa2982301f3b' and auth_res_type = '00A')  order by PID ASC , menu.sort desc [ RunTime:0.0009s ]
NOTIC: [8] Undefined index: URI /Web/MyFramework/Application/Admin/Common/CommonMenu.class.php 第 45 行.
SQL: select * from yybg_admin_menu menu where menu.pid = 'fc64ed23-423e-c1da-931d-9a8f5caf8861' and menu.id in (select res_id from yybg_auth auth where auth.role_id = '55eb8807-41ad-6290-2e29-fa2982301f3b' and auth_res_type = '00A') order by PID ASC , menu.sort desc [ RunTime:0.0007s ]
NOTIC: [8] Undefined index: URI /Web/MyFramework/Application/Admin/Common/CommonMenu.class.php 第 45 行.
SQL: select * from yybg_admin_menu menu where menu.pid = '64c21aae-045b-72fb-cfd0-e0f28ffffcc2' and menu.id in (select res_id from yybg_auth auth where auth.role_id = '55eb8807-41ad-6290-2e29-fa2982301f3b' and auth_res_type = '00A') order by PID ASC , menu.sort desc [ RunTime:0.0034s ]
NOTIC: [8] Undefined index: URI /Web/MyFramework/Application/Admin/Common/CommonMenu.class.php 第 45 行.
SQL: select * from yybg_admin_menu menu where menu.pid = '2d0ba68f-c9bc-a1ce-a960-13fb24fe71de' and menu.id in (select res_id from yybg_auth auth where auth.role_id = '55eb8807-41ad-6290-2e29-fa2982301f3b' and auth_res_type = '00A') order by PID ASC , menu.sort desc [ RunTime:0.0007s ]
NOTIC: [8] Undefined index: URI /Web/MyFramework/Application/Admin/Common/CommonMenu.class.php 第 45 行.
SQL: select * from yybg_admin_menu menu where menu.pid = '4330a065-60b1-9ebc-8ed5-722f75f56241' and menu.id in (select res_id from yybg_auth auth where auth.role_id = '55eb8807-41ad-6290-2e29-fa2982301f3b' and auth_res_type = '00A') order by PID ASC , menu.sort desc [ RunTime:0.0012s ]
NOTIC: [8] Undefined index: URI /Web/MyFramework/Application/Admin/Common/CommonMenu.class.php 第 45 行.
SQL: select * from yybg_admin_menu menu where menu.pid = 'afc1acab-8a87-c6b2-a3be-23e3ba844a65' and menu.id in (select res_id from yybg_auth auth where auth.role_id = '55eb8807-41ad-6290-2e29-fa2982301f3b' and auth_res_type = '00A') order by PID ASC , menu.sort desc [ RunTime:0.0008s ]
SQL: SELECT * FROM `yybg_admin_menu` WHERE ( id='f990ca32-fc51-b11c-c4e7-4e99a200997b' ) LIMIT 1   [ RunTime:0.0005s ]
SQL: SELECT * FROM `yybg_admin_menu` WHERE ( id='fc64ed23-423e-c1da-931d-9a8f5caf8861' ) LIMIT 1   [ RunTime:0.0005s ]
SQL: SHOW COLUMNS FROM `yybg_int_category` [ RunTime:0.0044s ]
SQL: SHOW COLUMNS FROM `yybg_int_info` [ RunTime:0.0080s ]
SQL: SELECT `id`,`name` FROM `yybg_int_category` WHERE ( pid is null and state='00A' ) ORDER BY sort desc  [ RunTime:0.0005s ]
SQL: SELECT `id`,`name` FROM `yybg_int_category` WHERE ( pid = 'd387c421-f2d6-3231-c384-e44a4e4a22ad' and state='00A' ) ORDER BY sort desc  [ RunTime:0.0005s ]
SQL: SELECT `id`,`name` FROM `yybg_int_category` WHERE ( pid = '19e71540-28ca-66dc-2c9e-4d9b46e8f6f7' and state='00A' ) ORDER BY sort desc  [ RunTime:0.0004s ]
INFO: [ view_parse ] --START--
INFO: [ template_filter ] --START--
INFO: Run Behavior\ContentReplaceBehavior [ RunTime:0.000368s ]
INFO: [ template_filter ] --END-- [ RunTime:0.000451s ]
NOTIC: [8] Use of undefined constant Index - assumed 'Index' /Web/MyFramework/Application/Runtime/Cache/Admin/bb2abd67d1627c6237a98be1ecb319b4.php 第 455 行.
INFO: Run Behavior\ParseTemplateBehavior [ RunTime:0.042094s ]
INFO: [ view_parse ] --END-- [ RunTime:0.042168s ]
INFO: [ view_filter ] --START--
INFO: Run Behavior\WriteHtmlCacheBehavior [ RunTime:0.000204s ]
INFO: [ view_filter ] --END-- [ RunTime:0.000250s ]
INFO: [ app_end ] --START--
INFO: Run Behavior\ShowPageTraceBehavior [ RunTime:0.000834s ]
INFO: [ app_end ] --END-- [ RunTime:0.001008s ]

[ 2016-04-28T20:15:33+08:00 ] 127.0.0.1 /MyFramework/InterfaceManagment/viewAdd/m_id/f990ca32-fc51-b11c-c4e7-4e99a200997b/p_id/fc64ed23-423e-c1da-931d-9a8f5caf8861
INFO: [ app_init ] --START--
INFO: Run Behavior\BuildLiteBehavior [ RunTime:0.000022s ]
INFO: [ app_init ] --END-- [ RunTime:0.001859s ]
INFO: [ app_begin ] --START--
INFO: Run Behavior\ReadHtmlCacheBehavior [ RunTime:0.001362s ]
INFO: [ app_begin ] --END-- [ RunTime:0.001434s ]
SQL: SHOW COLUMNS FROM `yybg_admin_group` [ RunTime:0.0104s ]
SQL: SELECT `role_id` FROM `yybg_admin_group` WHERE ( admin_id='1d1be9e8-6123-e7ad-b0d7-78d52415bce8' )  [ RunTime:0.0036s ]
SQL: SHOW COLUMNS FROM `yybg_admin_menu` [ RunTime:0.0069s ]
SQL: select * from yybg_admin_menu menu where menu.pid is null and menu.id in (select res_id from yybg_auth auth where auth.role_id = '55eb8807-41ad-6290-2e29-fa2982301f3b' and auth_res_type = '00A')  order by PID ASC , menu.sort desc [ RunTime:0.0043s ]
NOTIC: [8] Undefined index: URI /Web/MyFramework/Application/Admin/Common/CommonMenu.class.php 第 45 行.
SQL: select * from yybg_admin_menu menu where menu.pid = 'fc64ed23-423e-c1da-931d-9a8f5caf8861' and menu.id in (select res_id from yybg_auth auth where auth.role_id = '55eb8807-41ad-6290-2e29-fa2982301f3b' and auth_res_type = '00A') order by PID ASC , menu.sort desc [ RunTime:0.0006s ]
NOTIC: [8] Undefined index: URI /Web/MyFramework/Application/Admin/Common/CommonMenu.class.php 第 45 行.
SQL: select * from yybg_admin_menu menu where menu.pid = '64c21aae-045b-72fb-cfd0-e0f28ffffcc2' and menu.id in (select res_id from yybg_auth auth where auth.role_id = '55eb8807-41ad-6290-2e29-fa2982301f3b' and auth_res_type = '00A') order by PID ASC , menu.sort desc [ RunTime:0.0026s ]
NOTIC: [8] Undefined index: URI /Web/MyFramework/Application/Admin/Common/CommonMenu.class.php 第 45 行.
SQL: select * from yybg_admin_menu menu where menu.pid = '2d0ba68f-c9bc-a1ce-a960-13fb24fe71de' and menu.id in (select res_id from yybg_auth auth where auth.role_id = '55eb8807-41ad-6290-2e29-fa2982301f3b' and auth_res_type = '00A') order by PID ASC , menu.sort desc [ RunTime:0.0006s ]
NOTIC: [8] Undefined index: URI /Web/MyFramework/Application/Admin/Common/CommonMenu.class.php 第 45 行.
SQL: select * from yybg_admin_menu menu where menu.pid = '4330a065-60b1-9ebc-8ed5-722f75f56241' and menu.id in (select res_id from yybg_auth auth where auth.role_id = '55eb8807-41ad-6290-2e29-fa2982301f3b' and auth_res_type = '00A') order by PID ASC , menu.sort desc [ RunTime:0.0008s ]
NOTIC: [8] Undefined index: URI /Web/MyFramework/Application/Admin/Common/CommonMenu.class.php 第 45 行.
SQL: select * from yybg_admin_menu menu where menu.pid = 'afc1acab-8a87-c6b2-a3be-23e3ba844a65' and menu.id in (select res_id from yybg_auth auth where auth.role_id = '55eb8807-41ad-6290-2e29-fa2982301f3b' and auth_res_type = '00A') order by PID ASC , menu.sort desc [ RunTime:0.0005s ]
SQL: SELECT * FROM `yybg_admin_menu` WHERE ( id='f990ca32-fc51-b11c-c4e7-4e99a200997b' ) LIMIT 1   [ RunTime:0.0005s ]
SQL: SELECT * FROM `yybg_admin_menu` WHERE ( id='fc64ed23-423e-c1da-931d-9a8f5caf8861' ) LIMIT 1   [ RunTime:0.0006s ]
SQL: SHOW COLUMNS FROM `yybg_int_category` [ RunTime:0.0040s ]
SQL: SHOW COLUMNS FROM `yybg_int_info` [ RunTime:0.0071s ]
SQL: SELECT `id`,`name` FROM `yybg_int_category` WHERE ( pid is null and state='00A' ) ORDER BY sort desc  [ RunTime:0.0005s ]
SQL: SELECT `id`,`name` FROM `yybg_int_category` WHERE ( pid = 'd387c421-f2d6-3231-c384-e44a4e4a22ad' and state='00A' ) ORDER BY sort desc  [ RunTime:0.0031s ]
SQL: SELECT `id`,`name` FROM `yybg_int_category` WHERE ( pid = '19e71540-28ca-66dc-2c9e-4d9b46e8f6f7' and state='00A' ) ORDER BY sort desc  [ RunTime:0.0005s ]
INFO: [ view_parse ] --START--
INFO: [ template_filter ] --START--
INFO: Run Behavior\ContentReplaceBehavior [ RunTime:0.000282s ]
INFO: [ template_filter ] --END-- [ RunTime:0.000347s ]
NOTIC: [8] Use of undefined constant Index - assumed 'Index' /Web/MyFramework/Application/Runtime/Cache/Admin/bb2abd67d1627c6237a98be1ecb319b4.php 第 473 行.
INFO: Run Behavior\ParseTemplateBehavior [ RunTime:0.052700s ]
INFO: [ view_parse ] --END-- [ RunTime:0.052766s ]
INFO: [ view_filter ] --START--
INFO: Run Behavior\WriteHtmlCacheBehavior [ RunTime:0.002940s ]
INFO: [ view_filter ] --END-- [ RunTime:0.002995s ]
INFO: [ app_end ] --START--
INFO: Run Behavior\ShowPageTraceBehavior [ RunTime:0.003860s ]
INFO: [ app_end ] --END-- [ RunTime:0.003925s ]

