[ 2016-03-23T17:09:09+08:00 ] 127.0.0.1 /git/my-pro/
INFO: [ app_init ] --START--
INFO: Run Behavior\BuildLiteBehavior [ RunTime:0.000023s ]
INFO: [ app_init ] --END-- [ RunTime:0.003880s ]
INFO: [ app_begin ] --START--
INFO: Run Behavior\ReadHtmlCacheBehavior [ RunTime:0.004105s ]
INFO: [ app_begin ] --END-- [ RunTime:0.004246s ]
INFO: [ view_parse ] --START--
INFO: [ template_filter ] --START--
INFO: Run Behavior\ContentReplaceBehavior [ RunTime:0.000098s ]
INFO: [ template_filter ] --END-- [ RunTime:0.000187s ]
INFO: Run Behavior\ParseTemplateBehavior [ RunTime:0.019794s ]
INFO: [ view_parse ] --END-- [ RunTime:0.019904s ]
INFO: [ view_filter ] --START--
INFO: Run Behavior\WriteHtmlCacheBehavior [ RunTime:0.001661s ]
INFO: [ view_filter ] --END-- [ RunTime:0.001731s ]

[ 2016-03-23T17:09:10+08:00 ] 127.0.0.1 /git/my-pro/index/login
INFO: [ app_init ] --START--
INFO: Run Behavior\BuildLiteBehavior [ RunTime:0.000017s ]
INFO: [ app_init ] --END-- [ RunTime:0.000407s ]
INFO: [ app_begin ] --START--
INFO: Run Behavior\ReadHtmlCacheBehavior [ RunTime:0.000511s ]
INFO: [ app_begin ] --END-- [ RunTime:0.000574s ]
SQL: SHOW COLUMNS FROM `yybg_admin_group` [ RunTime:0.0036s ]
SQL: SELECT `role_id` FROM `yybg_admin_group` WHERE ( admin_id='' )  [ RunTime:0.0003s ]
SQL: SHOW COLUMNS FROM `yybg_admin_menu` [ RunTime:0.0065s ]
NOTIC: [8] Undefined offset: 0 /Web/git/my-pro/Application/Admin/Common/CommonMenu.class.php 第 42 行.
SQL: select * from yybg_admin_menu menu where menu.pid is null and menu.id in (select res_id from yybg_auth auth where auth.role_id = '' and auth_res_type = '00A')  order by PID ASC , menu.sort desc [ RunTime:0.0007s ]
SQL: SELECT * FROM `yybg_admin_menu` WHERE ( id='' ) LIMIT 1   [ RunTime:0.0004s ]
INFO: [ view_parse ] --START--
INFO: [ template_filter ] --START--
INFO: Run Behavior\ContentReplaceBehavior [ RunTime:0.000046s ]
INFO: [ template_filter ] --END-- [ RunTime:0.000100s ]
INFO: Run Behavior\ParseTemplateBehavior [ RunTime:0.007266s ]
INFO: [ view_parse ] --END-- [ RunTime:0.007332s ]
INFO: [ view_filter ] --START--
INFO: Run Behavior\WriteHtmlCacheBehavior [ RunTime:0.000189s ]
INFO: [ view_filter ] --END-- [ RunTime:0.000272s ]
INFO: [ app_end ] --START--
INFO: Run Behavior\ShowPageTraceBehavior [ RunTime:0.002016s ]
INFO: [ app_end ] --END-- [ RunTime:0.002075s ]

[ 2016-03-23T17:09:34+08:00 ] 127.0.0.1 /git/my-pro/Index/adminValidate
INFO: [ app_init ] --START--
INFO: Run Behavior\BuildLiteBehavior [ RunTime:0.000010s ]
INFO: [ app_init ] --END-- [ RunTime:0.000324s ]
INFO: [ app_begin ] --START--
INFO: Run Behavior\ReadHtmlCacheBehavior [ RunTime:0.000389s ]
INFO: [ app_begin ] --END-- [ RunTime:0.000439s ]
SQL: SHOW COLUMNS FROM `yybg_admin_group` [ RunTime:0.0031s ]
SQL: SELECT `role_id` FROM `yybg_admin_group` WHERE ( admin_id='' )  [ RunTime:0.0003s ]
SQL: SHOW COLUMNS FROM `yybg_admin_menu` [ RunTime:0.0067s ]
NOTIC: [8] Undefined offset: 0 /Web/git/my-pro/Application/Admin/Common/CommonMenu.class.php 第 42 行.
SQL: select * from yybg_admin_menu menu where menu.pid is null and menu.id in (select res_id from yybg_auth auth where auth.role_id = '' and auth_res_type = '00A')  order by PID ASC , menu.sort desc [ RunTime:0.0007s ]
SQL: SELECT * FROM `yybg_admin_menu` WHERE ( id='' ) LIMIT 1   [ RunTime:0.0023s ]
SQL: SHOW COLUMNS FROM `yybg_admin` [ RunTime:0.0071s ]
SQL: SELECT * FROM `yybg_admin` WHERE `ACCOUNT` = 'yy86710' AND `PSW` = '96e79218965eb72c92a549dd5a330112' AND `STATE` = '00A'  [ RunTime:0.0006s ]
INFO: [ view_parse ] --START--
INFO: [ template_filter ] --START--
INFO: Run Behavior\ContentReplaceBehavior [ RunTime:0.000051s ]
INFO: [ template_filter ] --END-- [ RunTime:0.000093s ]
INFO: Run Behavior\ParseTemplateBehavior [ RunTime:0.003974s ]
INFO: [ view_parse ] --END-- [ RunTime:0.004014s ]
INFO: [ view_filter ] --START--
INFO: Run Behavior\WriteHtmlCacheBehavior [ RunTime:0.000112s ]
INFO: [ view_filter ] --END-- [ RunTime:0.000238s ]
SQL: UPDATE `yybg_admin` SET `LAST_LOGIN`='2016-03-23 05:09:34' WHERE `ID` = '1d1be9e8-6123-e7ad-b0d7-78d52415bce8' [ RunTime:0.0062s ]
INFO: [ app_end ] --START--
INFO: Run Behavior\ShowPageTraceBehavior [ RunTime:0.000367s ]
INFO: [ app_end ] --END-- [ RunTime:0.000399s ]

[ 2016-03-23T17:09:36+08:00 ] 127.0.0.1 /git/my-pro/Index/index
INFO: [ app_init ] --START--
INFO: Run Behavior\BuildLiteBehavior [ RunTime:0.000009s ]
INFO: [ app_init ] --END-- [ RunTime:0.000207s ]
INFO: [ app_begin ] --START--
INFO: Run Behavior\ReadHtmlCacheBehavior [ RunTime:0.000254s ]
INFO: [ app_begin ] --END-- [ RunTime:0.000296s ]
SQL: SHOW COLUMNS FROM `yybg_admin_group` [ RunTime:0.0168s ]
SQL: SELECT `role_id` FROM `yybg_admin_group` WHERE ( admin_id='1d1be9e8-6123-e7ad-b0d7-78d52415bce8' )  [ RunTime:0.0004s ]
SQL: SHOW COLUMNS FROM `yybg_admin_menu` [ RunTime:0.0089s ]
SQL: select * from yybg_admin_menu menu where menu.pid is null and menu.id in (select res_id from yybg_auth auth where auth.role_id = '55eb8807-41ad-6290-2e29-fa2982301f3b' and auth_res_type = '00A')  order by PID ASC , menu.sort desc [ RunTime:0.0017s ]
NOTIC: [8] Undefined index: URI /Web/git/my-pro/Application/Admin/Common/CommonMenu.class.php 第 45 行.
SQL: select * from yybg_admin_menu menu where menu.pid = '64c21aae-045b-72fb-cfd0-e0f28ffffcc2' and menu.id in (select res_id from yybg_auth auth where auth.role_id = '55eb8807-41ad-6290-2e29-fa2982301f3b' and auth_res_type = '00A') order by PID ASC , menu.sort desc [ RunTime:0.0005s ]
NOTIC: [8] Undefined index: URI /Web/git/my-pro/Application/Admin/Common/CommonMenu.class.php 第 45 行.
SQL: select * from yybg_admin_menu menu where menu.pid = '2d0ba68f-c9bc-a1ce-a960-13fb24fe71de' and menu.id in (select res_id from yybg_auth auth where auth.role_id = '55eb8807-41ad-6290-2e29-fa2982301f3b' and auth_res_type = '00A') order by PID ASC , menu.sort desc [ RunTime:0.0004s ]
NOTIC: [8] Undefined index: URI /Web/git/my-pro/Application/Admin/Common/CommonMenu.class.php 第 45 行.
SQL: select * from yybg_admin_menu menu where menu.pid = '4330a065-60b1-9ebc-8ed5-722f75f56241' and menu.id in (select res_id from yybg_auth auth where auth.role_id = '55eb8807-41ad-6290-2e29-fa2982301f3b' and auth_res_type = '00A') order by PID ASC , menu.sort desc [ RunTime:0.0004s ]
NOTIC: [8] Undefined index: URI /Web/git/my-pro/Application/Admin/Common/CommonMenu.class.php 第 45 行.
SQL: select * from yybg_admin_menu menu where menu.pid = 'afc1acab-8a87-c6b2-a3be-23e3ba844a65' and menu.id in (select res_id from yybg_auth auth where auth.role_id = '55eb8807-41ad-6290-2e29-fa2982301f3b' and auth_res_type = '00A') order by PID ASC , menu.sort desc [ RunTime:0.0004s ]
SQL: SELECT * FROM `yybg_admin_menu` WHERE ( id='' ) LIMIT 1   [ RunTime:0.0002s ]
INFO: [ view_parse ] --START--
INFO: [ template_filter ] --START--
INFO: Run Behavior\ContentReplaceBehavior [ RunTime:0.000168s ]
INFO: [ template_filter ] --END-- [ RunTime:0.000305s ]
NOTIC: [8] Undefined offset: 1 /Web/git/my-pro/Application/Runtime/Cache/Admin/5e7c63a67ddc7b54827f64fe7b4d977c.php 第 95 行.
NOTIC: [8] Use of undefined constant Index - assumed 'Index' /Web/git/my-pro/Application/Runtime/Cache/Admin/5e7c63a67ddc7b54827f64fe7b4d977c.php 第 460 行.
INFO: Run Behavior\ParseTemplateBehavior [ RunTime:0.028104s ]
INFO: [ view_parse ] --END-- [ RunTime:0.028149s ]
INFO: [ view_filter ] --START--
INFO: Run Behavior\WriteHtmlCacheBehavior [ RunTime:0.000132s ]
INFO: [ view_filter ] --END-- [ RunTime:0.000158s ]
INFO: [ app_end ] --START--
INFO: Run Behavior\ShowPageTraceBehavior [ RunTime:0.000458s ]
INFO: [ app_end ] --END-- [ RunTime:0.000517s ]

[ 2016-03-23T17:09:36+08:00 ] 127.0.0.1 /git/my-pro/Public/JsResources/Matrix/jquery.gritter.min.js
INFO: [ app_init ] --START--
INFO: Run Behavior\BuildLiteBehavior [ RunTime:0.000019s ]
INFO: [ app_init ] --END-- [ RunTime:0.000584s ]
INFO: [ app_begin ] --START--
INFO: Run Behavior\ReadHtmlCacheBehavior [ RunTime:0.000969s ]
INFO: [ app_begin ] --END-- [ RunTime:0.001074s ]
ERR: 无法加载控制器:Public

