[ 2016-01-13T09:19:56+08:00 ] 127.0.0.1 /MyPro/
INFO: [ app_init ] --START--
INFO: Run Behavior\BuildLiteBehavior [ RunTime:0.000154s ]
INFO: [ app_init ] --END-- [ RunTime:0.009474s ]
INFO: [ app_begin ] --START--
INFO: Run Behavior\ReadHtmlCacheBehavior [ RunTime:0.001074s ]
INFO: [ app_begin ] --END-- [ RunTime:0.001192s ]
INFO: [ view_parse ] --START--
INFO: [ template_filter ] --START--
INFO: Run Behavior\ContentReplaceBehavior [ RunTime:0.000816s ]
INFO: [ template_filter ] --END-- [ RunTime:0.000946s ]
INFO: Run Behavior\ParseTemplateBehavior [ RunTime:0.030185s ]
INFO: [ view_parse ] --END-- [ RunTime:0.030272s ]
INFO: [ view_filter ] --START--
INFO: Run Behavior\WriteHtmlCacheBehavior [ RunTime:0.003649s ]
INFO: [ view_filter ] --END-- [ RunTime:0.003712s ]

[ 2016-01-13T09:19:58+08:00 ] 127.0.0.1 /MyPro/index/login
INFO: [ app_init ] --START--
INFO: Run Behavior\BuildLiteBehavior [ RunTime:0.000009s ]
INFO: [ app_init ] --END-- [ RunTime:0.000200s ]
INFO: [ app_begin ] --START--
INFO: Run Behavior\ReadHtmlCacheBehavior [ RunTime:0.000272s ]
INFO: [ app_begin ] --END-- [ RunTime:0.000307s ]
SQL: SHOW COLUMNS FROM `yybg_admin_group` [ RunTime:0.0163s ]
SQL: SELECT `role_id` FROM `yybg_admin_group` WHERE ( admin_id='' )  [ RunTime:0.0044s ]
SQL: SHOW COLUMNS FROM `yybg_admin_menu` [ RunTime:0.0083s ]
NOTIC: [8] Undefined offset: 0 /Web/MyPro/Application/Admin/Common/CommonMenu.class.php 第 42 行.
SQL: select * from yybg_admin_menu menu where menu.pid is null and menu.id in (select res_id from yybg_auth auth where auth.role_id = '' and auth_res_type = '00A')  order by PID ASC , menu.sort desc [ RunTime:0.0089s ]
SQL: SELECT * FROM `yybg_admin_menu` WHERE ( id='' ) LIMIT 1   [ RunTime:0.0007s ]
INFO: [ view_parse ] --START--
INFO: [ template_filter ] --START--
INFO: Run Behavior\ContentReplaceBehavior [ RunTime:0.000165s ]
INFO: [ template_filter ] --END-- [ RunTime:0.000255s ]
INFO: Run Behavior\ParseTemplateBehavior [ RunTime:0.017620s ]
INFO: [ view_parse ] --END-- [ RunTime:0.017786s ]
INFO: [ view_filter ] --START--
INFO: Run Behavior\WriteHtmlCacheBehavior [ RunTime:0.000118s ]
INFO: [ view_filter ] --END-- [ RunTime:0.000144s ]
INFO: [ app_end ] --START--
INFO: Run Behavior\ShowPageTraceBehavior [ RunTime:0.006489s ]
INFO: [ app_end ] --END-- [ RunTime:0.006542s ]

[ 2016-01-13T09:20:04+08:00 ] 127.0.0.1 /MyPro/Index/adminValidate
INFO: [ app_init ] --START--
INFO: Run Behavior\BuildLiteBehavior [ RunTime:0.000016s ]
INFO: [ app_init ] --END-- [ RunTime:0.000274s ]
INFO: [ app_begin ] --START--
INFO: Run Behavior\ReadHtmlCacheBehavior [ RunTime:0.000284s ]
INFO: [ app_begin ] --END-- [ RunTime:0.000322s ]
SQL: SHOW COLUMNS FROM `yybg_admin_group` [ RunTime:0.0063s ]
SQL: SELECT `role_id` FROM `yybg_admin_group` WHERE ( admin_id='' )  [ RunTime:0.0004s ]
SQL: SHOW COLUMNS FROM `yybg_admin_menu` [ RunTime:0.0065s ]
NOTIC: [8] Undefined offset: 0 /Web/MyPro/Application/Admin/Common/CommonMenu.class.php 第 42 行.
SQL: select * from yybg_admin_menu menu where menu.pid is null and menu.id in (select res_id from yybg_auth auth where auth.role_id = '' and auth_res_type = '00A')  order by PID ASC , menu.sort desc [ RunTime:0.0009s ]
SQL: SELECT * FROM `yybg_admin_menu` WHERE ( id='' ) LIMIT 1   [ RunTime:0.0005s ]
SQL: SHOW COLUMNS FROM `yybg_admin` [ RunTime:0.0114s ]
SQL: SELECT * FROM `yybg_admin` WHERE `ACCOUNT` = 'yy86710' AND `PSW` = '670b14728ad9902aecba32e22fa4f6bd' AND `STATE` = '00A'  [ RunTime:0.0006s ]
INFO: [ view_parse ] --START--
INFO: [ template_filter ] --START--
INFO: Run Behavior\ContentReplaceBehavior [ RunTime:0.000092s ]
INFO: [ template_filter ] --END-- [ RunTime:0.000181s ]
INFO: Run Behavior\ParseTemplateBehavior [ RunTime:0.008521s ]
INFO: [ view_parse ] --END-- [ RunTime:0.008595s ]
INFO: [ view_filter ] --START--
INFO: Run Behavior\WriteHtmlCacheBehavior [ RunTime:0.000197s ]
INFO: [ view_filter ] --END-- [ RunTime:0.000245s ]

[ 2016-01-13T09:20:07+08:00 ] 127.0.0.1 /MyPro/Index/adminValidate
INFO: [ app_init ] --START--
INFO: Run Behavior\BuildLiteBehavior [ RunTime:0.000014s ]
INFO: [ app_init ] --END-- [ RunTime:0.000452s ]
INFO: [ app_begin ] --START--
INFO: Run Behavior\ReadHtmlCacheBehavior [ RunTime:0.000420s ]
INFO: [ app_begin ] --END-- [ RunTime:0.000472s ]
SQL: SHOW COLUMNS FROM `yybg_admin_group` [ RunTime:0.0073s ]
SQL: SELECT `role_id` FROM `yybg_admin_group` WHERE ( admin_id='' )  [ RunTime:0.0005s ]
SQL: SHOW COLUMNS FROM `yybg_admin_menu` [ RunTime:0.0065s ]
NOTIC: [8] Undefined offset: 0 /Web/MyPro/Application/Admin/Common/CommonMenu.class.php 第 42 行.
SQL: select * from yybg_admin_menu menu where menu.pid is null and menu.id in (select res_id from yybg_auth auth where auth.role_id = '' and auth_res_type = '00A')  order by PID ASC , menu.sort desc [ RunTime:0.0007s ]
SQL: SELECT * FROM `yybg_admin_menu` WHERE ( id='' ) LIMIT 1   [ RunTime:0.0027s ]
SQL: SHOW COLUMNS FROM `yybg_admin` [ RunTime:0.0070s ]
SQL: SELECT * FROM `yybg_admin` WHERE `ACCOUNT` = 'yy86710' AND `PSW` = 'cfcd208495d565ef66e7dff9f98764da' AND `STATE` = '00A'  [ RunTime:0.0006s ]
INFO: [ view_parse ] --START--
INFO: [ template_filter ] --START--
INFO: Run Behavior\ContentReplaceBehavior [ RunTime:0.000072s ]
INFO: [ template_filter ] --END-- [ RunTime:0.000166s ]
INFO: Run Behavior\ParseTemplateBehavior [ RunTime:0.009025s ]
INFO: [ view_parse ] --END-- [ RunTime:0.009100s ]
INFO: [ view_filter ] --START--
INFO: Run Behavior\WriteHtmlCacheBehavior [ RunTime:0.000197s ]
INFO: [ view_filter ] --END-- [ RunTime:0.000244s ]

[ 2016-01-13T09:20:10+08:00 ] 127.0.0.1 /MyPro/Index/adminValidate
INFO: [ app_init ] --START--
INFO: Run Behavior\BuildLiteBehavior [ RunTime:0.000012s ]
INFO: [ app_init ] --END-- [ RunTime:0.000264s ]
INFO: [ app_begin ] --START--
INFO: Run Behavior\ReadHtmlCacheBehavior [ RunTime:0.000267s ]
INFO: [ app_begin ] --END-- [ RunTime:0.000298s ]
SQL: SHOW COLUMNS FROM `yybg_admin_group` [ RunTime:0.0061s ]
SQL: SELECT `role_id` FROM `yybg_admin_group` WHERE ( admin_id='' )  [ RunTime:0.0003s ]
SQL: SHOW COLUMNS FROM `yybg_admin_menu` [ RunTime:0.0065s ]
NOTIC: [8] Undefined offset: 0 /Web/MyPro/Application/Admin/Common/CommonMenu.class.php 第 42 行.
SQL: select * from yybg_admin_menu menu where menu.pid is null and menu.id in (select res_id from yybg_auth auth where auth.role_id = '' and auth_res_type = '00A')  order by PID ASC , menu.sort desc [ RunTime:0.0006s ]
SQL: SELECT * FROM `yybg_admin_menu` WHERE ( id='' ) LIMIT 1   [ RunTime:0.0004s ]
SQL: SHOW COLUMNS FROM `yybg_admin` [ RunTime:0.0062s ]
SQL: SELECT * FROM `yybg_admin` WHERE `ACCOUNT` = 'yy86710' AND `PSW` = 'e10adc3949ba59abbe56e057f20f883e' AND `STATE` = '00A'  [ RunTime:0.0004s ]
INFO: [ view_parse ] --START--
INFO: [ template_filter ] --START--
INFO: Run Behavior\ContentReplaceBehavior [ RunTime:0.000040s ]
INFO: [ template_filter ] --END-- [ RunTime:0.000085s ]
INFO: Run Behavior\ParseTemplateBehavior [ RunTime:0.004399s ]
INFO: [ view_parse ] --END-- [ RunTime:0.004441s ]
INFO: [ view_filter ] --START--
INFO: Run Behavior\WriteHtmlCacheBehavior [ RunTime:0.000120s ]
INFO: [ view_filter ] --END-- [ RunTime:0.000152s ]

[ 2016-01-13T09:20:13+08:00 ] 127.0.0.1 /MyPro/Index/adminValidate
INFO: [ app_init ] --START--
INFO: Run Behavior\BuildLiteBehavior [ RunTime:0.000015s ]
INFO: [ app_init ] --END-- [ RunTime:0.000359s ]
INFO: [ app_begin ] --START--
INFO: Run Behavior\ReadHtmlCacheBehavior [ RunTime:0.001264s ]
INFO: [ app_begin ] --END-- [ RunTime:0.001349s ]
SQL: SHOW COLUMNS FROM `yybg_admin_group` [ RunTime:0.0061s ]
SQL: SELECT `role_id` FROM `yybg_admin_group` WHERE ( admin_id='' )  [ RunTime:0.0005s ]
SQL: SHOW COLUMNS FROM `yybg_admin_menu` [ RunTime:0.0066s ]
NOTIC: [8] Undefined offset: 0 /Web/MyPro/Application/Admin/Common/CommonMenu.class.php 第 42 行.
SQL: select * from yybg_admin_menu menu where menu.pid is null and menu.id in (select res_id from yybg_auth auth where auth.role_id = '' and auth_res_type = '00A')  order by PID ASC , menu.sort desc [ RunTime:0.0006s ]
SQL: SELECT * FROM `yybg_admin_menu` WHERE ( id='' ) LIMIT 1   [ RunTime:0.0003s ]
SQL: SHOW COLUMNS FROM `yybg_admin` [ RunTime:0.0031s ]
SQL: SELECT * FROM `yybg_admin` WHERE `ACCOUNT` = 'yy86710' AND `PSW` = 'c4ca4238a0b923820dcc509a6f75849b' AND `STATE` = '00A'  [ RunTime:0.0004s ]
INFO: [ view_parse ] --START--
INFO: [ template_filter ] --START--
INFO: Run Behavior\ContentReplaceBehavior [ RunTime:0.000064s ]
INFO: [ template_filter ] --END-- [ RunTime:0.000129s ]
INFO: Run Behavior\ParseTemplateBehavior [ RunTime:0.004143s ]
INFO: [ view_parse ] --END-- [ RunTime:0.004183s ]
INFO: [ view_filter ] --START--
INFO: Run Behavior\WriteHtmlCacheBehavior [ RunTime:0.000092s ]
INFO: [ view_filter ] --END-- [ RunTime:0.000117s ]

[ 2016-01-13T09:20:20+08:00 ] 127.0.0.1 /MyPro/Index/adminValidate
INFO: [ app_init ] --START--
INFO: Run Behavior\BuildLiteBehavior [ RunTime:0.000019s ]
INFO: [ app_init ] --END-- [ RunTime:0.000335s ]
INFO: [ app_begin ] --START--
INFO: Run Behavior\ReadHtmlCacheBehavior [ RunTime:0.000315s ]
INFO: [ app_begin ] --END-- [ RunTime:0.000356s ]
SQL: SHOW COLUMNS FROM `yybg_admin_group` [ RunTime:0.0031s ]
SQL: SELECT `role_id` FROM `yybg_admin_group` WHERE ( admin_id='' )  [ RunTime:0.0003s ]
SQL: SHOW COLUMNS FROM `yybg_admin_menu` [ RunTime:0.0069s ]
NOTIC: [8] Undefined offset: 0 /Web/MyPro/Application/Admin/Common/CommonMenu.class.php 第 42 行.
SQL: select * from yybg_admin_menu menu where menu.pid is null and menu.id in (select res_id from yybg_auth auth where auth.role_id = '' and auth_res_type = '00A')  order by PID ASC , menu.sort desc [ RunTime:0.0006s ]
SQL: SELECT * FROM `yybg_admin_menu` WHERE ( id='' ) LIMIT 1   [ RunTime:0.0006s ]
SQL: SHOW COLUMNS FROM `yybg_admin` [ RunTime:0.0064s ]
SQL: SELECT * FROM `yybg_admin` WHERE `ACCOUNT` = 'yy86710' AND `PSW` = '96e79218965eb72c92a549dd5a330112' AND `STATE` = '00A'  [ RunTime:0.0005s ]
INFO: [ view_parse ] --START--
INFO: [ template_filter ] --START--
INFO: Run Behavior\ContentReplaceBehavior [ RunTime:0.000051s ]
INFO: [ template_filter ] --END-- [ RunTime:0.000097s ]
INFO: Run Behavior\ParseTemplateBehavior [ RunTime:0.006042s ]
INFO: [ view_parse ] --END-- [ RunTime:0.006091s ]
INFO: [ view_filter ] --START--
INFO: Run Behavior\WriteHtmlCacheBehavior [ RunTime:0.000100s ]
INFO: [ view_filter ] --END-- [ RunTime:0.000122s ]
SQL: UPDATE `yybg_admin` SET `LAST_LOGIN`='2016-01-13 09:20:20' WHERE `ID` = '1d1be9e8-6123-e7ad-b0d7-78d52415bce8' [ RunTime:0.0075s ]
INFO: [ app_end ] --START--
INFO: Run Behavior\ShowPageTraceBehavior [ RunTime:0.000806s ]
INFO: [ app_end ] --END-- [ RunTime:0.000857s ]

[ 2016-01-13T09:20:21+08:00 ] 127.0.0.1 /MyPro/Index/index
INFO: [ app_init ] --START--
INFO: Run Behavior\BuildLiteBehavior [ RunTime:0.000009s ]
INFO: [ app_init ] --END-- [ RunTime:0.000200s ]
INFO: [ app_begin ] --START--
INFO: Run Behavior\ReadHtmlCacheBehavior [ RunTime:0.000266s ]
INFO: [ app_begin ] --END-- [ RunTime:0.000313s ]
SQL: SHOW COLUMNS FROM `yybg_admin_group` [ RunTime:0.0083s ]
SQL: SELECT `role_id` FROM `yybg_admin_group` WHERE ( admin_id='1d1be9e8-6123-e7ad-b0d7-78d52415bce8' )  [ RunTime:0.0004s ]
SQL: SHOW COLUMNS FROM `yybg_admin_menu` [ RunTime:0.0070s ]
SQL: select * from yybg_admin_menu menu where menu.pid is null and menu.id in (select res_id from yybg_auth auth where auth.role_id = '55eb8807-41ad-6290-2e29-fa2982301f3b' and auth_res_type = '00A')  order by PID ASC , menu.sort desc [ RunTime:0.0034s ]
NOTIC: [8] Undefined index: URI /Web/MyPro/Application/Admin/Common/CommonMenu.class.php 第 45 行.
SQL: select * from yybg_admin_menu menu where menu.pid = '64c21aae-045b-72fb-cfd0-e0f28ffffcc2' and menu.id in (select res_id from yybg_auth auth where auth.role_id = '55eb8807-41ad-6290-2e29-fa2982301f3b' and auth_res_type = '00A') order by PID ASC , menu.sort desc [ RunTime:0.0005s ]
NOTIC: [8] Undefined index: URI /Web/MyPro/Application/Admin/Common/CommonMenu.class.php 第 45 行.
SQL: select * from yybg_admin_menu menu where menu.pid = '4330a065-60b1-9ebc-8ed5-722f75f56241' and menu.id in (select res_id from yybg_auth auth where auth.role_id = '55eb8807-41ad-6290-2e29-fa2982301f3b' and auth_res_type = '00A') order by PID ASC , menu.sort desc [ RunTime:0.0006s ]
SQL: SELECT * FROM `yybg_admin_menu` WHERE ( id='' ) LIMIT 1   [ RunTime:0.0003s ]
INFO: [ view_parse ] --START--
INFO: [ template_filter ] --START--
INFO: Run Behavior\ContentReplaceBehavior [ RunTime:0.000186s ]
INFO: [ template_filter ] --END-- [ RunTime:0.000236s ]
NOTIC: [8] Undefined offset: 1 /Web/MyPro/Application/Runtime/Cache/Admin/5e7c63a67ddc7b54827f64fe7b4d977c.php 第 95 行.
NOTIC: [8] Use of undefined constant Index - assumed 'Index' /Web/MyPro/Application/Runtime/Cache/Admin/5e7c63a67ddc7b54827f64fe7b4d977c.php 第 460 行.
INFO: Run Behavior\ParseTemplateBehavior [ RunTime:0.031346s ]
INFO: [ view_parse ] --END-- [ RunTime:0.031397s ]
INFO: [ view_filter ] --START--
INFO: Run Behavior\WriteHtmlCacheBehavior [ RunTime:0.000153s ]
INFO: [ view_filter ] --END-- [ RunTime:0.000181s ]
INFO: [ app_end ] --START--
INFO: Run Behavior\ShowPageTraceBehavior [ RunTime:0.000463s ]
INFO: [ app_end ] --END-- [ RunTime:0.000517s ]

[ 2016-01-13T09:20:21+08:00 ] 127.0.0.1 /MyPro/Public/JsResources/Matrix/jquery.gritter.min.js
INFO: [ app_init ] --START--
INFO: Run Behavior\BuildLiteBehavior [ RunTime:0.000019s ]
INFO: [ app_init ] --END-- [ RunTime:0.000385s ]
INFO: [ app_begin ] --START--
INFO: Run Behavior\ReadHtmlCacheBehavior [ RunTime:0.000654s ]
INFO: [ app_begin ] --END-- [ RunTime:0.000711s ]
ERR: 无法加载控制器:Public

[ 2016-01-13T09:20:23+08:00 ] 127.0.0.1 /MyPro/resources/menulist/m_id/a1542e3f-9343-c146-dd1d-1d0ed483b00a/p_id/64c21aae-045b-72fb-cfd0-e0f28ffffcc2
INFO: [ app_init ] --START--
INFO: Run Behavior\BuildLiteBehavior [ RunTime:0.000014s ]
INFO: [ app_init ] --END-- [ RunTime:0.000316s ]
INFO: [ app_begin ] --START--
INFO: Run Behavior\ReadHtmlCacheBehavior [ RunTime:0.000531s ]
INFO: [ app_begin ] --END-- [ RunTime:0.000579s ]
SQL: SHOW COLUMNS FROM `yybg_admin_group` [ RunTime:0.0068s ]
SQL: SELECT `role_id` FROM `yybg_admin_group` WHERE ( admin_id='1d1be9e8-6123-e7ad-b0d7-78d52415bce8' )  [ RunTime:0.0005s ]
SQL: SHOW COLUMNS FROM `yybg_admin_menu` [ RunTime:0.0065s ]
SQL: select * from yybg_admin_menu menu where menu.pid is null and menu.id in (select res_id from yybg_auth auth where auth.role_id = '55eb8807-41ad-6290-2e29-fa2982301f3b' and auth_res_type = '00A')  order by PID ASC , menu.sort desc [ RunTime:0.0005s ]
NOTIC: [8] Undefined index: URI /Web/MyPro/Application/Admin/Common/CommonMenu.class.php 第 45 行.
SQL: select * from yybg_admin_menu menu where menu.pid = '64c21aae-045b-72fb-cfd0-e0f28ffffcc2' and menu.id in (select res_id from yybg_auth auth where auth.role_id = '55eb8807-41ad-6290-2e29-fa2982301f3b' and auth_res_type = '00A') order by PID ASC , menu.sort desc [ RunTime:0.0004s ]
NOTIC: [8] Undefined index: URI /Web/MyPro/Application/Admin/Common/CommonMenu.class.php 第 45 行.
SQL: select * from yybg_admin_menu menu where menu.pid = '4330a065-60b1-9ebc-8ed5-722f75f56241' and menu.id in (select res_id from yybg_auth auth where auth.role_id = '55eb8807-41ad-6290-2e29-fa2982301f3b' and auth_res_type = '00A') order by PID ASC , menu.sort desc [ RunTime:0.0005s ]
SQL: SELECT * FROM `yybg_admin_menu` WHERE ( id='a1542e3f-9343-c146-dd1d-1d0ed483b00a' ) LIMIT 1   [ RunTime:0.0003s ]
SQL: SELECT * FROM `yybg_admin_menu` WHERE ( id='64c21aae-045b-72fb-cfd0-e0f28ffffcc2' ) LIMIT 1   [ RunTime:0.0003s ]
SQL: SELECT COUNT(*) AS tp_count FROM `yybg_admin_menu` WHERE ( (STATE = '00A') ) LIMIT 1   [ RunTime:0.0042s ]
SQL: SELECT * FROM `yybg_admin_menu` WHERE ( (STATE = '00A') ) ORDER BY pid,sort desc LIMIT 0,10   [ RunTime:0.0005s ]
INFO: [ view_parse ] --START--
INFO: [ template_filter ] --START--
INFO: Run Behavior\ContentReplaceBehavior [ RunTime:0.000199s ]
INFO: [ template_filter ] --END-- [ RunTime:0.000258s ]
NOTIC: [8] Undefined variable: UUID /Web/MyPro/Application/Runtime/Cache/Admin/f1023f265a5b39e794102bd0d4aee2c6.php 第 302 行.
NOTIC: [8] Use of undefined constant Index - assumed 'Index' /Web/MyPro/Application/Runtime/Cache/Admin/f1023f265a5b39e794102bd0d4aee2c6.php 第 337 行.
INFO: Run Behavior\ParseTemplateBehavior [ RunTime:0.019163s ]
INFO: [ view_parse ] --END-- [ RunTime:0.019219s ]
INFO: [ view_filter ] --START--
INFO: Run Behavior\WriteHtmlCacheBehavior [ RunTime:0.000279s ]
INFO: [ view_filter ] --END-- [ RunTime:0.000314s ]
INFO: [ app_end ] --START--
INFO: Run Behavior\ShowPageTraceBehavior [ RunTime:0.000424s ]
INFO: [ app_end ] --END-- [ RunTime:0.000487s ]

[ 2016-01-13T09:20:25+08:00 ] 127.0.0.1 /MyPro/Resources/menuadd/m_id/a1542e3f-9343-c146-dd1d-1d0ed483b00a/p_id/64c21aae-045b-72fb-cfd0-e0f28ffffcc2
INFO: [ app_init ] --START--
INFO: Run Behavior\BuildLiteBehavior [ RunTime:0.000018s ]
INFO: [ app_init ] --END-- [ RunTime:0.000422s ]
INFO: [ app_begin ] --START--
INFO: Run Behavior\ReadHtmlCacheBehavior [ RunTime:0.000463s ]
INFO: [ app_begin ] --END-- [ RunTime:0.000607s ]
SQL: SHOW COLUMNS FROM `yybg_admin_group` [ RunTime:0.0071s ]
SQL: SELECT `role_id` FROM `yybg_admin_group` WHERE ( admin_id='1d1be9e8-6123-e7ad-b0d7-78d52415bce8' )  [ RunTime:0.0004s ]
SQL: SHOW COLUMNS FROM `yybg_admin_menu` [ RunTime:0.0065s ]
SQL: select * from yybg_admin_menu menu where menu.pid is null and menu.id in (select res_id from yybg_auth auth where auth.role_id = '55eb8807-41ad-6290-2e29-fa2982301f3b' and auth_res_type = '00A')  order by PID ASC , menu.sort desc [ RunTime:0.0005s ]
NOTIC: [8] Undefined index: URI /Web/MyPro/Application/Admin/Common/CommonMenu.class.php 第 45 行.
SQL: select * from yybg_admin_menu menu where menu.pid = '64c21aae-045b-72fb-cfd0-e0f28ffffcc2' and menu.id in (select res_id from yybg_auth auth where auth.role_id = '55eb8807-41ad-6290-2e29-fa2982301f3b' and auth_res_type = '00A') order by PID ASC , menu.sort desc [ RunTime:0.0005s ]
NOTIC: [8] Undefined index: URI /Web/MyPro/Application/Admin/Common/CommonMenu.class.php 第 45 行.
SQL: select * from yybg_admin_menu menu where menu.pid = '4330a065-60b1-9ebc-8ed5-722f75f56241' and menu.id in (select res_id from yybg_auth auth where auth.role_id = '55eb8807-41ad-6290-2e29-fa2982301f3b' and auth_res_type = '00A') order by PID ASC , menu.sort desc [ RunTime:0.0011s ]
SQL: SELECT * FROM `yybg_admin_menu` WHERE ( id='a1542e3f-9343-c146-dd1d-1d0ed483b00a' ) LIMIT 1   [ RunTime:0.0009s ]
SQL: SELECT * FROM `yybg_admin_menu` WHERE ( id='64c21aae-045b-72fb-cfd0-e0f28ffffcc2' ) LIMIT 1   [ RunTime:0.0004s ]
SQL: SHOW COLUMNS FROM `yybg_admin_menu` [ RunTime:0.0041s ]
SQL: SELECT * FROM `yybg_admin_menu` WHERE ( pid is null and state = '00A' )  [ RunTime:0.0003s ]
INFO: [ view_parse ] --START--
INFO: [ template_filter ] --START--
INFO: Run Behavior\ContentReplaceBehavior [ RunTime:0.000270s ]
INFO: [ template_filter ] --END-- [ RunTime:0.000313s ]
NOTIC: [8] Undefined variable: UUID /Web/MyPro/Application/Runtime/Cache/Admin/041305a60eb06da6c57b3556f1787fe1.php 第 887 行.
NOTIC: [8] Use of undefined constant Index - assumed 'Index' /Web/MyPro/Application/Runtime/Cache/Admin/041305a60eb06da6c57b3556f1787fe1.php 第 922 行.
INFO: Run Behavior\ParseTemplateBehavior [ RunTime:0.039307s ]
INFO: [ view_parse ] --END-- [ RunTime:0.039362s ]
INFO: [ view_filter ] --START--
INFO: Run Behavior\WriteHtmlCacheBehavior [ RunTime:0.000138s ]
INFO: [ view_filter ] --END-- [ RunTime:0.000169s ]
INFO: [ app_end ] --START--
INFO: Run Behavior\ShowPageTraceBehavior [ RunTime:0.000813s ]
INFO: [ app_end ] --END-- [ RunTime:0.000858s ]

[ 2016-01-13T09:20:41+08:00 ] 127.0.0.1 /MyPro/Resources/menuadd
INFO: [ app_init ] --START--
INFO: Run Behavior\BuildLiteBehavior [ RunTime:0.000022s ]
INFO: [ app_init ] --END-- [ RunTime:0.003846s ]
INFO: [ app_begin ] --START--
INFO: Run Behavior\ReadHtmlCacheBehavior [ RunTime:0.004159s ]
INFO: [ app_begin ] --END-- [ RunTime:0.004290s ]
SQL: SHOW COLUMNS FROM `yybg_admin_group` [ RunTime:0.0066s ]
SQL: SELECT `role_id` FROM `yybg_admin_group` WHERE ( admin_id='1d1be9e8-6123-e7ad-b0d7-78d52415bce8' )  [ RunTime:0.0005s ]
SQL: SHOW COLUMNS FROM `yybg_admin_menu` [ RunTime:0.0066s ]
SQL: select * from yybg_admin_menu menu where menu.pid is null and menu.id in (select res_id from yybg_auth auth where auth.role_id = '55eb8807-41ad-6290-2e29-fa2982301f3b' and auth_res_type = '00A')  order by PID ASC , menu.sort desc [ RunTime:0.0007s ]
NOTIC: [8] Undefined index: URI /Web/MyPro/Application/Admin/Common/CommonMenu.class.php 第 45 行.
SQL: select * from yybg_admin_menu menu where menu.pid = '64c21aae-045b-72fb-cfd0-e0f28ffffcc2' and menu.id in (select res_id from yybg_auth auth where auth.role_id = '55eb8807-41ad-6290-2e29-fa2982301f3b' and auth_res_type = '00A') order by PID ASC , menu.sort desc [ RunTime:0.0007s ]
NOTIC: [8] Undefined index: URI /Web/MyPro/Application/Admin/Common/CommonMenu.class.php 第 45 行.
SQL: select * from yybg_admin_menu menu where menu.pid = '4330a065-60b1-9ebc-8ed5-722f75f56241' and menu.id in (select res_id from yybg_auth auth where auth.role_id = '55eb8807-41ad-6290-2e29-fa2982301f3b' and auth_res_type = '00A') order by PID ASC , menu.sort desc [ RunTime:0.0007s ]
SQL: SELECT * FROM `yybg_admin_menu` WHERE ( id='a1542e3f-9343-c146-dd1d-1d0ed483b00a' ) LIMIT 1   [ RunTime:0.0005s ]
SQL: SELECT * FROM `yybg_admin_menu` WHERE ( id='64c21aae-045b-72fb-cfd0-e0f28ffffcc2' ) LIMIT 1   [ RunTime:0.0005s ]
SQL: SHOW COLUMNS FROM `yybg_admin_menu` [ RunTime:0.0051s ]
SQL: INSERT INTO `yybg_admin_menu` (`ID`,`SORT`,`MENU_ICON`,`STATE`,`URI`,`CREATE_TIME`,`MENU_NAME`,`PID`,`PNAME`) VALUES ('2d0ba68f-c9bc-a1ce-a960-13fb24fe71de','4','    fa-clock-o','00A','','2016-01-13 09:20:41','APIx接口测试',NULL,NULL) [ RunTime:0.0060s ]
INFO: [ view_parse ] --START--
INFO: [ template_filter ] --START--
INFO: Run Behavior\ContentReplaceBehavior [ RunTime:0.000111s ]
INFO: [ template_filter ] --END-- [ RunTime:0.000240s ]
INFO: Run Behavior\ParseTemplateBehavior [ RunTime:0.025225s ]
INFO: [ view_parse ] --END-- [ RunTime:0.025316s ]
INFO: [ view_filter ] --START--
INFO: Run Behavior\WriteHtmlCacheBehavior [ RunTime:0.001695s ]
INFO: [ view_filter ] --END-- [ RunTime:0.001767s ]
INFO: [ app_end ] --START--
INFO: Run Behavior\ShowPageTraceBehavior [ RunTime:0.001767s ]
INFO: [ app_end ] --END-- [ RunTime:0.001851s ]

[ 2016-01-13T09:20:42+08:00 ] 127.0.0.1 /MyPro/Resources/menulist/m_id/a1542e3f-9343-c146-dd1d-1d0ed483b00a/p_id/64c21aae-045b-72fb-cfd0-e0f28ffffcc2
INFO: [ app_init ] --START--
INFO: Run Behavior\BuildLiteBehavior [ RunTime:0.000032s ]
INFO: [ app_init ] --END-- [ RunTime:0.001081s ]
INFO: [ app_begin ] --START--
INFO: Run Behavior\ReadHtmlCacheBehavior [ RunTime:0.000308s ]
INFO: [ app_begin ] --END-- [ RunTime:0.000349s ]
SQL: SHOW COLUMNS FROM `yybg_admin_group` [ RunTime:0.0083s ]
SQL: SELECT `role_id` FROM `yybg_admin_group` WHERE ( admin_id='1d1be9e8-6123-e7ad-b0d7-78d52415bce8' )  [ RunTime:0.0004s ]
SQL: SHOW COLUMNS FROM `yybg_admin_menu` [ RunTime:0.0061s ]
SQL: select * from yybg_admin_menu menu where menu.pid is null and menu.id in (select res_id from yybg_auth auth where auth.role_id = '55eb8807-41ad-6290-2e29-fa2982301f3b' and auth_res_type = '00A')  order by PID ASC , menu.sort desc [ RunTime:0.0005s ]
NOTIC: [8] Undefined index: URI /Web/MyPro/Application/Admin/Common/CommonMenu.class.php 第 45 行.
SQL: select * from yybg_admin_menu menu where menu.pid = '64c21aae-045b-72fb-cfd0-e0f28ffffcc2' and menu.id in (select res_id from yybg_auth auth where auth.role_id = '55eb8807-41ad-6290-2e29-fa2982301f3b' and auth_res_type = '00A') order by PID ASC , menu.sort desc [ RunTime:0.0004s ]
NOTIC: [8] Undefined index: URI /Web/MyPro/Application/Admin/Common/CommonMenu.class.php 第 45 行.
SQL: select * from yybg_admin_menu menu where menu.pid = '4330a065-60b1-9ebc-8ed5-722f75f56241' and menu.id in (select res_id from yybg_auth auth where auth.role_id = '55eb8807-41ad-6290-2e29-fa2982301f3b' and auth_res_type = '00A') order by PID ASC , menu.sort desc [ RunTime:0.0004s ]
SQL: SELECT * FROM `yybg_admin_menu` WHERE ( id='a1542e3f-9343-c146-dd1d-1d0ed483b00a' ) LIMIT 1   [ RunTime:0.0003s ]
SQL: SELECT * FROM `yybg_admin_menu` WHERE ( id='64c21aae-045b-72fb-cfd0-e0f28ffffcc2' ) LIMIT 1   [ RunTime:0.0002s ]
SQL: SELECT COUNT(*) AS tp_count FROM `yybg_admin_menu` WHERE ( (STATE = '00A') ) LIMIT 1   [ RunTime:0.0003s ]
SQL: SELECT * FROM `yybg_admin_menu` WHERE ( (STATE = '00A') ) ORDER BY pid,sort desc LIMIT 0,10   [ RunTime:0.0004s ]
INFO: [ view_parse ] --START--
INFO: [ template_filter ] --START--
INFO: Run Behavior\ContentReplaceBehavior [ RunTime:0.000111s ]
INFO: [ template_filter ] --END-- [ RunTime:0.000151s ]
NOTIC: [8] Undefined variable: UUID /Web/MyPro/Application/Runtime/Cache/Admin/f1023f265a5b39e794102bd0d4aee2c6.php 第 302 行.
NOTIC: [8] Use of undefined constant Index - assumed 'Index' /Web/MyPro/Application/Runtime/Cache/Admin/f1023f265a5b39e794102bd0d4aee2c6.php 第 337 行.
INFO: Run Behavior\ParseTemplateBehavior [ RunTime:0.024065s ]
INFO: [ view_parse ] --END-- [ RunTime:0.024102s ]
INFO: [ view_filter ] --START--
INFO: Run Behavior\WriteHtmlCacheBehavior [ RunTime:0.000128s ]
INFO: [ view_filter ] --END-- [ RunTime:0.000176s ]
INFO: [ app_end ] --START--
INFO: Run Behavior\ShowPageTraceBehavior [ RunTime:0.000410s ]
INFO: [ app_end ] --END-- [ RunTime:0.000472s ]

[ 2016-01-13T09:20:43+08:00 ] 127.0.0.1 /MyPro/resources/menulist/m_id/a1542e3f-9343-c146-dd1d-1d0ed483b00a/p_id/64c21aae-045b-72fb-cfd0-e0f28ffffcc2
INFO: [ app_init ] --START--
INFO: Run Behavior\BuildLiteBehavior [ RunTime:0.000017s ]
INFO: [ app_init ] --END-- [ RunTime:0.000404s ]
INFO: [ app_begin ] --START--
INFO: Run Behavior\ReadHtmlCacheBehavior [ RunTime:0.000502s ]
INFO: [ app_begin ] --END-- [ RunTime:0.000562s ]
SQL: SHOW COLUMNS FROM `yybg_admin_group` [ RunTime:0.0063s ]
SQL: SELECT `role_id` FROM `yybg_admin_group` WHERE ( admin_id='1d1be9e8-6123-e7ad-b0d7-78d52415bce8' )  [ RunTime:0.0005s ]
SQL: SHOW COLUMNS FROM `yybg_admin_menu` [ RunTime:0.0065s ]
SQL: select * from yybg_admin_menu menu where menu.pid is null and menu.id in (select res_id from yybg_auth auth where auth.role_id = '55eb8807-41ad-6290-2e29-fa2982301f3b' and auth_res_type = '00A')  order by PID ASC , menu.sort desc [ RunTime:0.0007s ]
NOTIC: [8] Undefined index: URI /Web/MyPro/Application/Admin/Common/CommonMenu.class.php 第 45 行.
SQL: select * from yybg_admin_menu menu where menu.pid = '64c21aae-045b-72fb-cfd0-e0f28ffffcc2' and menu.id in (select res_id from yybg_auth auth where auth.role_id = '55eb8807-41ad-6290-2e29-fa2982301f3b' and auth_res_type = '00A') order by PID ASC , menu.sort desc [ RunTime:0.0007s ]
NOTIC: [8] Undefined index: URI /Web/MyPro/Application/Admin/Common/CommonMenu.class.php 第 45 行.
SQL: select * from yybg_admin_menu menu where menu.pid = '4330a065-60b1-9ebc-8ed5-722f75f56241' and menu.id in (select res_id from yybg_auth auth where auth.role_id = '55eb8807-41ad-6290-2e29-fa2982301f3b' and auth_res_type = '00A') order by PID ASC , menu.sort desc [ RunTime:0.0007s ]
SQL: SELECT * FROM `yybg_admin_menu` WHERE ( id='a1542e3f-9343-c146-dd1d-1d0ed483b00a' ) LIMIT 1   [ RunTime:0.0004s ]
SQL: SELECT * FROM `yybg_admin_menu` WHERE ( id='64c21aae-045b-72fb-cfd0-e0f28ffffcc2' ) LIMIT 1   [ RunTime:0.0004s ]
SQL: SELECT COUNT(*) AS tp_count FROM `yybg_admin_menu` WHERE ( (STATE = '00A') ) LIMIT 1   [ RunTime:0.0004s ]
SQL: SELECT * FROM `yybg_admin_menu` WHERE ( (STATE = '00A') ) ORDER BY pid,sort desc LIMIT 0,10   [ RunTime:0.0005s ]
INFO: [ view_parse ] --START--
INFO: [ template_filter ] --START--
INFO: Run Behavior\ContentReplaceBehavior [ RunTime:0.000204s ]
INFO: [ template_filter ] --END-- [ RunTime:0.000273s ]
NOTIC: [8] Undefined variable: UUID /Web/MyPro/Application/Runtime/Cache/Admin/f1023f265a5b39e794102bd0d4aee2c6.php 第 302 行.
NOTIC: [8] Use of undefined constant Index - assumed 'Index' /Web/MyPro/Application/Runtime/Cache/Admin/f1023f265a5b39e794102bd0d4aee2c6.php 第 337 行.
INFO: Run Behavior\ParseTemplateBehavior [ RunTime:0.026838s ]
INFO: [ view_parse ] --END-- [ RunTime:0.026892s ]
INFO: [ view_filter ] --START--
INFO: Run Behavior\WriteHtmlCacheBehavior [ RunTime:0.000165s ]
INFO: [ view_filter ] --END-- [ RunTime:0.000202s ]
INFO: [ app_end ] --START--
INFO: Run Behavior\ShowPageTraceBehavior [ RunTime:0.000585s ]
INFO: [ app_end ] --END-- [ RunTime:0.000637s ]

[ 2016-01-13T09:20:44+08:00 ] 127.0.0.1 /MyPro/Resources/menuadd/m_id/a1542e3f-9343-c146-dd1d-1d0ed483b00a/p_id/64c21aae-045b-72fb-cfd0-e0f28ffffcc2
INFO: [ app_init ] --START--
INFO: Run Behavior\BuildLiteBehavior [ RunTime:0.000011s ]
INFO: [ app_init ] --END-- [ RunTime:0.000262s ]
INFO: [ app_begin ] --START--
INFO: Run Behavior\ReadHtmlCacheBehavior [ RunTime:0.000254s ]
INFO: [ app_begin ] --END-- [ RunTime:0.000285s ]
SQL: SHOW COLUMNS FROM `yybg_admin_group` [ RunTime:0.0031s ]
SQL: SELECT `role_id` FROM `yybg_admin_group` WHERE ( admin_id='1d1be9e8-6123-e7ad-b0d7-78d52415bce8' )  [ RunTime:0.0004s ]
SQL: SHOW COLUMNS FROM `yybg_admin_menu` [ RunTime:0.0035s ]
SQL: select * from yybg_admin_menu menu where menu.pid is null and menu.id in (select res_id from yybg_auth auth where auth.role_id = '55eb8807-41ad-6290-2e29-fa2982301f3b' and auth_res_type = '00A')  order by PID ASC , menu.sort desc [ RunTime:0.0005s ]
NOTIC: [8] Undefined index: URI /Web/MyPro/Application/Admin/Common/CommonMenu.class.php 第 45 行.
SQL: select * from yybg_admin_menu menu where menu.pid = '64c21aae-045b-72fb-cfd0-e0f28ffffcc2' and menu.id in (select res_id from yybg_auth auth where auth.role_id = '55eb8807-41ad-6290-2e29-fa2982301f3b' and auth_res_type = '00A') order by PID ASC , menu.sort desc [ RunTime:0.0005s ]
NOTIC: [8] Undefined index: URI /Web/MyPro/Application/Admin/Common/CommonMenu.class.php 第 45 行.
SQL: select * from yybg_admin_menu menu where menu.pid = '4330a065-60b1-9ebc-8ed5-722f75f56241' and menu.id in (select res_id from yybg_auth auth where auth.role_id = '55eb8807-41ad-6290-2e29-fa2982301f3b' and auth_res_type = '00A') order by PID ASC , menu.sort desc [ RunTime:0.0004s ]
SQL: SELECT * FROM `yybg_admin_menu` WHERE ( id='a1542e3f-9343-c146-dd1d-1d0ed483b00a' ) LIMIT 1   [ RunTime:0.0004s ]
SQL: SELECT * FROM `yybg_admin_menu` WHERE ( id='64c21aae-045b-72fb-cfd0-e0f28ffffcc2' ) LIMIT 1   [ RunTime:0.0002s ]
SQL: SHOW COLUMNS FROM `yybg_admin_menu` [ RunTime:0.0064s ]
SQL: SELECT * FROM `yybg_admin_menu` WHERE ( pid is null and state = '00A' )  [ RunTime:0.0004s ]
INFO: [ view_parse ] --START--
INFO: [ template_filter ] --START--
INFO: Run Behavior\ContentReplaceBehavior [ RunTime:0.000226s ]
INFO: [ template_filter ] --END-- [ RunTime:0.000287s ]
NOTIC: [8] Undefined variable: UUID /Web/MyPro/Application/Runtime/Cache/Admin/041305a60eb06da6c57b3556f1787fe1.php 第 887 行.
NOTIC: [8] Use of undefined constant Index - assumed 'Index' /Web/MyPro/Application/Runtime/Cache/Admin/041305a60eb06da6c57b3556f1787fe1.php 第 922 行.
INFO: Run Behavior\ParseTemplateBehavior [ RunTime:0.040797s ]
INFO: [ view_parse ] --END-- [ RunTime:0.040839s ]
INFO: [ view_filter ] --START--
INFO: Run Behavior\WriteHtmlCacheBehavior [ RunTime:0.000212s ]
INFO: [ view_filter ] --END-- [ RunTime:0.000245s ]
INFO: [ app_end ] --START--
INFO: Run Behavior\ShowPageTraceBehavior [ RunTime:0.000406s ]
INFO: [ app_end ] --END-- [ RunTime:0.000462s ]

[ 2016-01-13T09:21:12+08:00 ] 127.0.0.1 /MyPro/Resources/menuadd
INFO: [ app_init ] --START--
INFO: Run Behavior\BuildLiteBehavior [ RunTime:0.000020s ]
INFO: [ app_init ] --END-- [ RunTime:0.000412s ]
INFO: [ app_begin ] --START--
INFO: Run Behavior\ReadHtmlCacheBehavior [ RunTime:0.000568s ]
INFO: [ app_begin ] --END-- [ RunTime:0.000714s ]
SQL: SHOW COLUMNS FROM `yybg_admin_group` [ RunTime:0.0037s ]
SQL: SELECT `role_id` FROM `yybg_admin_group` WHERE ( admin_id='1d1be9e8-6123-e7ad-b0d7-78d52415bce8' )  [ RunTime:0.0005s ]
SQL: SHOW COLUMNS FROM `yybg_admin_menu` [ RunTime:0.0074s ]
SQL: select * from yybg_admin_menu menu where menu.pid is null and menu.id in (select res_id from yybg_auth auth where auth.role_id = '55eb8807-41ad-6290-2e29-fa2982301f3b' and auth_res_type = '00A')  order by PID ASC , menu.sort desc [ RunTime:0.0033s ]
NOTIC: [8] Undefined index: URI /Web/MyPro/Application/Admin/Common/CommonMenu.class.php 第 45 行.
SQL: select * from yybg_admin_menu menu where menu.pid = '64c21aae-045b-72fb-cfd0-e0f28ffffcc2' and menu.id in (select res_id from yybg_auth auth where auth.role_id = '55eb8807-41ad-6290-2e29-fa2982301f3b' and auth_res_type = '00A') order by PID ASC , menu.sort desc [ RunTime:0.0010s ]
NOTIC: [8] Undefined index: URI /Web/MyPro/Application/Admin/Common/CommonMenu.class.php 第 45 行.
SQL: select * from yybg_admin_menu menu where menu.pid = '4330a065-60b1-9ebc-8ed5-722f75f56241' and menu.id in (select res_id from yybg_auth auth where auth.role_id = '55eb8807-41ad-6290-2e29-fa2982301f3b' and auth_res_type = '00A') order by PID ASC , menu.sort desc [ RunTime:0.0009s ]
SQL: SELECT * FROM `yybg_admin_menu` WHERE ( id='a1542e3f-9343-c146-dd1d-1d0ed483b00a' ) LIMIT 1   [ RunTime:0.0004s ]
SQL: SELECT * FROM `yybg_admin_menu` WHERE ( id='64c21aae-045b-72fb-cfd0-e0f28ffffcc2' ) LIMIT 1   [ RunTime:0.0004s ]
SQL: SHOW COLUMNS FROM `yybg_admin_menu` [ RunTime:0.0031s ]
SQL: INSERT INTO `yybg_admin_menu` (`ID`,`SORT`,`MENU_ICON`,`STATE`,`URI`,`CREATE_TIME`,`MENU_NAME`,`PID`,`PNAME`) VALUES ('30e5dc17-11ce-e901-d8f7-29aabcd1533e','100','    fa-road','00A','/inter/test/type/kuaidi','2016-01-13 09:21:12','快递查询测试接口','2d0ba68f-c9bc-a1ce-a960-13fb24fe71de','APIx接口测试') [ RunTime:0.0038s ]
INFO: [ view_parse ] --START--
INFO: [ template_filter ] --START--
INFO: Run Behavior\ContentReplaceBehavior [ RunTime:0.000066s ]
INFO: [ template_filter ] --END-- [ RunTime:0.000118s ]
INFO: Run Behavior\ParseTemplateBehavior [ RunTime:0.008222s ]
INFO: [ view_parse ] --END-- [ RunTime:0.008277s ]
INFO: [ view_filter ] --START--
INFO: Run Behavior\WriteHtmlCacheBehavior [ RunTime:0.000132s ]
INFO: [ view_filter ] --END-- [ RunTime:0.000162s ]
INFO: [ app_end ] --START--
INFO: Run Behavior\ShowPageTraceBehavior [ RunTime:0.000516s ]
INFO: [ app_end ] --END-- [ RunTime:0.000561s ]

[ 2016-01-13T09:21:13+08:00 ] 127.0.0.1 /MyPro/Resources/menulist/m_id/a1542e3f-9343-c146-dd1d-1d0ed483b00a/p_id/64c21aae-045b-72fb-cfd0-e0f28ffffcc2
INFO: [ app_init ] --START--
INFO: Run Behavior\BuildLiteBehavior [ RunTime:0.000009s ]
INFO: [ app_init ] --END-- [ RunTime:0.000199s ]
INFO: [ app_begin ] --START--
INFO: Run Behavior\ReadHtmlCacheBehavior [ RunTime:0.000250s ]
INFO: [ app_begin ] --END-- [ RunTime:0.000293s ]
SQL: SHOW COLUMNS FROM `yybg_admin_group` [ RunTime:0.0029s ]
SQL: SELECT `role_id` FROM `yybg_admin_group` WHERE ( admin_id='1d1be9e8-6123-e7ad-b0d7-78d52415bce8' )  [ RunTime:0.0005s ]
SQL: SHOW COLUMNS FROM `yybg_admin_menu` [ RunTime:0.0035s ]
SQL: select * from yybg_admin_menu menu where menu.pid is null and menu.id in (select res_id from yybg_auth auth where auth.role_id = '55eb8807-41ad-6290-2e29-fa2982301f3b' and auth_res_type = '00A')  order by PID ASC , menu.sort desc [ RunTime:0.0005s ]
NOTIC: [8] Undefined index: URI /Web/MyPro/Application/Admin/Common/CommonMenu.class.php 第 45 行.
SQL: select * from yybg_admin_menu menu where menu.pid = '64c21aae-045b-72fb-cfd0-e0f28ffffcc2' and menu.id in (select res_id from yybg_auth auth where auth.role_id = '55eb8807-41ad-6290-2e29-fa2982301f3b' and auth_res_type = '00A') order by PID ASC , menu.sort desc [ RunTime:0.0005s ]
NOTIC: [8] Undefined index: URI /Web/MyPro/Application/Admin/Common/CommonMenu.class.php 第 45 行.
SQL: select * from yybg_admin_menu menu where menu.pid = '4330a065-60b1-9ebc-8ed5-722f75f56241' and menu.id in (select res_id from yybg_auth auth where auth.role_id = '55eb8807-41ad-6290-2e29-fa2982301f3b' and auth_res_type = '00A') order by PID ASC , menu.sort desc [ RunTime:0.0005s ]
SQL: SELECT * FROM `yybg_admin_menu` WHERE ( id='a1542e3f-9343-c146-dd1d-1d0ed483b00a' ) LIMIT 1   [ RunTime:0.0003s ]
SQL: SELECT * FROM `yybg_admin_menu` WHERE ( id='64c21aae-045b-72fb-cfd0-e0f28ffffcc2' ) LIMIT 1   [ RunTime:0.0004s ]
SQL: SELECT COUNT(*) AS tp_count FROM `yybg_admin_menu` WHERE ( (STATE = '00A') ) LIMIT 1   [ RunTime:0.0003s ]
SQL: SELECT * FROM `yybg_admin_menu` WHERE ( (STATE = '00A') ) ORDER BY pid,sort desc LIMIT 0,10   [ RunTime:0.0004s ]
INFO: [ view_parse ] --START--
INFO: [ template_filter ] --START--
INFO: Run Behavior\ContentReplaceBehavior [ RunTime:0.000143s ]
INFO: [ template_filter ] --END-- [ RunTime:0.000188s ]
NOTIC: [8] Undefined variable: UUID /Web/MyPro/Application/Runtime/Cache/Admin/f1023f265a5b39e794102bd0d4aee2c6.php 第 302 行.
NOTIC: [8] Use of undefined constant Index - assumed 'Index' /Web/MyPro/Application/Runtime/Cache/Admin/f1023f265a5b39e794102bd0d4aee2c6.php 第 337 行.
INFO: Run Behavior\ParseTemplateBehavior [ RunTime:0.024323s ]
INFO: [ view_parse ] --END-- [ RunTime:0.024354s ]
INFO: [ view_filter ] --START--
INFO: Run Behavior\WriteHtmlCacheBehavior [ RunTime:0.000101s ]
INFO: [ view_filter ] --END-- [ RunTime:0.000124s ]
INFO: [ app_end ] --START--
INFO: Run Behavior\ShowPageTraceBehavior [ RunTime:0.000354s ]
INFO: [ app_end ] --END-- [ RunTime:0.000388s ]

[ 2016-01-13T09:21:14+08:00 ] 127.0.0.1 /MyPro/admins/show/m_id/bfbf33ef-1f3c-7dba-8da1-83cf877e0045/p_id/64c21aae-045b-72fb-cfd0-e0f28ffffcc2
INFO: [ app_init ] --START--
INFO: Run Behavior\BuildLiteBehavior [ RunTime:0.000016s ]
INFO: [ app_init ] --END-- [ RunTime:0.000387s ]
INFO: [ app_begin ] --START--
INFO: Run Behavior\ReadHtmlCacheBehavior [ RunTime:0.000493s ]
INFO: [ app_begin ] --END-- [ RunTime:0.000554s ]
NOTIC: [2048] Declaration of Admin\Controller\AdminsController::show() should be compatible with Think\Controller::show($content, $charset = '', $contentType = '', $prefix = '') /Web/MyPro/Application/Admin/Controller/AdminsController.class.php 第 28 行.
SQL: SHOW COLUMNS FROM `yybg_admin_group` [ RunTime:0.0042s ]
SQL: SELECT `role_id` FROM `yybg_admin_group` WHERE ( admin_id='1d1be9e8-6123-e7ad-b0d7-78d52415bce8' )  [ RunTime:0.0005s ]
SQL: SHOW COLUMNS FROM `yybg_admin_menu` [ RunTime:0.0070s ]
SQL: select * from yybg_admin_menu menu where menu.pid is null and menu.id in (select res_id from yybg_auth auth where auth.role_id = '55eb8807-41ad-6290-2e29-fa2982301f3b' and auth_res_type = '00A')  order by PID ASC , menu.sort desc [ RunTime:0.0009s ]
NOTIC: [8] Undefined index: URI /Web/MyPro/Application/Admin/Common/CommonMenu.class.php 第 45 行.
SQL: select * from yybg_admin_menu menu where menu.pid = '64c21aae-045b-72fb-cfd0-e0f28ffffcc2' and menu.id in (select res_id from yybg_auth auth where auth.role_id = '55eb8807-41ad-6290-2e29-fa2982301f3b' and auth_res_type = '00A') order by PID ASC , menu.sort desc [ RunTime:0.0006s ]
NOTIC: [8] Undefined index: URI /Web/MyPro/Application/Admin/Common/CommonMenu.class.php 第 45 行.
SQL: select * from yybg_admin_menu menu where menu.pid = '4330a065-60b1-9ebc-8ed5-722f75f56241' and menu.id in (select res_id from yybg_auth auth where auth.role_id = '55eb8807-41ad-6290-2e29-fa2982301f3b' and auth_res_type = '00A') order by PID ASC , menu.sort desc [ RunTime:0.0006s ]
SQL: SELECT * FROM `yybg_admin_menu` WHERE ( id='bfbf33ef-1f3c-7dba-8da1-83cf877e0045' ) LIMIT 1   [ RunTime:0.0003s ]
SQL: SELECT * FROM `yybg_admin_menu` WHERE ( id='64c21aae-045b-72fb-cfd0-e0f28ffffcc2' ) LIMIT 1   [ RunTime:0.0003s ]
SQL: SHOW COLUMNS FROM `yybg_admin` [ RunTime:0.0062s ]
SQL: SELECT COUNT(*) AS tp_count FROM `yybg_admin` WHERE ( (STATE = '00A' or STATE = '00B') ) LIMIT 1   [ RunTime:0.0003s ]
SQL: SELECT * FROM `yybg_admin` WHERE ( (STATE = '00A' or STATE = '00B') ) ORDER BY create_time desc LIMIT 0,10   [ RunTime:0.0004s ]
INFO: [ view_parse ] --START--
INFO: [ template_filter ] --START--
INFO: Run Behavior\ContentReplaceBehavior [ RunTime:0.000112s ]
INFO: [ template_filter ] --END-- [ RunTime:0.000150s ]
NOTIC: [8] Undefined variable: UUID /Web/MyPro/Application/Runtime/Cache/Admin/0dd3e565d3a08138743ac3a4c52f2cae.php 第 372 行.
NOTIC: [8] Use of undefined constant Index - assumed 'Index' /Web/MyPro/Application/Runtime/Cache/Admin/0dd3e565d3a08138743ac3a4c52f2cae.php 第 407 行.
INFO: Run Behavior\ParseTemplateBehavior [ RunTime:0.022608s ]
INFO: [ view_parse ] --END-- [ RunTime:0.022693s ]
INFO: [ view_filter ] --START--
INFO: Run Behavior\WriteHtmlCacheBehavior [ RunTime:0.000269s ]
INFO: [ view_filter ] --END-- [ RunTime:0.000388s ]
INFO: [ app_end ] --START--
INFO: Run Behavior\ShowPageTraceBehavior [ RunTime:0.000658s ]
INFO: [ app_end ] --END-- [ RunTime:0.001189s ]

[ 2016-01-13T09:21:15+08:00 ] 127.0.0.1 /MyPro/roles/show/m_id/50fee1a0-13cf-640a-43a0-2a88719804bc/p_id/64c21aae-045b-72fb-cfd0-e0f28ffffcc2
INFO: [ app_init ] --START--
INFO: Run Behavior\BuildLiteBehavior [ RunTime:0.000009s ]
INFO: [ app_init ] --END-- [ RunTime:0.000217s ]
INFO: [ app_begin ] --START--
INFO: Run Behavior\ReadHtmlCacheBehavior [ RunTime:0.000254s ]
INFO: [ app_begin ] --END-- [ RunTime:0.000284s ]
NOTIC: [2048] Declaration of Admin\Controller\RolesController::show() should be compatible with Think\Controller::show($content, $charset = '', $contentType = '', $prefix = '') /Web/MyPro/Application/Admin/Controller/RolesController.class.php 第 30 行.
SQL: SHOW COLUMNS FROM `yybg_admin_group` [ RunTime:0.0061s ]
SQL: SELECT `role_id` FROM `yybg_admin_group` WHERE ( admin_id='1d1be9e8-6123-e7ad-b0d7-78d52415bce8' )  [ RunTime:0.0006s ]
SQL: SHOW COLUMNS FROM `yybg_admin_menu` [ RunTime:0.0066s ]
SQL: select * from yybg_admin_menu menu where menu.pid is null and menu.id in (select res_id from yybg_auth auth where auth.role_id = '55eb8807-41ad-6290-2e29-fa2982301f3b' and auth_res_type = '00A')  order by PID ASC , menu.sort desc [ RunTime:0.0005s ]
NOTIC: [8] Undefined index: URI /Web/MyPro/Application/Admin/Common/CommonMenu.class.php 第 45 行.
SQL: select * from yybg_admin_menu menu where menu.pid = '64c21aae-045b-72fb-cfd0-e0f28ffffcc2' and menu.id in (select res_id from yybg_auth auth where auth.role_id = '55eb8807-41ad-6290-2e29-fa2982301f3b' and auth_res_type = '00A') order by PID ASC , menu.sort desc [ RunTime:0.0005s ]
NOTIC: [8] Undefined index: URI /Web/MyPro/Application/Admin/Common/CommonMenu.class.php 第 45 行.
SQL: select * from yybg_admin_menu menu where menu.pid = '4330a065-60b1-9ebc-8ed5-722f75f56241' and menu.id in (select res_id from yybg_auth auth where auth.role_id = '55eb8807-41ad-6290-2e29-fa2982301f3b' and auth_res_type = '00A') order by PID ASC , menu.sort desc [ RunTime:0.0006s ]
SQL: SELECT * FROM `yybg_admin_menu` WHERE ( id='50fee1a0-13cf-640a-43a0-2a88719804bc' ) LIMIT 1   [ RunTime:0.0003s ]
SQL: SELECT * FROM `yybg_admin_menu` WHERE ( id='64c21aae-045b-72fb-cfd0-e0f28ffffcc2' ) LIMIT 1   [ RunTime:0.0003s ]
SQL: SHOW COLUMNS FROM `yybg_role` [ RunTime:0.0077s ]
SQL: SELECT COUNT(*) AS tp_count FROM `yybg_role` WHERE ( (STATE = '00A') ) LIMIT 1   [ RunTime:0.0003s ]
SQL: SELECT * FROM `yybg_role` WHERE ( (STATE = '00A') ) ORDER BY create_time desc LIMIT 0,10   [ RunTime:0.0004s ]
SQL: select a.name from yybg_admin_group as g left join yybg_admin as a on g.admin_id = a.id where g.role_id='41228a73-c932-5f41-818e-bcccdf07df23' [ RunTime:0.0030s ]
SQL: select a.name from yybg_admin_group as g left join yybg_admin as a on g.admin_id = a.id where g.role_id='8ff7766b-100b-9584-e39f-d08259b7d96d' [ RunTime:0.0003s ]
SQL: select a.name from yybg_admin_group as g left join yybg_admin as a on g.admin_id = a.id where g.role_id='55eb8807-41ad-6290-2e29-fa2982301f3b' [ RunTime:0.0003s ]
INFO: [ view_parse ] --START--
INFO: [ template_filter ] --START--
INFO: Run Behavior\ContentReplaceBehavior [ RunTime:0.000130s ]
INFO: [ template_filter ] --END-- [ RunTime:0.000180s ]
NOTIC: [8] Undefined variable: UUID /Web/MyPro/Application/Runtime/Cache/Admin/be4fb652d5e1d49e4c65166af72502c1.php 第 258 行.
NOTIC: [8] Use of undefined constant Index - assumed 'Index' /Web/MyPro/Application/Runtime/Cache/Admin/be4fb652d5e1d49e4c65166af72502c1.php 第 293 行.
INFO: Run Behavior\ParseTemplateBehavior [ RunTime:0.019962s ]
INFO: [ view_parse ] --END-- [ RunTime:0.020022s ]
INFO: [ view_filter ] --START--
INFO: Run Behavior\WriteHtmlCacheBehavior [ RunTime:0.000111s ]
INFO: [ view_filter ] --END-- [ RunTime:0.000136s ]
INFO: [ app_end ] --START--
INFO: Run Behavior\ShowPageTraceBehavior [ RunTime:0.000543s ]
INFO: [ app_end ] --END-- [ RunTime:0.000609s ]

[ 2016-01-13T09:21:18+08:00 ] 127.0.0.1 /MyPro/Roles/auth/m_id/50fee1a0-13cf-640a-43a0-2a88719804bc/p_id/64c21aae-045b-72fb-cfd0-e0f28ffffcc2/role_id/55eb8807-41ad-6290-2e29-fa2982301f3b
INFO: [ app_init ] --START--
INFO: Run Behavior\BuildLiteBehavior [ RunTime:0.000010s ]
INFO: [ app_init ] --END-- [ RunTime:0.000225s ]
INFO: [ app_begin ] --START--
INFO: Run Behavior\ReadHtmlCacheBehavior [ RunTime:0.000271s ]
INFO: [ app_begin ] --END-- [ RunTime:0.000306s ]
NOTIC: [2048] Declaration of Admin\Controller\RolesController::show() should be compatible with Think\Controller::show($content, $charset = '', $contentType = '', $prefix = '') /Web/MyPro/Application/Admin/Controller/RolesController.class.php 第 30 行.
SQL: SHOW COLUMNS FROM `yybg_admin_group` [ RunTime:0.0063s ]
SQL: SELECT `role_id` FROM `yybg_admin_group` WHERE ( admin_id='1d1be9e8-6123-e7ad-b0d7-78d52415bce8' )  [ RunTime:0.0004s ]
SQL: SHOW COLUMNS FROM `yybg_admin_menu` [ RunTime:0.0063s ]
SQL: select * from yybg_admin_menu menu where menu.pid is null and menu.id in (select res_id from yybg_auth auth where auth.role_id = '55eb8807-41ad-6290-2e29-fa2982301f3b' and auth_res_type = '00A')  order by PID ASC , menu.sort desc [ RunTime:0.0010s ]
NOTIC: [8] Undefined index: URI /Web/MyPro/Application/Admin/Common/CommonMenu.class.php 第 45 行.
SQL: select * from yybg_admin_menu menu where menu.pid = '64c21aae-045b-72fb-cfd0-e0f28ffffcc2' and menu.id in (select res_id from yybg_auth auth where auth.role_id = '55eb8807-41ad-6290-2e29-fa2982301f3b' and auth_res_type = '00A') order by PID ASC , menu.sort desc [ RunTime:0.0007s ]
NOTIC: [8] Undefined index: URI /Web/MyPro/Application/Admin/Common/CommonMenu.class.php 第 45 行.
SQL: select * from yybg_admin_menu menu where menu.pid = '4330a065-60b1-9ebc-8ed5-722f75f56241' and menu.id in (select res_id from yybg_auth auth where auth.role_id = '55eb8807-41ad-6290-2e29-fa2982301f3b' and auth_res_type = '00A') order by PID ASC , menu.sort desc [ RunTime:0.0011s ]
SQL: SELECT * FROM `yybg_admin_menu` WHERE ( id='50fee1a0-13cf-640a-43a0-2a88719804bc' ) LIMIT 1   [ RunTime:0.0007s ]
SQL: SELECT * FROM `yybg_admin_menu` WHERE ( id='64c21aae-045b-72fb-cfd0-e0f28ffffcc2' ) LIMIT 1   [ RunTime:0.0005s ]
SQL: SHOW COLUMNS FROM `yybg_role` [ RunTime:0.0063s ]
SQL: SHOW COLUMNS FROM `yybg_auth` [ RunTime:0.0042s ]
SQL: SELECT * FROM `yybg_admin_menu` WHERE ( STATE = '00A' and PID is NULL )  [ RunTime:0.0004s ]
SQL: SELECT * FROM `yybg_auth` WHERE ( RES_ID = '2d0ba68f-c9bc-a1ce-a960-13fb24fe71de' and ROLE_ID = '55eb8807-41ad-6290-2e29-fa2982301f3b' ) LIMIT 1   [ RunTime:0.0003s ]
SQL: SELECT * FROM `yybg_admin_menu` WHERE ( STATE = '00A' and PID ='2d0ba68f-c9bc-a1ce-a960-13fb24fe71de' )  [ RunTime:0.0003s ]
SQL: SELECT * FROM `yybg_auth` WHERE ( RES_ID = '30e5dc17-11ce-e901-d8f7-29aabcd1533e' and ROLE_ID = '55eb8807-41ad-6290-2e29-fa2982301f3b' ) LIMIT 1   [ RunTime:0.0003s ]
SQL: SELECT * FROM `yybg_auth` WHERE ( RES_ID = '4330a065-60b1-9ebc-8ed5-722f75f56241' and ROLE_ID = '55eb8807-41ad-6290-2e29-fa2982301f3b' ) LIMIT 1   [ RunTime:0.0004s ]
SQL: SELECT * FROM `yybg_admin_menu` WHERE ( STATE = '00A' and PID ='4330a065-60b1-9ebc-8ed5-722f75f56241' )  [ RunTime:0.0004s ]
SQL: SELECT * FROM `yybg_auth` WHERE ( RES_ID = '735e10cb-4543-93e4-e83e-ed2aab6119b3' and ROLE_ID = '55eb8807-41ad-6290-2e29-fa2982301f3b' ) LIMIT 1   [ RunTime:0.0004s ]
SQL: SELECT * FROM `yybg_auth` WHERE ( RES_ID = '8f85e488-db62-a233-2e50-2fbf87c7552f' and ROLE_ID = '55eb8807-41ad-6290-2e29-fa2982301f3b' ) LIMIT 1   [ RunTime:0.0003s ]
SQL: SELECT * FROM `yybg_auth` WHERE ( RES_ID = 'e60b03f5-097c-c25a-aa99-0a2ac17b6932' and ROLE_ID = '55eb8807-41ad-6290-2e29-fa2982301f3b' ) LIMIT 1   [ RunTime:0.0004s ]
SQL: SELECT * FROM `yybg_auth` WHERE ( RES_ID = 'f2d8cafc-cfa0-4a50-4287-f603d51ed337' and ROLE_ID = '55eb8807-41ad-6290-2e29-fa2982301f3b' ) LIMIT 1   [ RunTime:0.0002s ]
SQL: SELECT * FROM `yybg_auth` WHERE ( RES_ID = '64c21aae-045b-72fb-cfd0-e0f28ffffcc2' and ROLE_ID = '55eb8807-41ad-6290-2e29-fa2982301f3b' ) LIMIT 1   [ RunTime:0.0003s ]
SQL: SELECT * FROM `yybg_admin_menu` WHERE ( STATE = '00A' and PID ='64c21aae-045b-72fb-cfd0-e0f28ffffcc2' )  [ RunTime:0.0003s ]
SQL: SELECT * FROM `yybg_auth` WHERE ( RES_ID = '50fee1a0-13cf-640a-43a0-2a88719804bc' and ROLE_ID = '55eb8807-41ad-6290-2e29-fa2982301f3b' ) LIMIT 1   [ RunTime:0.0003s ]
SQL: SELECT * FROM `yybg_auth` WHERE ( RES_ID = 'a1542e3f-9343-c146-dd1d-1d0ed483b00a' and ROLE_ID = '55eb8807-41ad-6290-2e29-fa2982301f3b' ) LIMIT 1   [ RunTime:0.0003s ]
SQL: SELECT * FROM `yybg_auth` WHERE ( RES_ID = 'bfbf33ef-1f3c-7dba-8da1-83cf877e0045' and ROLE_ID = '55eb8807-41ad-6290-2e29-fa2982301f3b' ) LIMIT 1   [ RunTime:0.0003s ]
INFO: [ view_parse ] --START--
INFO: [ template_filter ] --START--
INFO: Run Behavior\ContentReplaceBehavior [ RunTime:0.000093s ]
INFO: [ template_filter ] --END-- [ RunTime:0.000135s ]
NOTIC: [8] Undefined index: checked /Web/MyPro/Application/Runtime/Cache/Admin/1a57bf652a67b4a479b404346b31a2f3.php 第 157 行.
NOTIC: [8] Undefined index: checked /Web/MyPro/Application/Runtime/Cache/Admin/1a57bf652a67b4a479b404346b31a2f3.php 第 167 行.
NOTIC: [8] Undefined variable: UUID /Web/MyPro/Application/Runtime/Cache/Admin/1a57bf652a67b4a479b404346b31a2f3.php 第 190 行.
NOTIC: [8] Use of undefined constant Index - assumed 'Index' /Web/MyPro/Application/Runtime/Cache/Admin/1a57bf652a67b4a479b404346b31a2f3.php 第 225 行.
INFO: Run Behavior\ParseTemplateBehavior [ RunTime:0.016646s ]
INFO: [ view_parse ] --END-- [ RunTime:0.016720s ]
INFO: [ view_filter ] --START--
INFO: Run Behavior\WriteHtmlCacheBehavior [ RunTime:0.000105s ]
INFO: [ view_filter ] --END-- [ RunTime:0.000128s ]
INFO: [ app_end ] --START--
INFO: Run Behavior\ShowPageTraceBehavior [ RunTime:0.000339s ]
INFO: [ app_end ] --END-- [ RunTime:0.000395s ]

[ 2016-01-13T09:21:20+08:00 ] 127.0.0.1 /MyPro/Roles/auth
INFO: [ app_init ] --START--
INFO: Run Behavior\BuildLiteBehavior [ RunTime:0.000017s ]
INFO: [ app_init ] --END-- [ RunTime:0.000388s ]
INFO: [ app_begin ] --START--
INFO: Run Behavior\ReadHtmlCacheBehavior [ RunTime:0.000346s ]
INFO: [ app_begin ] --END-- [ RunTime:0.000399s ]
NOTIC: [2048] Declaration of Admin\Controller\RolesController::show() should be compatible with Think\Controller::show($content, $charset = '', $contentType = '', $prefix = '') /Web/MyPro/Application/Admin/Controller/RolesController.class.php 第 30 行.
SQL: SHOW COLUMNS FROM `yybg_admin_group` [ RunTime:0.0029s ]
SQL: SELECT `role_id` FROM `yybg_admin_group` WHERE ( admin_id='1d1be9e8-6123-e7ad-b0d7-78d52415bce8' )  [ RunTime:0.0003s ]
SQL: SHOW COLUMNS FROM `yybg_admin_menu` [ RunTime:0.0067s ]
SQL: select * from yybg_admin_menu menu where menu.pid is null and menu.id in (select res_id from yybg_auth auth where auth.role_id = '55eb8807-41ad-6290-2e29-fa2982301f3b' and auth_res_type = '00A')  order by PID ASC , menu.sort desc [ RunTime:0.0007s ]
NOTIC: [8] Undefined index: URI /Web/MyPro/Application/Admin/Common/CommonMenu.class.php 第 45 行.
SQL: select * from yybg_admin_menu menu where menu.pid = '64c21aae-045b-72fb-cfd0-e0f28ffffcc2' and menu.id in (select res_id from yybg_auth auth where auth.role_id = '55eb8807-41ad-6290-2e29-fa2982301f3b' and auth_res_type = '00A') order by PID ASC , menu.sort desc [ RunTime:0.0004s ]
NOTIC: [8] Undefined index: URI /Web/MyPro/Application/Admin/Common/CommonMenu.class.php 第 45 行.
SQL: select * from yybg_admin_menu menu where menu.pid = '4330a065-60b1-9ebc-8ed5-722f75f56241' and menu.id in (select res_id from yybg_auth auth where auth.role_id = '55eb8807-41ad-6290-2e29-fa2982301f3b' and auth_res_type = '00A') order by PID ASC , menu.sort desc [ RunTime:0.0005s ]
SQL: SELECT * FROM `yybg_admin_menu` WHERE ( id='50fee1a0-13cf-640a-43a0-2a88719804bc' ) LIMIT 1   [ RunTime:0.0003s ]
SQL: SELECT * FROM `yybg_admin_menu` WHERE ( id='64c21aae-045b-72fb-cfd0-e0f28ffffcc2' ) LIMIT 1   [ RunTime:0.0002s ]
SQL: SHOW COLUMNS FROM `yybg_role` [ RunTime:0.0032s ]
SQL: SHOW COLUMNS FROM `yybg_auth` [ RunTime:0.0039s ]
SQL: delete  from yybg_auth where ROLE_ID='55eb8807-41ad-6290-2e29-fa2982301f3b' [ RunTime:0.0047s ]
SQL: INSERT INTO `yybg_auth` (`ID`,`ROLE_ID`,`RES_ID`,`AUTH_RES_TYPE`,`CREATE_TIME`) VALUES ('e6248461-85f8-4e98-d1cd-6a1491475f1b','55eb8807-41ad-6290-2e29-fa2982301f3b','2d0ba68f-c9bc-a1ce-a960-13fb24fe71de','00A','2016-01-13 09:21:20') [ RunTime:0.0029s ]
SQL: INSERT INTO `yybg_auth` (`ID`,`ROLE_ID`,`RES_ID`,`AUTH_RES_TYPE`,`CREATE_TIME`) VALUES ('f02d9264-533e-0093-9632-ebffd413358b','55eb8807-41ad-6290-2e29-fa2982301f3b','30e5dc17-11ce-e901-d8f7-29aabcd1533e','00A','2016-01-13 09:21:20') [ RunTime:0.0031s ]
SQL: INSERT INTO `yybg_auth` (`ID`,`ROLE_ID`,`RES_ID`,`AUTH_RES_TYPE`,`CREATE_TIME`) VALUES ('01289537-713b-d6b4-c82c-9061ecfe75e8','55eb8807-41ad-6290-2e29-fa2982301f3b','4330a065-60b1-9ebc-8ed5-722f75f56241','00A','2016-01-13 09:21:20') [ RunTime:0.0034s ]
SQL: INSERT INTO `yybg_auth` (`ID`,`ROLE_ID`,`RES_ID`,`AUTH_RES_TYPE`,`CREATE_TIME`) VALUES ('a5e994e0-fdbc-9a75-0292-1e19a97737c8','55eb8807-41ad-6290-2e29-fa2982301f3b','735e10cb-4543-93e4-e83e-ed2aab6119b3','00A','2016-01-13 09:21:20') [ RunTime:0.0031s ]
SQL: INSERT INTO `yybg_auth` (`ID`,`ROLE_ID`,`RES_ID`,`AUTH_RES_TYPE`,`CREATE_TIME`) VALUES ('f4a21576-de5b-c2ee-1575-0acd781371f7','55eb8807-41ad-6290-2e29-fa2982301f3b','8f85e488-db62-a233-2e50-2fbf87c7552f','00A','2016-01-13 09:21:20') [ RunTime:0.0038s ]
SQL: INSERT INTO `yybg_auth` (`ID`,`ROLE_ID`,`RES_ID`,`AUTH_RES_TYPE`,`CREATE_TIME`) VALUES ('64cc349a-0237-ee26-503e-bb514bacfbc5','55eb8807-41ad-6290-2e29-fa2982301f3b','e60b03f5-097c-c25a-aa99-0a2ac17b6932','00A','2016-01-13 09:21:20') [ RunTime:0.0027s ]
SQL: INSERT INTO `yybg_auth` (`ID`,`ROLE_ID`,`RES_ID`,`AUTH_RES_TYPE`,`CREATE_TIME`) VALUES ('d393b0a3-16ff-0e17-597b-957d6593ece9','55eb8807-41ad-6290-2e29-fa2982301f3b','f2d8cafc-cfa0-4a50-4287-f603d51ed337','00A','2016-01-13 09:21:20') [ RunTime:0.0034s ]
SQL: INSERT INTO `yybg_auth` (`ID`,`ROLE_ID`,`RES_ID`,`AUTH_RES_TYPE`,`CREATE_TIME`) VALUES ('dda46aef-a7b1-3bc0-4aae-e99a906c49ca','55eb8807-41ad-6290-2e29-fa2982301f3b','64c21aae-045b-72fb-cfd0-e0f28ffffcc2','00A','2016-01-13 09:21:20') [ RunTime:0.0033s ]
SQL: INSERT INTO `yybg_auth` (`ID`,`ROLE_ID`,`RES_ID`,`AUTH_RES_TYPE`,`CREATE_TIME`) VALUES ('bd29fc85-8f1f-4285-e11b-d54fc0c904ab','55eb8807-41ad-6290-2e29-fa2982301f3b','50fee1a0-13cf-640a-43a0-2a88719804bc','00A','2016-01-13 09:21:20') [ RunTime:0.0032s ]
SQL: INSERT INTO `yybg_auth` (`ID`,`ROLE_ID`,`RES_ID`,`AUTH_RES_TYPE`,`CREATE_TIME`) VALUES ('8d545388-aa6e-2bf9-b72d-6540be3355c9','55eb8807-41ad-6290-2e29-fa2982301f3b','a1542e3f-9343-c146-dd1d-1d0ed483b00a','00A','2016-01-13 09:21:20') [ RunTime:0.0033s ]
SQL: INSERT INTO `yybg_auth` (`ID`,`ROLE_ID`,`RES_ID`,`AUTH_RES_TYPE`,`CREATE_TIME`) VALUES ('e7312a6b-1e3b-5235-9ffa-f78025d6c4ee','55eb8807-41ad-6290-2e29-fa2982301f3b','bfbf33ef-1f3c-7dba-8da1-83cf877e0045','00A','2016-01-13 09:21:20') [ RunTime:0.0031s ]
INFO: [ view_parse ] --START--
INFO: [ template_filter ] --START--
INFO: Run Behavior\ContentReplaceBehavior [ RunTime:0.000038s ]
INFO: [ template_filter ] --END-- [ RunTime:0.000086s ]
INFO: Run Behavior\ParseTemplateBehavior [ RunTime:0.004941s ]
INFO: [ view_parse ] --END-- [ RunTime:0.004983s ]
INFO: [ view_filter ] --START--
INFO: Run Behavior\WriteHtmlCacheBehavior [ RunTime:0.000096s ]
INFO: [ view_filter ] --END-- [ RunTime:0.000119s ]
INFO: [ app_end ] --START--
INFO: Run Behavior\ShowPageTraceBehavior [ RunTime:0.000270s ]
INFO: [ app_end ] --END-- [ RunTime:0.000295s ]

[ 2016-01-13T09:21:21+08:00 ] 127.0.0.1 /MyPro/Roles/show/m_id/50fee1a0-13cf-640a-43a0-2a88719804bc/p_id/64c21aae-045b-72fb-cfd0-e0f28ffffcc2
INFO: [ app_init ] --START--
INFO: Run Behavior\BuildLiteBehavior [ RunTime:0.000009s ]
INFO: [ app_init ] --END-- [ RunTime:0.000193s ]
INFO: [ app_begin ] --START--
INFO: Run Behavior\ReadHtmlCacheBehavior [ RunTime:0.000245s ]
INFO: [ app_begin ] --END-- [ RunTime:0.000274s ]
NOTIC: [2048] Declaration of Admin\Controller\RolesController::show() should be compatible with Think\Controller::show($content, $charset = '', $contentType = '', $prefix = '') /Web/MyPro/Application/Admin/Controller/RolesController.class.php 第 30 行.
SQL: SHOW COLUMNS FROM `yybg_admin_group` [ RunTime:0.0134s ]
SQL: SELECT `role_id` FROM `yybg_admin_group` WHERE ( admin_id='1d1be9e8-6123-e7ad-b0d7-78d52415bce8' )  [ RunTime:0.0005s ]
SQL: SHOW COLUMNS FROM `yybg_admin_menu` [ RunTime:0.0067s ]
SQL: select * from yybg_admin_menu menu where menu.pid is null and menu.id in (select res_id from yybg_auth auth where auth.role_id = '55eb8807-41ad-6290-2e29-fa2982301f3b' and auth_res_type = '00A')  order by PID ASC , menu.sort desc [ RunTime:0.0010s ]
NOTIC: [8] Undefined index: URI /Web/MyPro/Application/Admin/Common/CommonMenu.class.php 第 45 行.
SQL: select * from yybg_admin_menu menu where menu.pid = '64c21aae-045b-72fb-cfd0-e0f28ffffcc2' and menu.id in (select res_id from yybg_auth auth where auth.role_id = '55eb8807-41ad-6290-2e29-fa2982301f3b' and auth_res_type = '00A') order by PID ASC , menu.sort desc [ RunTime:0.0007s ]
NOTIC: [8] Undefined index: URI /Web/MyPro/Application/Admin/Common/CommonMenu.class.php 第 45 行.
SQL: select * from yybg_admin_menu menu where menu.pid = '2d0ba68f-c9bc-a1ce-a960-13fb24fe71de' and menu.id in (select res_id from yybg_auth auth where auth.role_id = '55eb8807-41ad-6290-2e29-fa2982301f3b' and auth_res_type = '00A') order by PID ASC , menu.sort desc [ RunTime:0.0006s ]
NOTIC: [8] Undefined index: URI /Web/MyPro/Application/Admin/Common/CommonMenu.class.php 第 45 行.
SQL: select * from yybg_admin_menu menu where menu.pid = '4330a065-60b1-9ebc-8ed5-722f75f56241' and menu.id in (select res_id from yybg_auth auth where auth.role_id = '55eb8807-41ad-6290-2e29-fa2982301f3b' and auth_res_type = '00A') order by PID ASC , menu.sort desc [ RunTime:0.0007s ]
SQL: SELECT * FROM `yybg_admin_menu` WHERE ( id='50fee1a0-13cf-640a-43a0-2a88719804bc' ) LIMIT 1   [ RunTime:0.0004s ]
SQL: SELECT * FROM `yybg_admin_menu` WHERE ( id='64c21aae-045b-72fb-cfd0-e0f28ffffcc2' ) LIMIT 1   [ RunTime:0.0005s ]
SQL: SHOW COLUMNS FROM `yybg_role` [ RunTime:0.0072s ]
SQL: SELECT COUNT(*) AS tp_count FROM `yybg_role` WHERE ( (STATE = '00A') ) LIMIT 1   [ RunTime:0.0005s ]
SQL: SELECT * FROM `yybg_role` WHERE ( (STATE = '00A') ) ORDER BY create_time desc LIMIT 0,10   [ RunTime:0.0006s ]
SQL: select a.name from yybg_admin_group as g left join yybg_admin as a on g.admin_id = a.id where g.role_id='41228a73-c932-5f41-818e-bcccdf07df23' [ RunTime:0.0005s ]
SQL: select a.name from yybg_admin_group as g left join yybg_admin as a on g.admin_id = a.id where g.role_id='8ff7766b-100b-9584-e39f-d08259b7d96d' [ RunTime:0.0005s ]
SQL: select a.name from yybg_admin_group as g left join yybg_admin as a on g.admin_id = a.id where g.role_id='55eb8807-41ad-6290-2e29-fa2982301f3b' [ RunTime:0.0005s ]
INFO: [ view_parse ] --START--
INFO: [ template_filter ] --START--
INFO: Run Behavior\ContentReplaceBehavior [ RunTime:0.000195s ]
INFO: [ template_filter ] --END-- [ RunTime:0.000269s ]
NOTIC: [8] Undefined variable: UUID /Web/MyPro/Application/Runtime/Cache/Admin/be4fb652d5e1d49e4c65166af72502c1.php 第 258 行.
NOTIC: [8] Use of undefined constant Index - assumed 'Index' /Web/MyPro/Application/Runtime/Cache/Admin/be4fb652d5e1d49e4c65166af72502c1.php 第 293 行.
INFO: Run Behavior\ParseTemplateBehavior [ RunTime:0.024235s ]
INFO: [ view_parse ] --END-- [ RunTime:0.024303s ]
INFO: [ view_filter ] --START--
INFO: Run Behavior\WriteHtmlCacheBehavior [ RunTime:0.000246s ]
INFO: [ view_filter ] --END-- [ RunTime:0.000308s ]
INFO: [ app_end ] --START--
INFO: Run Behavior\ShowPageTraceBehavior [ RunTime:0.000803s ]
INFO: [ app_end ] --END-- [ RunTime:0.000877s ]

[ 2016-01-13T09:21:24+08:00 ] 127.0.0.1 /MyPro/inter/test/type/kuaidi/m_id/30e5dc17-11ce-e901-d8f7-29aabcd1533e/p_id/2d0ba68f-c9bc-a1ce-a960-13fb24fe71de
INFO: [ app_init ] --START--
INFO: Run Behavior\BuildLiteBehavior [ RunTime:0.000009s ]
INFO: [ app_init ] --END-- [ RunTime:0.000221s ]
INFO: [ app_begin ] --START--
INFO: Run Behavior\ReadHtmlCacheBehavior [ RunTime:0.000494s ]
INFO: [ app_begin ] --END-- [ RunTime:0.000556s ]
SQL: SHOW COLUMNS FROM `yybg_admin_group` [ RunTime:0.0032s ]
SQL: SELECT `role_id` FROM `yybg_admin_group` WHERE ( admin_id='1d1be9e8-6123-e7ad-b0d7-78d52415bce8' )  [ RunTime:0.0004s ]
SQL: SHOW COLUMNS FROM `yybg_admin_menu` [ RunTime:0.0063s ]
SQL: select * from yybg_admin_menu menu where menu.pid is null and menu.id in (select res_id from yybg_auth auth where auth.role_id = '55eb8807-41ad-6290-2e29-fa2982301f3b' and auth_res_type = '00A')  order by PID ASC , menu.sort desc [ RunTime:0.0009s ]
NOTIC: [8] Undefined index: URI /Web/MyPro/Application/Admin/Common/CommonMenu.class.php 第 45 行.
SQL: select * from yybg_admin_menu menu where menu.pid = '64c21aae-045b-72fb-cfd0-e0f28ffffcc2' and menu.id in (select res_id from yybg_auth auth where auth.role_id = '55eb8807-41ad-6290-2e29-fa2982301f3b' and auth_res_type = '00A') order by PID ASC , menu.sort desc [ RunTime:0.0008s ]
NOTIC: [8] Undefined index: URI /Web/MyPro/Application/Admin/Common/CommonMenu.class.php 第 45 行.
SQL: select * from yybg_admin_menu menu where menu.pid = '2d0ba68f-c9bc-a1ce-a960-13fb24fe71de' and menu.id in (select res_id from yybg_auth auth where auth.role_id = '55eb8807-41ad-6290-2e29-fa2982301f3b' and auth_res_type = '00A') order by PID ASC , menu.sort desc [ RunTime:0.0006s ]
NOTIC: [8] Undefined index: URI /Web/MyPro/Application/Admin/Common/CommonMenu.class.php 第 45 行.
SQL: select * from yybg_admin_menu menu where menu.pid = '4330a065-60b1-9ebc-8ed5-722f75f56241' and menu.id in (select res_id from yybg_auth auth where auth.role_id = '55eb8807-41ad-6290-2e29-fa2982301f3b' and auth_res_type = '00A') order by PID ASC , menu.sort desc [ RunTime:0.0004s ]
SQL: SELECT * FROM `yybg_admin_menu` WHERE ( id='30e5dc17-11ce-e901-d8f7-29aabcd1533e' ) LIMIT 1   [ RunTime:0.0004s ]
SQL: SELECT * FROM `yybg_admin_menu` WHERE ( id='2d0ba68f-c9bc-a1ce-a960-13fb24fe71de' ) LIMIT 1   [ RunTime:0.0003s ]
NOTIC: [8] Undefined variable: result /Web/MyPro/Application/Admin/Controller/InterController.class.php 第 73 行.
INFO: [ view_parse ] --START--
INFO: [ template_filter ] --START--
INFO: Run Behavior\ContentReplaceBehavior [ RunTime:0.000083s ]
INFO: [ template_filter ] --END-- [ RunTime:0.000123s ]
NOTIC: [8] Undefined variable: PAGE_FROM /Web/MyPro/Application/Runtime/Cache/Admin/ecdd4100e3aea7981a47c1bef109e407.php 第 15 行.
NOTIC: [8] Undefined variable: PAGE_FROM /Web/MyPro/Application/Runtime/Cache/Admin/ecdd4100e3aea7981a47c1bef109e407.php 第 17 行.
NOTIC: [8] Undefined variable: PAGE_FROM /Web/MyPro/Application/Runtime/Cache/Admin/ecdd4100e3aea7981a47c1bef109e407.php 第 17 行.
NOTIC: [8] Undefined variable: UUID /Web/MyPro/Application/Runtime/Cache/Admin/ecdd4100e3aea7981a47c1bef109e407.php 第 137 行.
NOTIC: [8] Undefined variable: PAGE_FROM /Web/MyPro/Application/Runtime/Cache/Admin/ecdd4100e3aea7981a47c1bef109e407.php 第 149 行.
NOTIC: [8] Undefined variable: PAGE_FROM /Web/MyPro/Application/Runtime/Cache/Admin/ecdd4100e3aea7981a47c1bef109e407.php 第 163 行.
NOTIC: [8] Undefined variable: PAGE_FROM /Web/MyPro/Application/Runtime/Cache/Admin/ecdd4100e3aea7981a47c1bef109e407.php 第 166 行.
NOTIC: [8] Use of undefined constant Index - assumed 'Index' /Web/MyPro/Application/Runtime/Cache/Admin/ecdd4100e3aea7981a47c1bef109e407.php 第 172 行.
NOTIC: [8] Undefined variable: PAGE_FROM /Web/MyPro/Application/Runtime/Cache/Admin/ecdd4100e3aea7981a47c1bef109e407.php 第 172 行.
INFO: Run Behavior\ParseTemplateBehavior [ RunTime:0.019310s ]
INFO: [ view_parse ] --END-- [ RunTime:0.019369s ]
INFO: [ view_filter ] --START--
INFO: Run Behavior\WriteHtmlCacheBehavior [ RunTime:0.000133s ]
INFO: [ view_filter ] --END-- [ RunTime:0.000159s ]
INFO: [ app_end ] --START--
INFO: Run Behavior\ShowPageTraceBehavior [ RunTime:0.000444s ]
INFO: [ app_end ] --END-- [ RunTime:0.000500s ]

