[ 2016-02-19T16:25:02+08:00 ] 127.0.0.1 /MyPro/
INFO: [ app_init ] --START--
INFO: Run Behavior\BuildLiteBehavior [ RunTime:0.000086s ]
INFO: [ app_init ] --END-- [ RunTime:0.010296s ]
INFO: [ app_begin ] --START--
INFO: Run Behavior\ReadHtmlCacheBehavior [ RunTime:0.004076s ]
INFO: [ app_begin ] --END-- [ RunTime:0.004195s ]
INFO: [ view_parse ] --START--
INFO: [ template_filter ] --START--
INFO: Run Behavior\ContentReplaceBehavior [ RunTime:0.000584s ]
INFO: [ template_filter ] --END-- [ RunTime:0.000670s ]
INFO: Run Behavior\ParseTemplateBehavior [ RunTime:0.030900s ]
INFO: [ view_parse ] --END-- [ RunTime:0.030999s ]
INFO: [ view_filter ] --START--
INFO: Run Behavior\WriteHtmlCacheBehavior [ RunTime:0.000746s ]
INFO: [ view_filter ] --END-- [ RunTime:0.000823s ]

[ 2016-02-19T16:25:04+08:00 ] 127.0.0.1 /MyPro/index/login
INFO: [ app_init ] --START--
INFO: Run Behavior\BuildLiteBehavior [ RunTime:0.000010s ]
INFO: [ app_init ] --END-- [ RunTime:0.000222s ]
INFO: [ app_begin ] --START--
INFO: Run Behavior\ReadHtmlCacheBehavior [ RunTime:0.000510s ]
INFO: [ app_begin ] --END-- [ RunTime:0.000605s ]
SQL: SHOW COLUMNS FROM `yybg_admin_group` [ RunTime:0.0222s ]
SQL: SELECT `role_id` FROM `yybg_admin_group` WHERE ( admin_id='' )  [ RunTime:0.0046s ]
SQL: SHOW COLUMNS FROM `yybg_admin_menu` [ RunTime:0.0058s ]
NOTIC: [8] Undefined offset: 0 /Web/MyPro/Application/Admin/Common/CommonMenu.class.php 第 42 行.
SQL: select * from yybg_admin_menu menu where menu.pid is null and menu.id in (select res_id from yybg_auth auth where auth.role_id = '' and auth_res_type = '00A')  order by PID ASC , menu.sort desc [ RunTime:0.0063s ]
SQL: SELECT * FROM `yybg_admin_menu` WHERE ( id='' ) LIMIT 1   [ RunTime:0.0005s ]
INFO: [ view_parse ] --START--
INFO: [ template_filter ] --START--
INFO: Run Behavior\ContentReplaceBehavior [ RunTime:0.000073s ]
INFO: [ template_filter ] --END-- [ RunTime:0.000153s ]
INFO: Run Behavior\ParseTemplateBehavior [ RunTime:0.010435s ]
INFO: [ view_parse ] --END-- [ RunTime:0.010546s ]
INFO: [ view_filter ] --START--
INFO: Run Behavior\WriteHtmlCacheBehavior [ RunTime:0.000172s ]
INFO: [ view_filter ] --END-- [ RunTime:0.000221s ]
INFO: [ app_end ] --START--
INFO: Run Behavior\ShowPageTraceBehavior [ RunTime:0.003865s ]
INFO: [ app_end ] --END-- [ RunTime:0.003942s ]

[ 2016-02-19T16:25:11+08:00 ] 127.0.0.1 /MyPro/Index/adminValidate
INFO: [ app_init ] --START--
INFO: Run Behavior\BuildLiteBehavior [ RunTime:0.000025s ]
INFO: [ app_init ] --END-- [ RunTime:0.000460s ]
INFO: [ app_begin ] --START--
INFO: Run Behavior\ReadHtmlCacheBehavior [ RunTime:0.000457s ]
INFO: [ app_begin ] --END-- [ RunTime:0.000518s ]
SQL: SHOW COLUMNS FROM `yybg_admin_group` [ RunTime:0.0063s ]
SQL: SELECT `role_id` FROM `yybg_admin_group` WHERE ( admin_id='' )  [ RunTime:0.0007s ]
SQL: SHOW COLUMNS FROM `yybg_admin_menu` [ RunTime:0.0066s ]
NOTIC: [8] Undefined offset: 0 /Web/MyPro/Application/Admin/Common/CommonMenu.class.php 第 42 行.
SQL: select * from yybg_admin_menu menu where menu.pid is null and menu.id in (select res_id from yybg_auth auth where auth.role_id = '' and auth_res_type = '00A')  order by PID ASC , menu.sort desc [ RunTime:0.0008s ]
SQL: SELECT * FROM `yybg_admin_menu` WHERE ( id='' ) LIMIT 1   [ RunTime:0.0006s ]
SQL: SHOW COLUMNS FROM `yybg_admin` [ RunTime:0.0150s ]
SQL: SELECT * FROM `yybg_admin` WHERE `ACCOUNT` = 'yy86710' AND `PSW` = '6c121d54dff9eea7ce75866fdd0d0d49' AND `STATE` = '00A'  [ RunTime:0.0006s ]
INFO: [ view_parse ] --START--
INFO: [ template_filter ] --START--
INFO: Run Behavior\ContentReplaceBehavior [ RunTime:0.000073s ]
INFO: [ template_filter ] --END-- [ RunTime:0.000143s ]
INFO: Run Behavior\ParseTemplateBehavior [ RunTime:0.007393s ]
INFO: [ view_parse ] --END-- [ RunTime:0.007483s ]
INFO: [ view_filter ] --START--
INFO: Run Behavior\WriteHtmlCacheBehavior [ RunTime:0.000263s ]
INFO: [ view_filter ] --END-- [ RunTime:0.000351s ]

[ 2016-02-19T16:25:15+08:00 ] 127.0.0.1 /MyPro/Index/adminValidate
INFO: [ app_init ] --START--
INFO: Run Behavior\BuildLiteBehavior [ RunTime:0.000010s ]
INFO: [ app_init ] --END-- [ RunTime:0.000244s ]
INFO: [ app_begin ] --START--
INFO: Run Behavior\ReadHtmlCacheBehavior [ RunTime:0.000302s ]
INFO: [ app_begin ] --END-- [ RunTime:0.000344s ]
SQL: SHOW COLUMNS FROM `yybg_admin_group` [ RunTime:0.0081s ]
SQL: SELECT `role_id` FROM `yybg_admin_group` WHERE ( admin_id='' )  [ RunTime:0.0004s ]
SQL: SHOW COLUMNS FROM `yybg_admin_menu` [ RunTime:0.0066s ]
NOTIC: [8] Undefined offset: 0 /Web/MyPro/Application/Admin/Common/CommonMenu.class.php 第 42 行.
SQL: select * from yybg_admin_menu menu where menu.pid is null and menu.id in (select res_id from yybg_auth auth where auth.role_id = '' and auth_res_type = '00A')  order by PID ASC , menu.sort desc [ RunTime:0.0007s ]
SQL: SELECT * FROM `yybg_admin_menu` WHERE ( id='' ) LIMIT 1   [ RunTime:0.0030s ]
SQL: SHOW COLUMNS FROM `yybg_admin` [ RunTime:0.0056s ]
SQL: SELECT * FROM `yybg_admin` WHERE `ACCOUNT` = 'yy86710' AND `PSW` = '670b14728ad9902aecba32e22fa4f6bd' AND `STATE` = '00A'  [ RunTime:0.0005s ]
INFO: [ view_parse ] --START--
INFO: [ template_filter ] --START--
INFO: Run Behavior\ContentReplaceBehavior [ RunTime:0.000058s ]
INFO: [ template_filter ] --END-- [ RunTime:0.000120s ]
INFO: Run Behavior\ParseTemplateBehavior [ RunTime:0.006232s ]
INFO: [ view_parse ] --END-- [ RunTime:0.006297s ]
INFO: [ view_filter ] --START--
INFO: Run Behavior\WriteHtmlCacheBehavior [ RunTime:0.000175s ]
INFO: [ view_filter ] --END-- [ RunTime:0.000220s ]

[ 2016-02-19T16:25:20+08:00 ] 127.0.0.1 /MyPro/Index/adminValidate
INFO: [ app_init ] --START--
INFO: Run Behavior\BuildLiteBehavior [ RunTime:0.000010s ]
INFO: [ app_init ] --END-- [ RunTime:0.000216s ]
INFO: [ app_begin ] --START--
INFO: Run Behavior\ReadHtmlCacheBehavior [ RunTime:0.000334s ]
INFO: [ app_begin ] --END-- [ RunTime:0.000366s ]
SQL: SHOW COLUMNS FROM `yybg_admin_group` [ RunTime:0.0077s ]
SQL: SELECT `role_id` FROM `yybg_admin_group` WHERE ( admin_id='' )  [ RunTime:0.0004s ]
SQL: SHOW COLUMNS FROM `yybg_admin_menu` [ RunTime:0.0047s ]
NOTIC: [8] Undefined offset: 0 /Web/MyPro/Application/Admin/Common/CommonMenu.class.php 第 42 行.
SQL: select * from yybg_admin_menu menu where menu.pid is null and menu.id in (select res_id from yybg_auth auth where auth.role_id = '' and auth_res_type = '00A')  order by PID ASC , menu.sort desc [ RunTime:0.0005s ]
SQL: SELECT * FROM `yybg_admin_menu` WHERE ( id='' ) LIMIT 1   [ RunTime:0.0003s ]
SQL: SHOW COLUMNS FROM `yybg_admin` [ RunTime:0.0070s ]
SQL: SELECT * FROM `yybg_admin` WHERE `ACCOUNT` = 'yy86710' AND `PSW` = '96e79218965eb72c92a549dd5a330112' AND `STATE` = '00A'  [ RunTime:0.0011s ]
INFO: [ view_parse ] --START--
INFO: [ template_filter ] --START--
INFO: Run Behavior\ContentReplaceBehavior [ RunTime:0.000061s ]
INFO: [ template_filter ] --END-- [ RunTime:0.000107s ]
INFO: Run Behavior\ParseTemplateBehavior [ RunTime:0.005089s ]
INFO: [ view_parse ] --END-- [ RunTime:0.005142s ]
INFO: [ view_filter ] --START--
INFO: Run Behavior\WriteHtmlCacheBehavior [ RunTime:0.000114s ]
INFO: [ view_filter ] --END-- [ RunTime:0.000143s ]
SQL: UPDATE `yybg_admin` SET `LAST_LOGIN`='2016-02-19 04:25:20' WHERE `ID` = '1d1be9e8-6123-e7ad-b0d7-78d52415bce8' [ RunTime:0.0067s ]
INFO: [ app_end ] --START--
INFO: Run Behavior\ShowPageTraceBehavior [ RunTime:0.000719s ]
INFO: [ app_end ] --END-- [ RunTime:0.000769s ]

[ 2016-02-19T16:25:21+08:00 ] 127.0.0.1 /MyPro/Index/index
INFO: [ app_init ] --START--
INFO: Run Behavior\BuildLiteBehavior [ RunTime:0.000017s ]
INFO: [ app_init ] --END-- [ RunTime:0.000408s ]
INFO: [ app_begin ] --START--
INFO: Run Behavior\ReadHtmlCacheBehavior [ RunTime:0.000595s ]
INFO: [ app_begin ] --END-- [ RunTime:0.000691s ]
SQL: SHOW COLUMNS FROM `yybg_admin_group` [ RunTime:0.0030s ]
SQL: SELECT `role_id` FROM `yybg_admin_group` WHERE ( admin_id='1d1be9e8-6123-e7ad-b0d7-78d52415bce8' )  [ RunTime:0.0003s ]
SQL: SHOW COLUMNS FROM `yybg_admin_menu` [ RunTime:0.0071s ]
SQL: select * from yybg_admin_menu menu where menu.pid is null and menu.id in (select res_id from yybg_auth auth where auth.role_id = '55eb8807-41ad-6290-2e29-fa2982301f3b' and auth_res_type = '00A')  order by PID ASC , menu.sort desc [ RunTime:0.0032s ]
NOTIC: [8] Undefined index: URI /Web/MyPro/Application/Admin/Common/CommonMenu.class.php 第 45 行.
SQL: select * from yybg_admin_menu menu where menu.pid = '64c21aae-045b-72fb-cfd0-e0f28ffffcc2' and menu.id in (select res_id from yybg_auth auth where auth.role_id = '55eb8807-41ad-6290-2e29-fa2982301f3b' and auth_res_type = '00A') order by PID ASC , menu.sort desc [ RunTime:0.0009s ]
NOTIC: [8] Undefined index: URI /Web/MyPro/Application/Admin/Common/CommonMenu.class.php 第 45 行.
SQL: select * from yybg_admin_menu menu where menu.pid = '2d0ba68f-c9bc-a1ce-a960-13fb24fe71de' and menu.id in (select res_id from yybg_auth auth where auth.role_id = '55eb8807-41ad-6290-2e29-fa2982301f3b' and auth_res_type = '00A') order by PID ASC , menu.sort desc [ RunTime:0.0008s ]
NOTIC: [8] Undefined index: URI /Web/MyPro/Application/Admin/Common/CommonMenu.class.php 第 45 行.
SQL: select * from yybg_admin_menu menu where menu.pid = '4330a065-60b1-9ebc-8ed5-722f75f56241' and menu.id in (select res_id from yybg_auth auth where auth.role_id = '55eb8807-41ad-6290-2e29-fa2982301f3b' and auth_res_type = '00A') order by PID ASC , menu.sort desc [ RunTime:0.0006s ]
SQL: SELECT * FROM `yybg_admin_menu` WHERE ( id='' ) LIMIT 1   [ RunTime:0.0003s ]
INFO: [ view_parse ] --START--
INFO: [ template_filter ] --START--
INFO: Run Behavior\ContentReplaceBehavior [ RunTime:0.000269s ]
INFO: [ template_filter ] --END-- [ RunTime:0.000366s ]
NOTIC: [8] Undefined offset: 1 /Web/MyPro/Application/Runtime/Cache/Admin/5e7c63a67ddc7b54827f64fe7b4d977c.php 第 95 行.
NOTIC: [8] Use of undefined constant Index - assumed 'Index' /Web/MyPro/Application/Runtime/Cache/Admin/5e7c63a67ddc7b54827f64fe7b4d977c.php 第 460 行.
INFO: Run Behavior\ParseTemplateBehavior [ RunTime:0.034471s ]
INFO: [ view_parse ] --END-- [ RunTime:0.034572s ]
INFO: [ view_filter ] --START--
INFO: Run Behavior\WriteHtmlCacheBehavior [ RunTime:0.000229s ]
INFO: [ view_filter ] --END-- [ RunTime:0.000290s ]
INFO: [ app_end ] --START--
INFO: Run Behavior\ShowPageTraceBehavior [ RunTime:0.000560s ]
INFO: [ app_end ] --END-- [ RunTime:0.000628s ]

[ 2016-02-19T16:25:21+08:00 ] 127.0.0.1 /MyPro/Public/JsResources/Matrix/jquery.gritter.min.js
INFO: [ app_init ] --START--
INFO: Run Behavior\BuildLiteBehavior [ RunTime:0.000155s ]
INFO: [ app_init ] --END-- [ RunTime:0.000907s ]
INFO: [ app_begin ] --START--
INFO: Run Behavior\ReadHtmlCacheBehavior [ RunTime:0.000659s ]
INFO: [ app_begin ] --END-- [ RunTime:0.000739s ]
ERR: 无法加载控制器:Public

[ 2016-02-19T16:48:32+08:00 ] 127.0.0.1 /MyPro/Index/tables.html
INFO: [ app_init ] --START--
INFO: Run Behavior\BuildLiteBehavior [ RunTime:0.000028s ]
INFO: [ app_init ] --END-- [ RunTime:0.003775s ]
INFO: [ app_begin ] --START--
INFO: Run Behavior\ReadHtmlCacheBehavior [ RunTime:0.003591s ]
INFO: [ app_begin ] --END-- [ RunTime:0.003680s ]
SQL: SHOW COLUMNS FROM `yybg_admin_group` [ RunTime:0.0075s ]
SQL: SELECT `role_id` FROM `yybg_admin_group` WHERE ( admin_id='1d1be9e8-6123-e7ad-b0d7-78d52415bce8' )  [ RunTime:0.0006s ]
SQL: SHOW COLUMNS FROM `yybg_admin_menu` [ RunTime:0.0088s ]
SQL: select * from yybg_admin_menu menu where menu.pid is null and menu.id in (select res_id from yybg_auth auth where auth.role_id = '55eb8807-41ad-6290-2e29-fa2982301f3b' and auth_res_type = '00A')  order by PID ASC , menu.sort desc [ RunTime:0.0009s ]
NOTIC: [8] Undefined index: URI /Web/MyPro/Application/Admin/Common/CommonMenu.class.php 第 45 行.
SQL: select * from yybg_admin_menu menu where menu.pid = '64c21aae-045b-72fb-cfd0-e0f28ffffcc2' and menu.id in (select res_id from yybg_auth auth where auth.role_id = '55eb8807-41ad-6290-2e29-fa2982301f3b' and auth_res_type = '00A') order by PID ASC , menu.sort desc [ RunTime:0.0005s ]
NOTIC: [8] Undefined index: URI /Web/MyPro/Application/Admin/Common/CommonMenu.class.php 第 45 行.
SQL: select * from yybg_admin_menu menu where menu.pid = '2d0ba68f-c9bc-a1ce-a960-13fb24fe71de' and menu.id in (select res_id from yybg_auth auth where auth.role_id = '55eb8807-41ad-6290-2e29-fa2982301f3b' and auth_res_type = '00A') order by PID ASC , menu.sort desc [ RunTime:0.0004s ]
NOTIC: [8] Undefined index: URI /Web/MyPro/Application/Admin/Common/CommonMenu.class.php 第 45 行.
SQL: select * from yybg_admin_menu menu where menu.pid = '4330a065-60b1-9ebc-8ed5-722f75f56241' and menu.id in (select res_id from yybg_auth auth where auth.role_id = '55eb8807-41ad-6290-2e29-fa2982301f3b' and auth_res_type = '00A') order by PID ASC , menu.sort desc [ RunTime:0.0005s ]
SQL: SELECT * FROM `yybg_admin_menu` WHERE ( id='' ) LIMIT 1   [ RunTime:0.0004s ]
ERR: 非法操作:tables

[ 2016-02-19T16:48:34+08:00 ] 127.0.0.1 /MyPro/Index/index
INFO: [ app_init ] --START--
INFO: Run Behavior\BuildLiteBehavior [ RunTime:0.000008s ]
INFO: [ app_init ] --END-- [ RunTime:0.000190s ]
INFO: [ app_begin ] --START--
INFO: Run Behavior\ReadHtmlCacheBehavior [ RunTime:0.000246s ]
INFO: [ app_begin ] --END-- [ RunTime:0.000275s ]
SQL: SHOW COLUMNS FROM `yybg_admin_group` [ RunTime:0.0061s ]
SQL: SELECT `role_id` FROM `yybg_admin_group` WHERE ( admin_id='1d1be9e8-6123-e7ad-b0d7-78d52415bce8' )  [ RunTime:0.0003s ]
SQL: SHOW COLUMNS FROM `yybg_admin_menu` [ RunTime:0.0068s ]
SQL: select * from yybg_admin_menu menu where menu.pid is null and menu.id in (select res_id from yybg_auth auth where auth.role_id = '55eb8807-41ad-6290-2e29-fa2982301f3b' and auth_res_type = '00A')  order by PID ASC , menu.sort desc [ RunTime:0.0006s ]
NOTIC: [8] Undefined index: URI /Web/MyPro/Application/Admin/Common/CommonMenu.class.php 第 45 行.
SQL: select * from yybg_admin_menu menu where menu.pid = '64c21aae-045b-72fb-cfd0-e0f28ffffcc2' and menu.id in (select res_id from yybg_auth auth where auth.role_id = '55eb8807-41ad-6290-2e29-fa2982301f3b' and auth_res_type = '00A') order by PID ASC , menu.sort desc [ RunTime:0.0005s ]
NOTIC: [8] Undefined index: URI /Web/MyPro/Application/Admin/Common/CommonMenu.class.php 第 45 行.
SQL: select * from yybg_admin_menu menu where menu.pid = '2d0ba68f-c9bc-a1ce-a960-13fb24fe71de' and menu.id in (select res_id from yybg_auth auth where auth.role_id = '55eb8807-41ad-6290-2e29-fa2982301f3b' and auth_res_type = '00A') order by PID ASC , menu.sort desc [ RunTime:0.0004s ]
NOTIC: [8] Undefined index: URI /Web/MyPro/Application/Admin/Common/CommonMenu.class.php 第 45 行.
SQL: select * from yybg_admin_menu menu where menu.pid = '4330a065-60b1-9ebc-8ed5-722f75f56241' and menu.id in (select res_id from yybg_auth auth where auth.role_id = '55eb8807-41ad-6290-2e29-fa2982301f3b' and auth_res_type = '00A') order by PID ASC , menu.sort desc [ RunTime:0.0004s ]
SQL: SELECT * FROM `yybg_admin_menu` WHERE ( id='' ) LIMIT 1   [ RunTime:0.0003s ]
INFO: [ view_parse ] --START--
INFO: [ template_filter ] --START--
INFO: Run Behavior\ContentReplaceBehavior [ RunTime:0.000174s ]
INFO: [ template_filter ] --END-- [ RunTime:0.000214s ]
NOTIC: [8] Undefined offset: 1 /Web/MyPro/Application/Runtime/Cache/Admin/5e7c63a67ddc7b54827f64fe7b4d977c.php 第 95 行.
NOTIC: [8] Use of undefined constant Index - assumed 'Index' /Web/MyPro/Application/Runtime/Cache/Admin/5e7c63a67ddc7b54827f64fe7b4d977c.php 第 460 行.
INFO: Run Behavior\ParseTemplateBehavior [ RunTime:0.039393s ]
INFO: [ view_parse ] --END-- [ RunTime:0.039441s ]
INFO: [ view_filter ] --START--
INFO: Run Behavior\WriteHtmlCacheBehavior [ RunTime:0.003306s ]
INFO: [ view_filter ] --END-- [ RunTime:0.003352s ]
INFO: [ app_end ] --START--
INFO: Run Behavior\ShowPageTraceBehavior [ RunTime:0.003783s ]
INFO: [ app_end ] --END-- [ RunTime:0.003833s ]

[ 2016-02-19T16:48:35+08:00 ] 127.0.0.1 /MyPro/Index/charts.html
INFO: [ app_init ] --START--
INFO: Run Behavior\BuildLiteBehavior [ RunTime:0.000013s ]
INFO: [ app_init ] --END-- [ RunTime:0.000315s ]
INFO: [ app_begin ] --START--
INFO: Run Behavior\ReadHtmlCacheBehavior [ RunTime:0.000319s ]
INFO: [ app_begin ] --END-- [ RunTime:0.000358s ]
SQL: SHOW COLUMNS FROM `yybg_admin_group` [ RunTime:0.0032s ]
SQL: SELECT `role_id` FROM `yybg_admin_group` WHERE ( admin_id='1d1be9e8-6123-e7ad-b0d7-78d52415bce8' )  [ RunTime:0.0003s ]
SQL: SHOW COLUMNS FROM `yybg_admin_menu` [ RunTime:0.0067s ]
SQL: select * from yybg_admin_menu menu where menu.pid is null and menu.id in (select res_id from yybg_auth auth where auth.role_id = '55eb8807-41ad-6290-2e29-fa2982301f3b' and auth_res_type = '00A')  order by PID ASC , menu.sort desc [ RunTime:0.0010s ]
NOTIC: [8] Undefined index: URI /Web/MyPro/Application/Admin/Common/CommonMenu.class.php 第 45 行.
SQL: select * from yybg_admin_menu menu where menu.pid = '64c21aae-045b-72fb-cfd0-e0f28ffffcc2' and menu.id in (select res_id from yybg_auth auth where auth.role_id = '55eb8807-41ad-6290-2e29-fa2982301f3b' and auth_res_type = '00A') order by PID ASC , menu.sort desc [ RunTime:0.0013s ]
NOTIC: [8] Undefined index: URI /Web/MyPro/Application/Admin/Common/CommonMenu.class.php 第 45 行.
SQL: select * from yybg_admin_menu menu where menu.pid = '2d0ba68f-c9bc-a1ce-a960-13fb24fe71de' and menu.id in (select res_id from yybg_auth auth where auth.role_id = '55eb8807-41ad-6290-2e29-fa2982301f3b' and auth_res_type = '00A') order by PID ASC , menu.sort desc [ RunTime:0.0011s ]
NOTIC: [8] Undefined index: URI /Web/MyPro/Application/Admin/Common/CommonMenu.class.php 第 45 行.
SQL: select * from yybg_admin_menu menu where menu.pid = '4330a065-60b1-9ebc-8ed5-722f75f56241' and menu.id in (select res_id from yybg_auth auth where auth.role_id = '55eb8807-41ad-6290-2e29-fa2982301f3b' and auth_res_type = '00A') order by PID ASC , menu.sort desc [ RunTime:0.0010s ]
SQL: SELECT * FROM `yybg_admin_menu` WHERE ( id='' ) LIMIT 1   [ RunTime:0.0004s ]
ERR: 非法操作:charts

[ 2016-02-19T16:48:36+08:00 ] 127.0.0.1 /MyPro/Index/index
INFO: [ app_init ] --START--
INFO: Run Behavior\BuildLiteBehavior [ RunTime:0.000011s ]
INFO: [ app_init ] --END-- [ RunTime:0.000258s ]
INFO: [ app_begin ] --START--
INFO: Run Behavior\ReadHtmlCacheBehavior [ RunTime:0.000339s ]
INFO: [ app_begin ] --END-- [ RunTime:0.000384s ]
SQL: SHOW COLUMNS FROM `yybg_admin_group` [ RunTime:0.0033s ]
SQL: SELECT `role_id` FROM `yybg_admin_group` WHERE ( admin_id='1d1be9e8-6123-e7ad-b0d7-78d52415bce8' )  [ RunTime:0.0003s ]
SQL: SHOW COLUMNS FROM `yybg_admin_menu` [ RunTime:0.0067s ]
SQL: select * from yybg_admin_menu menu where menu.pid is null and menu.id in (select res_id from yybg_auth auth where auth.role_id = '55eb8807-41ad-6290-2e29-fa2982301f3b' and auth_res_type = '00A')  order by PID ASC , menu.sort desc [ RunTime:0.0010s ]
NOTIC: [8] Undefined index: URI /Web/MyPro/Application/Admin/Common/CommonMenu.class.php 第 45 行.
SQL: select * from yybg_admin_menu menu where menu.pid = '64c21aae-045b-72fb-cfd0-e0f28ffffcc2' and menu.id in (select res_id from yybg_auth auth where auth.role_id = '55eb8807-41ad-6290-2e29-fa2982301f3b' and auth_res_type = '00A') order by PID ASC , menu.sort desc [ RunTime:0.0006s ]
NOTIC: [8] Undefined index: URI /Web/MyPro/Application/Admin/Common/CommonMenu.class.php 第 45 行.
SQL: select * from yybg_admin_menu menu where menu.pid = '2d0ba68f-c9bc-a1ce-a960-13fb24fe71de' and menu.id in (select res_id from yybg_auth auth where auth.role_id = '55eb8807-41ad-6290-2e29-fa2982301f3b' and auth_res_type = '00A') order by PID ASC , menu.sort desc [ RunTime:0.0004s ]
NOTIC: [8] Undefined index: URI /Web/MyPro/Application/Admin/Common/CommonMenu.class.php 第 45 行.
SQL: select * from yybg_admin_menu menu where menu.pid = '4330a065-60b1-9ebc-8ed5-722f75f56241' and menu.id in (select res_id from yybg_auth auth where auth.role_id = '55eb8807-41ad-6290-2e29-fa2982301f3b' and auth_res_type = '00A') order by PID ASC , menu.sort desc [ RunTime:0.0005s ]
SQL: SELECT * FROM `yybg_admin_menu` WHERE ( id='' ) LIMIT 1   [ RunTime:0.0003s ]
INFO: [ view_parse ] --START--
INFO: [ template_filter ] --START--
INFO: Run Behavior\ContentReplaceBehavior [ RunTime:0.000125s ]
INFO: [ template_filter ] --END-- [ RunTime:0.000163s ]
NOTIC: [8] Undefined offset: 1 /Web/MyPro/Application/Runtime/Cache/Admin/5e7c63a67ddc7b54827f64fe7b4d977c.php 第 95 行.
NOTIC: [8] Use of undefined constant Index - assumed 'Index' /Web/MyPro/Application/Runtime/Cache/Admin/5e7c63a67ddc7b54827f64fe7b4d977c.php 第 460 行.
INFO: Run Behavior\ParseTemplateBehavior [ RunTime:0.016083s ]
INFO: [ view_parse ] --END-- [ RunTime:0.016124s ]
INFO: [ view_filter ] --START--
INFO: Run Behavior\WriteHtmlCacheBehavior [ RunTime:0.000132s ]
INFO: [ view_filter ] --END-- [ RunTime:0.000162s ]
INFO: [ app_end ] --START--
INFO: Run Behavior\ShowPageTraceBehavior [ RunTime:0.000748s ]
INFO: [ app_end ] --END-- [ RunTime:0.000809s ]

[ 2016-02-19T16:48:41+08:00 ] 127.0.0.1 /MyPro/resources/menulist/m_id/a1542e3f-9343-c146-dd1d-1d0ed483b00a/p_id/64c21aae-045b-72fb-cfd0-e0f28ffffcc2
INFO: [ app_init ] --START--
INFO: Run Behavior\BuildLiteBehavior [ RunTime:0.000014s ]
INFO: [ app_init ] --END-- [ RunTime:0.000310s ]
INFO: [ app_begin ] --START--
INFO: Run Behavior\ReadHtmlCacheBehavior [ RunTime:0.000423s ]
INFO: [ app_begin ] --END-- [ RunTime:0.000467s ]
SQL: SHOW COLUMNS FROM `yybg_admin_group` [ RunTime:0.0067s ]
SQL: SELECT `role_id` FROM `yybg_admin_group` WHERE ( admin_id='1d1be9e8-6123-e7ad-b0d7-78d52415bce8' )  [ RunTime:0.0005s ]
SQL: SHOW COLUMNS FROM `yybg_admin_menu` [ RunTime:0.0067s ]
SQL: select * from yybg_admin_menu menu where menu.pid is null and menu.id in (select res_id from yybg_auth auth where auth.role_id = '55eb8807-41ad-6290-2e29-fa2982301f3b' and auth_res_type = '00A')  order by PID ASC , menu.sort desc [ RunTime:0.0007s ]
NOTIC: [8] Undefined index: URI /Web/MyPro/Application/Admin/Common/CommonMenu.class.php 第 45 行.
SQL: select * from yybg_admin_menu menu where menu.pid = '64c21aae-045b-72fb-cfd0-e0f28ffffcc2' and menu.id in (select res_id from yybg_auth auth where auth.role_id = '55eb8807-41ad-6290-2e29-fa2982301f3b' and auth_res_type = '00A') order by PID ASC , menu.sort desc [ RunTime:0.0007s ]
NOTIC: [8] Undefined index: URI /Web/MyPro/Application/Admin/Common/CommonMenu.class.php 第 45 行.
SQL: select * from yybg_admin_menu menu where menu.pid = '2d0ba68f-c9bc-a1ce-a960-13fb24fe71de' and menu.id in (select res_id from yybg_auth auth where auth.role_id = '55eb8807-41ad-6290-2e29-fa2982301f3b' and auth_res_type = '00A') order by PID ASC , menu.sort desc [ RunTime:0.0006s ]
NOTIC: [8] Undefined index: URI /Web/MyPro/Application/Admin/Common/CommonMenu.class.php 第 45 行.
SQL: select * from yybg_admin_menu menu where menu.pid = '4330a065-60b1-9ebc-8ed5-722f75f56241' and menu.id in (select res_id from yybg_auth auth where auth.role_id = '55eb8807-41ad-6290-2e29-fa2982301f3b' and auth_res_type = '00A') order by PID ASC , menu.sort desc [ RunTime:0.0007s ]
SQL: SELECT * FROM `yybg_admin_menu` WHERE ( id='a1542e3f-9343-c146-dd1d-1d0ed483b00a' ) LIMIT 1   [ RunTime:0.0004s ]
SQL: SELECT * FROM `yybg_admin_menu` WHERE ( id='64c21aae-045b-72fb-cfd0-e0f28ffffcc2' ) LIMIT 1   [ RunTime:0.0004s ]
SQL: SELECT COUNT(*) AS tp_count FROM `yybg_admin_menu` WHERE ( (STATE = '00A') ) LIMIT 1   [ RunTime:0.0050s ]
SQL: SELECT * FROM `yybg_admin_menu` WHERE ( (STATE = '00A') ) ORDER BY pid,sort desc LIMIT 0,10   [ RunTime:0.0007s ]
INFO: [ view_parse ] --START--
INFO: [ template_filter ] --START--
INFO: Run Behavior\ContentReplaceBehavior [ RunTime:0.000114s ]
INFO: [ template_filter ] --END-- [ RunTime:0.000182s ]
NOTIC: [8] Undefined variable: UUID /Web/MyPro/Application/Runtime/Cache/Admin/f1023f265a5b39e794102bd0d4aee2c6.php 第 302 行.
NOTIC: [8] Use of undefined constant Index - assumed 'Index' /Web/MyPro/Application/Runtime/Cache/Admin/f1023f265a5b39e794102bd0d4aee2c6.php 第 337 行.
INFO: Run Behavior\ParseTemplateBehavior [ RunTime:0.025347s ]
INFO: [ view_parse ] --END-- [ RunTime:0.025420s ]
INFO: [ view_filter ] --START--
INFO: Run Behavior\WriteHtmlCacheBehavior [ RunTime:0.000175s ]
INFO: [ view_filter ] --END-- [ RunTime:0.000210s ]
INFO: [ app_end ] --START--
INFO: Run Behavior\ShowPageTraceBehavior [ RunTime:0.000450s ]
INFO: [ app_end ] --END-- [ RunTime:0.000520s ]

[ 2016-02-19T16:49:48+08:00 ] 127.0.0.1 /MyPro/inter/test/type/categories/m_id/e60b03f5-097c-c25a-aa99-0a2ac17b6932/p_id/4330a065-60b1-9ebc-8ed5-722f75f56241
INFO: [ app_init ] --START--
INFO: Run Behavior\BuildLiteBehavior [ RunTime:0.000020s ]
INFO: [ app_init ] --END-- [ RunTime:0.000372s ]
INFO: [ app_begin ] --START--
INFO: Run Behavior\ReadHtmlCacheBehavior [ RunTime:0.000376s ]
INFO: [ app_begin ] --END-- [ RunTime:0.000425s ]
SQL: SHOW COLUMNS FROM `yybg_admin_group` [ RunTime:0.0032s ]
SQL: SELECT `role_id` FROM `yybg_admin_group` WHERE ( admin_id='1d1be9e8-6123-e7ad-b0d7-78d52415bce8' )  [ RunTime:0.0003s ]
SQL: SHOW COLUMNS FROM `yybg_admin_menu` [ RunTime:0.0045s ]
SQL: select * from yybg_admin_menu menu where menu.pid is null and menu.id in (select res_id from yybg_auth auth where auth.role_id = '55eb8807-41ad-6290-2e29-fa2982301f3b' and auth_res_type = '00A')  order by PID ASC , menu.sort desc [ RunTime:0.0006s ]
NOTIC: [8] Undefined index: URI /Web/MyPro/Application/Admin/Common/CommonMenu.class.php 第 45 行.
SQL: select * from yybg_admin_menu menu where menu.pid = '64c21aae-045b-72fb-cfd0-e0f28ffffcc2' and menu.id in (select res_id from yybg_auth auth where auth.role_id = '55eb8807-41ad-6290-2e29-fa2982301f3b' and auth_res_type = '00A') order by PID ASC , menu.sort desc [ RunTime:0.0005s ]
NOTIC: [8] Undefined index: URI /Web/MyPro/Application/Admin/Common/CommonMenu.class.php 第 45 行.
SQL: select * from yybg_admin_menu menu where menu.pid = '2d0ba68f-c9bc-a1ce-a960-13fb24fe71de' and menu.id in (select res_id from yybg_auth auth where auth.role_id = '55eb8807-41ad-6290-2e29-fa2982301f3b' and auth_res_type = '00A') order by PID ASC , menu.sort desc [ RunTime:0.0006s ]
NOTIC: [8] Undefined index: URI /Web/MyPro/Application/Admin/Common/CommonMenu.class.php 第 45 行.
SQL: select * from yybg_admin_menu menu where menu.pid = '4330a065-60b1-9ebc-8ed5-722f75f56241' and menu.id in (select res_id from yybg_auth auth where auth.role_id = '55eb8807-41ad-6290-2e29-fa2982301f3b' and auth_res_type = '00A') order by PID ASC , menu.sort desc [ RunTime:0.0005s ]
SQL: SELECT * FROM `yybg_admin_menu` WHERE ( id='e60b03f5-097c-c25a-aa99-0a2ac17b6932' ) LIMIT 1   [ RunTime:0.0003s ]
SQL: SELECT * FROM `yybg_admin_menu` WHERE ( id='4330a065-60b1-9ebc-8ed5-722f75f56241' ) LIMIT 1   [ RunTime:0.0003s ]
NOTIC: [2] http_build_query(): Parameter 1 expected to be Array or Object.  Incorrect value given /Web/MyPro/ThinkPHP/Library/Org/Net/Http.class.php 第 297 行.
INFO: [ view_parse ] --START--
INFO: [ template_filter ] --START--
INFO: Run Behavior\ContentReplaceBehavior [ RunTime:0.000141s ]
INFO: [ template_filter ] --END-- [ RunTime:0.000183s ]
NOTIC: [8] Undefined variable: PAGE_FROM /Web/MyPro/Application/Runtime/Cache/Admin/ecdd4100e3aea7981a47c1bef109e407.php 第 15 行.
NOTIC: [8] Undefined variable: PAGE_FROM /Web/MyPro/Application/Runtime/Cache/Admin/ecdd4100e3aea7981a47c1bef109e407.php 第 17 行.
NOTIC: [8] Undefined variable: PAGE_FROM /Web/MyPro/Application/Runtime/Cache/Admin/ecdd4100e3aea7981a47c1bef109e407.php 第 17 行.
NOTIC: [8] Undefined variable: UUID /Web/MyPro/Application/Runtime/Cache/Admin/ecdd4100e3aea7981a47c1bef109e407.php 第 137 行.
NOTIC: [8] Undefined variable: PAGE_FROM /Web/MyPro/Application/Runtime/Cache/Admin/ecdd4100e3aea7981a47c1bef109e407.php 第 149 行.
NOTIC: [8] Undefined variable: PAGE_FROM /Web/MyPro/Application/Runtime/Cache/Admin/ecdd4100e3aea7981a47c1bef109e407.php 第 163 行.
NOTIC: [8] Undefined variable: PAGE_FROM /Web/MyPro/Application/Runtime/Cache/Admin/ecdd4100e3aea7981a47c1bef109e407.php 第 166 行.
NOTIC: [8] Use of undefined constant Index - assumed 'Index' /Web/MyPro/Application/Runtime/Cache/Admin/ecdd4100e3aea7981a47c1bef109e407.php 第 172 行.
NOTIC: [8] Undefined variable: PAGE_FROM /Web/MyPro/Application/Runtime/Cache/Admin/ecdd4100e3aea7981a47c1bef109e407.php 第 172 行.
INFO: Run Behavior\ParseTemplateBehavior [ RunTime:0.019396s ]
INFO: [ view_parse ] --END-- [ RunTime:0.019465s ]
INFO: [ view_filter ] --START--
INFO: Run Behavior\WriteHtmlCacheBehavior [ RunTime:0.000126s ]
INFO: [ view_filter ] --END-- [ RunTime:0.000148s ]
INFO: [ app_end ] --START--
INFO: Run Behavior\ShowPageTraceBehavior [ RunTime:0.000420s ]
INFO: [ app_end ] --END-- [ RunTime:0.000495s ]

[ 2016-02-19T16:49:59+08:00 ] 127.0.0.1 /MyPro/inter/test/type/districts/m_id/8f85e488-db62-a233-2e50-2fbf87c7552f/p_id/4330a065-60b1-9ebc-8ed5-722f75f56241
INFO: [ app_init ] --START--
INFO: Run Behavior\BuildLiteBehavior [ RunTime:0.000016s ]
INFO: [ app_init ] --END-- [ RunTime:0.000284s ]
INFO: [ app_begin ] --START--
INFO: Run Behavior\ReadHtmlCacheBehavior [ RunTime:0.000299s ]
INFO: [ app_begin ] --END-- [ RunTime:0.000347s ]
SQL: SHOW COLUMNS FROM `yybg_admin_group` [ RunTime:0.0030s ]
SQL: SELECT `role_id` FROM `yybg_admin_group` WHERE ( admin_id='1d1be9e8-6123-e7ad-b0d7-78d52415bce8' )  [ RunTime:0.0003s ]
SQL: SHOW COLUMNS FROM `yybg_admin_menu` [ RunTime:0.0069s ]
SQL: select * from yybg_admin_menu menu where menu.pid is null and menu.id in (select res_id from yybg_auth auth where auth.role_id = '55eb8807-41ad-6290-2e29-fa2982301f3b' and auth_res_type = '00A')  order by PID ASC , menu.sort desc [ RunTime:0.0008s ]
NOTIC: [8] Undefined index: URI /Web/MyPro/Application/Admin/Common/CommonMenu.class.php 第 45 行.
SQL: select * from yybg_admin_menu menu where menu.pid = '64c21aae-045b-72fb-cfd0-e0f28ffffcc2' and menu.id in (select res_id from yybg_auth auth where auth.role_id = '55eb8807-41ad-6290-2e29-fa2982301f3b' and auth_res_type = '00A') order by PID ASC , menu.sort desc [ RunTime:0.0006s ]
NOTIC: [8] Undefined index: URI /Web/MyPro/Application/Admin/Common/CommonMenu.class.php 第 45 行.
SQL: select * from yybg_admin_menu menu where menu.pid = '2d0ba68f-c9bc-a1ce-a960-13fb24fe71de' and menu.id in (select res_id from yybg_auth auth where auth.role_id = '55eb8807-41ad-6290-2e29-fa2982301f3b' and auth_res_type = '00A') order by PID ASC , menu.sort desc [ RunTime:0.0006s ]
NOTIC: [8] Undefined index: URI /Web/MyPro/Application/Admin/Common/CommonMenu.class.php 第 45 行.
SQL: select * from yybg_admin_menu menu where menu.pid = '4330a065-60b1-9ebc-8ed5-722f75f56241' and menu.id in (select res_id from yybg_auth auth where auth.role_id = '55eb8807-41ad-6290-2e29-fa2982301f3b' and auth_res_type = '00A') order by PID ASC , menu.sort desc [ RunTime:0.0007s ]
SQL: SELECT * FROM `yybg_admin_menu` WHERE ( id='8f85e488-db62-a233-2e50-2fbf87c7552f' ) LIMIT 1   [ RunTime:0.0005s ]
SQL: SELECT * FROM `yybg_admin_menu` WHERE ( id='4330a065-60b1-9ebc-8ed5-722f75f56241' ) LIMIT 1   [ RunTime:0.0005s ]
INFO: [ view_parse ] --START--
INFO: [ template_filter ] --START--
INFO: Run Behavior\ContentReplaceBehavior [ RunTime:0.000096s ]
INFO: [ template_filter ] --END-- [ RunTime:0.000132s ]
NOTIC: [8] Undefined variable: PAGE_FROM /Web/MyPro/Application/Runtime/Cache/Admin/ecdd4100e3aea7981a47c1bef109e407.php 第 15 行.
NOTIC: [8] Undefined variable: PAGE_FROM /Web/MyPro/Application/Runtime/Cache/Admin/ecdd4100e3aea7981a47c1bef109e407.php 第 17 行.
NOTIC: [8] Undefined variable: PAGE_FROM /Web/MyPro/Application/Runtime/Cache/Admin/ecdd4100e3aea7981a47c1bef109e407.php 第 17 行.
NOTIC: [8] Undefined variable: UUID /Web/MyPro/Application/Runtime/Cache/Admin/ecdd4100e3aea7981a47c1bef109e407.php 第 137 行.
NOTIC: [8] Undefined variable: PAGE_FROM /Web/MyPro/Application/Runtime/Cache/Admin/ecdd4100e3aea7981a47c1bef109e407.php 第 149 行.
NOTIC: [8] Undefined variable: PAGE_FROM /Web/MyPro/Application/Runtime/Cache/Admin/ecdd4100e3aea7981a47c1bef109e407.php 第 163 行.
NOTIC: [8] Undefined variable: PAGE_FROM /Web/MyPro/Application/Runtime/Cache/Admin/ecdd4100e3aea7981a47c1bef109e407.php 第 166 行.
NOTIC: [8] Use of undefined constant Index - assumed 'Index' /Web/MyPro/Application/Runtime/Cache/Admin/ecdd4100e3aea7981a47c1bef109e407.php 第 172 行.
NOTIC: [8] Undefined variable: PAGE_FROM /Web/MyPro/Application/Runtime/Cache/Admin/ecdd4100e3aea7981a47c1bef109e407.php 第 172 行.
INFO: Run Behavior\ParseTemplateBehavior [ RunTime:0.014703s ]
INFO: [ view_parse ] --END-- [ RunTime:0.014757s ]
INFO: [ view_filter ] --START--
INFO: Run Behavior\WriteHtmlCacheBehavior [ RunTime:0.000122s ]
INFO: [ view_filter ] --END-- [ RunTime:0.000144s ]
INFO: [ app_end ] --START--
INFO: Run Behavior\ShowPageTraceBehavior [ RunTime:0.000443s ]
INFO: [ app_end ] --END-- [ RunTime:0.000490s ]

[ 2016-02-19T16:50:00+08:00 ] 127.0.0.1 /MyPro/inter/test/type/searchdeals/m_id/735e10cb-4543-93e4-e83e-ed2aab6119b3/p_id/4330a065-60b1-9ebc-8ed5-722f75f56241
INFO: [ app_init ] --START--
INFO: Run Behavior\BuildLiteBehavior [ RunTime:0.000010s ]
INFO: [ app_init ] --END-- [ RunTime:0.000193s ]
INFO: [ app_begin ] --START--
INFO: Run Behavior\ReadHtmlCacheBehavior [ RunTime:0.000256s ]
INFO: [ app_begin ] --END-- [ RunTime:0.000287s ]
SQL: SHOW COLUMNS FROM `yybg_admin_group` [ RunTime:0.0030s ]
SQL: SELECT `role_id` FROM `yybg_admin_group` WHERE ( admin_id='1d1be9e8-6123-e7ad-b0d7-78d52415bce8' )  [ RunTime:0.0003s ]
SQL: SHOW COLUMNS FROM `yybg_admin_menu` [ RunTime:0.0070s ]
SQL: select * from yybg_admin_menu menu where menu.pid is null and menu.id in (select res_id from yybg_auth auth where auth.role_id = '55eb8807-41ad-6290-2e29-fa2982301f3b' and auth_res_type = '00A')  order by PID ASC , menu.sort desc [ RunTime:0.0014s ]
NOTIC: [8] Undefined index: URI /Web/MyPro/Application/Admin/Common/CommonMenu.class.php 第 45 行.
SQL: select * from yybg_admin_menu menu where menu.pid = '64c21aae-045b-72fb-cfd0-e0f28ffffcc2' and menu.id in (select res_id from yybg_auth auth where auth.role_id = '55eb8807-41ad-6290-2e29-fa2982301f3b' and auth_res_type = '00A') order by PID ASC , menu.sort desc [ RunTime:0.0008s ]
NOTIC: [8] Undefined index: URI /Web/MyPro/Application/Admin/Common/CommonMenu.class.php 第 45 行.
SQL: select * from yybg_admin_menu menu where menu.pid = '2d0ba68f-c9bc-a1ce-a960-13fb24fe71de' and menu.id in (select res_id from yybg_auth auth where auth.role_id = '55eb8807-41ad-6290-2e29-fa2982301f3b' and auth_res_type = '00A') order by PID ASC , menu.sort desc [ RunTime:0.0006s ]
NOTIC: [8] Undefined index: URI /Web/MyPro/Application/Admin/Common/CommonMenu.class.php 第 45 行.
SQL: select * from yybg_admin_menu menu where menu.pid = '4330a065-60b1-9ebc-8ed5-722f75f56241' and menu.id in (select res_id from yybg_auth auth where auth.role_id = '55eb8807-41ad-6290-2e29-fa2982301f3b' and auth_res_type = '00A') order by PID ASC , menu.sort desc [ RunTime:0.0007s ]
SQL: SELECT * FROM `yybg_admin_menu` WHERE ( id='735e10cb-4543-93e4-e83e-ed2aab6119b3' ) LIMIT 1   [ RunTime:0.0004s ]
SQL: SELECT * FROM `yybg_admin_menu` WHERE ( id='4330a065-60b1-9ebc-8ed5-722f75f56241' ) LIMIT 1   [ RunTime:0.0003s ]
INFO: [ view_parse ] --START--
INFO: [ template_filter ] --START--
INFO: Run Behavior\ContentReplaceBehavior [ RunTime:0.000173s ]
INFO: [ template_filter ] --END-- [ RunTime:0.000259s ]
NOTIC: [8] Undefined variable: PAGE_FROM /Web/MyPro/Application/Runtime/Cache/Admin/ecdd4100e3aea7981a47c1bef109e407.php 第 15 行.
NOTIC: [8] Undefined variable: PAGE_FROM /Web/MyPro/Application/Runtime/Cache/Admin/ecdd4100e3aea7981a47c1bef109e407.php 第 17 行.
NOTIC: [8] Undefined variable: PAGE_FROM /Web/MyPro/Application/Runtime/Cache/Admin/ecdd4100e3aea7981a47c1bef109e407.php 第 17 行.
NOTIC: [8] Undefined variable: UUID /Web/MyPro/Application/Runtime/Cache/Admin/ecdd4100e3aea7981a47c1bef109e407.php 第 137 行.
NOTIC: [8] Undefined variable: PAGE_FROM /Web/MyPro/Application/Runtime/Cache/Admin/ecdd4100e3aea7981a47c1bef109e407.php 第 149 行.
NOTIC: [8] Undefined variable: PAGE_FROM /Web/MyPro/Application/Runtime/Cache/Admin/ecdd4100e3aea7981a47c1bef109e407.php 第 163 行.
NOTIC: [8] Undefined variable: PAGE_FROM /Web/MyPro/Application/Runtime/Cache/Admin/ecdd4100e3aea7981a47c1bef109e407.php 第 166 行.
NOTIC: [8] Use of undefined constant Index - assumed 'Index' /Web/MyPro/Application/Runtime/Cache/Admin/ecdd4100e3aea7981a47c1bef109e407.php 第 172 行.
NOTIC: [8] Undefined variable: PAGE_FROM /Web/MyPro/Application/Runtime/Cache/Admin/ecdd4100e3aea7981a47c1bef109e407.php 第 172 行.
INFO: Run Behavior\ParseTemplateBehavior [ RunTime:0.021665s ]
INFO: [ view_parse ] --END-- [ RunTime:0.021725s ]
INFO: [ view_filter ] --START--
INFO: Run Behavior\WriteHtmlCacheBehavior [ RunTime:0.000167s ]
INFO: [ view_filter ] --END-- [ RunTime:0.000207s ]
INFO: [ app_end ] --START--
INFO: Run Behavior\ShowPageTraceBehavior [ RunTime:0.000504s ]
INFO: [ app_end ] --END-- [ RunTime:0.000559s ]

[ 2016-02-19T16:50:04+08:00 ] 127.0.0.1 /MyPro/inter/test/type/kuaidi/m_id/30e5dc17-11ce-e901-d8f7-29aabcd1533e/p_id/2d0ba68f-c9bc-a1ce-a960-13fb24fe71de
INFO: [ app_init ] --START--
INFO: Run Behavior\BuildLiteBehavior [ RunTime:0.000011s ]
INFO: [ app_init ] --END-- [ RunTime:0.000266s ]
INFO: [ app_begin ] --START--
INFO: Run Behavior\ReadHtmlCacheBehavior [ RunTime:0.000327s ]
INFO: [ app_begin ] --END-- [ RunTime:0.000366s ]
SQL: SHOW COLUMNS FROM `yybg_admin_group` [ RunTime:0.0030s ]
SQL: SELECT `role_id` FROM `yybg_admin_group` WHERE ( admin_id='1d1be9e8-6123-e7ad-b0d7-78d52415bce8' )  [ RunTime:0.0003s ]
SQL: SHOW COLUMNS FROM `yybg_admin_menu` [ RunTime:0.0039s ]
SQL: select * from yybg_admin_menu menu where menu.pid is null and menu.id in (select res_id from yybg_auth auth where auth.role_id = '55eb8807-41ad-6290-2e29-fa2982301f3b' and auth_res_type = '00A')  order by PID ASC , menu.sort desc [ RunTime:0.0006s ]
NOTIC: [8] Undefined index: URI /Web/MyPro/Application/Admin/Common/CommonMenu.class.php 第 45 行.
SQL: select * from yybg_admin_menu menu where menu.pid = '64c21aae-045b-72fb-cfd0-e0f28ffffcc2' and menu.id in (select res_id from yybg_auth auth where auth.role_id = '55eb8807-41ad-6290-2e29-fa2982301f3b' and auth_res_type = '00A') order by PID ASC , menu.sort desc [ RunTime:0.0004s ]
NOTIC: [8] Undefined index: URI /Web/MyPro/Application/Admin/Common/CommonMenu.class.php 第 45 行.
SQL: select * from yybg_admin_menu menu where menu.pid = '2d0ba68f-c9bc-a1ce-a960-13fb24fe71de' and menu.id in (select res_id from yybg_auth auth where auth.role_id = '55eb8807-41ad-6290-2e29-fa2982301f3b' and auth_res_type = '00A') order by PID ASC , menu.sort desc [ RunTime:0.0004s ]
NOTIC: [8] Undefined index: URI /Web/MyPro/Application/Admin/Common/CommonMenu.class.php 第 45 行.
SQL: select * from yybg_admin_menu menu where menu.pid = '4330a065-60b1-9ebc-8ed5-722f75f56241' and menu.id in (select res_id from yybg_auth auth where auth.role_id = '55eb8807-41ad-6290-2e29-fa2982301f3b' and auth_res_type = '00A') order by PID ASC , menu.sort desc [ RunTime:0.0005s ]
SQL: SELECT * FROM `yybg_admin_menu` WHERE ( id='30e5dc17-11ce-e901-d8f7-29aabcd1533e' ) LIMIT 1   [ RunTime:0.0003s ]
SQL: SELECT * FROM `yybg_admin_menu` WHERE ( id='2d0ba68f-c9bc-a1ce-a960-13fb24fe71de' ) LIMIT 1   [ RunTime:0.0003s ]
NOTIC: [8] Undefined variable: result /Web/MyPro/Application/Admin/Controller/InterController.class.php 第 81 行.
INFO: [ view_parse ] --START--
INFO: [ template_filter ] --START--
INFO: Run Behavior\ContentReplaceBehavior [ RunTime:0.000079s ]
INFO: [ template_filter ] --END-- [ RunTime:0.000118s ]
NOTIC: [8] Undefined variable: PAGE_FROM /Web/MyPro/Application/Runtime/Cache/Admin/ecdd4100e3aea7981a47c1bef109e407.php 第 15 行.
NOTIC: [8] Undefined variable: PAGE_FROM /Web/MyPro/Application/Runtime/Cache/Admin/ecdd4100e3aea7981a47c1bef109e407.php 第 17 行.
NOTIC: [8] Undefined variable: PAGE_FROM /Web/MyPro/Application/Runtime/Cache/Admin/ecdd4100e3aea7981a47c1bef109e407.php 第 17 行.
NOTIC: [8] Undefined variable: UUID /Web/MyPro/Application/Runtime/Cache/Admin/ecdd4100e3aea7981a47c1bef109e407.php 第 137 行.
NOTIC: [8] Undefined variable: PAGE_FROM /Web/MyPro/Application/Runtime/Cache/Admin/ecdd4100e3aea7981a47c1bef109e407.php 第 149 行.
NOTIC: [8] Undefined variable: PAGE_FROM /Web/MyPro/Application/Runtime/Cache/Admin/ecdd4100e3aea7981a47c1bef109e407.php 第 163 行.
NOTIC: [8] Undefined variable: PAGE_FROM /Web/MyPro/Application/Runtime/Cache/Admin/ecdd4100e3aea7981a47c1bef109e407.php 第 166 行.
NOTIC: [8] Use of undefined constant Index - assumed 'Index' /Web/MyPro/Application/Runtime/Cache/Admin/ecdd4100e3aea7981a47c1bef109e407.php 第 172 行.
NOTIC: [8] Undefined variable: PAGE_FROM /Web/MyPro/Application/Runtime/Cache/Admin/ecdd4100e3aea7981a47c1bef109e407.php 第 172 行.
INFO: Run Behavior\ParseTemplateBehavior [ RunTime:0.009146s ]
INFO: [ view_parse ] --END-- [ RunTime:0.009180s ]
INFO: [ view_filter ] --START--
INFO: Run Behavior\WriteHtmlCacheBehavior [ RunTime:0.000105s ]
INFO: [ view_filter ] --END-- [ RunTime:0.000128s ]
INFO: [ app_end ] --START--
INFO: Run Behavior\ShowPageTraceBehavior [ RunTime:0.000347s ]
INFO: [ app_end ] --END-- [ RunTime:0.000381s ]

[ 2016-02-19T16:50:08+08:00 ] 127.0.0.1 /MyPro/index/index
INFO: [ app_init ] --START--
INFO: Run Behavior\BuildLiteBehavior [ RunTime:0.000012s ]
INFO: [ app_init ] --END-- [ RunTime:0.000256s ]
INFO: [ app_begin ] --START--
INFO: Run Behavior\ReadHtmlCacheBehavior [ RunTime:0.000320s ]
INFO: [ app_begin ] --END-- [ RunTime:0.000359s ]
SQL: SHOW COLUMNS FROM `yybg_admin_group` [ RunTime:0.0040s ]
SQL: SELECT `role_id` FROM `yybg_admin_group` WHERE ( admin_id='1d1be9e8-6123-e7ad-b0d7-78d52415bce8' )  [ RunTime:0.0003s ]
SQL: SHOW COLUMNS FROM `yybg_admin_menu` [ RunTime:0.0050s ]
SQL: select * from yybg_admin_menu menu where menu.pid is null and menu.id in (select res_id from yybg_auth auth where auth.role_id = '55eb8807-41ad-6290-2e29-fa2982301f3b' and auth_res_type = '00A')  order by PID ASC , menu.sort desc [ RunTime:0.0006s ]
NOTIC: [8] Undefined index: URI /Web/MyPro/Application/Admin/Common/CommonMenu.class.php 第 45 行.
SQL: select * from yybg_admin_menu menu where menu.pid = '64c21aae-045b-72fb-cfd0-e0f28ffffcc2' and menu.id in (select res_id from yybg_auth auth where auth.role_id = '55eb8807-41ad-6290-2e29-fa2982301f3b' and auth_res_type = '00A') order by PID ASC , menu.sort desc [ RunTime:0.0006s ]
NOTIC: [8] Undefined index: URI /Web/MyPro/Application/Admin/Common/CommonMenu.class.php 第 45 行.
SQL: select * from yybg_admin_menu menu where menu.pid = '2d0ba68f-c9bc-a1ce-a960-13fb24fe71de' and menu.id in (select res_id from yybg_auth auth where auth.role_id = '55eb8807-41ad-6290-2e29-fa2982301f3b' and auth_res_type = '00A') order by PID ASC , menu.sort desc [ RunTime:0.0004s ]
NOTIC: [8] Undefined index: URI /Web/MyPro/Application/Admin/Common/CommonMenu.class.php 第 45 行.
SQL: select * from yybg_admin_menu menu where menu.pid = '4330a065-60b1-9ebc-8ed5-722f75f56241' and menu.id in (select res_id from yybg_auth auth where auth.role_id = '55eb8807-41ad-6290-2e29-fa2982301f3b' and auth_res_type = '00A') order by PID ASC , menu.sort desc [ RunTime:0.0005s ]
SQL: SELECT * FROM `yybg_admin_menu` WHERE ( id='' ) LIMIT 1   [ RunTime:0.0003s ]
INFO: [ view_parse ] --START--
INFO: [ template_filter ] --START--
INFO: Run Behavior\ContentReplaceBehavior [ RunTime:0.000125s ]
INFO: [ template_filter ] --END-- [ RunTime:0.000163s ]
NOTIC: [8] Undefined offset: 1 /Web/MyPro/Application/Runtime/Cache/Admin/5e7c63a67ddc7b54827f64fe7b4d977c.php 第 95 行.
NOTIC: [8] Use of undefined constant Index - assumed 'Index' /Web/MyPro/Application/Runtime/Cache/Admin/5e7c63a67ddc7b54827f64fe7b4d977c.php 第 460 行.
INFO: Run Behavior\ParseTemplateBehavior [ RunTime:0.014900s ]
INFO: [ view_parse ] --END-- [ RunTime:0.014936s ]
INFO: [ view_filter ] --START--
INFO: Run Behavior\WriteHtmlCacheBehavior [ RunTime:0.000101s ]
INFO: [ view_filter ] --END-- [ RunTime:0.000123s ]
INFO: [ app_end ] --START--
INFO: Run Behavior\ShowPageTraceBehavior [ RunTime:0.000347s ]
INFO: [ app_end ] --END-- [ RunTime:0.000380s ]

[ 2016-02-19T16:50:08+08:00 ] 127.0.0.1 /MyPro/Public/JsResources/Matrix/jquery.gritter.min.js
INFO: [ app_init ] --START--
INFO: Run Behavior\BuildLiteBehavior [ RunTime:0.000011s ]
INFO: [ app_init ] --END-- [ RunTime:0.000222s ]
INFO: [ app_begin ] --START--
INFO: Run Behavior\ReadHtmlCacheBehavior [ RunTime:0.000292s ]
INFO: [ app_begin ] --END-- [ RunTime:0.000327s ]
ERR: 无法加载控制器:Public

