[ 2016-05-09T11:34:21+08:00 ] 127.0.0.1 /myframework/inter/test/test?clientType=iOS&timeStamp=1462764860
INFO: {"Host":"web","Accept":"*\/*","Signatures":"626b16f95b6f290e9812864cdbc228c9"}
[ 2016-05-09T11:34:21+08:00 ] 127.0.0.1 /myframework/inter/test/test?clientType=iOS&timeStamp=1462764860
INFO: [ app_init ] --START--
INFO: Run Behavior\BuildLiteBehavior [ RunTime:0.000009s ]
INFO: [ app_init ] --END-- [ RunTime:0.000345s ]
INFO: [ app_begin ] --START--
INFO: Run Behavior\ReadHtmlCacheBehavior [ RunTime:0.000423s ]
INFO: [ app_begin ] --END-- [ RunTime:0.000496s ]
INFO: [ app_end ] --START--
INFO: Run Behavior\ShowPageTraceBehavior [ RunTime:0.003573s ]
INFO: [ app_end ] --END-- [ RunTime:0.003700s ]

[ 2016-05-09T11:34:21+08:00 ] 127.0.0.1 /myframework/inter/test/invok
INFO: [ app_init ] --START--
INFO: Run Behavior\BuildLiteBehavior [ RunTime:0.000022s ]
INFO: [ app_init ] --END-- [ RunTime:0.003891s ]
INFO: [ app_begin ] --START--
INFO: Run Behavior\ReadHtmlCacheBehavior [ RunTime:0.004060s ]
INFO: [ app_begin ] --END-- [ RunTime:0.004196s ]
INFO: [ app_end ] --START--
INFO: Run Behavior\ShowPageTraceBehavior [ RunTime:0.000876s ]
INFO: [ app_end ] --END-- [ RunTime:0.001084s ]

[ 2016-05-09T11:50:45+08:00 ] 127.0.0.1 /myframework/inter/test/TEST
INFO: [ app_init ] --START--
INFO: Run Behavior\BuildLiteBehavior [ RunTime:0.000023s ]
INFO: [ app_init ] --END-- [ RunTime:0.003838s ]
INFO: [ app_begin ] --START--
INFO: Run Behavior\ReadHtmlCacheBehavior [ RunTime:0.003868s ]
INFO: [ app_begin ] --END-- [ RunTime:0.003994s ]
NOTIC: [8] Undefined index: signature /Web/MyFramework/Application/Inter/Controller/TestController.class.php 第 42 行.
INFO: [ app_end ] --START--
INFO: Run Behavior\ShowPageTraceBehavior [ RunTime:0.004218s ]
INFO: [ app_end ] --END-- [ RunTime:0.004341s ]

[ 2016-05-09T11:57:14+08:00 ] 127.0.0.1 /myframework/inter/test/test?clientType=iOS&timeStamp=1462766234
INFO: [ app_init ] --START--
INFO: Run Behavior\BuildLiteBehavior [ RunTime:0.000010s ]
INFO: [ app_init ] --END-- [ RunTime:0.000371s ]
INFO: [ app_begin ] --START--
INFO: Run Behavior\ReadHtmlCacheBehavior [ RunTime:0.000381s ]
INFO: [ app_begin ] --END-- [ RunTime:0.000431s ]
NOTIC: [8] Undefined index: signature /Web/MyFramework/Application/Inter/Controller/TestController.class.php 第 43 行.
INFO: [ app_end ] --START--
INFO: Run Behavior\ShowPageTraceBehavior [ RunTime:0.005720s ]
INFO: [ app_end ] --END-- [ RunTime:0.005803s ]

[ 2016-05-09T11:57:14+08:00 ] 127.0.0.1 /myframework/inter/test/invok
INFO: [ app_init ] --START--
INFO: Run Behavior\BuildLiteBehavior [ RunTime:0.000030s ]
INFO: [ app_init ] --END-- [ RunTime:0.003865s ]
INFO: [ app_begin ] --START--
INFO: Run Behavior\ReadHtmlCacheBehavior [ RunTime:0.003865s ]
INFO: [ app_begin ] --END-- [ RunTime:0.003997s ]
INFO: [ app_end ] --START--
INFO: Run Behavior\ShowPageTraceBehavior [ RunTime:0.000765s ]
INFO: [ app_end ] --END-- [ RunTime:0.000931s ]

[ 2016-05-09T11:58:31+08:00 ] 127.0.0.1 /myframework/inter/test/TEST
INFO: [ app_init ] --START--
INFO: Run Behavior\BuildLiteBehavior [ RunTime:0.000023s ]
INFO: [ app_init ] --END-- [ RunTime:0.003737s ]
INFO: [ app_begin ] --START--
INFO: Run Behavior\ReadHtmlCacheBehavior [ RunTime:0.003979s ]
INFO: [ app_begin ] --END-- [ RunTime:0.004108s ]
NOTIC: [8] Undefined index: signature /Web/MyFramework/Application/Inter/Controller/TestController.class.php 第 43 行.
INFO: [ app_end ] --START--
INFO: Run Behavior\ShowPageTraceBehavior [ RunTime:0.003955s ]
INFO: [ app_end ] --END-- [ RunTime:0.004082s ]

[ 2016-05-09T11:59:02+08:00 ] 127.0.0.1 /myframework/inter/test/TEST
INFO: [ app_init ] --START--
INFO: Run Behavior\BuildLiteBehavior [ RunTime:0.000015s ]
INFO: [ app_init ] --END-- [ RunTime:0.002288s ]
INFO: [ app_begin ] --START--
INFO: Run Behavior\ReadHtmlCacheBehavior [ RunTime:0.003822s ]
INFO: [ app_begin ] --END-- [ RunTime:0.003925s ]
NOTIC: [8] Undefined index: signature /Web/MyFramework/Application/Inter/Controller/TestController.class.php 第 43 行.
INFO: [ app_end ] --START--
INFO: Run Behavior\ShowPageTraceBehavior [ RunTime:0.004150s ]
INFO: [ app_end ] --END-- [ RunTime:0.004265s ]

[ 2016-05-09T12:00:10+08:00 ] 127.0.0.1 /myframework/inter/test/TEST
INFO: [ app_init ] --START--
INFO: Run Behavior\BuildLiteBehavior [ RunTime:0.000022s ]
INFO: [ app_init ] --END-- [ RunTime:0.003967s ]
INFO: [ app_begin ] --START--
INFO: Run Behavior\ReadHtmlCacheBehavior [ RunTime:0.003749s ]
INFO: [ app_begin ] --END-- [ RunTime:0.003879s ]
NOTIC: [8] Undefined index: signature /Web/MyFramework/Application/Inter/Controller/TestController.class.php 第 43 行.
INFO: [ app_end ] --START--
INFO: Run Behavior\ShowPageTraceBehavior [ RunTime:0.004289s ]
INFO: [ app_end ] --END-- [ RunTime:0.004439s ]

[ 2016-05-09T12:00:45+08:00 ] 127.0.0.1 /myframework/inter/test/TEST
INFO: [ app_init ] --START--
INFO: Run Behavior\BuildLiteBehavior [ RunTime:0.000022s ]
INFO: [ app_init ] --END-- [ RunTime:0.004031s ]
INFO: [ app_begin ] --START--
INFO: Run Behavior\ReadHtmlCacheBehavior [ RunTime:0.003921s ]
INFO: [ app_begin ] --END-- [ RunTime:0.004050s ]
NOTIC: [8] Undefined index: signature /Web/MyFramework/Application/Inter/Controller/TestController.class.php 第 43 行.
INFO: [ app_end ] --START--
INFO: Run Behavior\ShowPageTraceBehavior [ RunTime:0.004231s ]
INFO: [ app_end ] --END-- [ RunTime:0.004368s ]

[ 2016-05-09T12:02:16+08:00 ] 127.0.0.1 /myframework/inter/test/test?clientType=iOS&timeStamp=1462766536
INFO: [ app_init ] --START--
INFO: Run Behavior\BuildLiteBehavior [ RunTime:0.000012s ]
INFO: [ app_init ] --END-- [ RunTime:0.000448s ]
INFO: [ app_begin ] --START--
INFO: Run Behavior\ReadHtmlCacheBehavior [ RunTime:0.000534s ]
INFO: [ app_begin ] --END-- [ RunTime:0.000606s ]
NOTIC: [8] Undefined index: signature /Web/MyFramework/Application/Inter/Controller/TestController.class.php 第 43 行.
INFO: [ app_end ] --START--
INFO: Run Behavior\ShowPageTraceBehavior [ RunTime:0.003374s ]
INFO: [ app_end ] --END-- [ RunTime:0.003457s ]

[ 2016-05-09T12:02:16+08:00 ] 127.0.0.1 /myframework/inter/test/invok
INFO: [ app_init ] --START--
INFO: Run Behavior\BuildLiteBehavior [ RunTime:0.000022s ]
INFO: [ app_init ] --END-- [ RunTime:0.003952s ]
INFO: [ app_begin ] --START--
INFO: Run Behavior\ReadHtmlCacheBehavior [ RunTime:0.003896s ]
INFO: [ app_begin ] --END-- [ RunTime:0.004042s ]
INFO: [ app_end ] --START--
INFO: Run Behavior\ShowPageTraceBehavior [ RunTime:0.000814s ]
INFO: [ app_end ] --END-- [ RunTime:0.000982s ]

[ 2016-05-09T12:02:51+08:00 ] 127.0.0.1 /myframework/inter/test/TEST
INFO: [ app_init ] --START--
INFO: Run Behavior\BuildLiteBehavior [ RunTime:0.000022s ]
INFO: [ app_init ] --END-- [ RunTime:0.003839s ]
INFO: [ app_begin ] --START--
INFO: Run Behavior\ReadHtmlCacheBehavior [ RunTime:0.001234s ]
INFO: [ app_begin ] --END-- [ RunTime:0.001366s ]
NOTIC: [8] Undefined index: signature /Web/MyFramework/Application/Inter/Controller/TestController.class.php 第 43 行.
NOTIC: [2] Illegal string offset 'CODE' /Web/MyFramework/Application/Inter/Controller/TestController.class.php 第 43 行.
INFO: [ app_end ] --START--
INFO: Run Behavior\ShowPageTraceBehavior [ RunTime:0.004008s ]
INFO: [ app_end ] --END-- [ RunTime:0.004151s ]

[ 2016-05-09T12:03:05+08:00 ] 127.0.0.1 /myframework/inter/test/TEST
INFO: [ app_init ] --START--
INFO: Run Behavior\BuildLiteBehavior [ RunTime:0.000010s ]
INFO: [ app_init ] --END-- [ RunTime:0.000398s ]
INFO: [ app_begin ] --START--
INFO: Run Behavior\ReadHtmlCacheBehavior [ RunTime:0.000451s ]
INFO: [ app_begin ] --END-- [ RunTime:0.000510s ]
NOTIC: [8] Undefined index: signature /Web/MyFramework/Application/Inter/Controller/TestController.class.php 第 43 行.
INFO: [ app_end ] --START--
INFO: Run Behavior\ShowPageTraceBehavior [ RunTime:0.000450s ]
INFO: [ app_end ] --END-- [ RunTime:0.000502s ]

